2017-11-30 18:15:01: Running apriori with support 1.0% and confidence 60.0%
2017-11-30 18:15:01: Executing static parallel version on 32 processors
2017-11-30 18:16:09: Found 4 levels.
2017-11-30 18:16:09: Level 1  - 599 frequent itemsets
2017-11-30 18:16:09: Level 2  - 408 frequent itemsets
2017-11-30 18:16:09: Level 3  - 84 frequent itemsets
2017-11-30 18:16:09: Level 4  - 3 frequent itemsets
2017-11-30 18:16:09: Found 200 rules.
2017-11-30 18:16:09: ['21931']->['85099B'],support=0.028,confidence=0.611,lift=7.405
2017-11-30 18:16:09: ['20727', '20728']->['20725'],support=0.013,confidence=0.616,lift=9.915
2017-11-30 18:16:09: ['85099C']->['85099B'],support=0.023,confidence=0.626,lift=7.581
2017-11-30 18:16:09: ['20728', '22384']->['20725'],support=0.013,confidence=0.641,lift=10.319
2017-11-30 18:16:09: ['20727', '23206']->['22383'],support=0.010,confidence=0.647,lift=12.814
2017-11-30 18:16:09: ['20712', '22386']->['21931'],support=0.011,confidence=0.648,lift=13.954
2017-11-30 18:16:09: ['22385', '22386']->['85099B'],support=0.010,confidence=0.777,lift=9.419
2017-11-30 18:16:09: ['21931', '22386', '85099B']->['22411'],support=0.010,confidence=0.647,lift=14.104
2017-11-30 18:16:09: ['21733']->['85123A'],support=0.019,confidence=0.656,lift=7.550
2017-11-30 18:16:09: ['22386', 'DOT']->['85099B'],support=0.011,confidence=0.803,lift=9.738
2017-11-30 18:16:09: ['20724', '22356']->['20719'],support=0.013,confidence=0.620,lift=19.019
2017-11-30 18:16:09: ['22699']->['22697'],support=0.030,confidence=0.701,lift=17.117
2017-11-30 18:16:09: ['20712', '21931']->['22411'],support=0.011,confidence=0.612,lift=13.331
2017-11-30 18:16:09: ['20724', '22355']->['22356'],support=0.013,confidence=0.651,lift=22.126
2017-11-30 18:16:09: ['20726', '20727']->['20725'],support=0.011,confidence=0.644,lift=10.374
2017-11-30 18:16:09: ['23202', '85099B']->['23203'],support=0.011,confidence=0.694,lift=14.367
2017-11-30 18:16:09: ['20724', '20725']->['22355'],support=0.010,confidence=0.657,lift=18.983
2017-11-30 18:16:09: ['21928', '21931']->['85099B'],support=0.011,confidence=0.796,lift=9.648
2017-11-30 18:16:09: ['20727', '22382']->['22383'],support=0.012,confidence=0.611,lift=12.106
2017-11-30 18:16:09: ['20727', '22384']->['20725'],support=0.014,confidence=0.661,lift=10.633
2017-11-30 18:16:09: ['22697']->['22698'],support=0.025,confidence=0.610,lift=19.638
2017-11-30 18:16:09: ['22423', '22697', '22698']->['22699'],support=0.012,confidence=0.874,lift=20.174
2017-11-30 18:16:09: ['22726', '22728']->['22727'],support=0.012,confidence=0.749,lift=17.922
2017-11-30 18:16:09: ['22382', '22384']->['20725'],support=0.011,confidence=0.680,lift=10.943
2017-11-30 18:16:09: ['20712', 'DOT']->['21931'],support=0.010,confidence=0.721,lift=15.523
2017-11-30 18:16:09: ['23200']->['23199'],support=0.016,confidence=0.682,lift=17.636
2017-11-30 18:16:09: ['21931', '22386', '22411']->['85099B'],support=0.010,confidence=0.868,lift=10.522
2017-11-30 18:16:09: ['21928']->['85099B'],support=0.021,confidence=0.670,lift=8.114
2017-11-30 18:16:09: ['47590A']->['47590B'],support=0.010,confidence=0.672,lift=43.605
2017-11-30 18:16:09: ['DOT']->['85099B'],support=0.019,confidence=0.684,lift=8.290
2017-11-30 18:16:09: ['21080', '21094']->['21086'],support=0.010,confidence=0.717,lift=43.286
2017-11-30 18:16:09: ['22725']->['22727'],support=0.011,confidence=0.671,lift=16.052
2017-11-30 18:16:09: ['20723', '22356']->['20719'],support=0.010,confidence=0.692,lift=21.208
2017-11-30 18:16:09: ['20719', '20723', '20724']->['22355'],support=0.010,confidence=0.793,lift=22.906
2017-11-30 18:16:09: ['22382', '22384']->['20727'],support=0.010,confidence=0.617,lift=12.324
2017-11-30 18:16:09: ['23171']->['23170'],support=0.013,confidence=0.835,lift=47.119
2017-11-30 18:16:09: ['22423', '22697']->['22699'],support=0.016,confidence=0.795,lift=18.343
2017-11-30 18:16:09: ['22386', '23199']->['85099B'],support=0.011,confidence=0.795,lift=9.630
2017-11-30 18:16:09: ['20719', '20724']->['22355'],support=0.013,confidence=0.663,lift=19.155
2017-11-30 18:16:09: ['20712', '22411']->['21931'],support=0.011,confidence=0.706,lift=15.197
2017-11-30 18:16:09: ['23295']->['23293'],support=0.012,confidence=0.682,lift=31.723
2017-11-30 18:16:09: ['22385', '85099B']->['22386'],support=0.010,confidence=0.612,lift=12.866
2017-11-30 18:16:09: ['23171']->['23170', '23172'],support=0.010,confidence=0.670,lift=63.342
2017-11-30 18:16:09: ['22630']->['22629'],support=0.021,confidence=0.625,lift=17.824
2017-11-30 18:16:09: ['20723', '22355']->['22356'],support=0.011,confidence=0.653,lift=22.199
2017-11-30 18:16:09: ['23172']->['23170', '23171'],support=0.010,confidence=0.823,lift=65.772
2017-11-30 18:16:09: ['22411', 'DOT']->['85099B'],support=0.011,confidence=0.773,lift=9.364
2017-11-30 18:16:09: ['23200', '23203']->['23199'],support=0.010,confidence=0.728,lift=18.849
2017-11-30 18:16:09: ['82581']->['82580'],support=0.011,confidence=0.718,lift=29.184
2017-11-30 18:16:09: ['23199', '23203']->['85099B'],support=0.010,confidence=0.621,lift=7.526
2017-11-30 18:16:09: ['22411', '85099C']->['85099B'],support=0.012,confidence=0.741,lift=8.976
2017-11-30 18:16:09: ['20728', '22383']->['20725'],support=0.013,confidence=0.627,lift=10.090
2017-11-30 18:16:09: ['22910']->['22086'],support=0.021,confidence=0.666,lift=14.749
2017-11-30 18:16:09: ['23199', '23203']->['23200'],support=0.010,confidence=0.630,lift=27.070
2017-11-30 18:16:09: ['20724', '22356']->['22355'],support=0.013,confidence=0.630,lift=18.190
2017-11-30 18:16:09: ['20724', '22355']->['20719'],support=0.013,confidence=0.661,lift=20.254
2017-11-30 18:16:09: ['20726', '20728']->['20725'],support=0.011,confidence=0.622,lift=10.012
2017-11-30 18:16:09: ['20726', '20727']->['22383'],support=0.011,confidence=0.604,lift=11.978
2017-11-30 18:16:09: ['22386', '85099C']->['85099B'],support=0.013,confidence=0.787,lift=9.533
2017-11-30 18:16:09: ['22730']->['22727'],support=0.015,confidence=0.647,lift=15.465
2017-11-30 18:16:09: ['20712']->['85099B'],support=0.021,confidence=0.617,lift=7.483
2017-11-30 18:16:09: ['20725', '22355']->['20724'],support=0.010,confidence=0.748,lift=18.429
2017-11-30 18:16:09: ['22423', '22698']->['22699'],support=0.013,confidence=0.837,lift=19.322
2017-11-30 18:16:09: ['22698', '22699']->['22697'],support=0.021,confidence=0.894,lift=21.856
2017-11-30 18:16:09: ['22383', '22384']->['20725'],support=0.013,confidence=0.708,lift=11.391
2017-11-30 18:16:09: ['22383', '22384']->['20727'],support=0.011,confidence=0.614,lift=12.269
2017-11-30 18:16:09: ['22698']->['22699'],support=0.024,confidence=0.765,lift=17.664
2017-11-30 18:16:09: ['21931', '22385']->['85099B'],support=0.010,confidence=0.744,lift=9.020
2017-11-30 18:16:09: ['23296']->['23293'],support=0.010,confidence=0.680,lift=31.605
2017-11-30 18:16:09: ['22697', '22699']->['22698'],support=0.021,confidence=0.701,lift=22.554
2017-11-30 18:16:09: ['23170', '23172']->['23171'],support=0.010,confidence=0.949,lift=63.342
2017-11-30 18:16:09: ['20719', '22355']->['20723'],support=0.012,confidence=0.661,lift=23.288
2017-11-30 18:16:09: ['20723', '20724']->['22356'],support=0.013,confidence=0.670,lift=22.775
2017-11-30 18:16:09: ['21931', '23199']->['85099B'],support=0.011,confidence=0.751,lift=9.098
2017-11-30 18:16:09: ['22386', '22411']->['85099B'],support=0.015,confidence=0.805,lift=9.762
2017-11-30 18:16:09: ['22386']->['85099B'],support=0.032,confidence=0.677,lift=8.204
2017-11-30 18:16:09: ['21136']->['84879'],support=0.010,confidence=0.695,lift=12.257
2017-11-30 18:16:09: ['21935']->['DOT'],support=0.013,confidence=0.633,lift=23.043
2017-11-30 18:16:09: ['23171']->['23172'],support=0.011,confidence=0.732,lift=59.993
2017-11-30 18:16:09: ['22698']->['22697', '22699'],support=0.021,confidence=0.684,lift=22.554
2017-11-30 18:16:09: ['22423', '22698']->['22697', '22699'],support=0.012,confidence=0.753,lift=24.815
2017-11-30 18:16:09: ['20712', '22386']->['85099B'],support=0.013,confidence=0.796,lift=9.651
2017-11-30 18:16:09: ['20719', '20723']->['20724', '22355'],support=0.010,confidence=0.638,lift=32.408
2017-11-30 18:16:09: ['21928', '21929']->['85099B'],support=0.011,confidence=0.719,lift=8.713
2017-11-30 18:16:09: ['22729']->['22727'],support=0.012,confidence=0.669,lift=15.995
2017-11-30 18:16:09: ['22355', '22356']->['20719'],support=0.011,confidence=0.709,lift=21.736
2017-11-30 18:16:09: ['22726']->['22727'],support=0.025,confidence=0.644,lift=15.403
2017-11-30 18:16:09: ['22726', '22730']->['22727'],support=0.010,confidence=0.777,lift=18.577
2017-11-30 18:16:09: ['23199', '23200']->['23203'],support=0.010,confidence=0.659,lift=13.651
2017-11-30 18:16:09: ['20712', '21931']->['85099B'],support=0.013,confidence=0.729,lift=8.841
2017-11-30 18:16:09: ['20723', '22355']->['20719', '20724'],support=0.010,confidence=0.624,lift=31.835
2017-11-30 18:16:09: ['22383', '23206']->['20725'],support=0.011,confidence=0.628,lift=10.114
2017-11-30 18:16:09: ['20719', '20724']->['20723'],support=0.013,confidence=0.648,lift=22.822
2017-11-30 18:16:09: ['21931', 'DOT']->['85099B'],support=0.011,confidence=0.730,lift=8.853
2017-11-30 18:16:09: ['21928', '22386']->['85099B'],support=0.012,confidence=0.834,lift=10.105
2017-11-30 18:16:09: ['22382', '22383']->['20725'],support=0.013,confidence=0.617,lift=9.933
2017-11-30 18:16:09: ['21086']->['21080', '21094'],support=0.010,confidence=0.620,lift=43.286
2017-11-30 18:16:09: ['20726', '22384']->['20725'],support=0.011,confidence=0.713,lift=11.481
2017-11-30 18:16:09: ['22577']->['22578'],support=0.015,confidence=0.719,lift=36.021
2017-11-30 18:16:09: ['22355', '22356']->['20723'],support=0.011,confidence=0.656,lift=23.125
2017-11-30 18:16:09: ['20726', '22382']->['20725'],support=0.012,confidence=0.634,lift=10.210
2017-11-30 18:16:09: ['20712', 'DOT']->['85099B'],support=0.011,confidence=0.757,lift=9.174
2017-11-30 18:16:09: ['20727', '23206']->['20725'],support=0.011,confidence=0.654,lift=10.525
2017-11-30 18:16:09: ['22725']->['22726'],support=0.011,confidence=0.630,lift=16.278
2017-11-30 18:16:09: ['22804']->['85123A'],support=0.013,confidence=0.702,lift=8.083
2017-11-30 18:16:09: ['21933']->['21932'],support=0.011,confidence=0.677,lift=38.971
2017-11-30 18:16:09: ['20719', '22355']->['20724'],support=0.013,confidence=0.733,lift=18.054
2017-11-30 18:16:09: ['20723', '22355']->['20719'],support=0.012,confidence=0.727,lift=22.292
2017-11-30 18:16:09: ['20724', '22356']->['20723'],support=0.013,confidence=0.624,lift=21.999
2017-11-30 18:16:09: ['20712', '21931']->['22386'],support=0.011,confidence=0.621,lift=13.052
2017-11-30 18:16:09: ['22746']->['22748'],support=0.010,confidence=0.797,lift=46.913
2017-11-30 18:16:09: ['23343']->['23344'],support=0.013,confidence=0.665,lift=23.743
2017-11-30 18:16:09: ['20724', '22355']->['20723'],support=0.013,confidence=0.659,lift=23.216
2017-11-30 18:16:09: ['22697', '22698']->['22699'],support=0.021,confidence=0.852,lift=19.659
2017-11-30 18:16:09: ['21086', '21094']->['21080'],support=0.010,confidence=0.758,lift=19.826
2017-11-30 18:16:09: ['21929', '22411']->['85099B'],support=0.011,confidence=0.695,lift=8.424
2017-11-30 18:16:09: ['21931', '22386']->['85099B'],support=0.016,confidence=0.803,lift=9.738
2017-11-30 18:16:09: ['23300']->['23301'],support=0.021,confidence=0.718,lift=20.104
2017-11-30 18:16:09: ['22141']->['22144'],support=0.011,confidence=0.603,lift=28.501
2017-11-30 18:16:09: ['22423', '22699']->['22698'],support=0.013,confidence=0.629,lift=20.236
2017-11-30 18:16:09: ['22423', '22699']->['22697'],support=0.016,confidence=0.768,lift=18.767
2017-11-30 18:16:09: ['20712', '85099B']->['21931'],support=0.013,confidence=0.610,lift=13.141
2017-11-30 18:16:09: ['21080', '21086']->['21094'],support=0.010,confidence=0.896,lift=43.933
2017-11-30 18:16:09: ['21928', '22411']->['85099B'],support=0.012,confidence=0.778,lift=9.433
2017-11-30 18:16:09: ['22698']->['22697'],support=0.025,confidence=0.804,lift=19.638
2017-11-30 18:16:09: ['20719', '20723']->['20724'],support=0.013,confidence=0.804,lift=19.823
2017-11-30 18:16:09: ['20719', '22356']->['20724'],support=0.013,confidence=0.820,lift=20.196
2017-11-30 18:16:09: ['22423', '22697', '22699']->['22698'],support=0.012,confidence=0.737,lift=23.703
2017-11-30 18:16:09: ['22356']->['20724'],support=0.020,confidence=0.692,lift=17.043
2017-11-30 18:16:09: ['20723', '20724']->['22355'],support=0.013,confidence=0.684,lift=19.759
2017-11-30 18:16:09: ['20719', '22356']->['20723'],support=0.010,confidence=0.664,lift=23.404
2017-11-30 18:16:09: ['23170']->['23171'],support=0.013,confidence=0.706,lift=47.119
2017-11-30 18:16:09: ['20727', '22382']->['20725'],support=0.012,confidence=0.619,lift=9.959
2017-11-30 18:16:09: ['21931', '22411']->['85099B'],support=0.015,confidence=0.746,lift=9.038
2017-11-30 18:16:09: ['20712', '22411']->['85099B'],support=0.012,confidence=0.762,lift=9.237
2017-11-30 18:16:09: ['20723', '22356']->['22355'],support=0.011,confidence=0.713,lift=20.581
2017-11-30 18:16:09: ['22423', '22698']->['22697'],support=0.013,confidence=0.862,lift=21.055
2017-11-30 18:16:09: ['20719', '20724']->['22356'],support=0.013,confidence=0.644,lift=21.879
2017-11-30 18:16:09: ['21931', '85099C']->['85099B'],support=0.012,confidence=0.754,lift=9.140
2017-11-30 18:16:09: ['21929', '21931']->['85099B'],support=0.010,confidence=0.736,lift=8.916
2017-11-30 18:16:09: ['85099F']->['85099B'],support=0.021,confidence=0.656,lift=7.954
2017-11-30 18:16:09: ['21094']->['21080'],support=0.014,confidence=0.703,lift=18.382
2017-11-30 18:16:09: ['22617']->['22138'],support=0.013,confidence=0.696,lift=18.771
2017-11-30 18:16:09: ['20723', '20724', '22355']->['20719'],support=0.010,confidence=0.777,lift=23.809
2017-11-30 18:16:09: ['20728', '22384']->['20727'],support=0.012,confidence=0.613,lift=12.249
2017-11-30 18:16:09: ['20719', '20723', '22355']->['20724'],support=0.010,confidence=0.859,lift=21.157
2017-11-30 18:16:09: ['20728', '22382']->['20725'],support=0.011,confidence=0.608,lift=9.784
2017-11-30 18:16:09: ['22423', '22698', '22699']->['22697'],support=0.012,confidence=0.900,lift=21.983
2017-11-30 18:16:09: ['22746']->['22745'],support=0.010,confidence=0.794,lift=48.270
2017-11-30 18:16:09: ['23172']->['23171'],support=0.011,confidence=0.899,lift=59.993
2017-11-30 18:16:09: ['22578']->['22577'],support=0.015,confidence=0.752,lift=36.021
2017-11-30 18:16:09: ['21929', '22386']->['85099B'],support=0.012,confidence=0.776,lift=9.405
2017-11-30 18:16:09: ['20712', '85099B']->['22386'],support=0.013,confidence=0.638,lift=13.417
2017-11-30 18:16:09: ['22423', '22697']->['22698'],support=0.013,confidence=0.670,lift=21.552
2017-11-30 18:16:09: ['22579']->['22578'],support=0.011,confidence=0.823,lift=41.213
2017-11-30 18:16:09: ['21931', 'DOT']->['20712'],support=0.010,confidence=0.657,lift=19.505
2017-11-30 18:16:09: ['22745']->['22748'],support=0.012,confidence=0.737,lift=43.388
2017-11-30 18:16:09: ['20726', '22383']->['20725'],support=0.012,confidence=0.692,lift=11.133
2017-11-30 18:16:09: ['20728', '22382']->['22383'],support=0.012,confidence=0.620,lift=12.289
2017-11-30 18:16:09: ['21930', '85099B']->['21931'],support=0.010,confidence=0.624,lift=13.436
2017-11-30 18:16:09: ['84596B']->['84596F'],support=0.014,confidence=0.670,lift=39.700
2017-11-30 18:16:09: ['20719', '20723']->['22356'],support=0.010,confidence=0.648,lift=22.023
2017-11-30 18:16:09: ['21931', '22411', '85099B']->['22386'],support=0.010,confidence=0.687,lift=14.443
2017-11-30 18:16:09: ['20719', '22356']->['22355'],support=0.011,confidence=0.739,lift=21.348
2017-11-30 18:16:09: ['22386', '22411', '85099B']->['21931'],support=0.010,confidence=0.709,lift=15.257
2017-11-30 18:16:09: ['22386', '22411']->['21931'],support=0.012,confidence=0.658,lift=14.156
2017-11-30 18:16:09: ['22382', '22384']->['20728'],support=0.010,confidence=0.617,lift=13.616
2017-11-30 18:16:09: ['20711']->['85099B'],support=0.013,confidence=0.654,lift=7.928
2017-11-30 18:16:09: ['20719', '22355']->['22356'],support=0.011,confidence=0.641,lift=21.798
2017-11-30 18:16:09: ['20723']->['20724'],support=0.019,confidence=0.668,lift=16.462
2017-11-30 18:16:09: ['22385']->['85099B'],support=0.017,confidence=0.624,lift=7.562
2017-11-30 18:16:09: ['23170']->['22699'],support=0.011,confidence=0.610,lift=14.082
2017-11-30 18:16:09: ['20719']->['20724'],support=0.020,confidence=0.601,lift=14.815
2017-11-30 18:16:09: ['21932']->['21933'],support=0.011,confidence=0.624,lift=38.971
2017-11-30 18:16:09: ['20723', '22356']->['20724'],support=0.013,confidence=0.859,lift=21.169
2017-11-30 18:16:09: ['22748']->['22745'],support=0.012,confidence=0.714,lift=43.388
2017-11-30 18:16:09: ['23172']->['23170'],support=0.011,confidence=0.867,lift=48.927
2017-11-30 18:16:09: ['20719', '20723']->['22355'],support=0.012,confidence=0.743,lift=21.461
2017-11-30 18:16:09: ['22386', '85099F']->['85099B'],support=0.011,confidence=0.802,lift=9.724
2017-11-30 18:16:09: ['21086']->['21094'],support=0.014,confidence=0.818,lift=40.134
2017-11-30 18:16:09: ['22663']->['85099B'],support=0.011,confidence=0.611,lift=7.401
2017-11-30 18:16:09: ['22355', '22356']->['20724'],support=0.013,confidence=0.798,lift=19.667
2017-11-30 18:16:09: ['23171', '23172']->['23170'],support=0.010,confidence=0.915,lift=51.659
2017-11-30 18:16:09: ['20723', '22355']->['20724'],support=0.013,confidence=0.804,lift=19.809
2017-11-30 18:16:09: ['20727', '22383']->['20725'],support=0.014,confidence=0.614,lift=9.883
2017-11-30 18:16:09: ['23170', '23171']->['23172'],support=0.010,confidence=0.802,lift=65.772
2017-11-30 18:16:09: ['20719', '20724', '22355']->['20723'],support=0.010,confidence=0.774,lift=27.291
2017-11-30 18:16:09: ['47590B']->['47590A'],support=0.010,confidence=0.662,lift=43.605
2017-11-30 18:16:09: ['20725', '20728']->['22383'],support=0.013,confidence=0.606,lift=12.002
2017-11-30 18:16:09: ['20723', '20724']->['20719'],support=0.013,confidence=0.670,lift=20.538
2017-11-30 18:16:09: ['23200']->['23203'],support=0.014,confidence=0.617,lift=12.772
2017-11-30 18:16:09: ['21086']->['21080'],support=0.011,confidence=0.692,lift=18.112
2017-11-30 18:16:09: ['22745']->['22746'],support=0.010,confidence=0.615,lift=48.270
2017-11-30 18:16:09: ['21231']->['21232'],support=0.013,confidence=0.647,lift=18.861
2017-11-30 18:16:09: ['84596F']->['84596B'],support=0.014,confidence=0.803,lift=39.700
2017-11-30 18:16:09: ['22727', '22728']->['22726'],support=0.012,confidence=0.657,lift=16.963
2017-11-30 18:16:09: ['21930', '21931']->['85099B'],support=0.010,confidence=0.706,lift=8.553
2017-11-30 18:16:09: ['22727', '22730']->['22726'],support=0.010,confidence=0.692,lift=17.877
2017-11-30 18:16:09: ['22697']->['22699'],support=0.030,confidence=0.742,lift=17.117
2017-11-30 18:16:09: ['21094']->['21086'],support=0.014,confidence=0.665,lift=40.134
2017-11-30 18:16:09: Total time to compute: 65.150631 seconds
--- SharcNET Job Epilogue ---
              job id: 11008407
         exit status: 0
            cpu time: 2258s / 64.0h (0 %)
        elapsed time: 78s / 2.0h (1 %)
      virtual memory: 713.7M / 4.0G (17 %)

Job completed successfully
WARNING: Job only used 1 % of its requested walltime.
WARNING: Job only used 0 % of its requested cpu time.
WARNING: Job only used 17% of its requested memory.
