2017-11-28 23:54:03: Running apriori with support 0.1% and confidence 30.0%
2017-11-28 23:54:03: Executing dynamic parallel version on 32 processors
[orc362:53066] 2 more processes have sent help message help-mpi-btl-openib.txt / reg mem limit low
[orc362:53066] Set MCA parameter "orte_base_help_aggregate" to 0 to see all help / error messages
2017-11-28 23:57:57: Found 4 levels.
2017-11-28 23:57:57: Level 1  - 371 frequent itemsets
2017-11-28 23:57:57: Level 2  - 7624 frequent itemsets
2017-11-28 23:57:57: Level 3  - 13815 frequent itemsets
2017-11-28 23:57:57: Level 4  - 14 frequent itemsets
2017-11-28 23:57:58: Found 117 rules.
2017-11-28 23:57:58: ['13', '40']->['14'],support=0.001,confidence=0.307,lift=4.981
2017-11-28 23:57:58: ['42', '60', '80']->['40'],support=0.001,confidence=0.332,lift=3.578
2017-11-28 23:57:58: ['62', '74']->['40'],support=0.001,confidence=0.301,lift=3.242
2017-11-28 23:57:58: ['30', '34', '40']->['35'],support=0.001,confidence=0.303,lift=4.172
2017-11-28 23:57:58: ['30', '38', '42']->['40'],support=0.001,confidence=0.378,lift=4.066
2017-11-28 23:57:58: ['20', '46']->['40'],support=0.003,confidence=0.305,lift=3.279
2017-11-28 23:57:58: ['45', '50', '60']->['42'],support=0.001,confidence=0.361,lift=4.212
2017-11-28 23:57:58: ['13', '38']->['14'],support=0.001,confidence=0.326,lift=5.279
2017-11-28 23:57:58: ['110', '85']->['80'],support=0.001,confidence=0.340,lift=3.815
2017-11-28 23:57:58: ['45', '69']->['40'],support=0.002,confidence=0.305,lift=3.280
2017-11-28 23:57:58: ['38', '40', '60']->['20'],support=0.001,confidence=0.309,lift=3.715
2017-11-28 23:57:58: ['30', '40', '60']->['38'],support=0.001,confidence=0.320,lift=3.825
2017-11-28 23:57:58: ['15', '62']->['20'],support=0.001,confidence=0.321,lift=3.852
2017-11-28 23:57:58: ['34', '40', '42']->['30'],support=0.001,confidence=0.325,lift=4.104
2017-11-28 23:57:58: ['45', '76']->['40'],support=0.002,confidence=0.305,lift=3.287
2017-11-28 23:57:58: ['24', '29']->['20'],support=0.001,confidence=0.310,lift=3.725
2017-11-28 23:57:58: ['13', '42']->['14'],support=0.001,confidence=0.314,lift=5.080
2017-11-28 23:57:58: ['20', '82']->['40'],support=0.001,confidence=0.308,lift=3.314
2017-11-28 23:57:58: ['70', '75']->['80'],support=0.001,confidence=0.312,lift=3.497
2017-11-28 23:57:58: ['46', '75']->['40'],support=0.001,confidence=0.308,lift=3.312
2017-11-28 23:57:58: ['13', '26']->['14'],support=0.001,confidence=0.322,lift=5.221
2017-11-28 23:57:58: ['150', '65']->['80'],support=0.001,confidence=0.310,lift=3.478
2017-11-28 23:57:58: ['33', '45', '50']->['42'],support=0.001,confidence=0.392,lift=4.582
2017-11-28 23:57:58: ['110', '66']->['80'],support=0.001,confidence=0.303,lift=3.393
2017-11-28 23:57:58: ['112', '20']->['40'],support=0.001,confidence=0.300,lift=3.231
2017-11-28 23:57:58: ['13', '50']->['14'],support=0.001,confidence=0.333,lift=5.390
2017-11-28 23:57:58: ['30', '38', '60']->['40'],support=0.001,confidence=0.368,lift=3.959
2017-11-28 23:57:58: ['30', '89']->['34'],support=0.001,confidence=0.306,lift=3.537
2017-11-28 23:57:58: ['20', '42', '60']->['40'],support=0.001,confidence=0.348,lift=3.745
2017-11-28 23:57:58: ['12', '23']->['20'],support=0.001,confidence=0.308,lift=3.702
2017-11-28 23:57:58: ['20', '60', '80']->['40'],support=0.001,confidence=0.346,lift=3.728
2017-11-28 23:57:58: ['13', '21']->['14'],support=0.001,confidence=0.306,lift=4.954
2017-11-28 23:57:58: ['46', '63']->['42'],support=0.001,confidence=0.325,lift=3.798
2017-11-28 23:57:58: ['33', '76']->['50'],support=0.001,confidence=0.301,lift=3.063
2017-11-28 23:57:58: ['110', '70']->['80'],support=0.001,confidence=0.310,lift=3.477
2017-11-28 23:57:58: ['17', '26']->['23'],support=0.002,confidence=0.307,lift=4.274
2017-11-28 23:57:58: ['40', '42', '60']->['20'],support=0.001,confidence=0.324,lift=3.891
2017-11-28 23:57:58: ['100', '76']->['80'],support=0.001,confidence=0.303,lift=3.396
2017-11-28 23:57:58: ['23', '29']->['20'],support=0.001,confidence=0.304,lift=3.648
2017-11-28 23:57:58: ['69', '72']->['60'],support=0.001,confidence=0.302,lift=3.564
2017-11-28 23:57:58: ['13', '28']->['14'],support=0.002,confidence=0.321,lift=5.202
2017-11-28 23:57:58: ['40', '42', '50']->['45'],support=0.001,confidence=0.332,lift=4.700
2017-11-28 23:57:58: ['42', '45', '50']->['60'],support=0.001,confidence=0.337,lift=3.977
2017-11-28 23:57:58: ['42', '45', '60']->['40'],support=0.001,confidence=0.336,lift=3.618
2017-11-28 23:57:58: ['30', '34', '40']->['42'],support=0.001,confidence=0.311,lift=3.629
2017-11-28 23:57:58: ['13', '36']->['14'],support=0.001,confidence=0.332,lift=5.387
2017-11-28 23:57:58: ['37', '55']->['40'],support=0.001,confidence=0.306,lift=3.299
2017-11-28 23:57:58: ['24', '53']->['20'],support=0.001,confidence=0.309,lift=3.712
2017-11-28 23:57:58: ['26', '61']->['40'],support=0.001,confidence=0.304,lift=3.269
2017-11-28 23:57:58: ['20', '61']->['40'],support=0.002,confidence=0.308,lift=3.317
2017-11-28 23:57:58: ['42', '50', '60']->['45'],support=0.001,confidence=0.366,lift=5.193
2017-11-28 23:57:58: ['40', '42', '60']->['45'],support=0.001,confidence=0.311,lift=4.412
2017-11-28 23:57:58: ['40', '42', '80']->['20'],support=0.001,confidence=0.307,lift=3.682
2017-11-28 23:57:58: ['13', '32']->['14'],support=0.001,confidence=0.327,lift=5.300
2017-11-28 23:57:58: ['20', '95']->['40'],support=0.002,confidence=0.306,lift=3.297
2017-11-28 23:57:58: ['42', '45', '60']->['50'],support=0.001,confidence=0.377,lift=3.839
2017-11-28 23:57:58: ['45', '75']->['50'],support=0.002,confidence=0.310,lift=3.155
2017-11-28 23:57:58: ['40', '42', '45']->['20'],support=0.001,confidence=0.307,lift=3.691
2017-11-28 23:57:58: ['38', '40', '60']->['30'],support=0.001,confidence=0.312,lift=3.944
2017-11-28 23:57:58: ['20', '40', '45']->['42'],support=0.001,confidence=0.335,lift=3.916
2017-11-28 23:57:58: ['40', '45', '60']->['42'],support=0.001,confidence=0.340,lift=3.970
2017-11-28 23:57:58: ['30', '34', '35']->['40'],support=0.001,confidence=0.331,lift=3.558
2017-11-28 23:57:58: ['46', '49']->['40'],support=0.001,confidence=0.300,lift=3.231
2017-11-28 23:57:58: ['40', '45', '50']->['42'],support=0.001,confidence=0.368,lift=4.299
2017-11-28 23:57:58: ['13', '60']->['14'],support=0.001,confidence=0.308,lift=4.988
2017-11-28 23:57:58: ['120', '78']->['80'],support=0.001,confidence=0.307,lift=3.440
2017-11-28 23:57:58: ['40', '42', '80']->['60'],support=0.001,confidence=0.302,lift=3.553
2017-11-28 23:57:58: ['160', '20']->['40'],support=0.001,confidence=0.320,lift=3.443
2017-11-28 23:57:58: ['100', '45']->['50'],support=0.002,confidence=0.309,lift=3.146
2017-11-28 23:57:58: ['30', '38', '40']->['60'],support=0.001,confidence=0.321,lift=3.782
2017-11-28 23:57:58: ['19', '29']->['42'],support=0.001,confidence=0.322,lift=3.764
2017-11-28 23:57:58: ['13', '33']->['14'],support=0.001,confidence=0.333,lift=5.401
2017-11-28 23:57:58: ['57', '76']->['38'],support=0.001,confidence=0.324,lift=3.867
2017-11-28 23:57:58: ['110', '75']->['80'],support=0.001,confidence=0.316,lift=3.548
2017-11-28 23:57:58: ['17', '24']->['20'],support=0.002,confidence=0.306,lift=3.673
2017-11-28 23:57:58: ['20', '42', '45']->['40'],support=0.001,confidence=0.386,lift=4.156
2017-11-28 23:57:58: ['73', '80']->['40'],support=0.001,confidence=0.305,lift=3.287
2017-11-28 23:57:58: ['20', '40', '60']->['42'],support=0.001,confidence=0.307,lift=3.584
2017-11-28 23:57:58: ['19', '29']->['20'],support=0.001,confidence=0.306,lift=3.681
2017-11-28 23:57:58: ['13', '34']->['14'],support=0.001,confidence=0.333,lift=5.390
2017-11-28 23:57:58: ['100', '92']->['80'],support=0.001,confidence=0.303,lift=3.395
2017-11-28 23:57:58: ['20', '69']->['40'],support=0.002,confidence=0.323,lift=3.473
2017-11-28 23:57:58: ['26', '46']->['23'],support=0.002,confidence=0.351,lift=4.886
2017-11-28 23:57:58: ['11', '40']->['20'],support=0.001,confidence=0.337,lift=4.046
2017-11-28 23:57:58: ['110', '64']->['80'],support=0.001,confidence=0.301,lift=3.377
2017-11-28 23:57:58: ['30', '40', '42']->['38'],support=0.001,confidence=0.334,lift=3.994
2017-11-28 23:57:58: ['17', '69']->['40'],support=0.001,confidence=0.325,lift=3.493
2017-11-28 23:57:58: ['29', '46']->['23'],support=0.001,confidence=0.314,lift=4.379
2017-11-28 23:57:58: ['40', '42', '45']->['60'],support=0.001,confidence=0.307,lift=3.621
2017-11-28 23:57:58: ['100', '65']->['80'],support=0.001,confidence=0.301,lift=3.371
2017-11-28 23:57:58: ['40', '73']->['80'],support=0.001,confidence=0.333,lift=3.738
2017-11-28 23:57:58: ['69', '76']->['80'],support=0.001,confidence=0.312,lift=3.505
2017-11-28 23:57:58: ['13', '23']->['20'],support=0.001,confidence=0.305,lift=3.660
2017-11-28 23:57:58: ['40', '42', '60']->['80'],support=0.001,confidence=0.306,lift=3.433
2017-11-28 23:57:58: ['38', '40', '42']->['30'],support=0.001,confidence=0.314,lift=3.966
2017-11-28 23:57:58: ['56', '69']->['40'],support=0.001,confidence=0.308,lift=3.314
2017-11-28 23:57:58: ['20', '42', '80']->['40'],support=0.001,confidence=0.378,lift=4.066
2017-11-28 23:57:58: ['30', '40', '42']->['34'],support=0.001,confidence=0.337,lift=3.899
2017-11-28 23:57:58: ['20', '38', '60']->['40'],support=0.001,confidence=0.360,lift=3.879
2017-11-28 23:57:58: ['110', '21']->['80'],support=0.001,confidence=0.310,lift=3.479
2017-11-28 23:57:58: ['33', '42', '50']->['45'],support=0.001,confidence=0.403,lift=5.709
2017-11-28 23:57:58: ['20', '96']->['40'],support=0.001,confidence=0.315,lift=3.392
2017-11-28 23:57:58: ['19', '24']->['20'],support=0.002,confidence=0.302,lift=3.623
2017-11-28 23:57:58: ['13', '80']->['14'],support=0.001,confidence=0.342,lift=5.542
2017-11-28 23:57:58: ['30', '93']->['34'],support=0.001,confidence=0.305,lift=3.528
2017-11-28 23:57:58: ['68', '70']->['80'],support=0.001,confidence=0.308,lift=3.454
2017-11-28 23:57:58: ['40', '42', '45']->['50'],support=0.001,confidence=0.312,lift=3.177
2017-11-28 23:57:58: ['26', '76']->['38'],support=0.001,confidence=0.319,lift=3.813
2017-11-28 23:57:58: ['30', '34', '42']->['40'],support=0.001,confidence=0.352,lift=3.794
2017-11-28 23:57:58: ['34', '35', '40']->['30'],support=0.001,confidence=0.337,lift=4.263
2017-11-28 23:57:58: ['33', '42', '45']->['50'],support=0.001,confidence=0.385,lift=3.912
2017-11-28 23:57:58: ['30', '38', '40']->['42'],support=0.001,confidence=0.324,lift=3.781
2017-11-28 23:57:58: ['30', '35', '40']->['34'],support=0.001,confidence=0.352,lift=4.071
2017-11-28 23:57:58: ['13', '19']->['14'],support=0.001,confidence=0.338,lift=5.472
2017-11-28 23:57:58: ['17', '46']->['23'],support=0.002,confidence=0.313,lift=4.366
2017-11-28 23:57:58: ['42', '45', '50']->['40'],support=0.001,confidence=0.305,lift=3.288
2017-11-28 23:57:58: ['13', '35']->['14'],support=0.001,confidence=0.324,lift=5.246
2017-11-28 23:57:58: Total time to compute: 234.871695 seconds
--- SharcNET Job Epilogue ---
              job id: 11005358
         exit status: 0
            cpu time: 2.1h / 64.0h (3 %)
        elapsed time: 241s / 2.0h (3 %)
      virtual memory: 784.1M / 4.0G (19 %)

Job completed successfully
WARNING: Job only used 3 % of its requested walltime.
WARNING: Job only used 3 % of its requested cpu time.
WARNING: Job only used 19% of its requested memory.
