2017-11-30 15:59:30: Running apriori with support 1.0% and confidence 60.0%
2017-11-30 16:00:44: Found 195 rules.
2017-11-30 16:00:44: ['22141']->['22144'],support=0.011,confidence=0.603,lift=28.553
2017-11-30 16:00:44: ['22697', '22698']->['22699'],support=0.021,confidence=0.852,lift=19.714
2017-11-30 16:00:44: ['23171']->['23170'],support=0.012,confidence=0.834,lift=47.277
2017-11-30 16:00:44: ['22383', '22384']->['20725'],support=0.013,confidence=0.708,lift=11.398
2017-11-30 16:00:44: ['22746']->['22745'],support=0.010,confidence=0.794,lift=48.270
2017-11-30 16:00:44: ['21932']->['21933'],support=0.011,confidence=0.624,lift=39.013
2017-11-30 16:00:44: ['20719', '22355']->['20723'],support=0.012,confidence=0.662,lift=23.370
2017-11-30 16:00:44: ['21080', '21094']->['21086'],support=0.010,confidence=0.716,lift=43.341
2017-11-30 16:00:44: ['20719', '20723']->['20724'],support=0.013,confidence=0.804,lift=19.830
2017-11-30 16:00:44: ['22423', '22697', '22699']->['22698'],support=0.012,confidence=0.735,lift=23.750
2017-11-30 16:00:44: ['20723', '22355']->['20719'],support=0.012,confidence=0.727,lift=22.344
2017-11-30 16:00:44: ['21930', '85099B']->['21931'],support=0.010,confidence=0.624,lift=13.459
2017-11-30 16:00:44: ['22746']->['22748'],support=0.010,confidence=0.797,lift=46.913
2017-11-30 16:00:44: ['22748']->['22745'],support=0.012,confidence=0.714,lift=43.388
2017-11-30 16:00:44: ['20719', '22355']->['20724'],support=0.013,confidence=0.734,lift=18.110
2017-11-30 16:00:44: ['22698']->['22697'],support=0.025,confidence=0.803,lift=19.676
2017-11-30 16:00:44: ['23171']->['23172'],support=0.011,confidence=0.731,lift=60.260
2017-11-30 16:00:44: ['DOT']->['85099B'],support=0.019,confidence=0.683,lift=8.287
2017-11-30 16:00:44: ['20728', '22382']->['20725'],support=0.011,confidence=0.608,lift=9.790
2017-11-30 16:00:44: ['23170']->['23171'],support=0.012,confidence=0.705,lift=47.277
2017-11-30 16:00:44: ['20724', '22356']->['20719'],support=0.013,confidence=0.620,lift=19.042
2017-11-30 16:00:44: ['20723', '22355']->['20719', '20724'],support=0.010,confidence=0.624,lift=31.897
2017-11-30 16:00:44: ['21928', '22411']->['85099B'],support=0.012,confidence=0.778,lift=9.435
2017-11-30 16:00:44: ['20727', '23206']->['20725'],support=0.011,confidence=0.655,lift=10.557
2017-11-30 16:00:44: ['20719', '20724']->['20723'],support=0.013,confidence=0.647,lift=22.828
2017-11-30 16:00:44: ['21931', '22386', '22411']->['85099B'],support=0.010,confidence=0.868,lift=10.527
2017-11-30 16:00:44: ['20719', '20723']->['20724', '22355'],support=0.010,confidence=0.640,lift=32.487
2017-11-30 16:00:44: ['22423', '22698']->['22697'],support=0.013,confidence=0.861,lift=21.090
2017-11-30 16:00:44: ['22663']->['85099B'],support=0.011,confidence=0.611,lift=7.408
2017-11-30 16:00:44: ['20712', '85099B']->['22386'],support=0.013,confidence=0.638,lift=13.414
2017-11-30 16:00:44: ['22725']->['22726'],support=0.011,confidence=0.630,lift=16.278
2017-11-30 16:00:44: ['20724', '22356']->['20723'],support=0.013,confidence=0.624,lift=22.004
2017-11-30 16:00:44: ['23295']->['23293'],support=0.012,confidence=0.684,lift=31.793
2017-11-30 16:00:44: ['23199', '23203']->['23200'],support=0.010,confidence=0.629,lift=27.078
2017-11-30 16:00:44: ['22617']->['22138'],support=0.013,confidence=0.696,lift=18.771
2017-11-30 16:00:44: ['20724', '22355']->['20723'],support=0.013,confidence=0.659,lift=23.247
2017-11-30 16:00:44: ['22745']->['22746'],support=0.010,confidence=0.615,lift=48.270
2017-11-30 16:00:44: ['20728', '22384']->['20725'],support=0.013,confidence=0.641,lift=10.325
2017-11-30 16:00:44: ['21931', 'DOT']->['85099B'],support=0.011,confidence=0.729,lift=8.845
2017-11-30 16:00:44: ['20723', '20724']->['20719'],support=0.013,confidence=0.669,lift=20.566
2017-11-30 16:00:44: ['22423', '22698', '22699']->['22697'],support=0.012,confidence=0.899,lift=22.031
2017-11-30 16:00:44: ['22698', '22699']->['22697'],support=0.021,confidence=0.894,lift=21.909
2017-11-30 16:00:44: ['20723', '22355']->['20724'],support=0.013,confidence=0.804,lift=19.828
2017-11-30 16:00:44: ['20712', '22386']->['85099B'],support=0.013,confidence=0.796,lift=9.654
2017-11-30 16:00:44: ['21935']->['DOT'],support=0.013,confidence=0.633,lift=23.083
2017-11-30 16:00:44: ['23343']->['23344'],support=0.013,confidence=0.664,lift=23.784
2017-11-30 16:00:44: ['23300']->['23301'],support=0.021,confidence=0.718,lift=20.116
2017-11-30 16:00:44: ['20719', '20724']->['22355'],support=0.013,confidence=0.665,lift=19.235
2017-11-30 16:00:44: ['20726', '22383']->['20725'],support=0.012,confidence=0.693,lift=11.165
2017-11-30 16:00:44: ['22577']->['22578'],support=0.015,confidence=0.719,lift=36.091
2017-11-30 16:00:44: ['21136']->['84879'],support=0.010,confidence=0.697,lift=12.298
2017-11-30 16:00:44: ['20712', '22411']->['85099B'],support=0.011,confidence=0.762,lift=9.238
2017-11-30 16:00:44: ['22423', '22697', '22698']->['22699'],support=0.012,confidence=0.876,lift=20.251
2017-11-30 16:00:44: ['22385', '85099B']->['22386'],support=0.010,confidence=0.613,lift=12.906
2017-11-30 16:00:44: ['20712', '22386']->['21931'],support=0.011,confidence=0.647,lift=13.960
2017-11-30 16:00:44: ['47590A']->['47590B'],support=0.010,confidence=0.672,lift=43.715
2017-11-30 16:00:44: ['23172']->['23171'],support=0.011,confidence=0.898,lift=60.260
2017-11-30 16:00:44: ['47590B']->['47590A'],support=0.010,confidence=0.663,lift=43.715
2017-11-30 16:00:44: ['21931']->['85099B'],support=0.028,confidence=0.610,lift=7.404
2017-11-30 16:00:44: ['22698']->['22699'],support=0.024,confidence=0.766,lift=17.704
2017-11-30 16:00:44: ['20719', '22355']->['22356'],support=0.011,confidence=0.641,lift=21.828
2017-11-30 16:00:44: ['22697']->['22699'],support=0.030,confidence=0.742,lift=17.152
2017-11-30 16:00:44: ['23200']->['23199'],support=0.016,confidence=0.681,lift=17.657
2017-11-30 16:00:44: ['23199', '23200']->['23203'],support=0.010,confidence=0.659,lift=13.656
2017-11-30 16:00:44: ['22382', '22383']->['20725'],support=0.013,confidence=0.618,lift=9.958
2017-11-30 16:00:44: ['21086']->['21094'],support=0.014,confidence=0.818,lift=40.190
2017-11-30 16:00:44: ['22423', '22697']->['22699'],support=0.016,confidence=0.795,lift=18.393
2017-11-30 16:00:44: ['22698']->['22697', '22699'],support=0.021,confidence=0.685,lift=22.614
2017-11-30 16:00:44: ['20712', '85099B']->['21931'],support=0.013,confidence=0.610,lift=13.148
2017-11-30 16:00:44: ['22383', '22384']->['20727'],support=0.011,confidence=0.614,lift=12.288
2017-11-30 16:00:44: ['23199', '23203']->['85099B'],support=0.010,confidence=0.620,lift=7.522
2017-11-30 16:00:44: ['22804']->['85123A'],support=0.013,confidence=0.702,lift=8.094
2017-11-30 16:00:44: ['20712', '21931']->['22411'],support=0.011,confidence=0.611,lift=13.334
2017-11-30 16:00:44: ['21931', '22411', '85099B']->['22386'],support=0.010,confidence=0.688,lift=14.475
2017-11-30 16:00:44: ['84596B']->['84596F'],support=0.014,confidence=0.669,lift=39.754
2017-11-30 16:00:44: ['22386', '85099F']->['85099B'],support=0.011,confidence=0.802,lift=9.733
2017-11-30 16:00:44: ['22727', '22730']->['22726'],support=0.010,confidence=0.692,lift=17.877
2017-11-30 16:00:44: ['22727', '22728']->['22726'],support=0.012,confidence=0.658,lift=16.998
2017-11-30 16:00:44: ['20726', '20727']->['20725'],support=0.011,confidence=0.646,lift=10.403
2017-11-30 16:00:44: ['20719', '20723', '20724']->['22355'],support=0.010,confidence=0.796,lift=23.027
2017-11-30 16:00:44: ['22355', '22356']->['20723'],support=0.011,confidence=0.658,lift=23.212
2017-11-30 16:00:44: ['22386', '23199']->['85099B'],support=0.011,confidence=0.794,lift=9.633
2017-11-30 16:00:44: ['22423', '22699']->['22698'],support=0.013,confidence=0.628,lift=20.267
2017-11-30 16:00:44: ['20728', '22384']->['20727'],support=0.012,confidence=0.613,lift=12.268
2017-11-30 16:00:44: ['20726', '20727']->['22383'],support=0.010,confidence=0.604,lift=11.970
2017-11-30 16:00:44: ['22910']->['22086'],support=0.021,confidence=0.667,lift=14.767
2017-11-30 16:00:44: ['20728', '22383']->['20725'],support=0.013,confidence=0.627,lift=10.096
2017-11-30 16:00:44: ['21928', '22386']->['85099B'],support=0.012,confidence=0.833,lift=10.109
2017-11-30 16:00:44: ['20726', '22384']->['20725'],support=0.011,confidence=0.713,lift=11.488
2017-11-30 16:00:44: ['22411', 'DOT']->['85099B'],support=0.011,confidence=0.771,lift=9.357
2017-11-30 16:00:44: ['84596F']->['84596B'],support=0.014,confidence=0.803,lift=39.754
2017-11-30 16:00:44: ['20727', '20728']->['20725'],support=0.013,confidence=0.616,lift=9.921
2017-11-30 16:00:44: ['21086']->['21080', '21094'],support=0.010,confidence=0.619,lift=43.341
2017-11-30 16:00:44: ['20728', '22382']->['22383'],support=0.012,confidence=0.620,lift=12.298
2017-11-30 16:00:44: ['20711']->['85099B'],support=0.013,confidence=0.654,lift=7.935
2017-11-30 16:00:44: ['20724', '22355']->['20719'],support=0.013,confidence=0.661,lift=20.302
2017-11-30 16:00:44: ['21929', '21931']->['85099B'],support=0.010,confidence=0.735,lift=8.916
2017-11-30 16:00:44: ['22382', '22384']->['20725'],support=0.011,confidence=0.680,lift=10.950
2017-11-30 16:00:44: ['20727', '22382']->['20725'],support=0.012,confidence=0.620,lift=9.984
2017-11-30 16:00:44: ['21094']->['21080'],support=0.014,confidence=0.702,lift=18.405
2017-11-30 16:00:44: ['20725', '22355']->['20724'],support=0.010,confidence=0.750,lift=18.500
2017-11-30 16:00:44: ['23172']->['23170'],support=0.011,confidence=0.866,lift=49.093
2017-11-30 16:00:44: ['22578']->['22577'],support=0.015,confidence=0.754,lift=36.091
2017-11-30 16:00:44: ['20727', '22384']->['20725'],support=0.014,confidence=0.662,lift=10.659
2017-11-30 16:00:44: ['20712', '22411']->['21931'],support=0.011,confidence=0.705,lift=15.206
2017-11-30 16:00:44: ['22726', '22728']->['22727'],support=0.012,confidence=0.749,lift=17.955
2017-11-30 16:00:44: ['22356']->['20724'],support=0.020,confidence=0.692,lift=17.072
2017-11-30 16:00:44: ['21928', '21929']->['85099B'],support=0.011,confidence=0.718,lift=8.713
2017-11-30 16:00:44: ['21931', '22386', '85099B']->['22411'],support=0.010,confidence=0.647,lift=14.109
2017-11-30 16:00:44: ['20719', '22356']->['20724'],support=0.013,confidence=0.821,lift=20.255
2017-11-30 16:00:44: ['22355', '22356']->['20719'],support=0.011,confidence=0.708,lift=21.766
2017-11-30 16:00:44: ['22579']->['22578'],support=0.011,confidence=0.822,lift=41.267
2017-11-30 16:00:44: ['22386', '22411']->['21931'],support=0.012,confidence=0.657,lift=14.164
2017-11-30 16:00:44: ['20724', '20725']->['22355'],support=0.010,confidence=0.657,lift=19.025
2017-11-30 16:00:44: ['20723', '22356']->['22355'],support=0.011,confidence=0.715,lift=20.681
2017-11-30 16:00:44: ['22423', '22698']->['22697', '22699'],support=0.012,confidence=0.754,lift=24.900
2017-11-30 16:00:44: ['22385']->['85099B'],support=0.017,confidence=0.624,lift=7.573
2017-11-30 16:00:44: ['20727', '23206']->['22383'],support=0.010,confidence=0.646,lift=12.807
2017-11-30 16:00:44: ['21086']->['21080'],support=0.011,confidence=0.692,lift=18.130
2017-11-30 16:00:44: ['23200', '23203']->['23199'],support=0.010,confidence=0.728,lift=18.868
2017-11-30 16:00:44: ['20723', '20724', '22355']->['20719'],support=0.010,confidence=0.777,lift=23.866
2017-11-30 16:00:44: ['20723']->['20724'],support=0.019,confidence=0.668,lift=16.467
2017-11-30 16:00:44: ['20719', '20724']->['22356'],support=0.013,confidence=0.643,lift=21.913
2017-11-30 16:00:44: ['20727', '22383']->['20725'],support=0.014,confidence=0.615,lift=9.906
2017-11-30 16:00:44: ['22697']->['22698'],support=0.025,confidence=0.609,lift=19.676
2017-11-30 16:00:44: ['21929', '22411']->['85099B'],support=0.011,confidence=0.694,lift=8.423
2017-11-30 16:00:44: ['22386']->['85099B'],support=0.032,confidence=0.677,lift=8.209
2017-11-30 16:00:44: ['22411', '85099C']->['85099B'],support=0.012,confidence=0.741,lift=8.984
2017-11-30 16:00:44: ['21929', '22386']->['85099B'],support=0.011,confidence=0.775,lift=9.407
2017-11-30 16:00:44: ['21931', '23199']->['85099B'],support=0.011,confidence=0.749,lift=9.090
2017-11-30 16:00:44: ['85099F']->['85099B'],support=0.021,confidence=0.657,lift=7.966
2017-11-30 16:00:44: ['21080', '21086']->['21094'],support=0.010,confidence=0.895,lift=43.999
2017-11-30 16:00:44: ['22729']->['22727'],support=0.012,confidence=0.670,lift=16.042
2017-11-30 16:00:44: ['22730']->['22727'],support=0.015,confidence=0.647,lift=15.493
2017-11-30 16:00:44: ['20723', '20724']->['22355'],support=0.013,confidence=0.686,lift=19.844
2017-11-30 16:00:44: ['21928', '21931']->['85099B'],support=0.011,confidence=0.796,lift=9.651
2017-11-30 16:00:44: ['22699']->['22697'],support=0.030,confidence=0.700,lift=17.152
2017-11-30 16:00:44: ['20712', '21931']->['85099B'],support=0.013,confidence=0.729,lift=8.842
2017-11-30 16:00:44: ['21733']->['85123A'],support=0.019,confidence=0.655,lift=7.555
2017-11-30 16:00:44: ['20712', '21931']->['22386'],support=0.011,confidence=0.620,lift=13.045
2017-11-30 16:00:44: ['20723', '22355']->['22356'],support=0.011,confidence=0.653,lift=22.257
2017-11-30 16:00:44: ['85099C']->['85099B'],support=0.023,confidence=0.626,lift=7.596
2017-11-30 16:00:44: ['20719', '20724', '22355']->['20723'],support=0.010,confidence=0.774,lift=27.328
2017-11-30 16:00:44: ['20719', '22356']->['22355'],support=0.011,confidence=0.741,lift=21.431
2017-11-30 16:00:44: ['20727', '22382']->['22383'],support=0.012,confidence=0.610,lift=12.100
2017-11-30 16:00:44: ['22726']->['22727'],support=0.025,confidence=0.644,lift=15.431
2017-11-30 16:00:44: ['20726', '20728']->['20725'],support=0.011,confidence=0.622,lift=10.018
2017-11-30 16:00:44: ['23170']->['22699'],support=0.011,confidence=0.611,lift=14.118
2017-11-30 16:00:44: ['22423', '22699']->['22697'],support=0.016,confidence=0.767,lift=18.800
2017-11-30 16:00:44: ['21931', 'DOT']->['20712'],support=0.010,confidence=0.658,lift=19.551
2017-11-30 16:00:44: ['82581']->['82580'],support=0.011,confidence=0.717,lift=29.202
2017-11-30 16:00:44: ['21086', '21094']->['21080'],support=0.010,confidence=0.757,lift=19.848
2017-11-30 16:00:44: ['22630']->['22629'],support=0.021,confidence=0.626,lift=17.844
2017-11-30 16:00:44: ['21231']->['21232'],support=0.013,confidence=0.647,lift=18.882
2017-11-30 16:00:44: ['21930', '21931']->['85099B'],support=0.010,confidence=0.706,lift=8.561
2017-11-30 16:00:44: ['21094']->['21086'],support=0.014,confidence=0.664,lift=40.190
2017-11-30 16:00:44: ['20726', '22382']->['20725'],support=0.012,confidence=0.636,lift=10.238
2017-11-30 16:00:44: ['22382', '22384']->['20727'],support=0.010,confidence=0.617,lift=12.343
2017-11-30 16:00:44: ['20712', 'DOT']->['21931'],support=0.010,confidence=0.720,lift=15.532
2017-11-30 16:00:44: ['21928']->['85099B'],support=0.021,confidence=0.669,lift=8.117
2017-11-30 16:00:44: ['21933']->['21932'],support=0.011,confidence=0.676,lift=39.013
2017-11-30 16:00:44: ['20723', '22356']->['20724'],support=0.013,confidence=0.859,lift=21.180
2017-11-30 16:00:44: ['20719', '20723', '22355']->['20724'],support=0.010,confidence=0.859,lift=21.178
2017-11-30 16:00:44: ['22385', '22386']->['85099B'],support=0.010,confidence=0.777,lift=9.427
2017-11-30 16:00:44: ['22866']->['22865'],support=0.013,confidence=0.600,lift=23.312
2017-11-30 16:00:44: ['20712']->['85099B'],support=0.021,confidence=0.617,lift=7.485
2017-11-30 16:00:44: ['22355', '22356']->['20724'],support=0.013,confidence=0.800,lift=19.733
2017-11-30 16:00:44: ['22725']->['22727'],support=0.011,confidence=0.671,lift=16.082
2017-11-30 16:00:44: ['22423', '22698']->['22699'],support=0.013,confidence=0.838,lift=19.386
2017-11-30 16:00:44: ['20723', '22356']->['20719'],support=0.010,confidence=0.691,lift=21.233
2017-11-30 16:00:44: ['20719', '22356']->['20723'],support=0.010,confidence=0.665,lift=23.465
2017-11-30 16:00:44: ['22745']->['22748'],support=0.012,confidence=0.737,lift=43.388
2017-11-30 16:00:44: ['20719', '20723']->['22356'],support=0.010,confidence=0.647,lift=22.051
2017-11-30 16:00:44: ['22386', '22411', '85099B']->['21931'],support=0.010,confidence=0.708,lift=15.266
2017-11-30 16:00:44: ['22697', '22699']->['22698'],support=0.021,confidence=0.700,lift=22.614
2017-11-30 16:00:44: ['20719']->['20724'],support=0.020,confidence=0.601,lift=14.835
2017-11-30 16:00:44: ['23200']->['23203'],support=0.014,confidence=0.616,lift=12.780
2017-11-30 16:00:44: ['22383', '23206']->['20725'],support=0.011,confidence=0.630,lift=10.143
2017-11-30 16:00:44: ['20723', '20724']->['22356'],support=0.013,confidence=0.669,lift=22.812
2017-11-30 16:00:44: ['20725', '20728']->['22383'],support=0.013,confidence=0.607,lift=12.033
2017-11-30 16:00:44: ['22726', '22730']->['22727'],support=0.010,confidence=0.777,lift=18.611
2017-11-30 16:00:44: ['23296']->['23293'],support=0.010,confidence=0.680,lift=31.605
2017-11-30 16:00:44: ['20712', 'DOT']->['85099B'],support=0.011,confidence=0.756,lift=9.174
2017-11-30 16:00:44: ['20719', '20723']->['22355'],support=0.012,confidence=0.745,lift=21.562
2017-11-30 16:00:44: ['21931', '22386']->['85099B'],support=0.016,confidence=0.803,lift=9.742
2017-11-30 16:00:44: ['22386', 'DOT']->['85099B'],support=0.011,confidence=0.803,lift=9.740
2017-11-30 16:00:44: ['22423', '22697']->['22698'],support=0.013,confidence=0.668,lift=21.571
2017-11-30 16:00:44: ['23202', '85099B']->['23203'],support=0.011,confidence=0.693,lift=14.375
2017-11-30 16:00:44: ['22386', '85099C']->['85099B'],support=0.013,confidence=0.787,lift=9.542
2017-11-30 16:00:44: ['22386', '22411']->['85099B'],support=0.015,confidence=0.805,lift=9.767
2017-11-30 16:00:44: ['21931', '22411']->['85099B'],support=0.015,confidence=0.745,lift=9.035
2017-11-30 16:00:44: ['22382', '22384']->['20728'],support=0.010,confidence=0.617,lift=13.627
2017-11-30 16:00:44: ['21931', '85099C']->['85099B'],support=0.012,confidence=0.754,lift=9.149
2017-11-30 16:00:44: ['20724', '22355']->['22356'],support=0.013,confidence=0.651,lift=22.185
2017-11-30 16:00:44: ['20724', '22356']->['22355'],support=0.013,confidence=0.631,lift=18.265
2017-11-30 16:00:44: Serial apriori took 0:01:13.727002
--- SharcNET Job Epilogue ---
              job id: 11008272
         exit status: 0
            cpu time: 74s / 2.0h (1 %)
        elapsed time: 75s / 2.0h (1 %)
      virtual memory: 607.6M / 4.0G (14 %)

Job completed successfully
WARNING: Job only used 1 % of its requested walltime.
WARNING: Job only used 1 % of its requested cpu time.
WARNING: Job only used 14% of its requested memory.
