2017-11-28 23:43:55: Running apriori with support 1.0% and confidence 60.0%
2017-11-28 23:43:55: Executing static parallel version on 16 processors
2017-11-28 23:45:09: Found 4 levels.
2017-11-28 23:45:09: Level 1  - 598 frequent itemsets
2017-11-28 23:45:09: Level 2  - 404 frequent itemsets
2017-11-28 23:45:09: Level 3  - 82 frequent itemsets
2017-11-28 23:45:09: Level 4  - 3 frequent itemsets
2017-11-28 23:45:09: Found 195 rules.
2017-11-28 23:45:09: ['21086']->['21080', '21094'],support=0.010,confidence=0.619,lift=43.341
2017-11-28 23:45:09: ['22727', '22728']->['22726'],support=0.012,confidence=0.658,lift=16.998
2017-11-28 23:45:09: ['22386', '22411', '85099B']->['21931'],support=0.010,confidence=0.708,lift=15.279
2017-11-28 23:45:09: ['22356']->['20724'],support=0.020,confidence=0.692,lift=17.072
2017-11-28 23:45:09: ['22697']->['22699'],support=0.030,confidence=0.742,lift=17.152
2017-11-28 23:45:09: ['22577']->['22578'],support=0.015,confidence=0.719,lift=36.091
2017-11-28 23:45:09: ['22385', '22386']->['85099B'],support=0.010,confidence=0.777,lift=9.432
2017-11-28 23:45:09: ['22423', '22699']->['22698'],support=0.013,confidence=0.628,lift=20.267
2017-11-28 23:45:09: ['85099F']->['85099B'],support=0.021,confidence=0.656,lift=7.964
2017-11-28 23:45:09: ['21928', '22411']->['85099B'],support=0.012,confidence=0.778,lift=9.440
2017-11-28 23:45:09: ['20724', '22356']->['20723'],support=0.013,confidence=0.624,lift=22.004
2017-11-28 23:45:09: ['22745']->['22746'],support=0.010,confidence=0.615,lift=48.270
2017-11-28 23:45:09: ['84596F']->['84596B'],support=0.014,confidence=0.803,lift=39.754
2017-11-28 23:45:09: ['20727', '22384']->['20725'],support=0.014,confidence=0.662,lift=10.673
2017-11-28 23:45:09: ['21928', '21929']->['85099B'],support=0.011,confidence=0.718,lift=8.717
2017-11-28 23:45:09: ['23172']->['23171'],support=0.011,confidence=0.898,lift=60.260
2017-11-28 23:45:09: ['20724', '22356']->['20719'],support=0.013,confidence=0.620,lift=19.042
2017-11-28 23:45:09: ['20723', '22355']->['20719', '20724'],support=0.010,confidence=0.624,lift=31.897
2017-11-28 23:45:09: ['22746']->['22745'],support=0.010,confidence=0.794,lift=48.270
2017-11-28 23:45:09: ['23171']->['23172'],support=0.011,confidence=0.731,lift=60.260
2017-11-28 23:45:09: ['21086']->['21080'],support=0.011,confidence=0.692,lift=18.130
2017-11-28 23:45:09: ['22579']->['22578'],support=0.011,confidence=0.822,lift=41.267
2017-11-28 23:45:09: ['23200']->['23203'],support=0.014,confidence=0.616,lift=12.780
2017-11-28 23:45:09: ['20724', '22356']->['22355'],support=0.013,confidence=0.631,lift=18.265
2017-11-28 23:45:09: ['22383', '23206']->['20725'],support=0.011,confidence=0.630,lift=10.155
2017-11-28 23:45:09: ['23296']->['23293'],support=0.010,confidence=0.679,lift=31.623
2017-11-28 23:45:09: ['21929', '22411']->['85099B'],support=0.011,confidence=0.694,lift=8.427
2017-11-28 23:45:09: ['20719', '20723']->['22355'],support=0.012,confidence=0.745,lift=21.562
2017-11-28 23:45:09: ['21929', '21931']->['85099B'],support=0.010,confidence=0.735,lift=8.920
2017-11-28 23:45:09: ['20727', '22382']->['22383'],support=0.012,confidence=0.610,lift=12.100
2017-11-28 23:45:09: ['20727', '23206']->['22383'],support=0.010,confidence=0.646,lift=12.807
2017-11-28 23:45:09: ['22386', '22411']->['21931'],support=0.012,confidence=0.657,lift=14.175
2017-11-28 23:45:09: ['20728', '22383']->['20725'],support=0.013,confidence=0.627,lift=10.109
2017-11-28 23:45:09: ['22697']->['22698'],support=0.025,confidence=0.609,lift=19.676
2017-11-28 23:45:09: ['20726', '20727']->['20725'],support=0.011,confidence=0.646,lift=10.416
2017-11-28 23:45:09: ['21928', '22386']->['85099B'],support=0.012,confidence=0.833,lift=10.114
2017-11-28 23:45:09: ['20719', '20724']->['20723'],support=0.013,confidence=0.647,lift=22.828
2017-11-28 23:45:09: ['20724', '22355']->['22356'],support=0.013,confidence=0.651,lift=22.185
2017-11-28 23:45:09: ['22578']->['22577'],support=0.015,confidence=0.754,lift=36.091
2017-11-28 23:45:09: ['23295']->['23293'],support=0.012,confidence=0.684,lift=31.851
2017-11-28 23:45:09: ['20712', 'DOT']->['85099B'],support=0.011,confidence=0.756,lift=9.178
2017-11-28 23:45:09: ['22748']->['22745'],support=0.012,confidence=0.714,lift=43.388
2017-11-28 23:45:09: ['22385', '85099B']->['22386'],support=0.010,confidence=0.613,lift=12.917
2017-11-28 23:45:09: ['22386', 'DOT']->['85099B'],support=0.011,confidence=0.803,lift=9.745
2017-11-28 23:45:09: ['22382', '22384']->['20728'],support=0.010,confidence=0.617,lift=13.650
2017-11-28 23:45:09: ['23343']->['23344'],support=0.013,confidence=0.664,lift=23.817
2017-11-28 23:45:09: ['21931', '23199']->['85099B'],support=0.011,confidence=0.749,lift=9.095
2017-11-28 23:45:09: ['20725', '20728']->['22383'],support=0.013,confidence=0.607,lift=12.033
2017-11-28 23:45:09: ['23199', '23203']->['85099B'],support=0.010,confidence=0.620,lift=7.525
2017-11-28 23:45:09: ['22355', '22356']->['20724'],support=0.013,confidence=0.800,lift=19.733
2017-11-28 23:45:09: ['20719', '22356']->['20723'],support=0.010,confidence=0.665,lift=23.465
2017-11-28 23:45:09: ['20723', '22356']->['20719'],support=0.010,confidence=0.691,lift=21.233
2017-11-28 23:45:09: ['84596B']->['84596F'],support=0.014,confidence=0.669,lift=39.754
2017-11-28 23:45:09: ['22730']->['22727'],support=0.015,confidence=0.647,lift=15.493
2017-11-28 23:45:09: ['20723', '20724']->['22356'],support=0.013,confidence=0.669,lift=22.812
2017-11-28 23:45:09: ['20723', '22355']->['22356'],support=0.011,confidence=0.653,lift=22.257
2017-11-28 23:45:09: ['20712', '85099B']->['21931'],support=0.013,confidence=0.610,lift=13.159
2017-11-28 23:45:09: ['21931']->['85099B'],support=0.028,confidence=0.611,lift=7.414
2017-11-28 23:45:09: ['21928', '21931']->['85099B'],support=0.011,confidence=0.796,lift=9.655
2017-11-28 23:45:09: ['21094']->['21080'],support=0.014,confidence=0.702,lift=18.405
2017-11-28 23:45:09: ['22726', '22728']->['22727'],support=0.012,confidence=0.749,lift=17.955
2017-11-28 23:45:09: ['21080', '21086']->['21094'],support=0.010,confidence=0.895,lift=43.999
2017-11-28 23:45:09: ['22725']->['22727'],support=0.011,confidence=0.671,lift=16.082
2017-11-28 23:45:09: ['20723', '20724']->['20719'],support=0.013,confidence=0.669,lift=20.566
2017-11-28 23:45:09: ['20728', '22382']->['20725'],support=0.011,confidence=0.608,lift=9.802
2017-11-28 23:45:09: ['22617']->['22138'],support=0.013,confidence=0.696,lift=18.771
2017-11-28 23:45:09: ['20719', '20724']->['22356'],support=0.013,confidence=0.643,lift=21.913
2017-11-28 23:45:09: ['22423', '22698']->['22699'],support=0.013,confidence=0.838,lift=19.386
2017-11-28 23:45:09: ['22697', '22698']->['22699'],support=0.021,confidence=0.852,lift=19.714
2017-11-28 23:45:09: ['21231']->['21232'],support=0.013,confidence=0.647,lift=18.884
2017-11-28 23:45:09: ['21086']->['21094'],support=0.014,confidence=0.818,lift=40.190
2017-11-28 23:45:09: ['20719', '20723', '22355']->['20724'],support=0.010,confidence=0.859,lift=21.178
2017-11-28 23:45:09: ['22726', '22730']->['22727'],support=0.010,confidence=0.777,lift=18.611
2017-11-28 23:45:09: ['22385']->['85099B'],support=0.017,confidence=0.624,lift=7.577
2017-11-28 23:45:09: ['22746']->['22748'],support=0.010,confidence=0.797,lift=46.913
2017-11-28 23:45:09: ['22386', '85099C']->['85099B'],support=0.013,confidence=0.786,lift=9.540
2017-11-28 23:45:09: ['20723', '22356']->['22355'],support=0.011,confidence=0.715,lift=20.681
2017-11-28 23:45:09: ['20712', '22386']->['21931'],support=0.011,confidence=0.647,lift=13.972
2017-11-28 23:45:09: ['20727', '23206']->['20725'],support=0.011,confidence=0.655,lift=10.570
2017-11-28 23:45:09: ['22383', '22384']->['20725'],support=0.013,confidence=0.708,lift=11.412
2017-11-28 23:45:09: ['20719', '20723']->['20724', '22355'],support=0.010,confidence=0.640,lift=32.487
2017-11-28 23:45:09: ['21931', 'DOT']->['85099B'],support=0.011,confidence=0.729,lift=8.849
2017-11-28 23:45:09: ['20712', '22411']->['85099B'],support=0.011,confidence=0.762,lift=9.243
2017-11-28 23:45:09: ['20712', '22386']->['85099B'],support=0.013,confidence=0.796,lift=9.659
2017-11-28 23:45:09: ['20727', '22382']->['20725'],support=0.012,confidence=0.620,lift=9.997
2017-11-28 23:45:09: ['21136']->['84879'],support=0.010,confidence=0.697,lift=12.306
2017-11-28 23:45:09: ['20723', '20724']->['22355'],support=0.013,confidence=0.686,lift=19.844
2017-11-28 23:45:09: ['20719', '22355']->['22356'],support=0.011,confidence=0.641,lift=21.828
2017-11-28 23:45:09: ['20728', '22384']->['20725'],support=0.013,confidence=0.642,lift=10.358
2017-11-28 23:45:09: ['22423', '22697']->['22699'],support=0.016,confidence=0.795,lift=18.393
2017-11-28 23:45:09: ['23171']->['23170'],support=0.012,confidence=0.834,lift=47.277
2017-11-28 23:45:09: ['21933']->['21932'],support=0.011,confidence=0.676,lift=39.055
2017-11-28 23:45:09: ['22383', '22384']->['20727'],support=0.011,confidence=0.614,lift=12.288
2017-11-28 23:45:09: ['22698']->['22697'],support=0.025,confidence=0.803,lift=19.676
2017-11-28 23:45:09: ['22910']->['22086'],support=0.021,confidence=0.667,lift=14.779
2017-11-28 23:45:09: ['22386', '85099F']->['85099B'],support=0.011,confidence=0.802,lift=9.730
2017-11-28 23:45:09: ['22382', '22383']->['20725'],support=0.013,confidence=0.618,lift=9.971
2017-11-28 23:45:09: ['20719', '20724', '22355']->['20723'],support=0.010,confidence=0.774,lift=27.328
2017-11-28 23:45:09: ['20712', '21931']->['22411'],support=0.011,confidence=0.612,lift=13.364
2017-11-28 23:45:09: ['20712', '85099B']->['22386'],support=0.013,confidence=0.638,lift=13.425
2017-11-28 23:45:09: ['20726', '22383']->['20725'],support=0.012,confidence=0.693,lift=11.179
2017-11-28 23:45:09: ['20727', '20728']->['20725'],support=0.013,confidence=0.616,lift=9.934
2017-11-28 23:45:09: ['22423', '22698']->['22697'],support=0.013,confidence=0.861,lift=21.090
2017-11-28 23:45:09: ['22699']->['22697'],support=0.030,confidence=0.700,lift=17.152
2017-11-28 23:45:09: ['22355', '22356']->['20719'],support=0.011,confidence=0.708,lift=21.766
2017-11-28 23:45:09: ['22725']->['22726'],support=0.011,confidence=0.630,lift=16.278
2017-11-28 23:45:09: ['22355', '22356']->['20723'],support=0.011,confidence=0.658,lift=23.212
2017-11-28 23:45:09: ['20712', '21931']->['22386'],support=0.011,confidence=0.621,lift=13.084
2017-11-28 23:45:09: ['20712', 'DOT']->['21931'],support=0.010,confidence=0.720,lift=15.545
2017-11-28 23:45:09: ['21086', '21094']->['21080'],support=0.010,confidence=0.757,lift=19.848
2017-11-28 23:45:09: ['23170']->['23171'],support=0.012,confidence=0.705,lift=47.277
2017-11-28 23:45:09: ['20726', '20727']->['22383'],support=0.010,confidence=0.604,lift=11.970
2017-11-28 23:45:09: ['23199', '23203']->['23200'],support=0.010,confidence=0.629,lift=27.078
2017-11-28 23:45:09: ['21080', '21094']->['21086'],support=0.010,confidence=0.716,lift=43.341
2017-11-28 23:45:09: ['20728', '22384']->['20727'],support=0.012,confidence=0.615,lift=12.292
2017-11-28 23:45:09: ['22630']->['22629'],support=0.021,confidence=0.626,lift=17.844
2017-11-28 23:45:09: ['21931', '22386', '85099B']->['22411'],support=0.010,confidence=0.647,lift=14.109
2017-11-28 23:45:09: ['20726', '22382']->['20725'],support=0.012,confidence=0.636,lift=10.251
2017-11-28 23:45:09: ['20719', '20724']->['22355'],support=0.013,confidence=0.665,lift=19.235
2017-11-28 23:45:09: ['85099C']->['85099B'],support=0.023,confidence=0.626,lift=7.595
2017-11-28 23:45:09: ['22804']->['85123A'],support=0.013,confidence=0.703,lift=8.114
2017-11-28 23:45:09: ['23200', '23203']->['23199'],support=0.010,confidence=0.728,lift=18.887
2017-11-28 23:45:09: ['22663']->['85099B'],support=0.011,confidence=0.611,lift=7.411
2017-11-28 23:45:09: ['20711']->['85099B'],support=0.013,confidence=0.654,lift=7.939
2017-11-28 23:45:09: ['22423', '22697', '22699']->['22698'],support=0.012,confidence=0.735,lift=23.750
2017-11-28 23:45:09: ['22141']->['22144'],support=0.011,confidence=0.603,lift=28.553
2017-11-28 23:45:09: ['22729']->['22727'],support=0.012,confidence=0.670,lift=16.042
2017-11-28 23:45:09: ['22386', '22411']->['85099B'],support=0.015,confidence=0.805,lift=9.771
2017-11-28 23:45:09: ['21931', '22411', '85099B']->['22386'],support=0.010,confidence=0.688,lift=14.487
2017-11-28 23:45:09: ['22382', '22384']->['20727'],support=0.010,confidence=0.617,lift=12.343
2017-11-28 23:45:09: ['23199', '23200']->['23203'],support=0.010,confidence=0.659,lift=13.656
2017-11-28 23:45:09: ['21931', '22386']->['85099B'],support=0.016,confidence=0.803,lift=9.747
2017-11-28 23:45:09: ['21931', 'DOT']->['20712'],support=0.010,confidence=0.658,lift=19.573
2017-11-28 23:45:09: ['22382', '22384']->['20725'],support=0.011,confidence=0.680,lift=10.963
2017-11-28 23:45:09: ['21930', '21931']->['85099B'],support=0.010,confidence=0.706,lift=8.565
2017-11-28 23:45:09: ['20724', '20725']->['22355'],support=0.010,confidence=0.657,lift=19.025
2017-11-28 23:45:09: ['22423', '22698', '22699']->['22697'],support=0.012,confidence=0.899,lift=22.031
2017-11-28 23:45:09: ['20719', '22356']->['22355'],support=0.011,confidence=0.741,lift=21.431
2017-11-28 23:45:09: ['20719', '20723']->['20724'],support=0.013,confidence=0.804,lift=19.830
2017-11-28 23:45:09: ['22386', '23199']->['85099B'],support=0.011,confidence=0.794,lift=9.637
2017-11-28 23:45:09: ['22411', '85099C']->['85099B'],support=0.012,confidence=0.741,lift=8.988
2017-11-28 23:45:09: ['21931', '85099C']->['85099B'],support=0.012,confidence=0.754,lift=9.153
2017-11-28 23:45:09: ['23300']->['23301'],support=0.021,confidence=0.718,lift=20.116
2017-11-28 23:45:09: ['22866']->['22865'],support=0.013,confidence=0.600,lift=23.312
2017-11-28 23:45:09: ['20723']->['20724'],support=0.019,confidence=0.668,lift=16.467
2017-11-28 23:45:09: ['21931', '22386', '22411']->['85099B'],support=0.010,confidence=0.868,lift=10.532
2017-11-28 23:45:09: ['20719', '20723', '20724']->['22355'],support=0.010,confidence=0.796,lift=23.027
2017-11-28 23:45:09: ['22698']->['22697', '22699'],support=0.021,confidence=0.685,lift=22.614
2017-11-28 23:45:09: ['22423', '22697', '22698']->['22699'],support=0.012,confidence=0.876,lift=20.251
2017-11-28 23:45:09: ['23200']->['23199'],support=0.016,confidence=0.681,lift=17.675
2017-11-28 23:45:09: ['22386']->['85099B'],support=0.032,confidence=0.676,lift=8.210
2017-11-28 23:45:09: ['22726']->['22727'],support=0.025,confidence=0.644,lift=15.431
2017-11-28 23:45:09: ['20719', '22355']->['20723'],support=0.012,confidence=0.662,lift=23.370
2017-11-28 23:45:09: ['21929', '22386']->['85099B'],support=0.011,confidence=0.775,lift=9.412
2017-11-28 23:45:09: ['21930', '85099B']->['21931'],support=0.010,confidence=0.624,lift=13.470
2017-11-28 23:45:09: ['20712', '22411']->['21931'],support=0.011,confidence=0.705,lift=15.219
2017-11-28 23:45:09: ['21733']->['85123A'],support=0.019,confidence=0.655,lift=7.559
2017-11-28 23:45:09: ['23172']->['23170'],support=0.011,confidence=0.866,lift=49.093
2017-11-28 23:45:09: ['20728', '22382']->['22383'],support=0.012,confidence=0.620,lift=12.298
2017-11-28 23:45:09: ['22698', '22699']->['22697'],support=0.021,confidence=0.894,lift=21.909
2017-11-28 23:45:09: ['22727', '22730']->['22726'],support=0.010,confidence=0.692,lift=17.877
2017-11-28 23:45:09: ['20712', '21931']->['85099B'],support=0.013,confidence=0.731,lift=8.866
2017-11-28 23:45:09: ['47590A']->['47590B'],support=0.010,confidence=0.671,lift=43.770
2017-11-28 23:45:09: ['20712']->['85099B'],support=0.021,confidence=0.618,lift=7.497
2017-11-28 23:45:09: ['20725', '22355']->['20724'],support=0.010,confidence=0.750,lift=18.500
2017-11-28 23:45:09: ['21928']->['85099B'],support=0.021,confidence=0.669,lift=8.121
2017-11-28 23:45:09: ['20726', '22384']->['20725'],support=0.011,confidence=0.713,lift=11.502
2017-11-28 23:45:09: ['23202', '85099B']->['23203'],support=0.011,confidence=0.693,lift=14.375
2017-11-28 23:45:09: ['21935']->['DOT'],support=0.013,confidence=0.633,lift=23.083
2017-11-28 23:45:09: ['20723', '22356']->['20724'],support=0.013,confidence=0.859,lift=21.180
2017-11-28 23:45:09: ['20724', '22355']->['20719'],support=0.013,confidence=0.661,lift=20.302
2017-11-28 23:45:09: ['20719', '22356']->['20724'],support=0.013,confidence=0.821,lift=20.255
2017-11-28 23:45:09: ['47590B']->['47590A'],support=0.010,confidence=0.662,lift=43.770
2017-11-28 23:45:09: ['20724', '22355']->['20723'],support=0.013,confidence=0.659,lift=23.247
2017-11-28 23:45:09: ['20727', '22383']->['20725'],support=0.014,confidence=0.615,lift=9.918
2017-11-28 23:45:09: ['23170']->['22699'],support=0.011,confidence=0.611,lift=14.118
2017-11-28 23:45:09: ['22697', '22699']->['22698'],support=0.021,confidence=0.700,lift=22.614
2017-11-28 23:45:09: ['22411', 'DOT']->['85099B'],support=0.011,confidence=0.771,lift=9.362
2017-11-28 23:45:09: ['21932']->['21933'],support=0.011,confidence=0.623,lift=39.055
2017-11-28 23:45:09: ['22423', '22699']->['22697'],support=0.016,confidence=0.767,lift=18.800
2017-11-28 23:45:09: ['DOT']->['85099B'],support=0.019,confidence=0.683,lift=8.291
2017-11-28 23:45:09: ['22698']->['22699'],support=0.024,confidence=0.766,lift=17.704
2017-11-28 23:45:09: ['22423', '22698']->['22697', '22699'],support=0.012,confidence=0.754,lift=24.900
2017-11-28 23:45:09: ['22745']->['22748'],support=0.012,confidence=0.737,lift=43.388
2017-11-28 23:45:09: ['20719', '22355']->['20724'],support=0.013,confidence=0.734,lift=18.110
2017-11-28 23:45:09: ['20719', '20723']->['22356'],support=0.010,confidence=0.647,lift=22.051
2017-11-28 23:45:09: ['21931', '22411']->['85099B'],support=0.015,confidence=0.745,lift=9.039
2017-11-28 23:45:09: ['82581']->['82580'],support=0.011,confidence=0.716,lift=29.219
2017-11-28 23:45:09: ['20723', '22355']->['20719'],support=0.012,confidence=0.727,lift=22.344
2017-11-28 23:45:09: ['20726', '20728']->['20725'],support=0.011,confidence=0.623,lift=10.053
2017-11-28 23:45:09: ['20723', '20724', '22355']->['20719'],support=0.010,confidence=0.777,lift=23.866
2017-11-28 23:45:09: ['22423', '22697']->['22698'],support=0.013,confidence=0.668,lift=21.571
2017-11-28 23:45:09: ['20723', '22355']->['20724'],support=0.013,confidence=0.804,lift=19.828
2017-11-28 23:45:09: ['20719']->['20724'],support=0.020,confidence=0.601,lift=14.835
2017-11-28 23:45:09: ['21094']->['21086'],support=0.014,confidence=0.664,lift=40.190
2017-11-28 23:45:09: Total time to compute: 72.975097 seconds
--- SharcNET Job Epilogue ---
              job id: 11005325
         exit status: 0
            cpu time: 1179s / 32.0h (1 %)
        elapsed time: 113s / 2.0h (1 %)
      virtual memory: 753.3M / 1.0G (73 %)

Job completed successfully
WARNING: Job only used 1 % of its requested walltime.
WARNING: Job only used 1 % of its requested cpu time.
WARNING: Job only used 65 % of allocated cpu time.
WARNING: Job only used 73% of its requested memory.
