2017-11-28 23:43:05: Running apriori with support 1.0% and confidence 60.0%
2017-11-28 23:43:05: Executing static parallel version on 64 processors
2017-11-28 23:44:29: Found 4 levels.
2017-11-28 23:44:29: Level 1  - 596 frequent itemsets
2017-11-28 23:44:29: Level 2  - 401 frequent itemsets
2017-11-28 23:44:29: Level 3  - 81 frequent itemsets
2017-11-28 23:44:29: Level 4  - 3 frequent itemsets
2017-11-28 23:44:29: Found 193 rules.
2017-11-28 23:44:29: ['22725']->['22727'],support=0.011,confidence=0.671,lift=16.141
2017-11-28 23:44:29: ['20724', '22355']->['20719'],support=0.013,confidence=0.661,lift=20.398
2017-11-28 23:44:29: ['22698', '22699']->['22697'],support=0.021,confidence=0.894,lift=21.967
2017-11-28 23:44:29: ['21086']->['21094'],support=0.013,confidence=0.817,lift=40.300
2017-11-28 23:44:29: ['21935']->['DOT'],support=0.013,confidence=0.631,lift=23.137
2017-11-28 23:44:29: ['20712', 'DOT']->['85099B'],support=0.010,confidence=0.756,lift=9.196
2017-11-28 23:44:29: ['20719', '22355']->['20724'],support=0.013,confidence=0.736,lift=18.219
2017-11-28 23:44:29: ['22141']->['22144'],support=0.011,confidence=0.603,lift=28.553
2017-11-28 23:44:29: ['23200']->['23203'],support=0.014,confidence=0.616,lift=12.807
2017-11-28 23:44:29: ['47590B']->['47590A'],support=0.010,confidence=0.665,lift=43.937
2017-11-28 23:44:29: ['21929', '22386']->['85099B'],support=0.011,confidence=0.775,lift=9.422
2017-11-28 23:44:29: ['23172']->['23170'],support=0.010,confidence=0.865,lift=49.369
2017-11-28 23:44:29: ['21931', '22411', '85099B']->['22386'],support=0.010,confidence=0.686,lift=14.507
2017-11-28 23:44:29: ['23199', '23203']->['23200'],support=0.010,confidence=0.630,lift=27.149
2017-11-28 23:44:29: ['22423', '22699']->['22698'],support=0.013,confidence=0.628,lift=20.307
2017-11-28 23:44:29: ['20712']->['85099B'],support=0.021,confidence=0.618,lift=7.512
2017-11-28 23:44:29: ['22725']->['22726'],support=0.011,confidence=0.630,lift=16.311
2017-11-28 23:44:29: ['22697', '22698']->['22699'],support=0.021,confidence=0.852,lift=19.761
2017-11-28 23:44:29: ['22356']->['20724'],support=0.020,confidence=0.691,lift=17.107
2017-11-28 23:44:29: ['21931', '22386', '22411']->['85099B'],support=0.010,confidence=0.866,lift=10.536
2017-11-28 23:44:29: ['22730']->['22727'],support=0.015,confidence=0.648,lift=15.590
2017-11-28 23:44:29: ['23170']->['23171'],support=0.012,confidence=0.705,lift=47.540
2017-11-28 23:44:29: ['20723', '22355']->['22356'],support=0.011,confidence=0.655,lift=22.399
2017-11-28 23:44:29: ['22386', 'DOT']->['85099B'],support=0.011,confidence=0.801,lift=9.742
2017-11-28 23:44:29: ['21929', '21931']->['85099B'],support=0.010,confidence=0.734,lift=8.928
2017-11-28 23:44:29: ['22423', '22698']->['22697'],support=0.013,confidence=0.860,lift=21.141
2017-11-28 23:44:29: ['22386', '23199']->['85099B'],support=0.011,confidence=0.795,lift=9.668
2017-11-28 23:44:29: ['21231']->['21232'],support=0.013,confidence=0.647,lift=18.927
2017-11-28 23:44:29: ['20726', '22384']->['20725'],support=0.011,confidence=0.713,lift=11.512
2017-11-28 23:44:29: ['20719', '20723']->['22356'],support=0.010,confidence=0.649,lift=22.218
2017-11-28 23:44:29: ['20727', '23206']->['20725'],support=0.010,confidence=0.656,lift=10.602
2017-11-28 23:44:29: ['20723', '20724', '22355']->['20719'],support=0.010,confidence=0.777,lift=23.979
2017-11-28 23:44:29: ['20712', '85099B']->['21931'],support=0.013,confidence=0.607,lift=13.166
2017-11-28 23:44:29: ['22630']->['22629'],support=0.021,confidence=0.626,lift=17.885
2017-11-28 23:44:29: ['84596F']->['84596B'],support=0.013,confidence=0.802,lift=39.808
2017-11-28 23:44:29: ['23199', '23203']->['85099B'],support=0.010,confidence=0.621,lift=7.546
2017-11-28 23:44:29: ['22382', '22384']->['20725'],support=0.011,confidence=0.679,lift=10.972
2017-11-28 23:44:29: ['23300']->['23301'],support=0.021,confidence=0.719,lift=20.142
2017-11-28 23:44:29: ['47590A']->['47590B'],support=0.010,confidence=0.673,lift=43.937
2017-11-28 23:44:29: ['21080', '21086']->['21094'],support=0.010,confidence=0.895,lift=44.132
2017-11-28 23:44:29: ['21928', '21931']->['85099B'],support=0.011,confidence=0.795,lift=9.672
2017-11-28 23:44:29: ['22697', '22699']->['22698'],support=0.021,confidence=0.701,lift=22.659
2017-11-28 23:44:29: ['20725', '22355']->['20724'],support=0.010,confidence=0.752,lift=18.624
2017-11-28 23:44:29: ['23200']->['23199'],support=0.016,confidence=0.681,lift=17.714
2017-11-28 23:44:29: ['20728', '22382']->['22383'],support=0.012,confidence=0.619,lift=12.330
2017-11-28 23:44:29: ['21080', '21094']->['21086'],support=0.010,confidence=0.715,lift=43.451
2017-11-28 23:44:29: ['20727', '22384']->['20725'],support=0.014,confidence=0.661,lift=10.683
2017-11-28 23:44:29: ['21733']->['85123A'],support=0.019,confidence=0.656,lift=7.579
2017-11-28 23:44:29: ['23202', '85099B']->['23203'],support=0.011,confidence=0.692,lift=14.406
2017-11-28 23:44:29: ['20719', '22355']->['22356'],support=0.011,confidence=0.642,lift=21.963
2017-11-28 23:44:29: ['20723', '22356']->['20719'],support=0.010,confidence=0.690,lift=21.309
2017-11-28 23:44:29: ['20719', '20724']->['22355'],support=0.013,confidence=0.666,lift=19.295
2017-11-28 23:44:29: ['20728', '22382']->['20725'],support=0.011,confidence=0.607,lift=9.807
2017-11-28 23:44:29: ['22577']->['22578'],support=0.015,confidence=0.719,lift=36.091
2017-11-28 23:44:29: ['DOT']->['85099B'],support=0.019,confidence=0.683,lift=8.302
2017-11-28 23:44:29: ['20719', '20724']->['20723'],support=0.013,confidence=0.646,lift=22.897
2017-11-28 23:44:29: ['20719', '20723']->['22355'],support=0.012,confidence=0.748,lift=21.675
2017-11-28 23:44:29: ['20723']->['20724'],support=0.019,confidence=0.669,lift=16.564
2017-11-28 23:44:29: ['23199', '23200']->['23203'],support=0.010,confidence=0.658,lift=13.682
2017-11-28 23:44:29: ['23171']->['23170'],support=0.012,confidence=0.833,lift=47.540
2017-11-28 23:44:29: ['22385', '22386']->['85099B'],support=0.010,confidence=0.777,lift=9.450
2017-11-28 23:44:29: ['20724', '20725']->['22355'],support=0.010,confidence=0.659,lift=19.094
2017-11-28 23:44:29: ['20724', '22356']->['22355'],support=0.013,confidence=0.635,lift=18.391
2017-11-28 23:44:29: ['21086', '21094']->['21080'],support=0.010,confidence=0.756,lift=19.872
2017-11-28 23:44:29: ['20726', '20728']->['20725'],support=0.011,confidence=0.622,lift=10.049
2017-11-28 23:44:29: ['21932']->['21933'],support=0.011,confidence=0.624,lift=39.315
2017-11-28 23:44:29: ['22698']->['22699'],support=0.024,confidence=0.765,lift=17.745
2017-11-28 23:44:29: ['22385', '85099B']->['22386'],support=0.010,confidence=0.613,lift=12.980
2017-11-28 23:44:29: ['20727', '22383']->['20725'],support=0.014,confidence=0.615,lift=9.943
2017-11-28 23:44:29: ['20712', '22386']->['85099B'],support=0.013,confidence=0.796,lift=9.682
2017-11-28 23:44:29: ['20724', '22356']->['20723'],support=0.013,confidence=0.625,lift=22.153
2017-11-28 23:44:29: ['21931']->['85099B'],support=0.028,confidence=0.610,lift=7.418
2017-11-28 23:44:29: ['22726']->['22727'],support=0.025,confidence=0.644,lift=15.496
2017-11-28 23:44:29: ['21086']->['21080'],support=0.011,confidence=0.690,lift=18.147
2017-11-28 23:44:29: ['22382', '22383']->['20725'],support=0.013,confidence=0.619,lift=9.996
2017-11-28 23:44:29: ['20712', '21931']->['22411'],support=0.010,confidence=0.609,lift=13.344
2017-11-28 23:44:29: ['21931', '22386', '85099B']->['22411'],support=0.010,confidence=0.646,lift=14.147
2017-11-28 23:44:29: ['20719', '22356']->['22355'],support=0.011,confidence=0.742,lift=21.509
2017-11-28 23:44:29: ['22355', '22356']->['20724'],support=0.013,confidence=0.800,lift=19.809
2017-11-28 23:44:29: ['21928', '22386']->['85099B'],support=0.012,confidence=0.832,lift=10.112
2017-11-28 23:44:29: ['20719', '20724', '22355']->['20723'],support=0.010,confidence=0.774,lift=27.441
2017-11-28 23:44:30: ['22726', '22728']->['22727'],support=0.012,confidence=0.749,lift=18.007
2017-11-28 23:44:30: ['22697']->['22698'],support=0.025,confidence=0.610,lift=19.726
2017-11-28 23:44:30: ['22385']->['85099B'],support=0.017,confidence=0.624,lift=7.591
2017-11-28 23:44:30: ['85099C']->['85099B'],support=0.023,confidence=0.626,lift=7.617
2017-11-28 23:44:30: ['20723', '22355']->['20719', '20724'],support=0.010,confidence=0.626,lift=32.037
2017-11-28 23:44:30: ['21929', '22411']->['85099B'],support=0.011,confidence=0.694,lift=8.434
2017-11-28 23:44:30: ['20723', '20724']->['22355'],support=0.013,confidence=0.687,lift=19.906
2017-11-28 23:44:30: ['22411', '85099C']->['85099B'],support=0.012,confidence=0.742,lift=9.019
2017-11-28 23:44:30: ['22726', '22730']->['22727'],support=0.010,confidence=0.778,lift=18.720
2017-11-28 23:44:30: ['20723', '20724']->['22356'],support=0.013,confidence=0.669,lift=22.879
2017-11-28 23:44:30: ['22355', '22356']->['20723'],support=0.011,confidence=0.658,lift=23.308
2017-11-28 23:44:30: ['20726', '22383']->['20725'],support=0.012,confidence=0.696,lift=11.238
2017-11-28 23:44:30: ['20719']->['20724'],support=0.020,confidence=0.603,lift=14.933
2017-11-28 23:44:30: ['20724', '22356']->['20719'],support=0.013,confidence=0.621,lift=19.183
2017-11-28 23:44:30: ['20728', '22384']->['20725'],support=0.013,confidence=0.640,lift=10.346
2017-11-28 23:44:30: ['84596B']->['84596F'],support=0.013,confidence=0.669,lift=39.808
2017-11-28 23:44:30: ['20719', '20723', '20724']->['22355'],support=0.010,confidence=0.798,lift=23.124
2017-11-28 23:44:30: ['22579']->['22578'],support=0.011,confidence=0.822,lift=41.267
2017-11-28 23:44:30: ['22386', '85099C']->['85099B'],support=0.013,confidence=0.786,lift=9.558
2017-11-28 23:44:30: ['20727', '22382']->['20725'],support=0.012,confidence=0.620,lift=10.023
2017-11-28 23:44:30: ['21136']->['84879'],support=0.010,confidence=0.698,lift=12.351
2017-11-28 23:44:30: ['22578']->['22577'],support=0.015,confidence=0.754,lift=36.091
2017-11-28 23:44:30: ['20726', '20727']->['20725'],support=0.011,confidence=0.647,lift=10.459
2017-11-28 23:44:30: ['22386', '85099F']->['85099B'],support=0.011,confidence=0.802,lift=9.749
2017-11-28 23:44:30: ['20728', '22384']->['20727'],support=0.012,confidence=0.613,lift=12.272
2017-11-28 23:44:30: ['22699']->['22697'],support=0.030,confidence=0.700,lift=17.203
2017-11-28 23:44:30: ['22411', 'DOT']->['85099B'],support=0.011,confidence=0.772,lift=9.382
2017-11-28 23:44:30: ['23296']->['23293'],support=0.010,confidence=0.680,lift=31.605
2017-11-28 23:44:30: ['20719', '20723']->['20724', '22355'],support=0.010,confidence=0.644,lift=32.728
2017-11-28 23:44:30: ['22386']->['85099B'],support=0.032,confidence=0.676,lift=8.226
2017-11-28 23:44:30: ['21094']->['21080'],support=0.014,confidence=0.701,lift=18.431
2017-11-28 23:44:30: ['20725', '20728']->['22383'],support=0.013,confidence=0.606,lift=12.065
2017-11-28 23:44:30: ['21928', '22411']->['85099B'],support=0.012,confidence=0.776,lift=9.437
2017-11-28 23:44:30: ['22423', '22698']->['22699'],support=0.013,confidence=0.838,lift=19.429
2017-11-28 23:44:30: ['22383', '22384']->['20725'],support=0.013,confidence=0.706,lift=11.403
2017-11-28 23:44:30: ['21930', '21931']->['85099B'],support=0.010,confidence=0.708,lift=8.605
2017-11-28 23:44:30: ['20719', '20724']->['22356'],support=0.013,confidence=0.642,lift=21.975
2017-11-28 23:44:30: ['22866']->['22865'],support=0.013,confidence=0.600,lift=23.347
2017-11-28 23:44:30: ['22745']->['22746'],support=0.010,confidence=0.616,lift=48.384
2017-11-28 23:44:30: ['20723', '22355']->['20719'],support=0.012,confidence=0.727,lift=22.431
2017-11-28 23:44:30: ['21928']->['85099B'],support=0.021,confidence=0.668,lift=8.126
2017-11-28 23:44:30: ['20712', '21931']->['85099B'],support=0.013,confidence=0.730,lift=8.881
2017-11-28 23:44:30: ['22745']->['22748'],support=0.012,confidence=0.739,lift=43.490
2017-11-28 23:44:30: ['22910']->['22086'],support=0.021,confidence=0.667,lift=14.783
2017-11-28 23:44:30: ['20719', '22355']->['20723'],support=0.012,confidence=0.662,lift=23.440
2017-11-28 23:44:30: ['23200', '23203']->['23199'],support=0.010,confidence=0.727,lift=18.925
2017-11-28 23:44:30: ['21094']->['21086'],support=0.013,confidence=0.663,lift=40.300
2017-11-28 23:44:30: ['22697']->['22699'],support=0.030,confidence=0.742,lift=17.203
2017-11-28 23:44:30: ['23343']->['23344'],support=0.013,confidence=0.665,lift=23.833
2017-11-28 23:44:30: ['22423', '22697']->['22699'],support=0.016,confidence=0.795,lift=18.424
2017-11-28 23:44:30: ['22383', '23206']->['20725'],support=0.011,confidence=0.630,lift=10.184
2017-11-28 23:44:30: ['21931', '85099C']->['85099B'],support=0.012,confidence=0.755,lift=9.185
2017-11-28 23:44:30: ['85099F']->['85099B'],support=0.021,confidence=0.657,lift=7.989
2017-11-28 23:44:30: ['20726', '22382']->['20725'],support=0.012,confidence=0.637,lift=10.291
2017-11-28 23:44:30: ['22729']->['22727'],support=0.012,confidence=0.669,lift=16.084
2017-11-28 23:44:30: ['23172']->['23171'],support=0.011,confidence=0.897,lift=60.530
2017-11-28 23:44:30: ['22423', '22698', '22699']->['22697'],support=0.012,confidence=0.899,lift=22.086
2017-11-28 23:44:30: ['20727', '20728']->['20725'],support=0.012,confidence=0.615,lift=9.941
2017-11-28 23:44:30: ['22663']->['85099B'],support=0.011,confidence=0.611,lift=7.425
2017-11-28 23:44:30: ['22386', '22411']->['85099B'],support=0.015,confidence=0.804,lift=9.774
2017-11-28 23:44:30: ['22748']->['22745'],support=0.012,confidence=0.714,lift=43.490
2017-11-28 23:44:30: ['22423', '22697', '22698']->['22699'],support=0.012,confidence=0.875,lift=20.297
2017-11-28 23:44:30: ['23170']->['22699'],support=0.011,confidence=0.612,lift=14.198
2017-11-28 23:44:30: ['21931', '23199']->['85099B'],support=0.011,confidence=0.750,lift=9.120
2017-11-28 23:44:30: ['20711']->['85099B'],support=0.013,confidence=0.653,lift=7.945
2017-11-28 23:44:30: ['21086']->['21080', '21094'],support=0.010,confidence=0.617,lift=43.451
2017-11-28 23:44:30: ['22804']->['85123A'],support=0.013,confidence=0.701,lift=8.101
2017-11-28 23:44:30: ['22382', '22384']->['20727'],support=0.010,confidence=0.616,lift=12.345
2017-11-28 23:44:30: ['22423', '22697']->['22698'],support=0.013,confidence=0.669,lift=21.619
2017-11-28 23:44:30: ['20727', '22382']->['22383'],support=0.012,confidence=0.609,lift=12.116
2017-11-28 23:44:30: ['21930', '85099B']->['21931'],support=0.010,confidence=0.624,lift=13.526
2017-11-28 23:44:30: ['20724', '22355']->['22356'],support=0.013,confidence=0.651,lift=22.273
2017-11-28 23:44:30: ['22727', '22728']->['22726'],support=0.012,confidence=0.660,lift=17.086
2017-11-28 23:44:30: ['20723', '22355']->['20724'],support=0.013,confidence=0.806,lift=19.951
2017-11-28 23:44:30: ['22727', '22730']->['22726'],support=0.010,confidence=0.691,lift=17.892
2017-11-28 23:44:30: ['20726', '20727']->['22383'],support=0.010,confidence=0.603,lift=11.998
2017-11-28 23:44:30: ['22423', '22697', '22699']->['22698'],support=0.012,confidence=0.737,lift=23.817
2017-11-28 23:44:30: ['82581']->['82580'],support=0.011,confidence=0.716,lift=29.358
2017-11-28 23:44:30: ['21928', '21929']->['85099B'],support=0.011,confidence=0.718,lift=8.725
2017-11-28 23:44:30: ['20723', '20724']->['20719'],support=0.013,confidence=0.669,lift=20.643
2017-11-28 23:44:30: ['22746']->['22745'],support=0.010,confidence=0.794,lift=48.384
2017-11-28 23:44:30: ['22386', '22411', '85099B']->['21931'],support=0.010,confidence=0.706,lift=15.292
2017-11-28 23:44:30: ['22423', '22698']->['22697', '22699'],support=0.012,confidence=0.753,lift=24.943
2017-11-28 23:44:30: ['20719', '22356']->['20724'],support=0.013,confidence=0.821,lift=20.322
2017-11-28 23:44:30: ['20719', '22356']->['20723'],support=0.010,confidence=0.664,lift=23.531
2017-11-28 23:44:30: ['22382', '22384']->['20728'],support=0.010,confidence=0.616,lift=13.619
2017-11-28 23:44:30: ['22746']->['22748'],support=0.010,confidence=0.797,lift=46.913
2017-11-28 23:44:30: ['20712', '22411']->['21931'],support=0.010,confidence=0.702,lift=15.216
2017-11-28 23:44:30: ['22698']->['22697'],support=0.025,confidence=0.803,lift=19.726
2017-11-28 23:44:30: ['22423', '22699']->['22697'],support=0.016,confidence=0.766,lift=18.832
2017-11-28 23:44:30: ['20719', '20723']->['20724'],support=0.013,confidence=0.807,lift=19.992
2017-11-28 23:44:30: ['20727', '23206']->['22383'],support=0.010,confidence=0.644,lift=12.822
2017-11-28 23:44:30: ['20723', '22356']->['20724'],support=0.013,confidence=0.858,lift=21.252
2017-11-28 23:44:30: ['22617']->['22138'],support=0.013,confidence=0.696,lift=18.790
2017-11-28 23:44:30: ['20712', '22386']->['21931'],support=0.011,confidence=0.646,lift=14.009
2017-11-28 23:44:30: ['21933']->['21932'],support=0.011,confidence=0.674,lift=39.315
2017-11-28 23:44:30: ['20719', '20723', '22355']->['20724'],support=0.010,confidence=0.861,lift=21.329
2017-11-28 23:44:30: ['22386', '22411']->['21931'],support=0.012,confidence=0.655,lift=14.187
2017-11-28 23:44:30: ['21931', 'DOT']->['85099B'],support=0.011,confidence=0.729,lift=8.863
2017-11-28 23:44:30: ['22698']->['22697', '22699'],support=0.021,confidence=0.684,lift=22.659
2017-11-28 23:44:30: ['20724', '22355']->['20723'],support=0.013,confidence=0.659,lift=23.343
2017-11-28 23:44:30: ['20712', '85099B']->['22386'],support=0.013,confidence=0.636,lift=13.448
2017-11-28 23:44:30: ['20728', '22383']->['20725'],support=0.013,confidence=0.626,lift=10.117
2017-11-28 23:44:30: ['20723', '22356']->['22355'],support=0.011,confidence=0.717,lift=20.759
2017-11-28 23:44:30: ['20712', '21931']->['22386'],support=0.011,confidence=0.620,lift=13.124
2017-11-28 23:44:30: ['23171']->['23172'],support=0.011,confidence=0.729,lift=60.530
2017-11-28 23:44:30: ['21931', '22386']->['85099B'],support=0.016,confidence=0.802,lift=9.747
2017-11-28 23:44:30: ['21931', '22411']->['85099B'],support=0.015,confidence=0.745,lift=9.056
2017-11-28 23:44:30: ['23295']->['23293'],support=0.012,confidence=0.684,lift=31.793
2017-11-28 23:44:30: ['20712', '22411']->['85099B'],support=0.011,confidence=0.762,lift=9.261
2017-11-28 23:44:30: ['22355', '22356']->['20719'],support=0.011,confidence=0.708,lift=21.869
2017-11-28 23:44:30: ['22383', '22384']->['20727'],support=0.011,confidence=0.616,lift=12.343
2017-11-28 23:44:30: Total time to compute: 77.566040 seconds
--- SharcNET Job Epilogue ---
              job id: 11005327
         exit status: 0
            cpu time: 1.4h / 128.0h (1 %)
        elapsed time: 90s / 2.0h (1 %)
      virtual memory: 695.1M / 1.0G (67 %)

Job completed successfully
WARNING: Job only used 1 % of its requested walltime.
WARNING: Job only used 1 % of its requested cpu time.
WARNING: Job only used 67% of its requested memory.
