2017-11-28 23:54:02: Running apriori with support 0.1% and confidence 30.0%
2017-11-28 23:54:02: Executing static parallel version on 32 processors
2017-11-28 23:56:16: Found 4 levels.
2017-11-28 23:56:16: Level 1  - 371 frequent itemsets
2017-11-28 23:56:16: Level 2  - 7623 frequent itemsets
2017-11-28 23:56:16: Level 3  - 13805 frequent itemsets
2017-11-28 23:56:16: Level 4  - 14 frequent itemsets
2017-11-28 23:56:17: Found 117 rules.
2017-11-28 23:56:17: ['30', '34', '35']->['40'],support=0.001,confidence=0.331,lift=3.559
2017-11-28 23:56:17: ['160', '20']->['40'],support=0.001,confidence=0.320,lift=3.444
2017-11-28 23:56:17: ['13', '80']->['14'],support=0.001,confidence=0.342,lift=5.543
2017-11-28 23:56:17: ['38', '40', '60']->['20'],support=0.001,confidence=0.310,lift=3.724
2017-11-28 23:56:17: ['37', '55']->['40'],support=0.001,confidence=0.306,lift=3.300
2017-11-28 23:56:17: ['29', '46']->['23'],support=0.001,confidence=0.314,lift=4.380
2017-11-28 23:56:17: ['57', '76']->['38'],support=0.001,confidence=0.324,lift=3.868
2017-11-28 23:56:17: ['17', '26']->['23'],support=0.002,confidence=0.307,lift=4.280
2017-11-28 23:56:17: ['20', '40', '60']->['42'],support=0.001,confidence=0.307,lift=3.585
2017-11-28 23:56:17: ['13', '36']->['14'],support=0.001,confidence=0.332,lift=5.388
2017-11-28 23:56:17: ['17', '69']->['40'],support=0.001,confidence=0.325,lift=3.494
2017-11-28 23:56:17: ['40', '42', '80']->['20'],support=0.001,confidence=0.307,lift=3.682
2017-11-28 23:56:17: ['110', '85']->['80'],support=0.001,confidence=0.340,lift=3.815
2017-11-28 23:56:17: ['17', '46']->['23'],support=0.002,confidence=0.313,lift=4.367
2017-11-28 23:56:17: ['20', '46']->['40'],support=0.003,confidence=0.305,lift=3.279
2017-11-28 23:56:17: ['20', '96']->['40'],support=0.001,confidence=0.315,lift=3.393
2017-11-28 23:56:17: ['15', '62']->['20'],support=0.001,confidence=0.321,lift=3.852
2017-11-28 23:56:17: ['20', '42', '45']->['40'],support=0.001,confidence=0.386,lift=4.157
2017-11-28 23:56:17: ['33', '45', '50']->['42'],support=0.001,confidence=0.392,lift=4.583
2017-11-28 23:56:17: ['42', '45', '50']->['60'],support=0.001,confidence=0.337,lift=3.978
2017-11-28 23:56:17: ['33', '76']->['50'],support=0.001,confidence=0.301,lift=3.064
2017-11-28 23:56:17: ['68', '70']->['80'],support=0.001,confidence=0.308,lift=3.454
2017-11-28 23:56:17: ['30', '40', '42']->['34'],support=0.001,confidence=0.337,lift=3.899
2017-11-28 23:56:17: ['45', '75']->['50'],support=0.002,confidence=0.310,lift=3.156
2017-11-28 23:56:17: ['30', '40', '42']->['38'],support=0.001,confidence=0.334,lift=3.994
2017-11-28 23:56:17: ['26', '76']->['38'],support=0.001,confidence=0.319,lift=3.814
2017-11-28 23:56:17: ['30', '38', '40']->['42'],support=0.001,confidence=0.324,lift=3.792
2017-11-28 23:56:17: ['13', '34']->['14'],support=0.001,confidence=0.333,lift=5.391
2017-11-28 23:56:17: ['62', '74']->['40'],support=0.001,confidence=0.301,lift=3.243
2017-11-28 23:56:17: ['110', '66']->['80'],support=0.001,confidence=0.303,lift=3.401
2017-11-28 23:56:17: ['30', '34', '40']->['35'],support=0.001,confidence=0.303,lift=4.173
2017-11-28 23:56:17: ['40', '42', '50']->['45'],support=0.001,confidence=0.332,lift=4.701
2017-11-28 23:56:17: ['40', '42', '45']->['50'],support=0.001,confidence=0.312,lift=3.178
2017-11-28 23:56:17: ['150', '65']->['80'],support=0.001,confidence=0.310,lift=3.478
2017-11-28 23:56:17: ['19', '24']->['20'],support=0.002,confidence=0.302,lift=3.627
2017-11-28 23:56:17: ['40', '42', '45']->['20'],support=0.001,confidence=0.307,lift=3.691
2017-11-28 23:56:17: ['13', '26']->['14'],support=0.001,confidence=0.322,lift=5.222
2017-11-28 23:56:17: ['42', '50', '60']->['45'],support=0.001,confidence=0.366,lift=5.194
2017-11-28 23:56:17: ['19', '29']->['20'],support=0.001,confidence=0.306,lift=3.681
2017-11-28 23:56:17: ['13', '33']->['14'],support=0.001,confidence=0.333,lift=5.402
2017-11-28 23:56:17: ['30', '34', '40']->['42'],support=0.001,confidence=0.311,lift=3.630
2017-11-28 23:56:17: ['30', '38', '42']->['40'],support=0.001,confidence=0.378,lift=4.067
2017-11-28 23:56:17: ['13', '28']->['14'],support=0.002,confidence=0.321,lift=5.203
2017-11-28 23:56:17: ['45', '50', '60']->['42'],support=0.001,confidence=0.361,lift=4.213
2017-11-28 23:56:17: ['20', '95']->['40'],support=0.002,confidence=0.306,lift=3.298
2017-11-28 23:56:17: ['20', '40', '45']->['42'],support=0.001,confidence=0.335,lift=3.917
2017-11-28 23:56:17: ['100', '45']->['50'],support=0.002,confidence=0.309,lift=3.147
2017-11-28 23:56:17: ['46', '63']->['42'],support=0.001,confidence=0.325,lift=3.799
2017-11-28 23:56:17: ['13', '40']->['14'],support=0.001,confidence=0.307,lift=4.982
2017-11-28 23:56:17: ['45', '69']->['40'],support=0.002,confidence=0.305,lift=3.281
2017-11-28 23:56:17: ['11', '40']->['20'],support=0.001,confidence=0.337,lift=4.046
2017-11-28 23:56:17: ['13', '35']->['14'],support=0.001,confidence=0.324,lift=5.247
2017-11-28 23:56:17: ['69', '72']->['60'],support=0.001,confidence=0.302,lift=3.565
2017-11-28 23:56:17: ['13', '42']->['14'],support=0.001,confidence=0.314,lift=5.081
2017-11-28 23:56:17: ['40', '42', '45']->['60'],support=0.001,confidence=0.307,lift=3.623
2017-11-28 23:56:17: ['40', '42', '60']->['20'],support=0.001,confidence=0.325,lift=3.901
2017-11-28 23:56:17: ['20', '60', '80']->['40'],support=0.001,confidence=0.346,lift=3.729
2017-11-28 23:56:17: ['13', '32']->['14'],support=0.001,confidence=0.327,lift=5.300
2017-11-28 23:56:17: ['42', '45', '50']->['40'],support=0.001,confidence=0.305,lift=3.288
2017-11-28 23:56:17: ['46', '75']->['40'],support=0.001,confidence=0.308,lift=3.313
2017-11-28 23:56:17: ['46', '49']->['40'],support=0.001,confidence=0.300,lift=3.232
2017-11-28 23:56:17: ['110', '70']->['80'],support=0.001,confidence=0.310,lift=3.477
2017-11-28 23:56:17: ['30', '35', '40']->['34'],support=0.001,confidence=0.352,lift=4.072
2017-11-28 23:56:17: ['20', '61']->['40'],support=0.002,confidence=0.308,lift=3.318
2017-11-28 23:56:17: ['100', '92']->['80'],support=0.001,confidence=0.303,lift=3.396
2017-11-28 23:56:17: ['26', '61']->['40'],support=0.001,confidence=0.304,lift=3.270
2017-11-28 23:56:17: ['33', '42', '45']->['50'],support=0.001,confidence=0.385,lift=3.913
2017-11-28 23:56:17: ['70', '75']->['80'],support=0.001,confidence=0.312,lift=3.497
2017-11-28 23:56:17: ['69', '76']->['80'],support=0.001,confidence=0.313,lift=3.514
2017-11-28 23:56:17: ['56', '69']->['40'],support=0.001,confidence=0.306,lift=3.300
2017-11-28 23:56:17: ['13', '50']->['14'],support=0.001,confidence=0.333,lift=5.390
2017-11-28 23:56:17: ['13', '38']->['14'],support=0.001,confidence=0.326,lift=5.280
2017-11-28 23:56:17: ['38', '40', '42']->['30'],support=0.001,confidence=0.314,lift=3.967
2017-11-28 23:56:17: ['40', '42', '60']->['80'],support=0.001,confidence=0.307,lift=3.442
2017-11-28 23:56:17: ['20', '82']->['40'],support=0.001,confidence=0.308,lift=3.315
2017-11-28 23:56:17: ['20', '38', '60']->['40'],support=0.001,confidence=0.360,lift=3.880
2017-11-28 23:56:17: ['100', '65']->['80'],support=0.001,confidence=0.301,lift=3.371
2017-11-28 23:56:17: ['40', '42', '80']->['60'],support=0.001,confidence=0.302,lift=3.554
2017-11-28 23:56:17: ['120', '78']->['80'],support=0.001,confidence=0.308,lift=3.457
2017-11-28 23:56:17: ['112', '20']->['40'],support=0.001,confidence=0.300,lift=3.232
2017-11-28 23:56:17: ['110', '21']->['80'],support=0.001,confidence=0.311,lift=3.488
2017-11-28 23:56:17: ['23', '29']->['20'],support=0.001,confidence=0.304,lift=3.648
2017-11-28 23:56:17: ['12', '23']->['20'],support=0.001,confidence=0.308,lift=3.702
2017-11-28 23:56:17: ['45', '76']->['40'],support=0.002,confidence=0.305,lift=3.288
2017-11-28 23:56:17: ['42', '45', '60']->['50'],support=0.001,confidence=0.377,lift=3.840
2017-11-28 23:56:17: ['13', '23']->['20'],support=0.001,confidence=0.305,lift=3.660
2017-11-28 23:56:17: ['40', '45', '50']->['42'],support=0.001,confidence=0.368,lift=4.300
2017-11-28 23:56:17: ['13', '19']->['14'],support=0.001,confidence=0.338,lift=5.473
2017-11-28 23:56:17: ['19', '29']->['42'],support=0.001,confidence=0.322,lift=3.765
2017-11-28 23:56:17: ['30', '93']->['34'],support=0.001,confidence=0.305,lift=3.529
2017-11-28 23:56:17: ['40', '42', '60']->['45'],support=0.001,confidence=0.312,lift=4.424
2017-11-28 23:56:17: ['20', '42', '60']->['40'],support=0.001,confidence=0.348,lift=3.746
2017-11-28 23:56:17: ['13', '21']->['14'],support=0.001,confidence=0.306,lift=4.955
2017-11-28 23:56:17: ['24', '53']->['20'],support=0.001,confidence=0.310,lift=3.718
2017-11-28 23:56:17: ['38', '40', '60']->['30'],support=0.001,confidence=0.310,lift=3.922
2017-11-28 23:56:17: ['42', '60', '80']->['40'],support=0.001,confidence=0.332,lift=3.579
2017-11-28 23:56:17: ['40', '45', '60']->['42'],support=0.001,confidence=0.340,lift=3.972
2017-11-28 23:56:17: ['30', '38', '60']->['40'],support=0.001,confidence=0.366,lift=3.939
2017-11-28 23:56:17: ['20', '69']->['40'],support=0.002,confidence=0.323,lift=3.474
2017-11-28 23:56:17: ['110', '75']->['80'],support=0.001,confidence=0.316,lift=3.548
2017-11-28 23:56:17: ['110', '64']->['80'],support=0.001,confidence=0.301,lift=3.377
2017-11-28 23:56:17: ['42', '45', '60']->['40'],support=0.001,confidence=0.336,lift=3.619
2017-11-28 23:56:17: ['100', '76']->['80'],support=0.001,confidence=0.303,lift=3.403
2017-11-28 23:56:17: ['73', '80']->['40'],support=0.001,confidence=0.305,lift=3.288
2017-11-28 23:56:17: ['13', '60']->['14'],support=0.001,confidence=0.308,lift=4.989
2017-11-28 23:56:17: ['40', '73']->['80'],support=0.001,confidence=0.333,lift=3.739
2017-11-28 23:56:17: ['24', '29']->['20'],support=0.001,confidence=0.310,lift=3.725
2017-11-28 23:56:17: ['30', '89']->['34'],support=0.001,confidence=0.306,lift=3.545
2017-11-28 23:56:17: ['30', '38', '40']->['60'],support=0.001,confidence=0.319,lift=3.762
2017-11-28 23:56:17: ['26', '46']->['23'],support=0.002,confidence=0.351,lift=4.888
2017-11-28 23:56:17: ['34', '40', '42']->['30'],support=0.001,confidence=0.325,lift=4.105
2017-11-28 23:56:17: ['17', '24']->['20'],support=0.002,confidence=0.306,lift=3.673
2017-11-28 23:56:17: ['34', '35', '40']->['30'],support=0.001,confidence=0.337,lift=4.264
2017-11-28 23:56:17: ['30', '34', '42']->['40'],support=0.001,confidence=0.352,lift=3.795
2017-11-28 23:56:17: ['30', '40', '60']->['38'],support=0.001,confidence=0.318,lift=3.804
2017-11-28 23:56:17: ['33', '42', '50']->['45'],support=0.001,confidence=0.403,lift=5.710
2017-11-28 23:56:17: ['20', '42', '80']->['40'],support=0.001,confidence=0.378,lift=4.067
2017-11-28 23:56:17: Total time to compute: 132.069296 seconds
--- SharcNET Job Epilogue ---
              job id: 11005352
         exit status: 0
            cpu time: 1.2h / 64.0h (1 %)
        elapsed time: 145s / 2.0h (2 %)
      virtual memory: 865.2M / 4.0G (21 %)

Job completed successfully
WARNING: Job only used 2 % of its requested walltime.
WARNING: Job only used 1 % of its requested cpu time.
WARNING: Job only used 21% of its requested memory.
