2017-11-28 23:40:23: Running apriori with support 1.0% and confidence 60.0%
2017-11-28 23:40:23: Executing static parallel version on 64 processors
2017-11-28 23:40:26: Found 4 levels.
2017-11-28 23:40:26: Level 1  - 69 frequent itemsets
2017-11-28 23:40:26: Level 2  - 58 frequent itemsets
2017-11-28 23:40:26: Level 3  - 25 frequent itemsets
2017-11-28 23:40:26: Level 4  - 6 frequent itemsets
2017-11-28 23:40:26: Found 90 rules.
2017-11-28 23:40:26: ['65']->['39'],support=0.032,confidence=0.623,lift=1.085
2017-11-28 23:40:26: ['37']->['38'],support=0.012,confidence=0.974,lift=5.509
2017-11-28 23:40:26: ['89']->['48'],support=0.032,confidence=0.729,lift=1.527
2017-11-28 23:40:26: ['475']->['48'],support=0.016,confidence=0.659,lift=1.379
2017-11-28 23:40:26: ['32', '38']->['39'],support=0.021,confidence=0.650,lift=1.131
2017-11-28 23:40:26: ['110', '48']->['39'],support=0.012,confidence=0.751,lift=1.307
2017-11-28 23:40:26: ['32', '41', '48']->['39'],support=0.019,confidence=0.798,lift=1.389
2017-11-28 23:40:26: ['310', '48']->['39'],support=0.015,confidence=0.796,lift=1.386
2017-11-28 23:40:26: ['255']->['48'],support=0.012,confidence=0.717,lift=1.501
2017-11-28 23:40:26: ['38', '39', '41']->['48'],support=0.023,confidence=0.652,lift=1.365
2017-11-28 23:40:26: ['38', '41']->['39'],support=0.035,confidence=0.783,lift=1.362
2017-11-28 23:40:26: ['237']->['39'],support=0.022,confidence=0.636,lift=1.107
2017-11-28 23:40:26: ['36', '48']->['39'],support=0.013,confidence=0.788,lift=1.372
2017-11-28 23:40:26: ['36', '39', '48']->['38'],support=0.012,confidence=0.968,lift=5.474
2017-11-28 23:40:26: ['39', '41']->['48'],support=0.084,confidence=0.645,lift=1.351
2017-11-28 23:40:26: ['48', '89']->['39'],support=0.024,confidence=0.759,lift=1.322
2017-11-28 23:40:26: ['271']->['39'],support=0.016,confidence=0.685,lift=1.192
2017-11-28 23:40:26: ['39', '65']->['48'],support=0.020,confidence=0.645,lift=1.349
2017-11-28 23:40:26: ['2238']->['39'],support=0.015,confidence=0.751,lift=1.307
2017-11-28 23:40:26: ['110', '39', '48']->['38'],support=0.012,confidence=0.994,lift=5.624
2017-11-28 23:40:26: ['36', '39']->['38'],support=0.022,confidence=0.955,lift=5.401
2017-11-28 23:40:26: ['475', '48']->['39'],support=0.012,confidence=0.765,lift=1.331
2017-11-28 23:40:26: ['36', '38']->['39'],support=0.022,confidence=0.697,lift=1.213
2017-11-28 23:40:26: ['110', '48']->['38', '39'],support=0.012,confidence=0.747,lift=6.369
2017-11-28 23:40:26: ['36', '48']->['38'],support=0.015,confidence=0.960,lift=5.433
2017-11-28 23:40:26: ['110', '48']->['38'],support=0.015,confidence=0.986,lift=5.579
2017-11-28 23:40:26: ['1146']->['39'],support=0.011,confidence=0.689,lift=1.200
2017-11-28 23:40:26: ['170', '38', '48']->['39'],support=0.014,confidence=0.776,lift=1.350
2017-11-28 23:40:26: ['79']->['39'],support=0.013,confidence=0.694,lift=1.208
2017-11-28 23:40:26: ['170', '48']->['39'],support=0.014,confidence=0.775,lift=1.348
2017-11-28 23:40:26: ['101', '48']->['39'],support=0.011,confidence=0.722,lift=1.256
2017-11-28 23:40:26: ['41']->['39'],support=0.129,confidence=0.764,lift=1.329
2017-11-28 23:40:26: ['32', '38', '48']->['39'],support=0.014,confidence=0.751,lift=1.307
2017-11-28 23:40:26: ['32', '39', '41']->['48'],support=0.019,confidence=0.698,lift=1.460
2017-11-28 23:40:26: ['237', '39']->['48'],support=0.014,confidence=0.645,lift=1.351
2017-11-28 23:40:26: ['38']->['39'],support=0.117,confidence=0.663,lift=1.154
2017-11-28 23:40:26: ['310']->['48'],support=0.019,confidence=0.652,lift=1.365
2017-11-28 23:40:26: ['39', '89']->['48'],support=0.024,confidence=0.773,lift=1.619
2017-11-28 23:40:26: ['170', '48']->['38'],support=0.017,confidence=0.988,lift=5.588
2017-11-28 23:40:26: ['286']->['38'],support=0.013,confidence=0.943,lift=5.336
2017-11-28 23:40:26: ['475']->['39'],support=0.017,confidence=0.692,lift=1.205
2017-11-28 23:40:26: ['38', '41', '48']->['39'],support=0.023,confidence=0.839,lift=1.460
2017-11-28 23:40:26: ['170', '39', '48']->['38'],support=0.014,confidence=0.989,lift=5.596
2017-11-28 23:40:26: ['170']->['38'],support=0.034,confidence=0.978,lift=5.533
2017-11-28 23:40:26: ['38', '41']->['48'],support=0.027,confidence=0.609,lift=1.275
2017-11-28 23:40:26: ['110']->['39'],support=0.020,confidence=0.629,lift=1.095
2017-11-28 23:40:26: ['36']->['39'],support=0.023,confidence=0.694,lift=1.207
2017-11-28 23:40:26: ['110']->['38'],support=0.031,confidence=0.975,lift=5.517
2017-11-28 23:40:26: ['48']->['39'],support=0.330,confidence=0.692,lift=1.204
2017-11-28 23:40:26: ['12925']->['39'],support=0.011,confidence=0.639,lift=1.113
2017-11-28 23:40:26: ['170', '48']->['38', '39'],support=0.014,confidence=0.766,lift=6.536
2017-11-28 23:40:26: ['32', '41']->['39'],support=0.027,confidence=0.738,lift=1.285
2017-11-28 23:40:26: ['36']->['38', '39'],support=0.022,confidence=0.662,lift=5.649
2017-11-28 23:40:26: ['170', '38']->['39'],support=0.023,confidence=0.666,lift=1.159
2017-11-28 23:40:26: ['48', '65']->['39'],support=0.020,confidence=0.710,lift=1.237
2017-11-28 23:40:26: ['237', '48']->['39'],support=0.014,confidence=0.739,lift=1.287
2017-11-28 23:40:26: ['438']->['39'],support=0.014,confidence=0.676,lift=1.177
2017-11-28 23:40:26: ['310']->['39'],support=0.021,confidence=0.714,lift=1.243
2017-11-28 23:40:26: ['170']->['38', '39'],support=0.023,confidence=0.652,lift=5.557
2017-11-28 23:40:26: ['36']->['38'],support=0.032,confidence=0.950,lift=5.375
2017-11-28 23:40:26: ['170', '39']->['38'],support=0.023,confidence=0.981,lift=5.547
2017-11-28 23:40:26: ['533']->['39'],support=0.010,confidence=0.619,lift=1.078
2017-11-28 23:40:26: ['101', '39']->['48'],support=0.011,confidence=0.676,lift=1.414
2017-11-28 23:40:26: ['255']->['39'],support=0.012,confidence=0.717,lift=1.248
2017-11-28 23:40:26: ['110', '38', '48']->['39'],support=0.012,confidence=0.757,lift=1.318
2017-11-28 23:40:26: ['38', '48']->['39'],support=0.069,confidence=0.768,lift=1.337
2017-11-28 23:40:26: ['170']->['39'],support=0.023,confidence=0.664,lift=1.156
2017-11-28 23:40:26: ['32', '38', '39']->['48'],support=0.014,confidence=0.672,lift=1.406
2017-11-28 23:40:26: ['41', '48']->['39'],support=0.084,confidence=0.817,lift=1.422
2017-11-28 23:40:26: ['110', '39']->['38'],support=0.020,confidence=0.989,lift=5.596
2017-11-28 23:40:26: ['101']->['39'],support=0.016,confidence=0.626,lift=1.089
2017-11-28 23:40:26: ['60']->['39'],support=0.011,confidence=0.660,lift=1.149
2017-11-28 23:40:26: ['1327']->['39'],support=0.013,confidence=0.647,lift=1.127
2017-11-28 23:40:26: ['270']->['39'],support=0.014,confidence=0.688,lift=1.198
2017-11-28 23:40:26: ['413']->['39'],support=0.013,confidence=0.601,lift=1.046
2017-11-28 23:40:26: ['225']->['39'],support=0.027,confidence=0.722,lift=1.256
2017-11-28 23:40:26: ['413']->['48'],support=0.013,confidence=0.604,lift=1.264
2017-11-28 23:40:26: ['32', '41']->['48'],support=0.023,confidence=0.646,lift=1.351
2017-11-28 23:40:26: ['36', '48']->['38', '39'],support=0.012,confidence=0.763,lift=6.504
2017-11-28 23:40:26: ['147']->['39'],support=0.013,confidence=0.639,lift=1.112
2017-11-28 23:40:26: ['41']->['48'],support=0.102,confidence=0.603,lift=1.263
2017-11-28 23:40:26: ['89']->['39'],support=0.031,confidence=0.716,lift=1.246
2017-11-28 23:40:26: ['225', '48']->['39'],support=0.016,confidence=0.806,lift=1.403
2017-11-28 23:40:26: ['39', '475']->['48'],support=0.012,confidence=0.728,lift=1.524
2017-11-28 23:40:26: ['310', '39']->['48'],support=0.015,confidence=0.727,lift=1.522
2017-11-28 23:40:26: ['110', '38']->['39'],support=0.020,confidence=0.638,lift=1.111
2017-11-28 23:40:26: ['32', '48']->['39'],support=0.061,confidence=0.672,lift=1.170
2017-11-28 23:40:26: ['32', '39']->['48'],support=0.061,confidence=0.639,lift=1.337
2017-11-28 23:40:26: ['110']->['38', '39'],support=0.020,confidence=0.622,lift=5.310
2017-11-28 23:40:26: ['36', '38', '48']->['39'],support=0.012,confidence=0.794,lift=1.382
2017-11-28 23:40:26: Total time to compute: 2.102001 seconds
--- SharcNET Job Epilogue ---
              job id: 11005309
         exit status: 0
            cpu time: 842s / 128.0h (0 %)
        elapsed time: 27s / 2.0h (0 %)
      virtual memory: 115.5M / 1.0G (11 %)

Job completed successfully
WARNING: Job only used 0 % of its requested walltime.
WARNING: Job only used 0 % of its requested cpu time.
WARNING: Job only used 48 % of allocated cpu time.
WARNING: Job only used 11% of its requested memory.
