2017-11-28 23:56:39: Running apriori with support 0.1% and confidence 30.0%
2017-11-28 23:56:39: Executing static parallel version on 64 processors
2017-11-29 00:00:36: Found 4 levels.
2017-11-29 00:00:36: Level 1  - 371 frequent itemsets
2017-11-29 00:00:36: Level 2  - 7624 frequent itemsets
2017-11-29 00:00:36: Level 3  - 13813 frequent itemsets
2017-11-29 00:00:36: Level 4  - 14 frequent itemsets
2017-11-29 00:00:38: Found 118 rules.
2017-11-29 00:00:38: ['30', '38', '40']->['42'],support=0.001,confidence=0.324,lift=3.782
2017-11-29 00:00:38: ['100', '45']->['50'],support=0.002,confidence=0.309,lift=3.147
2017-11-29 00:00:38: ['45', '75']->['50'],support=0.002,confidence=0.310,lift=3.156
2017-11-29 00:00:38: ['13', '42']->['14'],support=0.001,confidence=0.314,lift=5.080
2017-11-29 00:00:38: ['20', '46']->['40'],support=0.003,confidence=0.305,lift=3.279
2017-11-29 00:00:38: ['33', '42', '50']->['45'],support=0.001,confidence=0.403,lift=5.709
2017-11-29 00:00:38: ['20', '38', '60']->['40'],support=0.001,confidence=0.360,lift=3.880
2017-11-29 00:00:38: ['30', '40', '42']->['38'],support=0.001,confidence=0.334,lift=3.994
2017-11-29 00:00:38: ['38', '40', '60']->['30'],support=0.001,confidence=0.312,lift=3.944
2017-11-29 00:00:38: ['30', '38', '60']->['40'],support=0.001,confidence=0.368,lift=3.960
2017-11-29 00:00:38: ['17', '26']->['23'],support=0.002,confidence=0.307,lift=4.274
2017-11-29 00:00:38: ['20', '42', '60']->['40'],support=0.001,confidence=0.348,lift=3.746
2017-11-29 00:00:38: ['20', '40', '60']->['42'],support=0.001,confidence=0.307,lift=3.585
2017-11-29 00:00:38: ['33', '42', '45']->['50'],support=0.001,confidence=0.385,lift=3.913
2017-11-29 00:00:38: ['42', '45', '50']->['60'],support=0.001,confidence=0.337,lift=3.977
2017-11-29 00:00:38: ['56', '69']->['40'],support=0.001,confidence=0.308,lift=3.314
2017-11-29 00:00:38: ['30', '35', '40']->['34'],support=0.001,confidence=0.352,lift=4.072
2017-11-29 00:00:38: ['42', '50', '60']->['45'],support=0.001,confidence=0.366,lift=5.194
2017-11-29 00:00:38: ['100', '65']->['80'],support=0.001,confidence=0.301,lift=3.371
2017-11-29 00:00:38: ['110', '66']->['80'],support=0.001,confidence=0.303,lift=3.394
2017-11-29 00:00:38: ['30', '34', '42']->['40'],support=0.001,confidence=0.352,lift=3.794
2017-11-29 00:00:38: ['69', '72']->['60'],support=0.001,confidence=0.303,lift=3.572
2017-11-29 00:00:38: ['160', '20']->['40'],support=0.001,confidence=0.320,lift=3.443
2017-11-29 00:00:38: ['30', '89']->['34'],support=0.001,confidence=0.306,lift=3.537
2017-11-29 00:00:38: ['45', '76']->['40'],support=0.002,confidence=0.305,lift=3.288
2017-11-29 00:00:38: ['17', '69']->['40'],support=0.001,confidence=0.325,lift=3.494
2017-11-29 00:00:38: ['13', '80']->['14'],support=0.001,confidence=0.342,lift=5.542
2017-11-29 00:00:38: ['46', '49']->['40'],support=0.001,confidence=0.300,lift=3.232
2017-11-29 00:00:38: ['13', '34']->['14'],support=0.001,confidence=0.333,lift=5.390
2017-11-29 00:00:38: ['13', '33']->['14'],support=0.001,confidence=0.333,lift=5.401
2017-11-29 00:00:38: ['19', '29']->['42'],support=0.001,confidence=0.322,lift=3.765
2017-11-29 00:00:38: ['26', '61']->['40'],support=0.001,confidence=0.302,lift=3.253
2017-11-29 00:00:38: ['73', '80']->['40'],support=0.001,confidence=0.305,lift=3.287
2017-11-29 00:00:38: ['57', '76']->['38'],support=0.001,confidence=0.324,lift=3.868
2017-11-29 00:00:38: ['13', '35']->['14'],support=0.001,confidence=0.324,lift=5.246
2017-11-29 00:00:38: ['20', '82']->['40'],support=0.001,confidence=0.308,lift=3.314
2017-11-29 00:00:38: ['40', '45', '50']->['42'],support=0.001,confidence=0.369,lift=4.313
2017-11-29 00:00:38: ['20', '61']->['40'],support=0.002,confidence=0.308,lift=3.318
2017-11-29 00:00:38: ['38', '40', '60']->['20'],support=0.001,confidence=0.309,lift=3.715
2017-11-29 00:00:38: ['12', '23']->['20'],support=0.001,confidence=0.308,lift=3.702
2017-11-29 00:00:38: ['112', '20']->['40'],support=0.001,confidence=0.300,lift=3.232
2017-11-29 00:00:38: ['42', '60', '80']->['40'],support=0.001,confidence=0.332,lift=3.579
2017-11-29 00:00:38: ['24', '53']->['20'],support=0.001,confidence=0.309,lift=3.712
2017-11-29 00:00:38: ['17', '46']->['23'],support=0.002,confidence=0.313,lift=4.367
2017-11-29 00:00:38: ['110', '21']->['80'],support=0.001,confidence=0.310,lift=3.479
2017-11-29 00:00:38: ['42', '45', '60']->['50'],support=0.001,confidence=0.377,lift=3.840
2017-11-29 00:00:38: ['62', '74']->['40'],support=0.001,confidence=0.301,lift=3.242
2017-11-29 00:00:38: ['13', '40']->['14'],support=0.001,confidence=0.307,lift=4.981
2017-11-29 00:00:38: ['30', '34', '40']->['42'],support=0.001,confidence=0.311,lift=3.630
2017-11-29 00:00:38: ['110', '75']->['80'],support=0.001,confidence=0.316,lift=3.548
2017-11-29 00:00:38: ['13', '60']->['14'],support=0.001,confidence=0.308,lift=4.988
2017-11-29 00:00:38: ['33', '76']->['50'],support=0.001,confidence=0.301,lift=3.064
2017-11-29 00:00:38: ['40', '42', '80']->['20'],support=0.001,confidence=0.307,lift=3.682
2017-11-29 00:00:38: ['40', '42', '60']->['20'],support=0.001,confidence=0.324,lift=3.891
2017-11-29 00:00:38: ['40', '42', '45']->['20'],support=0.001,confidence=0.307,lift=3.691
2017-11-29 00:00:38: ['20', '60', '80']->['40'],support=0.001,confidence=0.346,lift=3.729
2017-11-29 00:00:38: ['20', '96']->['40'],support=0.001,confidence=0.315,lift=3.393
2017-11-29 00:00:38: ['13', '23']->['20'],support=0.001,confidence=0.305,lift=3.660
2017-11-29 00:00:38: ['20', '42', '45']->['40'],support=0.001,confidence=0.386,lift=4.156
2017-11-29 00:00:38: ['46', '75']->['40'],support=0.001,confidence=0.308,lift=3.313
2017-11-29 00:00:38: ['120', '78']->['80'],support=0.001,confidence=0.307,lift=3.441
2017-11-29 00:00:38: ['13', '32']->['14'],support=0.001,confidence=0.327,lift=5.300
2017-11-29 00:00:38: ['13', '26']->['14'],support=0.001,confidence=0.322,lift=5.221
2017-11-29 00:00:38: ['13', '50']->['14'],support=0.001,confidence=0.333,lift=5.390
2017-11-29 00:00:38: ['42', '45', '50']->['40'],support=0.001,confidence=0.305,lift=3.288
2017-11-29 00:00:38: ['24', '29']->['20'],support=0.001,confidence=0.310,lift=3.725
2017-11-29 00:00:38: ['11', '40']->['20'],support=0.001,confidence=0.337,lift=4.046
2017-11-29 00:00:38: ['40', '42', '45']->['50'],support=0.001,confidence=0.312,lift=3.178
2017-11-29 00:00:38: ['69', '76']->['80'],support=0.001,confidence=0.312,lift=3.505
2017-11-29 00:00:38: ['46', '63']->['42'],support=0.001,confidence=0.325,lift=3.799
2017-11-29 00:00:38: ['30', '38', '40']->['60'],support=0.001,confidence=0.321,lift=3.783
2017-11-29 00:00:38: ['15', '62']->['20'],support=0.001,confidence=0.321,lift=3.852
2017-11-29 00:00:38: ['38', '40', '42']->['30'],support=0.001,confidence=0.314,lift=3.966
2017-11-29 00:00:38: ['42', '45', '60']->['40'],support=0.001,confidence=0.336,lift=3.618
2017-11-29 00:00:38: ['13', '28']->['14'],support=0.002,confidence=0.321,lift=5.202
2017-11-29 00:00:38: ['40', '42', '45']->['60'],support=0.001,confidence=0.307,lift=3.622
2017-11-29 00:00:38: ['40', '42', '60']->['80'],support=0.001,confidence=0.306,lift=3.434
2017-11-29 00:00:38: ['40', '42', '60']->['45'],support=0.001,confidence=0.311,lift=4.413
2017-11-29 00:00:38: ['20', '95']->['40'],support=0.002,confidence=0.306,lift=3.298
2017-11-29 00:00:38: ['13', '21']->['14'],support=0.001,confidence=0.306,lift=4.954
2017-11-29 00:00:38: ['20', '40', '45']->['42'],support=0.001,confidence=0.335,lift=3.917
2017-11-29 00:00:38: ['110', '64']->['80'],support=0.001,confidence=0.301,lift=3.377
2017-11-29 00:00:38: ['13', '36']->['14'],support=0.001,confidence=0.332,lift=5.387
2017-11-29 00:00:38: ['110', '85']->['80'],support=0.001,confidence=0.340,lift=3.816
2017-11-29 00:00:38: ['30', '34', '40']->['35'],support=0.001,confidence=0.303,lift=4.172
2017-11-29 00:00:38: ['40', '42', '80']->['60'],support=0.001,confidence=0.302,lift=3.553
2017-11-29 00:00:38: ['19', '29']->['20'],support=0.001,confidence=0.306,lift=3.681
2017-11-29 00:00:38: ['30', '34', '35']->['40'],support=0.001,confidence=0.331,lift=3.559
2017-11-29 00:00:38: ['23', '29']->['20'],support=0.001,confidence=0.304,lift=3.648
2017-11-29 00:00:38: ['68', '70']->['80'],support=0.001,confidence=0.308,lift=3.455
2017-11-29 00:00:38: ['26', '46']->['23'],support=0.002,confidence=0.351,lift=4.887
2017-11-29 00:00:38: ['37', '55']->['40'],support=0.001,confidence=0.306,lift=3.300
2017-11-29 00:00:38: ['34', '40', '42']->['30'],support=0.001,confidence=0.325,lift=4.104
2017-11-29 00:00:38: ['70', '75']->['80'],support=0.001,confidence=0.312,lift=3.497
2017-11-29 00:00:38: ['30', '93']->['34'],support=0.001,confidence=0.305,lift=3.529
2017-11-29 00:00:38: ['150', '65']->['80'],support=0.001,confidence=0.310,lift=3.478
2017-11-29 00:00:38: ['30', '40', '42']->['34'],support=0.001,confidence=0.337,lift=3.899
2017-11-29 00:00:38: ['30', '38', '42']->['40'],support=0.001,confidence=0.378,lift=4.066
2017-11-29 00:00:38: ['20', '69']->['40'],support=0.002,confidence=0.323,lift=3.474
2017-11-29 00:00:38: ['40', '45', '60']->['42'],support=0.001,confidence=0.340,lift=3.972
2017-11-29 00:00:38: ['40', '73']->['80'],support=0.001,confidence=0.333,lift=3.739
2017-11-29 00:00:38: ['19', '24']->['20'],support=0.002,confidence=0.302,lift=3.623
2017-11-29 00:00:38: ['13', '38']->['14'],support=0.001,confidence=0.326,lift=5.279
2017-11-29 00:00:38: ['100', '92']->['80'],support=0.001,confidence=0.303,lift=3.396
2017-11-29 00:00:38: ['17', '24']->['20'],support=0.002,confidence=0.306,lift=3.673
2017-11-29 00:00:38: ['26', '76']->['38'],support=0.001,confidence=0.319,lift=3.814
2017-11-29 00:00:38: ['34', '35', '40']->['30'],support=0.001,confidence=0.337,lift=4.263
2017-11-29 00:00:38: ['110', '70']->['80'],support=0.001,confidence=0.310,lift=3.478
2017-11-29 00:00:38: ['45', '69']->['40'],support=0.002,confidence=0.305,lift=3.280
2017-11-29 00:00:38: ['20', '42', '80']->['40'],support=0.001,confidence=0.378,lift=4.066
2017-11-29 00:00:38: ['30', '40', '60']->['38'],support=0.001,confidence=0.320,lift=3.825
2017-11-29 00:00:38: ['45', '50', '60']->['42'],support=0.001,confidence=0.361,lift=4.213
2017-11-29 00:00:38: ['33', '45', '50']->['42'],support=0.001,confidence=0.392,lift=4.583
2017-11-29 00:00:38: ['29', '33']->['40'],support=0.001,confidence=0.300,lift=3.235
2017-11-29 00:00:38: ['40', '42', '50']->['45'],support=0.001,confidence=0.332,lift=4.701
2017-11-29 00:00:38: ['100', '76']->['80'],support=0.001,confidence=0.303,lift=3.396
2017-11-29 00:00:38: ['29', '46']->['23'],support=0.001,confidence=0.314,lift=4.380
2017-11-29 00:00:38: ['13', '19']->['14'],support=0.001,confidence=0.338,lift=5.472
2017-11-29 00:00:38: Total time to compute: 238.589108 seconds
--- SharcNET Job Epilogue ---
              job id: 11005353
         exit status: 0
            cpu time: 4.2h / 128.0h (3 %)
        elapsed time: 244s / 2.0h (3 %)
      virtual memory: 850.8M / 4.0G (20 %)

Job completed successfully
WARNING: Job only used 3 % of its requested walltime.
WARNING: Job only used 3 % of its requested cpu time.
WARNING: Job only used 20% of its requested memory.
