2017-11-28 23:43:57: Running apriori with support 1.0% and confidence 60.0%
2017-11-28 23:43:57: Executing static parallel version on 32 processors
2017-11-28 23:45:24: Found 4 levels.
2017-11-28 23:45:24: Level 1  - 597 frequent itemsets
2017-11-28 23:45:24: Level 2  - 403 frequent itemsets
2017-11-28 23:45:24: Level 3  - 82 frequent itemsets
2017-11-28 23:45:24: Level 4  - 3 frequent itemsets
2017-11-28 23:45:24: Found 195 rules.
2017-11-28 23:45:24: ['20719', '20723']->['22355'],support=0.012,confidence=0.747,lift=21.615
2017-11-28 23:45:24: ['20726', '22382']->['20725'],support=0.012,confidence=0.636,lift=10.244
2017-11-28 23:45:24: ['21094']->['21080'],support=0.014,confidence=0.702,lift=18.424
2017-11-28 23:45:24: ['20725', '20728']->['22383'],support=0.013,confidence=0.607,lift=12.042
2017-11-28 23:45:24: ['22726']->['22727'],support=0.025,confidence=0.644,lift=15.446
2017-11-28 23:45:24: ['20723', '22355']->['20719', '20724'],support=0.010,confidence=0.624,lift=31.897
2017-11-28 23:45:24: ['20711']->['85099B'],support=0.013,confidence=0.655,lift=7.954
2017-11-28 23:45:24: ['23200']->['23203'],support=0.014,confidence=0.616,lift=12.790
2017-11-28 23:45:24: ['22382', '22384']->['20725'],support=0.011,confidence=0.680,lift=10.957
2017-11-28 23:45:24: ['22385']->['85099B'],support=0.017,confidence=0.624,lift=7.577
2017-11-28 23:45:24: ['23171']->['23172'],support=0.011,confidence=0.730,lift=60.395
2017-11-28 23:45:24: ['20723', '22356']->['22355'],support=0.011,confidence=0.715,lift=20.681
2017-11-28 23:45:24: ['21931', '22386', '85099B']->['22411'],support=0.010,confidence=0.647,lift=14.121
2017-11-28 23:45:24: ['20724', '22356']->['20719'],support=0.013,confidence=0.622,lift=19.137
2017-11-28 23:45:24: ['20712', '22411']->['21931'],support=0.011,confidence=0.704,lift=15.215
2017-11-28 23:45:24: ['20728', '22384']->['20725'],support=0.013,confidence=0.641,lift=10.331
2017-11-28 23:45:24: ['20727', '22383']->['20725'],support=0.014,confidence=0.615,lift=9.912
2017-11-28 23:45:24: ['23171']->['23170'],support=0.012,confidence=0.834,lift=47.356
2017-11-28 23:45:24: ['21136']->['84879'],support=0.010,confidence=0.696,lift=12.292
2017-11-28 23:45:24: ['23200', '23203']->['23199'],support=0.010,confidence=0.728,lift=18.887
2017-11-28 23:45:24: ['22423', '22699']->['22697'],support=0.016,confidence=0.767,lift=18.807
2017-11-28 23:45:24: ['20719', '20724', '22355']->['20723'],support=0.010,confidence=0.774,lift=27.366
2017-11-28 23:45:24: ['20719', '22355']->['20724'],support=0.013,confidence=0.734,lift=18.145
2017-11-28 23:45:24: ['22698']->['22697', '22699'],support=0.021,confidence=0.685,lift=22.643
2017-11-28 23:45:24: ['20719', '22356']->['20723'],support=0.010,confidence=0.665,lift=23.497
2017-11-28 23:45:24: ['22730']->['22727'],support=0.015,confidence=0.647,lift=15.508
2017-11-28 23:45:24: ['20726', '20727']->['20725'],support=0.011,confidence=0.646,lift=10.410
2017-11-28 23:45:24: ['22382', '22383']->['20725'],support=0.013,confidence=0.618,lift=9.964
2017-11-28 23:45:24: ['20726', '20727']->['22383'],support=0.010,confidence=0.604,lift=11.979
2017-11-28 23:45:24: ['22383', '23206']->['20725'],support=0.011,confidence=0.630,lift=10.149
2017-11-28 23:45:24: ['22423', '22698']->['22699'],support=0.013,confidence=0.838,lift=19.403
2017-11-28 23:45:24: ['22697', '22698']->['22699'],support=0.021,confidence=0.852,lift=19.731
2017-11-28 23:45:24: ['20712', '85099B']->['22386'],support=0.013,confidence=0.638,lift=13.425
2017-11-28 23:45:24: ['22726', '22730']->['22727'],support=0.010,confidence=0.777,lift=18.628
2017-11-28 23:45:24: ['20724', '22355']->['20719'],support=0.013,confidence=0.661,lift=20.326
2017-11-28 23:45:24: ['21931', '22386', '22411']->['85099B'],support=0.010,confidence=0.868,lift=10.532
2017-11-28 23:45:24: ['21086']->['21080'],support=0.011,confidence=0.692,lift=18.148
2017-11-28 23:45:24: ['20727', '22384']->['20725'],support=0.014,confidence=0.662,lift=10.666
2017-11-28 23:45:24: ['20728', '22384']->['20727'],support=0.012,confidence=0.613,lift=12.268
2017-11-28 23:45:24: ['20727', '20728']->['20725'],support=0.013,confidence=0.616,lift=9.928
2017-11-28 23:45:24: ['22698']->['22699'],support=0.024,confidence=0.766,lift=17.720
2017-11-28 23:45:24: ['22746']->['22748'],support=0.010,confidence=0.797,lift=46.913
2017-11-28 23:45:24: ['20712', '21931']->['22411'],support=0.011,confidence=0.612,lift=13.356
2017-11-28 23:45:24: ['20727', '22382']->['22383'],support=0.012,confidence=0.610,lift=12.109
2017-11-28 23:45:24: ['20712', '21931']->['85099B'],support=0.013,confidence=0.732,lift=8.886
2017-11-28 23:45:24: ['20723', '20724']->['22356'],support=0.013,confidence=0.669,lift=22.872
2017-11-28 23:45:24: ['23200']->['23199'],support=0.016,confidence=0.681,lift=17.675
2017-11-28 23:45:24: ['22698', '22699']->['22697'],support=0.021,confidence=0.894,lift=21.930
2017-11-28 23:45:24: ['21928', '21929']->['85099B'],support=0.011,confidence=0.718,lift=8.717
2017-11-28 23:45:24: ['22578']->['22577'],support=0.015,confidence=0.754,lift=36.091
2017-11-28 23:45:24: ['20712', 'DOT']->['21931'],support=0.010,confidence=0.719,lift=15.541
2017-11-28 23:45:24: ['22423', '22697', '22698']->['22699'],support=0.012,confidence=0.876,lift=20.269
2017-11-28 23:45:24: ['22745']->['22748'],support=0.012,confidence=0.739,lift=43.490
2017-11-28 23:45:24: ['22423', '22697', '22699']->['22698'],support=0.012,confidence=0.737,lift=23.808
2017-11-28 23:45:24: ['22745']->['22746'],support=0.010,confidence=0.616,lift=48.384
2017-11-28 23:45:24: ['22699']->['22697'],support=0.030,confidence=0.700,lift=17.162
2017-11-28 23:45:24: ['22866']->['22865'],support=0.013,confidence=0.600,lift=23.347
2017-11-28 23:45:24: ['20727', '23206']->['22383'],support=0.010,confidence=0.646,lift=12.817
2017-11-28 23:45:24: ['22385', '22386']->['85099B'],support=0.010,confidence=0.777,lift=9.432
2017-11-28 23:45:24: ['20712', '22386']->['21931'],support=0.011,confidence=0.647,lift=13.983
2017-11-28 23:45:24: ['21929', '21931']->['85099B'],support=0.010,confidence=0.735,lift=8.920
2017-11-28 23:45:24: ['20723', '22355']->['22356'],support=0.011,confidence=0.653,lift=22.316
2017-11-28 23:45:24: ['22423', '22697']->['22699'],support=0.016,confidence=0.795,lift=18.400
2017-11-28 23:45:24: ['23295']->['23293'],support=0.012,confidence=0.684,lift=31.793
2017-11-28 23:45:24: ['22383', '22384']->['20727'],support=0.011,confidence=0.614,lift=12.288
2017-11-28 23:45:24: ['20719', '20724']->['22355'],support=0.013,confidence=0.665,lift=19.235
2017-11-28 23:45:24: ['20723', '22355']->['20719'],support=0.012,confidence=0.727,lift=22.371
2017-11-28 23:45:24: ['21931', 'DOT']->['85099B'],support=0.011,confidence=0.731,lift=8.872
2017-11-28 23:45:24: ['21931', '22411']->['85099B'],support=0.015,confidence=0.746,lift=9.056
2017-11-28 23:45:24: ['22386', '22411', '85099B']->['21931'],support=0.010,confidence=0.708,lift=15.291
2017-11-28 23:45:24: ['22746']->['22745'],support=0.010,confidence=0.794,lift=48.384
2017-11-28 23:45:24: ['23199', '23200']->['23203'],support=0.010,confidence=0.659,lift=13.667
2017-11-28 23:45:24: ['20723', '20724', '22355']->['20719'],support=0.010,confidence=0.777,lift=23.894
2017-11-28 23:45:24: ['22356']->['20724'],support=0.020,confidence=0.691,lift=17.084
2017-11-28 23:45:24: ['21733']->['85123A'],support=0.019,confidence=0.655,lift=7.559
2017-11-28 23:45:24: ['23172']->['23171'],support=0.011,confidence=0.898,lift=60.395
2017-11-28 23:45:24: ['47590A']->['47590B'],support=0.010,confidence=0.673,lift=43.826
2017-11-28 23:45:24: ['23343']->['23344'],support=0.013,confidence=0.664,lift=23.784
2017-11-28 23:45:24: ['21931']->['85099B'],support=0.028,confidence=0.611,lift=7.420
2017-11-28 23:45:24: ['20728', '22383']->['20725'],support=0.013,confidence=0.627,lift=10.103
2017-11-28 23:45:24: ['20719', '22356']->['20724'],support=0.013,confidence=0.821,lift=20.294
2017-11-28 23:45:24: ['22355', '22356']->['20723'],support=0.011,confidence=0.658,lift=23.244
2017-11-28 23:45:24: ['20724', '22355']->['22356'],support=0.013,confidence=0.651,lift=22.243
2017-11-28 23:45:24: ['22423', '22698', '22699']->['22697'],support=0.012,confidence=0.899,lift=22.052
2017-11-28 23:45:24: ['21928', '22411']->['85099B'],support=0.012,confidence=0.778,lift=9.440
2017-11-28 23:45:24: ['20726', '22384']->['20725'],support=0.011,confidence=0.713,lift=11.495
2017-11-28 23:45:24: ['21930', '21931']->['85099B'],support=0.010,confidence=0.708,lift=8.589
2017-11-28 23:45:24: ['21929', '22411']->['85099B'],support=0.011,confidence=0.694,lift=8.427
2017-11-28 23:45:24: ['22385', '85099B']->['22386'],support=0.010,confidence=0.613,lift=12.917
2017-11-28 23:45:24: ['22663']->['85099B'],support=0.011,confidence=0.611,lift=7.411
2017-11-28 23:45:24: ['20727', '23206']->['20725'],support=0.011,confidence=0.655,lift=10.563
2017-11-28 23:45:24: ['22729']->['22727'],support=0.012,confidence=0.670,lift=16.057
2017-11-28 23:45:24: ['22748']->['22745'],support=0.012,confidence=0.714,lift=43.490
2017-11-28 23:45:24: ['20723', '22356']->['20724'],support=0.013,confidence=0.859,lift=21.220
2017-11-28 23:45:24: ['22726', '22728']->['22727'],support=0.012,confidence=0.749,lift=17.972
2017-11-28 23:45:24: ['21931', '23199']->['85099B'],support=0.011,confidence=0.751,lift=9.119
2017-11-28 23:45:24: ['20723', '22355']->['20724'],support=0.013,confidence=0.804,lift=19.866
2017-11-28 23:45:24: ['22804']->['85123A'],support=0.013,confidence=0.701,lift=8.090
2017-11-28 23:45:24: ['21080', '21086']->['21094'],support=0.010,confidence=0.895,lift=43.999
2017-11-28 23:45:24: ['21929', '22386']->['85099B'],support=0.011,confidence=0.775,lift=9.412
2017-11-28 23:45:24: ['20712', 'DOT']->['85099B'],support=0.011,confidence=0.758,lift=9.204
2017-11-28 23:45:24: ['22423', '22698']->['22697', '22699'],support=0.012,confidence=0.754,lift=24.932
2017-11-28 23:45:24: ['DOT']->['85099B'],support=0.019,confidence=0.684,lift=8.302
2017-11-28 23:45:24: ['22579']->['22578'],support=0.011,confidence=0.822,lift=41.267
2017-11-28 23:45:24: ['22386', '22411']->['85099B'],support=0.015,confidence=0.805,lift=9.771
2017-11-28 23:45:24: ['22727', '22728']->['22726'],support=0.012,confidence=0.658,lift=16.998
2017-11-28 23:45:24: ['22355', '22356']->['20719'],support=0.011,confidence=0.708,lift=21.791
2017-11-28 23:45:24: ['21931', '85099C']->['85099B'],support=0.012,confidence=0.756,lift=9.175
2017-11-28 23:45:24: ['21086', '21094']->['21080'],support=0.010,confidence=0.757,lift=19.868
2017-11-28 23:45:24: ['47590B']->['47590A'],support=0.010,confidence=0.663,lift=43.826
2017-11-28 23:45:24: ['22617']->['22138'],support=0.013,confidence=0.696,lift=18.790
2017-11-28 23:45:24: ['22141']->['22144'],support=0.011,confidence=0.603,lift=28.553
2017-11-28 23:45:24: ['20712', '22411']->['85099B'],support=0.011,confidence=0.763,lift=9.266
2017-11-28 23:45:24: ['20723']->['20724'],support=0.019,confidence=0.668,lift=16.521
2017-11-28 23:45:24: ['21932']->['21933'],support=0.011,confidence=0.623,lift=39.055
2017-11-28 23:45:24: ['20719', '20723']->['22356'],support=0.010,confidence=0.649,lift=22.164
2017-11-28 23:45:24: ['20724', '22356']->['20723'],support=0.013,confidence=0.626,lift=22.118
2017-11-28 23:45:24: ['20728', '22382']->['22383'],support=0.012,confidence=0.620,lift=12.307
2017-11-28 23:45:24: ['21930', '85099B']->['21931'],support=0.010,confidence=0.624,lift=13.481
2017-11-28 23:45:24: ['22697']->['22699'],support=0.030,confidence=0.741,lift=17.162
2017-11-28 23:45:24: ['20727', '22382']->['20725'],support=0.012,confidence=0.620,lift=9.991
2017-11-28 23:45:24: ['22411', 'DOT']->['85099B'],support=0.011,confidence=0.773,lift=9.388
2017-11-28 23:45:24: ['20728', '22382']->['20725'],support=0.011,confidence=0.608,lift=9.796
2017-11-28 23:45:24: ['20712', '85099B']->['21931'],support=0.013,confidence=0.610,lift=13.170
2017-11-28 23:45:24: ['22577']->['22578'],support=0.015,confidence=0.719,lift=36.091
2017-11-28 23:45:24: ['21935']->['DOT'],support=0.013,confidence=0.632,lift=23.090
2017-11-28 23:45:24: ['20719', '20723', '22355']->['20724'],support=0.010,confidence=0.859,lift=21.218
2017-11-28 23:45:24: ['22355', '22356']->['20724'],support=0.013,confidence=0.800,lift=19.771
2017-11-28 23:45:24: ['21086']->['21094'],support=0.014,confidence=0.818,lift=40.190
2017-11-28 23:45:24: ['20719', '22356']->['22355'],support=0.011,confidence=0.741,lift=21.431
2017-11-28 23:45:24: ['23296']->['23293'],support=0.010,confidence=0.680,lift=31.605
2017-11-28 23:45:24: ['20719', '20724']->['20723'],support=0.013,confidence=0.647,lift=22.859
2017-11-28 23:45:24: ['20724', '22356']->['22355'],support=0.013,confidence=0.634,lift=18.335
2017-11-28 23:45:24: ['22423', '22698']->['22697'],support=0.013,confidence=0.861,lift=21.110
2017-11-28 23:45:24: ['22725']->['22726'],support=0.011,confidence=0.630,lift=16.278
2017-11-28 23:45:24: ['22697', '22699']->['22698'],support=0.021,confidence=0.701,lift=22.643
2017-11-28 23:45:24: ['22725']->['22727'],support=0.011,confidence=0.671,lift=16.096
2017-11-28 23:45:24: ['21928', '21931']->['85099B'],support=0.011,confidence=0.798,lift=9.682
2017-11-28 23:45:24: ['84596B']->['84596F'],support=0.014,confidence=0.669,lift=39.754
2017-11-28 23:45:24: ['20724', '22355']->['20723'],support=0.013,confidence=0.659,lift=23.279
2017-11-28 23:45:24: ['22382', '22384']->['20727'],support=0.010,confidence=0.617,lift=12.343
2017-11-28 23:45:24: ['20712', '22386']->['85099B'],support=0.013,confidence=0.796,lift=9.659
2017-11-28 23:45:24: ['23172']->['23170'],support=0.010,confidence=0.866,lift=49.177
2017-11-28 23:45:24: ['22386', '22411']->['21931'],support=0.012,confidence=0.657,lift=14.187
2017-11-28 23:45:24: ['22386']->['85099B'],support=0.032,confidence=0.676,lift=8.210
2017-11-28 23:45:24: ['84596F']->['84596B'],support=0.014,confidence=0.803,lift=39.754
2017-11-28 23:45:24: ['22386', '85099F']->['85099B'],support=0.011,confidence=0.802,lift=9.737
2017-11-28 23:45:24: ['22383', '22384']->['20725'],support=0.013,confidence=0.708,lift=11.405
2017-11-28 23:45:24: ['22423', '22699']->['22698'],support=0.013,confidence=0.629,lift=20.304
2017-11-28 23:45:24: ['22386', '85099C']->['85099B'],support=0.013,confidence=0.787,lift=9.546
2017-11-28 23:45:24: ['21231']->['21232'],support=0.013,confidence=0.647,lift=18.903
2017-11-28 23:45:24: ['20719', '20724']->['22356'],support=0.013,confidence=0.643,lift=21.971
2017-11-28 23:45:24: ['20712', '21931']->['22386'],support=0.011,confidence=0.623,lift=13.114
2017-11-28 23:45:24: ['22727', '22730']->['22726'],support=0.010,confidence=0.692,lift=17.877
2017-11-28 23:45:24: ['22698']->['22697'],support=0.025,confidence=0.803,lift=19.695
2017-11-28 23:45:24: ['21086']->['21080', '21094'],support=0.010,confidence=0.619,lift=43.341
2017-11-28 23:45:24: ['20726', '20728']->['20725'],support=0.011,confidence=0.622,lift=10.024
2017-11-28 23:45:24: ['22386', 'DOT']->['85099B'],support=0.011,confidence=0.803,lift=9.745
2017-11-28 23:45:24: ['22423', '22697']->['22698'],support=0.013,confidence=0.669,lift=21.613
2017-11-28 23:45:24: ['20726', '22383']->['20725'],support=0.012,confidence=0.695,lift=11.196
2017-11-28 23:45:24: ['22411', '85099C']->['85099B'],support=0.012,confidence=0.742,lift=9.009
2017-11-28 23:45:24: ['85099C']->['85099B'],support=0.023,confidence=0.627,lift=7.608
2017-11-28 23:45:24: ['21928', '22386']->['85099B'],support=0.012,confidence=0.833,lift=10.114
2017-11-28 23:45:24: ['21080', '21094']->['21086'],support=0.010,confidence=0.716,lift=43.341
2017-11-28 23:45:24: ['20723', '20724']->['22355'],support=0.013,confidence=0.686,lift=19.844
2017-11-28 23:45:24: ['21094']->['21086'],support=0.014,confidence=0.664,lift=40.190
2017-11-28 23:45:24: ['22386', '23199']->['85099B'],support=0.011,confidence=0.794,lift=9.637
2017-11-28 23:45:24: ['21931', '22411', '85099B']->['22386'],support=0.010,confidence=0.688,lift=14.487
2017-11-28 23:45:24: ['20719', '20723']->['20724', '22355'],support=0.010,confidence=0.641,lift=32.567
2017-11-28 23:45:24: ['20724', '20725']->['22355'],support=0.010,confidence=0.657,lift=19.025
2017-11-28 23:45:24: ['21933']->['21932'],support=0.011,confidence=0.676,lift=39.055
2017-11-28 23:45:24: ['20719', '22355']->['22356'],support=0.011,confidence=0.641,lift=21.886
2017-11-28 23:45:24: ['22910']->['22086'],support=0.021,confidence=0.667,lift=14.767
2017-11-28 23:45:24: ['23199', '23203']->['23200'],support=0.010,confidence=0.631,lift=27.141
2017-11-28 23:45:24: ['22382', '22384']->['20728'],support=0.010,confidence=0.617,lift=13.627
2017-11-28 23:45:24: ['23199', '23203']->['85099B'],support=0.010,confidence=0.621,lift=7.543
2017-11-28 23:45:24: ['22630']->['22629'],support=0.021,confidence=0.626,lift=17.844
2017-11-28 23:45:24: ['82581']->['82580'],support=0.011,confidence=0.717,lift=29.202
2017-11-28 23:45:24: ['20723', '20724']->['20719'],support=0.013,confidence=0.669,lift=20.590
2017-11-28 23:45:24: ['20719']->['20724'],support=0.020,confidence=0.602,lift=14.881
2017-11-28 23:45:24: ['20719', '22355']->['20723'],support=0.012,confidence=0.662,lift=23.402
2017-11-28 23:45:24: ['21931', '22386']->['85099B'],support=0.016,confidence=0.803,lift=9.747
2017-11-28 23:45:24: ['22697']->['22698'],support=0.025,confidence=0.610,lift=19.695
2017-11-28 23:45:24: ['20719', '20723']->['20724'],support=0.013,confidence=0.806,lift=19.917
2017-11-28 23:45:24: ['21928']->['85099B'],support=0.021,confidence=0.670,lift=8.131
2017-11-28 23:45:24: ['23300']->['23301'],support=0.021,confidence=0.719,lift=20.142
2017-11-28 23:45:24: ['20719', '20723', '20724']->['22355'],support=0.010,confidence=0.796,lift=23.027
2017-11-28 23:45:24: ['20723', '22356']->['20719'],support=0.010,confidence=0.691,lift=21.258
2017-11-28 23:45:24: ['23170']->['23171'],support=0.012,confidence=0.704,lift=47.356
2017-11-28 23:45:24: ['23202', '85099B']->['23203'],support=0.011,confidence=0.693,lift=14.386
2017-11-28 23:45:24: ['20725', '22355']->['20724'],support=0.010,confidence=0.750,lift=18.535
2017-11-28 23:45:24: ['23170']->['22699'],support=0.011,confidence=0.612,lift=14.161
2017-11-28 23:45:24: ['20712']->['85099B'],support=0.021,confidence=0.618,lift=7.505
2017-11-28 23:45:24: ['21931', 'DOT']->['20712'],support=0.010,confidence=0.657,lift=19.570
2017-11-28 23:45:24: ['85099F']->['85099B'],support=0.021,confidence=0.657,lift=7.979
2017-11-28 23:45:24: Total time to compute: 86.638445 seconds
--- SharcNET Job Epilogue ---
              job id: 11005326
         exit status: 0
            cpu time: 2833s / 64.0h (1 %)
        elapsed time: 124s / 2.0h (1 %)
      virtual memory: 702.3M / 1.0G (68 %)

Job completed successfully
WARNING: Job only used 1 % of its requested walltime.
WARNING: Job only used 1 % of its requested cpu time.
WARNING: Job only used 71 % of allocated cpu time.
WARNING: Job only used 68% of its requested memory.
