242 (1.03333)
45 (1.03333)
37 (1.21821)
37 38 (1.18645)
161 (1.14562)
286 (1.34185)
286 38 (1.26585)
175 (1.10025)
264 (1.01518)
2958 (1.02539)
13041 (1.19212)
31 (1.04353)
740 (1.33958)
956 (1.03333)
16217 (1.32257)
15832 (1.29648)
479 (1.05034)
78 (1.20233)
522 (1.10478)
258 (1.11953)
19 (1.13995)
179 (1.13201)
10515 (1.00043)
3270 (1.07756)
49 (1.27039)
589 (1.26925)
677 (1.25905)
16010 (1.49271)
1004 (1.24997)
783 (1.09458)
12925 (1.66398)
12925 39 (1.06395)
824 (1.37247)
548 (1.28967)
1146 (1.61748)
1146 39 (1.11499)
117 (1.16377)
592 (1.39176)
1393 (1.31689)
249 (1.31576)
338 (1.44507)
123 (1.47683)
604 (1.37134)
301 (1.36567)
14098 (1.46435)
79 (1.81484)
79 48 (1.01291)
79 39 (1.26018)
201 (1.28513)
1327 (2.02582)
1327 48 (1.09798)
1327 39 (1.31122)
438 (2.11316)
438 48 (1.16263)
438 39 (1.42919)
60 (1.68894)
60 39 (1.11499)
255 (1.67192)
255 48 (1.19893)
255 39 (1.19893)
533 (1.68667)
533 39 (1.0458)
185 (1.56076)
270 (1.96683)
270 48 (1.0855)
270 39 (1.35432)
9 (1.55623)
2238 (1.94528)
2238 48 (1.08323)
2238 39 (1.45981)
110 (3.16917)
110 38 (3.0909)
110 38 48 (1.54375)
110 38 48 39 (1.16944)
110 38 39 (1.97364)
110 48 (1.5653)
110 48 39 (1.17624)
110 39 (1.99519)
147 (2.01788)
147 48 (1.17511)
147 39 (1.28967)
271 (2.37517)
271 48 (1.23636)
271 39 (1.62655)
413 (2.13244)
413 48 (1.2874)
413 39 (1.28173)
36 (3.33023)
36 38 (3.16463)
36 38 48 (1.54261)
36 38 48 39 (1.22502)
36 38 39 (2.20617)
36 48 (1.60613)
36 48 39 (1.26585)
36 39 (2.31052)
475 (2.45798)
475 48 (1.61975)
475 48 39 (1.23863)
475 39 (1.70141)
170 (3.51512)
170 38 (3.43799)
170 38 48 (1.74452)
170 38 48 39 (1.35319)
170 38 39 (2.2901)
170 48 (1.76607)
170 48 39 (1.36794)
170 39 (2.33547)
101 (2.53737)
101 48 (1.48704)
101 48 39 (1.07302)
101 39 (1.58799)
310 (2.94231)
310 48 (1.91919)
310 48 39 (1.52787)
310 39 (2.10068)
237 (3.43912)
237 48 (1.90785)
237 48 39 (1.41104)
237 39 (2.18802)
225 (3.69434)
225 48 (1.9691)
225 48 39 (1.58799)
225 39 (2.66668)
89 (4.35222)
89 48 (3.1737)
89 48 39 (2.41034)
89 39 (3.11812)
65 (5.07248)
65 41 (1.1286)
65 48 (2.86858)
65 48 39 (2.03829)
65 39 (3.16123)
38 (17.6902)
38 32 (3.2134)
38 32 48 (1.86702)
38 32 48 39 (1.40196)
38 32 39 (2.08707)
38 41 (4.42027)
38 41 48 (2.69277)
38 41 48 39 (2.25834)
38 41 39 (3.46067)
38 48 (9.01068)
38 48 39 (6.92135)
38 39 (11.7341)
32 (17.2036)
32 41 (3.62514)
32 41 48 (2.34001)
32 41 48 39 (1.86702)
32 41 39 (2.67576)
32 48 (9.11277)
32 48 39 (6.12736)
32 39 (9.5903)
41 (16.9517)
41 48 (10.2289)
41 48 39 (8.35507)
41 39 (12.9466)
48 (47.7927)
48 39 (33.0551)
39 (57.4794)
