2017-11-30 23:33:54: Running apriori with support 1.0% and confidence 60.0%
2017-11-30 23:33:55: step 1: starting
2017-11-30 23:33:56: step 1: counted candidates supports
2017-11-30 23:33:56: step 1: filtered candidates
2017-11-30 23:33:57: Created 178503 potential candidates for step 2
2017-11-30 23:33:57: step 1: generated next step candidates
2017-11-30 23:33:58: step 1: created tree
2017-11-30 23:33:58: step 2: starting
2017-11-30 23:35:15: step 2: counted candidates supports
2017-11-30 23:35:15: step 2: filtered candidates
2017-11-30 23:35:18: Created 758 potential candidates for step 3
2017-11-30 23:35:18: step 2: generated next step candidates
2017-11-30 23:35:18: step 2: created tree
2017-11-30 23:35:18: step 3: starting
2017-11-30 23:35:19: step 3: counted candidates supports
2017-11-30 23:35:19: step 3: filtered candidates
2017-11-30 23:35:20: Created 30 potential candidates for step 4
2017-11-30 23:35:20: step 3: generated next step candidates
2017-11-30 23:35:20: step 3: created tree
2017-11-30 23:35:20: step 4: starting
2017-11-30 23:35:20: step 4: counted candidates supports
2017-11-30 23:35:20: step 4: filtered candidates
2017-11-30 23:35:20: Created 0 potential candidates for step 5
2017-11-30 23:35:20: step 4: generated next step candidates
2017-11-30 23:35:20: step 4: created tree
2017-11-30 23:35:20: Found 4 levels.
2017-11-30 23:35:20: Level 1  - 598 frequent itemsets
2017-11-30 23:35:20: Level 2  - 404 frequent itemsets
2017-11-30 23:35:20: Level 3  - 82 frequent itemsets
2017-11-30 23:35:20: Level 4  - 3 frequent itemsets
2017-11-30 23:35:20: Level 1: ['22752'] ['71053'] ['84029E'] ['84029G'] ['84406B'] ['85123A'] ['22632'] ['22633'] ['21754'] ['21755'] ['22622'] ['22745'] ['22748'] ['22749'] ['48187'] ['84879'] ['22960'] ['21756'] ['21035'] ['21731'] ['21791'] ['22326'] ['22492'] ['22629'] ['22631'] ['22659'] ['22661'] ['22726'] ['22727'] ['22728'] ['22900'] ['POST'] ['22086'] ['20679'] ['21871'] ['82482'] ['82483'] ['82486'] ['82494L'] ['21733'] ['22114'] ['20723'] ['20725'] ['21033'] ['21094'] ['21212'] ['21559'] ['21929'] ['21931'] ['21975'] ['21977'] ['22352'] ['22386'] ['84991'] ['84997B'] ['84997C'] ['85099C'] ['22961'] ['15056BL'] ['15056N'] ['21166'] ['21169'] ['21175'] ['21523'] ['21533'] ['21672'] ['21934'] ['22083'] ['22139'] ['22411'] ['22637'] ['22644'] ['22646'] ['22771'] ['82567'] ['84832'] ['21912'] ['22379'] ['22381'] ['22798'] ['21340'] ['22189'] ['22424'] ['22427'] ['22457'] ['22464'] ['22469'] ['22470'] ['82484'] ['84755'] ['22662'] ['22663'] ['85049A'] ['85099B'] ['79321'] ['22969'] ['22191'] ['22192'] ['22193'] ['22195'] ['22196'] ['22941'] ['85014A'] ['85014B'] ['21080'] ['21086'] ['21485'] ['22174'] ['22197'] ['22654'] ['22910'] ['22962'] ['22963'] ['84030E'] ['84970S'] ['21484'] ['21980'] ['22553'] ['22556'] ['22557'] ['21889'] ['21891'] ['22150'] ['22502'] ['22619'] ['21506'] ['22558'] ['22652'] ['22865'] ['22866'] ['85152'] ['21314'] ['22729'] ['22730'] ['22867'] ['21232'] ['21479'] ['22111'] ['22112'] ['22835'] ['48185'] ['20726'] ['20749'] ['20992'] ['21108'] ['21122'] ['21328'] ['21907'] ['22110'] ['22382'] ['22384'] ['22413'] ['22435'] ['22467'] ['22549'] ['22766'] ['22768'] ['22804'] ['22851'] ['82578'] ['82580'] ['82581'] ['85049E'] ['85150'] ['20727'] ['20728'] ['21213'] ['22296'] ['22297'] ['22383'] ['22417'] ['22964'] ['84378'] ['84380'] ['84992'] ['85049G'] ['20914'] ['16237'] ['20685'] ['20982'] ['21210'] ['21914'] ['21915'] ['22178'] ['22219'] ['22371'] ['22418'] ['22488'] ['22620'] ['22716'] ['48194'] ['84347'] ['84375'] ['84949'] ['84970L'] ['20713'] ['20717'] ['21116'] ['21326'] ['22109'] ['22568'] ['85099F'] ['20750'] ['21034'] ['21242'] ['22077'] ['22141'] ['22144'] ['22179'] ['22271'] ['22273'] ['22274'] ['22327'] ['22328'] ['22569'] ['22570'] ['22630'] ['22751'] ['22759'] ['22940'] ['22988'] ['21790'] ['21916'] ['21976'] ['22147'] ['22149'] ['22367'] ['22534'] ['22551'] ['22554'] ['22595'] ['22616'] ['22694'] ['22738'] ['22739'] ['22750'] ['22834'] ['22899'] ['22909'] ['22951'] ['22952'] ['84032B'] ['21494'] ['21892'] ['22113'] ['22358'] ['21481'] ['22508'] ['22585'] ['22645'] ['21154'] ['21156'] ['22142'] ['22294'] ['84836'] ['21121'] ['21257'] ['21259'] ['22670'] ['82552'] ['21329'] ['21985'] ['21992'] ['22082'] ['22333'] ['22577'] ['22737'] ['20979'] ['21137'] ['22041'] ['22423'] ['21621'] ['22087'] ['22712'] ['22895'] ['22983'] ['22784'] ['84947'] ['20754'] ['21930'] ['22151'] ['22501'] ['22754'] ['22904'] ['20972'] ['22776'] ['22907'] ['84997D'] ['22227'] ['22699'] ['22697'] ['20973'] ['20974'] ['22429'] ['22173'] ['22624'] ['22625'] ['20712'] ['84945'] ['22607'] ['22815'] ['22487'] ['22627'] ['21179'] ['21498'] ['22819'] ['21874'] ['21981'] ['21982'] ['22489'] ['22555'] ['22561'] ['22665'] ['22666'] ['22667'] ['22966'] ['82600'] ['84050'] ['84692'] ['21843'] ['21524'] ['22791'] ['85199S'] ['21429'] ['22171'] ['48138'] ['48184'] ['72741'] ['22355'] ['20711'] ['21928'] ['20676'] ['20719'] ['20724'] ['20969'] ['20971'] ['20975'] ['21165'] ['21174'] ['21216'] ['21217'] ['21218'] ['21231'] ['21238'] ['21385'] ['21507'] ['21703'] ['21888'] ['21935'] ['21990'] ['21993'] ['22037'] ['22090'] ['22156'] ['22161'] ['22169'] ['22301'] ['22348'] ['22356'] ['22361'] ['22378'] ['22380'] ['22419'] ['22432'] ['22560'] ['22605'] ['22734'] ['22816'] ['22844'] ['22845'] ['22847'] ['47559B'] ['47591D'] ['48188'] ['71459'] ['82551'] ['82583'] ['84032A'] ['84536A'] ['84946'] ['84988'] ['85048'] ['DOT'] ['21670'] ['22212'] ['22795'] ['22846'] ['21181'] ['21668'] ['22579'] ['M'] ['22578'] ['21509'] ['22725'] ['84997A'] ['21136'] ['22030'] ['71477'] ['20978'] ['20718'] ['20970'] ['21164'] ['21671'] ['21868'] ['21899'] ['21908'] ['21974'] ['22084'] ['22208'] ['22499'] ['22602'] ['22668'] ['22692'] ['22746'] ['22898'] ['47566B'] ['47590A'] ['47590B'] ['82582'] ['85053'] ['21877'] ['21380'] ['22617'] ['21172'] ['22507'] ['21918'] ['22029'] ['84077'] ['21669'] ['21673'] ['22027'] ['22028'] ['22431'] ['22170'] ['21428'] ['22840'] ['22896'] ['20983'] ['21430'] ['22131'] ['22385'] ['20675'] ['21239'] ['21989'] ['20677'] ['22505'] ['21901'] ['21155'] ['15036'] ['21900'] ['22089'] ['85066'] ['21240'] ['22158'] ['22621'] ['21876'] ['22456'] ['47566'] ['21558'] ['21078'] ['84987'] ['21936'] ['22908'] ['21932'] ['21933'] ['35970'] ['21937'] ['21535'] ['22079'] ['22563'] ['84978'] ['22817'] ['84596F'] ['22690'] ['84596B'] ['22693'] ['22138'] ['22698'] ['22720'] ['22722'] ['22723'] ['22721'] ['22303'] ['22970'] ['22971'] ['23231'] ['22596'] ['22989'] ['22980'] ['22993'] ['22998'] ['23000'] ['22991'] ['22992'] ['22995'] ['22996'] ['23182'] ['22979'] ['23177'] ['23126'] ['23052'] ['23184'] ['23077'] ['23076'] ['23078'] ['21770'] ['23254'] ['23256'] ['23199'] ['23201'] ['23204'] ['23205'] ['23206'] ['23207'] ['23208'] ['23147'] ['23144'] ['23284'] ['23298'] ['23200'] ['23202'] ['23203'] ['23209'] ['23191'] ['23192'] ['23170'] ['23171'] ['23172'] ['23173'] ['23174'] ['23175'] ['23084'] ['23118'] ['23080'] ['23108'] ['23110'] ['23082'] ['23109'] ['23103'] ['23112'] ['23168'] ['23165'] ['23169'] ['23300'] ['23301'] ['23275'] ['23263'] ['23309'] ['23307'] ['23306'] ['23308'] ['23240'] ['23238'] ['23243'] ['23245'] ['23236'] ['23241'] ['23247'] ['23321'] ['23264'] ['23265'] ['23266'] ['23322'] ['23343'] ['23188'] ['23229'] ['23234'] ['23344'] ['23198'] ['23196'] ['23323'] ['23318'] ['23320'] ['23319'] ['23313'] ['23293'] ['23294'] ['23295'] ['23296'] ['23311'] ['23353'] ['23354'] ['23349'] ['23350'] ['23351'] ['23332'] ['23328'] ['23356'] ['23355'] ['23439'] ['23503'] ['23367'] ['23493'] ['23534'] ['23570'] ['23582'] ['23583'] ['23581']
2017-11-30 23:35:20: Level 2: ['21754', '21755'] ['22745', '22748'] ['22629', '22659'] ['22726', '22727'] ['22726', '22728'] ['22727', '22728'] ['82482', '82494L'] ['82482', '85123A'] ['82483', '82486'] ['82494L', '85123A'] ['20723', '20725'] ['20725', '21212'] ['20725', '21931'] ['20725', '22386'] ['20725', '85099C'] ['21212', '21975'] ['21212', '21977'] ['21212', '84991'] ['21929', '21931'] ['21929', '22386'] ['21929', '85099C'] ['21931', '22386'] ['21931', '85099C'] ['21975', '84991'] ['21977', '84991'] ['22386', '85099C'] ['21166', '21175'] ['22379', '22381'] ['22457', '22469'] ['22469', '22470'] ['22960', '22961'] ['85099B', '85099C'] ['21080', '21086'] ['21080', '21094'] ['21080', '85099B'] ['21086', '21094'] ['22197', '22961'] ['22197', '85099B'] ['22197', '85123A'] ['22960', '85099B'] ['22961', '85099B'] ['85099B', '85123A'] ['22865', '22866'] ['22726', '22729'] ['22726', '22730'] ['22727', '22729'] ['22727', '22730'] ['22866', '22867'] ['22111', '22112'] ['22112', '22114'] ['22112', '22835'] ['22114', '22835'] ['20725', '20726'] ['20725', '22382'] ['20725', '22384'] ['20725', '22662'] ['20725', '85123A'] ['20726', '22382'] ['20726', '22384'] ['20726', '22662'] ['22382', '22384'] ['22382', '22662'] ['22384', '22662'] ['22804', '85123A'] ['82580', '82581'] ['22086', '22910'] ['20727', '20728'] ['20727', '21212'] ['20727', '22197'] ['20727', '22383'] ['20728', '22383'] ['21212', '21213'] ['21212', '22197'] ['21212', '22417'] ['21212', '84992'] ['22197', '22383'] ['84378', '84380'] ['21914', '21915'] ['20713', '21931'] ['20713', '85099B'] ['20723', '85099B'] ['21931', '22197'] ['21931', '85099B'] ['21931', '85099F'] ['85099B', '85099F'] ['20725', '20727'] ['20725', '20728'] ['20725', '22197'] ['20725', '22383'] ['20727', '22382'] ['20727', '22662'] ['20728', '22382'] ['20728', '22662'] ['22141', '22144'] ['22326', '22328'] ['22382', '22383'] ['22383', '22662'] ['22629', '22630'] ['21212', '22961'] ['21790', '21791'] ['22086', '22952'] ['22551', '22554'] ['22865', '22867'] ['22909', '22952'] ['21485', '22111'] ['21212', '22960'] ['21212', '85099B'] ['22386', '85099B'] ['22663', '85099B'] ['22423', '84879'] ['22423', '85123A'] ['84879', '85123A'] ['22469', '85123A'] ['22470', '85123A'] ['21929', '22411'] ['21929', '85099B'] ['22411', '85099B'] ['22624', '22625'] ['20712', '20713'] ['22423', '22960'] ['22423', '22961'] ['22423', '22699'] ['21080', '21212'] ['21166', '85152'] ['21212', '22666'] ['22551', '22556'] ['22554', '22556'] ['22666', '22961'] ['84991', '84992'] ['20711', '20712'] ['20711', '21931'] ['20711', '22386'] ['20711', '22411'] ['20711', '85099B'] ['20712', '21928'] ['20712', '21930'] ['20712', '21931'] ['20712', '22379'] ['20712', '22386'] ['20712', '22411'] ['20712', '85099B'] ['20712', '85099C'] ['20713', '22386'] ['20713', '22411'] ['20713', '85099C'] ['20727', '21930'] ['20727', '21931'] ['20727', '85099B'] ['20727', '85123A'] ['21928', '21931'] ['21928', '22386'] ['21928', '22411'] ['21928', '85099B'] ['21928', '85099C'] ['21930', '21931'] ['21930', '22386'] ['21930', '22411'] ['21930', '85099B'] ['21930', '85099C'] ['21931', '22379'] ['21931', '22383'] ['21931', '22411'] ['22379', '22386'] ['22379', '85099B'] ['22382', '85099B'] ['22383', '22386'] ['22383', '22411'] ['22383', '85099B'] ['22383', '85123A'] ['22386', '22411'] ['22386', '85099F'] ['22411', '85099C'] ['85099C', '85099F'] ['20719', '20724'] ['20719', '20725'] ['20719', '21212'] ['20719', '22355'] ['20719', '22356'] ['20719', '22383'] ['20719', '22423'] ['20719', '85099B'] ['20724', '20725'] ['20724', '21212'] ['20724', '22197'] ['20724', '22355'] ['20724', '22356'] ['20724', '22383'] ['20724', '22384'] ['20724', '85099B'] ['20725', '22355'] ['20725', '22356'] ['20725', '22423'] ['20725', '85099B'] ['20971', '20972'] ['21175', '85152'] ['21212', '22355'] ['21212', '22356'] ['21212', '22423'] ['21212', '85123A'] ['21231', '21232'] ['21731', '85099B'] ['21731', 'DOT'] ['21928', 'DOT'] ['21935', '85099B'] ['21935', 'DOT'] ['22178', '84946'] ['22178', '85123A'] ['22197', '22423'] ['22197', 'DOT'] ['22355', '22356'] ['22355', '22383'] ['22355', '85099B'] ['22356', '85099B'] ['22379', 'DOT'] ['22383', '22384'] ['22384', '85099B'] ['22423', '22666'] ['22423', '22697'] ['22423', '22727'] ['22423', '85099B'] ['22457', '85099B'] ['22457', '85123A'] ['22457', 'DOT'] ['22666', '22960'] ['22666', '85099B'] ['22666', '85123A'] ['22697', '22699'] ['22697', '22960'] ['22697', '85099B'] ['22697', 'DOT'] ['22699', 'DOT'] ['22728', '22730'] ['22961', 'DOT'] ['85099B', 'DOT'] ['22577', '22578'] ['22578', '22579'] ['22725', '22726'] ['20718', '85099B'] ['20723', '20724'] ['20723', '20727'] ['20723', '20728'] ['20723', '22355'] ['20723', '22356'] ['20724', '20727'] ['20724', '20728'] ['20724', '21931'] ['20725', '22411'] ['20727', '22355'] ['20727', '22356'] ['20728', '22355'] ['20728', '85099B'] ['21929', '85099F'] ['21931', '22355'] ['21931', 'DOT'] ['22386', 'DOT'] ['22411', 'DOT'] ['22745', '22746'] ['22746', '22748'] ['47590A', '47590B'] ['21733', '85123A'] ['22725', '22727'] ['22385', '85099B'] ['20726', '20727'] ['20726', '22383'] ['20727', '22384'] ['20724', '22382'] ['20719', '20728'] ['21166', '21181'] ['21175', '21181'] ['21928', '21929'] ['20725', '47566'] ['47566', '85099B'] ['20724', '47566'] ['22383', '47566'] ['20712', '21929'] ['20712', 'DOT'] ['20719', '20723'] ['20719', '20726'] ['20719', '20727'] ['20724', '20726'] ['20726', '85099B'] ['21212', '47566'] ['22423', '47566'] ['47566', '85123A'] ['82482', '85099B'] ['21136', '84879'] ['20728', '22384'] ['21932', '21933'] ['20726', '20728'] ['22384', '22386'] ['85099C', 'DOT'] ['20711', 'DOT'] ['21931', '22385'] ['22385', '22411'] ['22385', '22386'] ['20712', '22385'] ['22423', '22698'] ['22697', '22698'] ['22698', '22699'] ['84596B', '84596F'] ['22720', '22722'] ['22720', '22960'] ['22720', '22961'] ['22722', '22960'] ['22720', '85099B'] ['22720', '85123A'] ['22666', '22720'] ['22423', '22720'] ['22138', '22139'] ['22138', '22617'] ['22720', '22993'] ['22960', '22993'] ['22961', '22993'] ['22993', '85099B'] ['22666', '22993'] ['20725', '23199'] ['20725', '23206'] ['20725', '23207'] ['20728', '23206'] ['20728', '23207'] ['21931', '23199'] ['21931', '23201'] ['23199', '23201'] ['23199', '23206'] ['23199', '85099C'] ['23201', '23207'] ['23204', '23206'] ['23206', '23207'] ['23207', '23208'] ['22383', '23206'] ['23206', '23208'] ['23201', '85099B'] ['20725', '23208'] ['22382', '23206'] ['22382', '23207'] ['22382', '23208'] ['22383', '23207'] ['22383', '23208'] ['23199', '85099B'] ['23206', '85099B'] ['20719', '23204'] ['20723', '23204'] ['20724', '23204'] ['20724', '23206'] ['20726', '23206'] ['20727', '23206'] ['20727', '23207'] ['22355', '23204'] ['22384', '23206'] ['20727', '23208'] ['22386', '23199'] ['22386', '23201'] ['22411', '23199'] ['20712', '23199'] ['23298', '47566'] ['23199', '23200'] ['23199', '23202'] ['23200', '23202'] ['23200', '85099B'] ['23202', '85099B'] ['20725', '23203'] ['20727', '23203'] ['21931', '23202'] ['21931', '23203'] ['23199', '23203'] ['23200', '23203'] ['23201', '23202'] ['23201', '23203'] ['23202', '23203'] ['23203', '23206'] ['23203', '85099B'] ['22386', '23203'] ['22411', '23202'] ['22411', '23203'] ['20727', '23209'] ['20728', '23209'] ['22383', '23209'] ['22384', '23209'] ['23199', '23209'] ['23203', '23209'] ['23207', '23209'] ['20726', '23209'] ['20725', '23209'] ['23202', '23209'] ['23208', '23209'] ['23209', '85099B'] ['23206', '23209'] ['22382', '23209'] ['23170', '23171'] ['23170', '23172'] ['23171', '23172'] ['22699', '23170'] ['23300', '23301'] ['22423', '23245'] ['22720', '23243'] ['22720', '23245'] ['23321', '23322'] ['23203', '23344'] ['23343', '23344'] ['22086', '23344'] ['23293', '23295'] ['23293', '23296'] ['22112', '23355'] ['22114', '23355']
2017-11-30 23:35:20: Level 3: ['22726', '22727', '22728'] ['21080', '21086', '21094'] ['22726', '22727', '22730'] ['20725', '20726', '22382'] ['20725', '20726', '22384'] ['20725', '22382', '22384'] ['20727', '20728', '22383'] ['20725', '20727', '20728'] ['20725', '20727', '22382'] ['20725', '20727', '22383'] ['20725', '20728', '22382'] ['20725', '20728', '22383'] ['20725', '22382', '22383'] ['20727', '20728', '22382'] ['20727', '22382', '22383'] ['20728', '22382', '22383'] ['22386', '85099B', '85099C'] ['21929', '22411', '85099B'] ['20712', '21931', '22386'] ['20712', '21931', '22411'] ['20712', '21931', '85099B'] ['20712', '22386', '85099B'] ['20712', '22411', '85099B'] ['21928', '21931', '85099B'] ['21928', '22386', '85099B'] ['21928', '22411', '85099B'] ['21930', '21931', '85099B'] ['21931', '22386', '22411'] ['21931', '22386', '85099B'] ['21931', '22411', '85099B'] ['21931', '85099B', '85099C'] ['22386', '22411', '85099B'] ['22386', '85099B', '85099F'] ['22411', '85099B', '85099C'] ['20719', '20724', '22355'] ['20719', '20724', '22356'] ['20719', '22355', '22356'] ['20724', '20725', '22355'] ['20724', '22355', '22356'] ['20725', '22383', '22384'] ['22423', '22697', '22699'] ['20723', '20724', '22355'] ['20723', '20724', '22356'] ['20723', '22355', '22356'] ['21929', '21931', '85099B'] ['21929', '22386', '85099B'] ['21931', '85099B', 'DOT'] ['22386', '85099B', 'DOT'] ['22411', '85099B', 'DOT'] ['20726', '20727', '22383'] ['20727', '22383', '22384'] ['20725', '20727', '22384'] ['20727', '22382', '22384'] ['20712', '21931', 'DOT'] ['20712', '85099B', 'DOT'] ['20719', '20723', '20724'] ['20719', '20723', '22355'] ['20719', '20723', '22356'] ['20725', '20726', '20727'] ['20726', '20727', '22382'] ['21928', '21929', '85099B'] ['20725', '20728', '22384'] ['20727', '20728', '22384'] ['20728', '22383', '22384'] ['20726', '20728', '22383'] ['20725', '20726', '22383'] ['20726', '22382', '22383'] ['20725', '20726', '20728'] ['20726', '20728', '22382'] ['20728', '22382', '22384'] ['22385', '22386', '85099B'] ['22423', '22697', '22698'] ['22697', '22698', '22699'] ['22423', '22698', '22699'] ['20725', '22383', '23206'] ['21931', '23199', '85099B'] ['20725', '20727', '23206'] ['20727', '22383', '23206'] ['22386', '23199', '85099B'] ['23199', '23200', '23203'] ['23199', '23203', '85099B'] ['23202', '23203', '85099B']
2017-11-30 23:35:20: Level 4: ['21931', '22386', '22411', '85099B'] ['20719', '20723', '20724', '22355'] ['22423', '22697', '22698', '22699']
2017-11-30 23:35:20: Found 195 rules.
2017-11-30 23:35:20: ['22745']->['22748'],support=0.012,confidence=0.737,lift=43.388
2017-11-30 23:35:20: ['22748']->['22745'],support=0.012,confidence=0.714,lift=43.388
2017-11-30 23:35:20: ['22726']->['22727'],support=0.025,confidence=0.644,lift=15.431
2017-11-30 23:35:20: ['85099C']->['85099B'],support=0.023,confidence=0.626,lift=7.596
2017-11-30 23:35:20: ['21086']->['21080'],support=0.011,confidence=0.692,lift=18.130
2017-11-30 23:35:20: ['21094']->['21080'],support=0.014,confidence=0.702,lift=18.405
2017-11-30 23:35:20: ['21086']->['21094'],support=0.014,confidence=0.818,lift=40.190
2017-11-30 23:35:20: ['21094']->['21086'],support=0.014,confidence=0.664,lift=40.190
2017-11-30 23:35:20: ['22866']->['22865'],support=0.013,confidence=0.600,lift=23.312
2017-11-30 23:35:20: ['22729']->['22727'],support=0.012,confidence=0.670,lift=16.042
2017-11-30 23:35:20: ['22730']->['22727'],support=0.015,confidence=0.647,lift=15.493
2017-11-30 23:35:20: ['22804']->['85123A'],support=0.013,confidence=0.702,lift=8.094
2017-11-30 23:35:20: ['82581']->['82580'],support=0.011,confidence=0.717,lift=29.202
2017-11-30 23:35:20: ['22910']->['22086'],support=0.021,confidence=0.667,lift=14.767
2017-11-30 23:35:20: ['21931']->['85099B'],support=0.028,confidence=0.610,lift=7.404
2017-11-30 23:35:20: ['85099F']->['85099B'],support=0.021,confidence=0.657,lift=7.966
2017-11-30 23:35:20: ['22141']->['22144'],support=0.011,confidence=0.603,lift=28.553
2017-11-30 23:35:20: ['22630']->['22629'],support=0.021,confidence=0.626,lift=17.844
2017-11-30 23:35:20: ['22386']->['85099B'],support=0.032,confidence=0.677,lift=8.209
2017-11-30 23:35:20: ['22663']->['85099B'],support=0.011,confidence=0.611,lift=7.408
2017-11-30 23:35:20: ['20711']->['85099B'],support=0.013,confidence=0.654,lift=7.935
2017-11-30 23:35:20: ['20712']->['85099B'],support=0.021,confidence=0.617,lift=7.485
2017-11-30 23:35:20: ['21928']->['85099B'],support=0.021,confidence=0.669,lift=8.117
2017-11-30 23:35:20: ['20719']->['20724'],support=0.020,confidence=0.601,lift=14.835
2017-11-30 23:35:20: ['22356']->['20724'],support=0.020,confidence=0.692,lift=17.072
2017-11-30 23:35:20: ['21231']->['21232'],support=0.013,confidence=0.647,lift=18.882
2017-11-30 23:35:20: ['21935']->['DOT'],support=0.013,confidence=0.633,lift=23.083
2017-11-30 23:35:20: ['22699']->['22697'],support=0.030,confidence=0.700,lift=17.152
2017-11-30 23:35:20: ['22697']->['22699'],support=0.030,confidence=0.742,lift=17.152
2017-11-30 23:35:20: ['DOT']->['85099B'],support=0.019,confidence=0.683,lift=8.287
2017-11-30 23:35:20: ['22578']->['22577'],support=0.015,confidence=0.754,lift=36.091
2017-11-30 23:35:20: ['22577']->['22578'],support=0.015,confidence=0.719,lift=36.091
2017-11-30 23:35:20: ['22579']->['22578'],support=0.011,confidence=0.822,lift=41.267
2017-11-30 23:35:20: ['22725']->['22726'],support=0.011,confidence=0.630,lift=16.278
2017-11-30 23:35:20: ['20723']->['20724'],support=0.019,confidence=0.668,lift=16.467
2017-11-30 23:35:20: ['22745']->['22746'],support=0.010,confidence=0.615,lift=48.270
2017-11-30 23:35:20: ['22746']->['22745'],support=0.010,confidence=0.794,lift=48.270
2017-11-30 23:35:20: ['22746']->['22748'],support=0.010,confidence=0.797,lift=46.913
2017-11-30 23:35:20: ['47590A']->['47590B'],support=0.010,confidence=0.672,lift=43.715
2017-11-30 23:35:20: ['47590B']->['47590A'],support=0.010,confidence=0.663,lift=43.715
2017-11-30 23:35:20: ['21733']->['85123A'],support=0.019,confidence=0.655,lift=7.555
2017-11-30 23:35:20: ['22725']->['22727'],support=0.011,confidence=0.671,lift=16.082
2017-11-30 23:35:20: ['22385']->['85099B'],support=0.017,confidence=0.624,lift=7.573
2017-11-30 23:35:20: ['21136']->['84879'],support=0.010,confidence=0.697,lift=12.298
2017-11-30 23:35:20: ['21933']->['21932'],support=0.011,confidence=0.676,lift=39.013
2017-11-30 23:35:20: ['21932']->['21933'],support=0.011,confidence=0.624,lift=39.013
2017-11-30 23:35:20: ['22698']->['22697'],support=0.025,confidence=0.803,lift=19.676
2017-11-30 23:35:20: ['22697']->['22698'],support=0.025,confidence=0.609,lift=19.676
2017-11-30 23:35:20: ['22698']->['22699'],support=0.024,confidence=0.766,lift=17.704
2017-11-30 23:35:20: ['84596B']->['84596F'],support=0.014,confidence=0.669,lift=39.754
2017-11-30 23:35:20: ['84596F']->['84596B'],support=0.014,confidence=0.803,lift=39.754
2017-11-30 23:35:20: ['22617']->['22138'],support=0.013,confidence=0.696,lift=18.771
2017-11-30 23:35:20: ['23200']->['23199'],support=0.016,confidence=0.681,lift=17.657
2017-11-30 23:35:20: ['23200']->['23203'],support=0.014,confidence=0.616,lift=12.780
2017-11-30 23:35:20: ['23171']->['23170'],support=0.012,confidence=0.834,lift=47.277
2017-11-30 23:35:20: ['23170']->['23171'],support=0.012,confidence=0.705,lift=47.277
2017-11-30 23:35:20: ['23172']->['23170'],support=0.011,confidence=0.866,lift=49.093
2017-11-30 23:35:20: ['23171']->['23172'],support=0.011,confidence=0.731,lift=60.260
2017-11-30 23:35:20: ['23172']->['23171'],support=0.011,confidence=0.898,lift=60.260
2017-11-30 23:35:20: ['23170']->['22699'],support=0.011,confidence=0.611,lift=14.118
2017-11-30 23:35:20: ['23300']->['23301'],support=0.021,confidence=0.718,lift=20.116
2017-11-30 23:35:20: ['23343']->['23344'],support=0.013,confidence=0.664,lift=23.784
2017-11-30 23:35:20: ['23295']->['23293'],support=0.012,confidence=0.684,lift=31.793
2017-11-30 23:35:20: ['23296']->['23293'],support=0.010,confidence=0.680,lift=31.605
2017-11-30 23:35:20: ['22726', '22728']->['22727'],support=0.012,confidence=0.749,lift=17.955
2017-11-30 23:35:20: ['22727', '22728']->['22726'],support=0.012,confidence=0.658,lift=16.998
2017-11-30 23:35:20: ['21086']->['21080', '21094'],support=0.010,confidence=0.619,lift=43.341
2017-11-30 23:35:20: ['21080', '21086']->['21094'],support=0.010,confidence=0.895,lift=43.999
2017-11-30 23:35:20: ['21086', '21094']->['21080'],support=0.010,confidence=0.757,lift=19.848
2017-11-30 23:35:20: ['21080', '21094']->['21086'],support=0.010,confidence=0.716,lift=43.341
2017-11-30 23:35:20: ['22726', '22730']->['22727'],support=0.010,confidence=0.777,lift=18.611
2017-11-30 23:35:20: ['22727', '22730']->['22726'],support=0.010,confidence=0.692,lift=17.877
2017-11-30 23:35:20: ['20726', '22382']->['20725'],support=0.012,confidence=0.636,lift=10.238
2017-11-30 23:35:20: ['20726', '22384']->['20725'],support=0.011,confidence=0.713,lift=11.488
2017-11-30 23:35:20: ['22382', '22384']->['20725'],support=0.011,confidence=0.680,lift=10.950
2017-11-30 23:35:20: ['20727', '20728']->['20725'],support=0.013,confidence=0.616,lift=9.921
2017-11-30 23:35:20: ['20727', '22382']->['20725'],support=0.012,confidence=0.620,lift=9.984
2017-11-30 23:35:20: ['20727', '22383']->['20725'],support=0.014,confidence=0.615,lift=9.906
2017-11-30 23:35:20: ['20728', '22382']->['20725'],support=0.011,confidence=0.608,lift=9.790
2017-11-30 23:35:20: ['20725', '20728']->['22383'],support=0.013,confidence=0.607,lift=12.033
2017-11-30 23:35:20: ['20728', '22383']->['20725'],support=0.013,confidence=0.627,lift=10.096
2017-11-30 23:35:20: ['22382', '22383']->['20725'],support=0.013,confidence=0.618,lift=9.958
2017-11-30 23:35:20: ['20727', '22382']->['22383'],support=0.012,confidence=0.610,lift=12.100
2017-11-30 23:35:20: ['20728', '22382']->['22383'],support=0.012,confidence=0.620,lift=12.298
2017-11-30 23:35:20: ['22386', '85099C']->['85099B'],support=0.013,confidence=0.787,lift=9.542
2017-11-30 23:35:20: ['21929', '22411']->['85099B'],support=0.011,confidence=0.694,lift=8.423
2017-11-30 23:35:20: ['20712', '22386']->['21931'],support=0.011,confidence=0.647,lift=13.960
2017-11-30 23:35:20: ['20712', '21931']->['22386'],support=0.011,confidence=0.620,lift=13.045
2017-11-30 23:35:20: ['20712', '22411']->['21931'],support=0.011,confidence=0.705,lift=15.206
2017-11-30 23:35:20: ['20712', '21931']->['22411'],support=0.011,confidence=0.611,lift=13.334
2017-11-30 23:35:20: ['20712', '85099B']->['21931'],support=0.013,confidence=0.610,lift=13.148
2017-11-30 23:35:20: ['20712', '21931']->['85099B'],support=0.013,confidence=0.729,lift=8.842
2017-11-30 23:35:20: ['20712', '22386']->['85099B'],support=0.013,confidence=0.796,lift=9.654
2017-11-30 23:35:20: ['20712', '85099B']->['22386'],support=0.013,confidence=0.638,lift=13.414
2017-11-30 23:35:20: ['20712', '22411']->['85099B'],support=0.011,confidence=0.762,lift=9.238
2017-11-30 23:35:20: ['21928', '21931']->['85099B'],support=0.011,confidence=0.796,lift=9.651
2017-11-30 23:35:20: ['21928', '22386']->['85099B'],support=0.012,confidence=0.833,lift=10.109
2017-11-30 23:35:20: ['21928', '22411']->['85099B'],support=0.012,confidence=0.778,lift=9.435
2017-11-30 23:35:20: ['21930', '85099B']->['21931'],support=0.010,confidence=0.624,lift=13.459
2017-11-30 23:35:20: ['21930', '21931']->['85099B'],support=0.010,confidence=0.706,lift=8.561
2017-11-30 23:35:20: ['22386', '22411']->['21931'],support=0.012,confidence=0.657,lift=14.164
2017-11-30 23:35:20: ['21931', '22386']->['85099B'],support=0.016,confidence=0.803,lift=9.742
2017-11-30 23:35:20: ['21931', '22411']->['85099B'],support=0.015,confidence=0.745,lift=9.035
2017-11-30 23:35:20: ['21931', '85099C']->['85099B'],support=0.012,confidence=0.754,lift=9.149
2017-11-30 23:35:20: ['22386', '22411']->['85099B'],support=0.015,confidence=0.805,lift=9.767
2017-11-30 23:35:20: ['22386', '85099F']->['85099B'],support=0.011,confidence=0.802,lift=9.733
2017-11-30 23:35:20: ['22411', '85099C']->['85099B'],support=0.012,confidence=0.741,lift=8.984
2017-11-30 23:35:20: ['20719', '22355']->['20724'],support=0.013,confidence=0.734,lift=18.110
2017-11-30 23:35:20: ['20719', '20724']->['22355'],support=0.013,confidence=0.665,lift=19.235
2017-11-30 23:35:20: ['20724', '22355']->['20719'],support=0.013,confidence=0.661,lift=20.302
2017-11-30 23:35:20: ['20719', '22356']->['20724'],support=0.013,confidence=0.821,lift=20.255
2017-11-30 23:35:20: ['20719', '20724']->['22356'],support=0.013,confidence=0.643,lift=21.913
2017-11-30 23:35:20: ['20724', '22356']->['20719'],support=0.013,confidence=0.620,lift=19.042
2017-11-30 23:35:20: ['20719', '22356']->['22355'],support=0.011,confidence=0.741,lift=21.431
2017-11-30 23:35:20: ['20719', '22355']->['22356'],support=0.011,confidence=0.641,lift=21.828
2017-11-30 23:35:20: ['22355', '22356']->['20719'],support=0.011,confidence=0.708,lift=21.766
2017-11-30 23:35:20: ['20725', '22355']->['20724'],support=0.010,confidence=0.750,lift=18.500
2017-11-30 23:35:20: ['20724', '20725']->['22355'],support=0.010,confidence=0.657,lift=19.025
2017-11-30 23:35:20: ['22355', '22356']->['20724'],support=0.013,confidence=0.800,lift=19.733
2017-11-30 23:35:20: ['20724', '22356']->['22355'],support=0.013,confidence=0.631,lift=18.265
2017-11-30 23:35:20: ['20724', '22355']->['22356'],support=0.013,confidence=0.651,lift=22.185
2017-11-30 23:35:20: ['22383', '22384']->['20725'],support=0.013,confidence=0.708,lift=11.398
2017-11-30 23:35:20: ['22423', '22699']->['22697'],support=0.016,confidence=0.767,lift=18.800
2017-11-30 23:35:20: ['22423', '22697']->['22699'],support=0.016,confidence=0.795,lift=18.393
2017-11-30 23:35:20: ['20723', '22355']->['20724'],support=0.013,confidence=0.804,lift=19.828
2017-11-30 23:35:20: ['20723', '20724']->['22355'],support=0.013,confidence=0.686,lift=19.844
2017-11-30 23:35:20: ['20724', '22355']->['20723'],support=0.013,confidence=0.659,lift=23.247
2017-11-30 23:35:20: ['20723', '22356']->['20724'],support=0.013,confidence=0.859,lift=21.180
2017-11-30 23:35:20: ['20723', '20724']->['22356'],support=0.013,confidence=0.669,lift=22.812
2017-11-30 23:35:20: ['20724', '22356']->['20723'],support=0.013,confidence=0.624,lift=22.004
2017-11-30 23:35:20: ['20723', '22356']->['22355'],support=0.011,confidence=0.715,lift=20.681
2017-11-30 23:35:20: ['20723', '22355']->['22356'],support=0.011,confidence=0.653,lift=22.257
2017-11-30 23:35:20: ['22355', '22356']->['20723'],support=0.011,confidence=0.658,lift=23.212
2017-11-30 23:35:20: ['21929', '21931']->['85099B'],support=0.010,confidence=0.735,lift=8.916
2017-11-30 23:35:20: ['21929', '22386']->['85099B'],support=0.011,confidence=0.775,lift=9.407
2017-11-30 23:35:20: ['21931', 'DOT']->['85099B'],support=0.011,confidence=0.729,lift=8.845
2017-11-30 23:35:20: ['22386', 'DOT']->['85099B'],support=0.011,confidence=0.803,lift=9.740
2017-11-30 23:35:20: ['22411', 'DOT']->['85099B'],support=0.011,confidence=0.771,lift=9.357
2017-11-30 23:35:20: ['20726', '20727']->['22383'],support=0.010,confidence=0.604,lift=11.970
2017-11-30 23:35:20: ['22383', '22384']->['20727'],support=0.011,confidence=0.614,lift=12.288
2017-11-30 23:35:20: ['20727', '22384']->['20725'],support=0.014,confidence=0.662,lift=10.659
2017-11-30 23:35:20: ['22382', '22384']->['20727'],support=0.010,confidence=0.617,lift=12.343
2017-11-30 23:35:20: ['20712', 'DOT']->['21931'],support=0.010,confidence=0.720,lift=15.532
2017-11-30 23:35:20: ['21931', 'DOT']->['20712'],support=0.010,confidence=0.658,lift=19.551
2017-11-30 23:35:20: ['20712', 'DOT']->['85099B'],support=0.011,confidence=0.756,lift=9.174
2017-11-30 23:35:20: ['20719', '20723']->['20724'],support=0.013,confidence=0.804,lift=19.830
2017-11-30 23:35:20: ['20723', '20724']->['20719'],support=0.013,confidence=0.669,lift=20.566
2017-11-30 23:35:20: ['20719', '20724']->['20723'],support=0.013,confidence=0.647,lift=22.828
2017-11-30 23:35:20: ['20719', '20723']->['22355'],support=0.012,confidence=0.745,lift=21.562
2017-11-30 23:35:20: ['20723', '22355']->['20719'],support=0.012,confidence=0.727,lift=22.344
2017-11-30 23:35:20: ['20719', '22355']->['20723'],support=0.012,confidence=0.662,lift=23.370
2017-11-30 23:35:20: ['20719', '20723']->['22356'],support=0.010,confidence=0.647,lift=22.051
2017-11-30 23:35:20: ['20723', '22356']->['20719'],support=0.010,confidence=0.691,lift=21.233
2017-11-30 23:35:20: ['20719', '22356']->['20723'],support=0.010,confidence=0.665,lift=23.465
2017-11-30 23:35:20: ['20726', '20727']->['20725'],support=0.011,confidence=0.646,lift=10.403
2017-11-30 23:35:20: ['21928', '21929']->['85099B'],support=0.011,confidence=0.718,lift=8.713
2017-11-30 23:35:20: ['20728', '22384']->['20725'],support=0.013,confidence=0.641,lift=10.325
2017-11-30 23:35:20: ['20728', '22384']->['20727'],support=0.012,confidence=0.613,lift=12.268
2017-11-30 23:35:20: ['20726', '22383']->['20725'],support=0.012,confidence=0.693,lift=11.165
2017-11-30 23:35:20: ['20726', '20728']->['20725'],support=0.011,confidence=0.622,lift=10.018
2017-11-30 23:35:20: ['22382', '22384']->['20728'],support=0.010,confidence=0.617,lift=13.627
2017-11-30 23:35:20: ['22385', '22386']->['85099B'],support=0.010,confidence=0.777,lift=9.427
2017-11-30 23:35:20: ['22385', '85099B']->['22386'],support=0.010,confidence=0.613,lift=12.906
2017-11-30 23:35:20: ['22423', '22698']->['22697'],support=0.013,confidence=0.861,lift=21.090
2017-11-30 23:35:20: ['22423', '22697']->['22698'],support=0.013,confidence=0.668,lift=21.571
2017-11-30 23:35:20: ['22698']->['22697', '22699'],support=0.021,confidence=0.685,lift=22.614
2017-11-30 23:35:20: ['22698', '22699']->['22697'],support=0.021,confidence=0.894,lift=21.909
2017-11-30 23:35:20: ['22697', '22698']->['22699'],support=0.021,confidence=0.852,lift=19.714
2017-11-30 23:35:20: ['22697', '22699']->['22698'],support=0.021,confidence=0.700,lift=22.614
2017-11-30 23:35:20: ['22423', '22698']->['22699'],support=0.013,confidence=0.838,lift=19.386
2017-11-30 23:35:20: ['22423', '22699']->['22698'],support=0.013,confidence=0.628,lift=20.267
2017-11-30 23:35:20: ['22383', '23206']->['20725'],support=0.011,confidence=0.630,lift=10.143
2017-11-30 23:35:20: ['21931', '23199']->['85099B'],support=0.011,confidence=0.749,lift=9.090
2017-11-30 23:35:20: ['20727', '23206']->['20725'],support=0.011,confidence=0.655,lift=10.557
2017-11-30 23:35:20: ['20727', '23206']->['22383'],support=0.010,confidence=0.646,lift=12.807
2017-11-30 23:35:20: ['22386', '23199']->['85099B'],support=0.011,confidence=0.794,lift=9.633
2017-11-30 23:35:20: ['23199', '23200']->['23203'],support=0.010,confidence=0.659,lift=13.656
2017-11-30 23:35:20: ['23199', '23203']->['23200'],support=0.010,confidence=0.629,lift=27.078
2017-11-30 23:35:20: ['23200', '23203']->['23199'],support=0.010,confidence=0.728,lift=18.868
2017-11-30 23:35:20: ['23199', '23203']->['85099B'],support=0.010,confidence=0.620,lift=7.522
2017-11-30 23:35:20: ['23202', '85099B']->['23203'],support=0.011,confidence=0.693,lift=14.375
2017-11-30 23:35:20: ['22386', '22411', '85099B']->['21931'],support=0.010,confidence=0.708,lift=15.266
2017-11-30 23:35:20: ['21931', '22386', '85099B']->['22411'],support=0.010,confidence=0.647,lift=14.109
2017-11-30 23:35:20: ['21931', '22386', '22411']->['85099B'],support=0.010,confidence=0.868,lift=10.527
2017-11-30 23:35:20: ['21931', '22411', '85099B']->['22386'],support=0.010,confidence=0.688,lift=14.475
2017-11-30 23:35:20: ['20719', '20723']->['20724', '22355'],support=0.010,confidence=0.640,lift=32.487
2017-11-30 23:35:20: ['20723', '22355']->['20719', '20724'],support=0.010,confidence=0.624,lift=31.897
2017-11-30 23:35:20: ['20719', '20723', '22355']->['20724'],support=0.010,confidence=0.859,lift=21.178
2017-11-30 23:35:20: ['20719', '20723', '20724']->['22355'],support=0.010,confidence=0.796,lift=23.027
2017-11-30 23:35:20: ['20723', '20724', '22355']->['20719'],support=0.010,confidence=0.777,lift=23.866
2017-11-30 23:35:20: ['20719', '20724', '22355']->['20723'],support=0.010,confidence=0.774,lift=27.328
2017-11-30 23:35:20: ['22423', '22698']->['22697', '22699'],support=0.012,confidence=0.754,lift=24.900
2017-11-30 23:35:20: ['22423', '22698', '22699']->['22697'],support=0.012,confidence=0.899,lift=22.031
2017-11-30 23:35:20: ['22423', '22697', '22698']->['22699'],support=0.012,confidence=0.876,lift=20.251
2017-11-30 23:35:20: ['22423', '22697', '22699']->['22698'],support=0.012,confidence=0.735,lift=23.750
2017-11-30 23:35:20: Serial apriori took 0:01:24.840853
