23231 (1.00386)
M (1.99614)
21498 (1.30502)
23147 (1.03089)
22690 (1.11969)
21937 (1.00386)
21340 (1.14672)
23254 (1.18533)
22303 (1.04633)
23503 (1.30116)
22846 (1.14286)
20749 (1.50193)
22840 (1.10425)
22622 (1.05019)
23110 (1.09266)
20750 (1.50193)
21259 (1.13514)
21533 (1.35135)
21756 (1.04633)
20970 (1.01931)
84997A (1.01544)
22432 (1.08494)
23332 (1.11197)
84997C (1.30502)
23118 (1.07336)
21535 (1.38996)
22030 (1.06178)
22089 (1.05405)
72741 (1.1583)
22971 (1.0695)
23108 (1.50579)
23126 (1.14672)
23052 (1.07722)
22970 (1.23552)
22768 (1.10039)
23582 (1.01158)
23076 (1.07722)
23080 (1.01931)
85014A (1.07722)
21136 (1.44015)
21136 84879 (1.00386)
22191 (1.66409)
22192 (1.44015)
48188 (1.11969)
84949 (1.25483)
15056BL (1.25869)
84406B (1.13127)
22847 (1.57915)
POST (4.8417)
21770 (1.50193)
23323 (1.14672)
23082 (1.16988)
47590B (1.53668)
47590B 47590A (1.01931)
23144 (1.0695)
23320 (1.29344)
22435 (1.03475)
21428 (1.03475)
20679 (1.27027)
22087 (1.30502)
22563 (1.0888)
85048 (1.09266)
22569 (1.35907)
47590A (1.51737)
21242 (1.18919)
23078 (1)
20983 (1.04633)
22274 (1.03861)
21380 (1.12355)
23192 (1.33977)
21164 (1.09266)
20992 (1.0695)
22784 (1.26641)
47566B (1.44788)
22151 (1.30116)
48184 (1.59846)
22193 (1.81081)
22170 (1.04247)
22333 (1.27027)
22896 (1.11969)
23109 (1.03861)
23238 (1.0888)
23077 (1.33977)
21326 (1.33205)
85049G (1.00386)
22084 (1.72587)
22296 (1.23166)
21122 (1.33977)
23229 (1.00772)
23256 (1.45174)
84945 (1.41313)
21907 (1.42857)
21240 (1.27413)
22904 (1.05019)
23169 (1.35135)
22431 (1.30888)
21670 (1.47876)
22605 (1.18147)
22667 (1.87645)
22991 (1.08108)
22607 (1.39768)
23112 (1.00386)
23191 (1.09266)
20675 (1.25097)
22171 (1.54826)
21257 (1.03475)
21121 (1.4749)
20982 (1)
21239 (1.19305)
22845 (1.25483)
22637 (1.3668)
23174 (1.30888)
48185 (1.42471)
22271 (1.17375)
22632 (1.55212)
22940 (1.25869)
21989 (1.29344)
22301 (1.02703)
22596 (1.03475)
84997B (1.44015)
22570 (1.52124)
22721 (1.14672)
22980 (1.14672)
21673 (1.44788)
23583 (1.25869)
21671 (1.47876)
84050 (1.00772)
22895 (1.10039)
22627 (1.45946)
21217 (1.35521)
21179 (1.03861)
22561 (1.6834)
23439 (1.53282)
22294 (1.16602)
22751 (1.12355)
23165 (1.15058)
22273 (1.2973)
20677 (1.28958)
20969 (1.18533)
22427 (2.01931)
21078 (1.21236)
22487 (1.72201)
23175 (1.32046)
23356 (1.84556)
23581 (1.32046)
23236 (1.32819)
22158 (1.20463)
82483 (2.26255)
82483 82486 (1.11583)
22429 (1.51351)
22534 (1.01158)
22492 (1.50579)
22729 (1.78764)
22729 22727 (1.19691)
22729 22726 (1.0695)
22898 (1.40927)
22508 (1.1583)
21238 (1.52896)
23319 (1.57915)
22652 (1.82625)
21672 (1.60618)
84987 (1.30116)
21621 (1.86486)
22505 (1.22008)
71459 (1.74131)
20975 (1.42857)
21156 (1.41313)
22644 (1.08494)
20974 (1.38224)
47559B (1.11969)
23247 (1.21236)
23177 (1.05019)
22079 (1.25869)
21980 (1.1583)
22899 (1.22394)
48187 (2.32432)
22179 (1.139)
21108 (1.02317)
21669 (1.67954)
23350 (1.18533)
23234 (1.09266)
21868 (1.2278)
71053 (1.32046)
22750 (1.60232)
22499 (1.57915)
23000 (1.0888)
22723 (1.14672)
23296 (1.48263)
23296 23293 (1.00772)
82486 (2.41699)
22844 (1.63707)
22992 (1.37452)
84997D (1.83784)
23306 (1.09266)
22668 (1.34363)
22041 (1.40927)
84947 (1.37838)
22693 (1.18533)
20754 (1.18147)
22617 (1.85714)
22617 22138 (1.29344)
21507 (1.01931)
23354 (1.25483)
21116 (1)
21137 (1.47104)
22776 (2.22394)
23570 (1.06564)
23103 (1.42085)
23311 (1.34363)
23173 (1.65637)
48138 (2.40541)
85014B (1.35907)
22766 (2.00772)
22941 (1.27799)
82552 (1.40541)
22989 (1.45174)
22147 (1.89189)
22665 (1.43243)
84029E (1.69112)
22633 (1.88031)
21668 (1.72587)
22028 (1.02317)
23188 (1.2973)
23172 (1.21236)
23172 23171 (1.0888)
23172 23170 (1.05019)
21034 (3.37452)
22131 (1.12741)
71477 (1.35521)
22746 (1.27413)
22746 22748 (1.01544)
22746 22745 (1.01158)
21509 (1.05792)
23318 (1.47876)
22908 (1.4556)
21506 (1.25097)
23196 (1.16602)
23240 (2.13514)
22670 (1.16988)
21703 (1.1583)
23534 (1.00772)
23367 (1.09266)
22327 (1.139)
22716 (1.11197)
21430 (1.88803)
84030E (1.2973)
21524 (1.86486)
22413 (1.60232)
22851 (1.35907)
22380 (1.12741)
22749 (1.73359)
22464 (1.40154)
22418 (1.25869)
23313 (1.55598)
22488 (1.63707)
15056N (1.78764)
22737 (1.00772)
85066 (2.10039)
21169 (1.76062)
22113 (2.18147)
22568 (1.84942)
23294 (1.38224)
21877 (1.40541)
21843 (2.2471)
84832 (1.04247)
20978 (1.01931)
47591D (1.70656)
22169 (1.50193)
22964 (1.48649)
21874 (1.16602)
21899 (1.09653)
22560 (1.50579)
22501 (1.82239)
22424 (1.81853)
22358 (1)
85053 (1.27799)
22795 (1.43629)
21086 (1.65251)
21086 21094 (1.35135)
21086 21094 21080 (1.02317)
21086 21080 (1.14286)
23275 (1.27027)
22798 (1.09653)
22725 (1.7027)
22725 22727 (1.14286)
22725 22726 (1.07336)
82581 (1.58301)
82581 82580 (1.13514)
22995 (1.03861)
22692 (1.73745)
22979 (1.49035)
22507 (1.79151)
21216 (1.69884)
22752 (1.48649)
23168 (1.37066)
23184 (1.03475)
23265 (1.139)
82582 (1.70656)
22791 (1.37452)
21218 (1.56371)
22156 (1.03861)
22142 (1.47104)
23351 (1.37838)
84836 (2.07336)
21484 (1.56371)
21888 (1.49421)
21901 (1.19691)
22149 (2.16216)
82578 (1.18147)
21155 (1.92278)
21033 (1.18533)
22646 (1.54826)
48194 (2.2973)
22645 (1.37452)
22834 (1.44788)
21429 (1.15444)
23322 (2.21236)
23322 23321 (1.15444)
23353 (1.27027)
22661 (1.61776)
21172 (1.82239)
22456 (1.96139)
82600 (2.12741)
23321 (2.44402)
22602 (1.06178)
23266 (1.23552)
22730 (2.25097)
22730 22728 (1.07722)
22730 22727 (1.4556)
22730 22727 22726 (1.00772)
22730 22726 (1.2973)
22082 (1.58687)
22631 (1.55212)
22208 (1.0888)
23243 (1.94981)
23243 22720 (1.0695)
22556 (2.24324)
22556 22551 (1.04247)
22556 22554 (1.09266)
23349 (1.30888)
21974 (1.41699)
22804 (1.86486)
22804 85123A (1.30888)
22579 (1.32432)
22579 22578 (1.0888)
23264 (1.1583)
82484 (2.68726)
22110 (1.08108)
20979 (1.3166)
21210 (1.7722)
21755 (2.43629)
21755 21754 (1.14672)
20676 (1.74131)
22585 (1.53668)
21329 (1.10811)
23205 (1.83398)
22189 (2.04247)
21523 (1.94981)
22654 (1.32046)
23208 (2.59459)
23208 23207 (1.0888)
23208 23209 (1.32046)
23208 23206 (1.40154)
23208 22382 (1.02703)
23208 22383 (1.14672)
23208 20727 (1.13514)
23208 20725 (1.18533)
22962 (1.40154)
23295 (1.73359)
23295 23293 (1.18533)
21385 (1.2278)
22771 (1.71815)
21558 (1.60618)
22297 (1.45946)
22502 (1.84556)
21871 (1.42471)
22328 (2.30502)
22328 22326 (1.20849)
22963 (1.23166)
23493 (1.6139)
85049A (1.25097)
22027 (1.40927)
21035 (1.52896)
85150 (1.86486)
84077 (2.08494)
22734 (1.67181)
23171 (1.49035)
23171 23170 (1.24324)
22037 (1.3668)
84029G (1.79151)
21985 (1.64865)
35970 (1.78764)
22555 (2.00386)
22625 (2.20463)
22625 22624 (1.16602)
84755 (2.44402)
22738 (1.0695)
22361 (1.06564)
22754 (1.02703)
23241 (1.42085)
22227 (1.12355)
22748 (1.69884)
22748 22745 (1.21236)
22712 (1.22008)
22150 (1.82239)
22694 (1.57915)
21981 (1.05019)
23308 (1.4749)
21936 (2.09653)
21976 (1.5251)
21916 (1.38996)
22816 (1.02703)
21912 (1.53668)
23355 (3.05019)
23355 22114 (1.02317)
23355 22112 (1.04633)
21891 (1.67181)
21485 (2.43629)
21485 22111 (1.03089)
82551 (1.37066)
23284 (2.85328)
21165 (1.74517)
22745 (1.64479)
22417 (2.01544)
22417 21212 (1.16216)
20685 (2.71815)
21733 (2.9112)
21733 85123A (1.90734)
20711 (2.05405)
20711 22386 (1.0888)
20711 20712 (1.11583)
20711 22411 (1.02703)
20711 21931 (1.15058)
20711 DOT (1.05405)
20711 85099B (1.34363)
21481 (1.91892)
22663 (1.74517)
22663 85099B (1.06564)
23170 (1.76448)
23170 22699 (1.07722)
22352 (1.89575)
22988 (1.66023)
22381 (1.83784)
22381 22379 (1.06178)
23207 (2.90734)
23207 23201 (1.00772)
23207 23209 (1.15444)
23207 23206 (1.4556)
23207 20728 (1.10425)
23207 22382 (1.18533)
23207 22383 (1.25097)
23207 20727 (1.17761)
23207 20725 (1.21236)
23263 (1.73745)
22996 (1.59073)
21876 (1.3166)
21479 (1.94595)
21918 (1.44402)
85152 (2.6332)
85152 21166 (1.14672)
85152 21175 (1.13514)
22624 (2.79537)
21933 (1.59846)
21933 21932 (1.08108)
23343 (1.88417)
23343 23344 (1.25097)
22983 (1.72201)
23328 (1.58301)
23293 (2.15058)
84970L (1.76834)
22549 (1.37452)
22998 (2.10425)
79321 (2.59846)
22866 (2.15444)
22866 22867 (1.10425)
22866 22865 (1.29344)
20973 (1.38996)
84032B (1)
22900 (2.10039)
20971 (2.03089)
20971 20972 (1.04633)
22109 (1.16602)
21908 (1.81853)
22759 (1.64865)
22367 (2.17375)
22173 (1.93822)
85199S (1.01158)
22212 (1.57143)
85049E (1.58687)
22595 (1.81081)
16237 (1.12355)
22739 (1.23166)
22348 (1.3861)
23204 (2.28185)
23204 23206 (1.11197)
23204 20723 (1)
23204 22355 (1.17375)
23204 20719 (1.12741)
23204 20724 (1.27799)
20717 (1.59846)
22141 (1.77992)
22141 22144 (1.07336)
21932 (1.73359)
21328 (1.33591)
22867 (2.16988)
22867 22865 (1.20463)
22662 (2.66409)
22662 22384 (1.02703)
22662 20726 (1.10039)
22662 20728 (1.0695)
22662 22382 (1.49807)
22662 22383 (1.30888)
22662 20727 (1.16602)
22662 20725 (1.38224)
22111 (3.00386)
22111 22112 (1.20463)
21754 (3.03861)
21166 (2.83784)
21166 21181 (1.18147)
21166 21175 (1.28185)
22619 (1.72973)
22161 (1.3166)
22951 (1.70656)
21181 (3.32819)
21181 21175 (1.16602)
21559 (2.25869)
21094 (2.03475)
21094 21080 (1.42857)
21900 (1.44788)
21975 (2.33205)
21975 84991 (1.00386)
21975 21212 (1.23552)
82583 (2.41313)
82567 (1.12741)
22174 (1.23938)
22419 (1.05405)
23182 (1.69498)
22385 (2.67181)
22385 22386 (1.3166)
22385 22386 85099B (1.02317)
22385 20712 (1.12741)
22385 22411 (1.06178)
22385 21931 (1.33977)
22385 85099B (1.66795)
21154 (1.75676)
84970S (2.09653)
22467 (2.75676)
23198 (1.88803)
22577 (2.0888)
22577 22578 (1.50193)
23200 (2.32432)
23200 23202 (1.21622)
23200 23203 (1.43243)
23200 23203 23199 (1.04247)
23200 23199 (1.58301)
23200 85099B (1.13514)
23309 (1.58687)
21915 (2.59073)
21915 21914 (1.22008)
22195 (1.44402)
84536A (1.32046)
22819 (1.04247)
84347 (1.74903)
22557 (2.20077)
22865 (2.57529)
22578 (1.99228)
22378 (1.13514)
21982 (1.38996)
82494L (3.59459)
82494L 82482 (1.97297)
82494L 85123A (1.22394)
84375 (2.00772)
20972 (2.3861)
22114 (2.51737)
22114 22112 (1.2973)
22114 22835 (1.02703)
22815 (1.03475)
22138 (3.71042)
22138 22139 (1)
22616 (1.98842)
21213 (2.56371)
21213 21212 (1.44015)
22551 (2.62934)
22551 22554 (1.32046)
21914 (2.33591)
20718 (2.23938)
20718 85099B (1.11969)
22489 (1.71815)
22969 (2.5251)
22553 (2.19305)
84988 (1.98069)
22112 (3.34363)
22112 22835 (1.5251)
21892 (1.59846)
22144 (2.11197)
21174 (2.0888)
22326 (2.89189)
84992 (2.38996)
84992 84991 (1.07336)
84992 21212 (1.16988)
22029 (2.03861)
22371 (1.56371)
22835 (2.55985)
22470 (3.64479)
22470 22469 (1.90734)
22470 85123A (1.32046)
22083 (2.37452)
22907 (2.61004)
84978 (2.92664)
21231 (2.0695)
21231 21232 (1.33977)
22620 (1.87645)
23298 (4.4749)
23298 47566 (1.88031)
22966 (2.60232)
84879 (5.66795)
84879 22423 (1.04247)
84879 85123A (1.25097)
84596F (1.6834)
84596F 84596B (1.35135)
22090 (3.11197)
22621 (2.3668)
22817 (1.11969)
23202 (3.42085)
23202 23201 (1.2278)
23202 23209 (1.139)
23202 23203 (2)
23202 23203 85099B (1.14286)
23202 23199 (1.41313)
23202 22411 (1)
23202 21931 (1.03475)
23202 85099B (1.64865)
21930 (2.73359)
21930 85099C (1.02317)
21930 22386 (1.27799)
21930 20712 (1.07722)
21930 22411 (1.16216)
21930 20727 (1.00772)
21930 21931 (1.41699)
21930 21931 85099B (1)
21930 85099B (1.60232)
23344 (2.79151)
23344 23203 (1.00772)
23344 22086 (1.00386)
15036 (2.01931)
22139 (3.79537)
22554 (2.73745)
22909 (2.38224)
22909 22952 (1.05405)
21889 (2.27799)
21175 (3.15444)
21791 (2.35907)
21791 21790 (1.32046)
22659 (2.79923)
22659 22629 (1.03089)
21928 (3.15058)
21928 85099C (1.19691)
21928 21929 (1.54826)
21928 21929 85099B (1.11197)
21928 22386 (1.48263)
21928 22386 85099B (1.23552)
21928 20712 (1.06564)
21928 22411 (1.56371)
21928 22411 85099B (1.21622)
21928 21931 (1.37838)
21928 21931 85099B (1.09653)
21928 DOT (1.00386)
21928 85099B (2.10811)
22728 (3.08494)
22728 22727 (1.8417)
22728 22727 22726 (1.21236)
22728 22726 (1.61776)
23201 (3.55212)
23201 22386 (1.05405)
23201 23203 (1.44402)
23201 23199 (1.52896)
23201 21931 (1.139)
23201 85099B (1.62162)
20713 (2.60232)
20713 85099C (1.00386)
20713 22386 (1.0888)
20713 20712 (1.09266)
20713 22411 (1.01544)
20713 21931 (1.23166)
20713 85099B (1.52124)
22952 (2.40541)
22952 22086 (1.05405)
21494 (1.21236)
85099F (3.20463)
85099F 85099C (1.03861)
85099F 21929 (1.08108)
85099F 22386 (1.34749)
85099F 22386 85099B (1.08108)
85099F 21931 (1.18919)
85099F 85099B (2.10425)
22196 (1.83784)
23307 (2.44788)
22698 (3.09653)
22698 22699 (2.37066)
22698 22699 22697 (2.11969)
22698 22699 22697 22423 (1.16988)
22698 22699 22423 (1.30116)
22698 22697 (2.48649)
22698 22697 22423 (1.33591)
22698 22423 (1.55212)
23209 (4.28571)
23209 23206 (1.70656)
23209 22384 (1.33205)
23209 20726 (1.14672)
23209 20728 (1.15444)
23209 22382 (1.32432)
23209 23203 (1.94981)
23209 23199 (1.02317)
23209 22383 (1.41313)
23209 20727 (1.44788)
23209 20725 (1.79151)
23209 85099B (1.21622)
22722 (3.27413)
22722 22720 (1.59073)
22722 22960 (1.04247)
23300 (2.95367)
23300 23301 (2.11969)
20914 (3.52896)
22910 (3.21236)
22910 22086 (2.14286)
84032A (1.21622)
22558 (3.02317)
84596B (2.01931)
84378 (2.66023)
84378 84380 (1.20849)
22727 (4.17375)
22727 22726 (2.49421)
22727 22423 (1.09266)
84380 (2.68726)
22629 (3.50579)
22629 22630 (2.07722)
23206 (4.05019)
23206 22384 (1.35521)
23206 20726 (1.43243)
23206 20728 (1.42085)
23206 22382 (1.5251)
23206 23203 (1.18147)
23206 23199 (1.41313)
23206 22383 (1.74131)
23206 22383 20727 (1.03475)
23206 22383 20725 (1.09653)
23206 20727 (1.60232)
23206 20727 20725 (1.05019)
23206 20724 (1.05405)
23206 20725 (1.89189)
23206 85099B (1.15444)
21314 (2.24324)
22219 (2.11583)
85099C (3.65637)
85099C 21929 (1.0695)
85099C 22386 (1.61004)
85099C 22386 85099B (1.26641)
85099C 23199 (1.11197)
85099C 20712 (1.17761)
85099C 22411 (1.63707)
85099C 22411 85099B (1.21236)
85099C 21931 (1.6332)
85099C 21931 85099B (1.23166)
85099C 20725 (1.00772)
85099C DOT (1.05019)
85099C 85099B (2.28958)
23084 (3.95753)
82482 (4.3166)
82482 85123A (1.43629)
82482 85099B (1.10039)
23245 (3.51351)
23245 22720 (1.0888)
23245 22423 (1.20849)
84692 (2.27799)
21929 (3.3861)
21929 22386 (1.47876)
21929 22386 85099B (1.14672)
21929 20712 (1.08108)
21929 22411 (1.62934)
21929 22411 85099B (1.13127)
21929 21931 (1.41313)
21929 21931 85099B (1.03861)
21929 85099B (2.01544)
22384 (4.28571)
22384 20726 (1.54826)
22384 20726 20725 (1.10425)
22384 20728 (1.95753)
22384 20728 22382 (1.02703)
22384 20728 22383 (1.04247)
22384 20728 20727 (1.20077)
22384 20728 20725 (1.25483)
22384 22386 (1.16602)
22384 22382 (1.66409)
22384 22382 20727 (1.02703)
22384 22382 20725 (1.13127)
22384 22383 (1.82239)
22384 22383 20727 (1.11969)
22384 22383 20725 (1.28958)
22384 20727 (2.11197)
22384 20727 20725 (1.39768)
22384 20724 (1.07336)
22384 20725 (2.3668)
22384 85099B (1.42085)
82580 (2.4556)
21990 (1.41699)
21992 (1.68726)
20723 (2.83398)
20723 20728 (1.03475)
20723 22356 (1.4749)
20723 22356 22355 (1.05405)
20723 22356 20719 (1.01931)
20723 22356 20724 (1.26641)
20723 20727 (1.09266)
20723 22355 (1.6139)
20723 22355 20719 (1.17375)
20723 22355 20719 20724 (1.00772)
20723 22355 20724 (1.2973)
20723 20719 (1.57529)
20723 20719 20724 (1.26641)
20723 20724 (1.89189)
20723 20725 (1.17375)
20723 85099B (1.04247)
20726 (4.00386)
20726 20728 (1.75676)
20726 20728 22382 (1.01931)
20726 20728 22383 (1)
20726 20728 20725 (1.09266)
20726 22382 (1.86486)
20726 22382 22383 (1.00772)
20726 22382 20727 (1.01544)
20726 22382 20725 (1.18533)
20726 22383 (1.74903)
20726 22383 20727 (1.04633)
20726 22383 20725 (1.21236)
20726 20727 (1.73359)
20726 20727 20725 (1.11969)
20726 20719 (1.08494)
20726 20724 (1.01544)
20726 20725 (2.05405)
20726 85099B (1.13127)
20728 (4.52896)
20728 22382 (1.88031)
20728 22382 22383 (1.16602)
20728 22382 20727 (1.10425)
20728 22382 20725 (1.14286)
20728 22383 (2.10039)
20728 22383 20727 (1.21622)
20728 22383 20725 (1.3166)
20728 20727 (2.03089)
20728 20727 20725 (1.25097)
20728 22355 (1.05792)
20728 20719 (1.02703)
20728 20724 (1.18533)
20728 20725 (2.16988)
20728 85099B (1.26255)
84991 (3.2278)
84991 21977 (1.3668)
84991 21212 (1.76834)
21080 (3.81467)
21080 21212 (1.16602)
21080 85099B (1.10811)
22726 (3.87259)
23301 (3.56757)
22386 (4.7529)
22386 23203 (1.24324)
22386 23199 (1.42471)
22386 23199 85099B (1.13127)
22386 20712 (1.66409)
22386 20712 21931 (1.07722)
22386 20712 85099B (1.32432)
22386 22379 (1.15444)
22386 22383 (1.02703)
22386 22411 (1.82239)
22386 22411 21931 (1.19691)
22386 22411 21931 85099B (1.03861)
22386 22411 85099B (1.46718)
22386 21931 (2)
22386 21931 85099B (1.60618)
22386 20725 (1.25097)
22386 DOT (1.33205)
22386 DOT 85099B (1.0695)
22386 85099B (3.21622)
22382 (4.51737)
22382 22383 (2.07336)
22382 22383 20727 (1.20849)
22382 22383 20725 (1.28185)
22382 20727 (1.98069)
22382 20727 20725 (1.2278)
22382 20724 (1.11969)
22382 20725 (2.17375)
22382 85099B (1.09653)
23203 (4.82239)
23203 23199 (1.65637)
23203 23199 85099B (1.02703)
23203 22411 (1.22394)
23203 20727 (1.03475)
23203 21931 (1.21622)
23203 20725 (1.25869)
23203 85099B (2.2471)
23199 (3.85714)
23199 20712 (1.17375)
23199 22411 (1.2973)
23199 21931 (1.46332)
23199 21931 85099B (1.09653)
23199 20725 (1.05405)
23199 85099B (2.14286)
20712 (3.3668)
20712 22379 (1.05792)
20712 22411 (1.50579)
20712 22411 21931 (1.06178)
20712 22411 85099B (1.14672)
20712 21931 (1.73745)
20712 21931 DOT (1.00386)
20712 21931 85099B (1.26641)
20712 DOT (1.39382)
20712 DOT 85099B (1.05405)
20712 85099B (2.07722)
21934 (1.59073)
21977 (3.37838)
21977 21212 (1.67181)
22630 (3.32046)
22356 (2.93436)
22356 20727 (1.05019)
22356 22355 (1.60232)
22356 22355 20719 (1.13514)
22356 22355 20724 (1.28185)
22356 20719 (1.53282)
22356 20719 20724 (1.25869)
22356 20724 (2.03089)
22356 20725 (1.18533)
22356 21212 (1.00772)
22356 85099B (1.09266)
84946 (3.59846)
84946 22178 (1.01931)
21993 (1.64479)
21232 (3.42857)
22379 (2.90734)
22379 21931 (1.14286)
22379 DOT (1.30502)
22379 85099B (1.60232)
22178 (4.10039)
22178 85123A (1.0695)
22383 (5.04247)
22383 22411 (1.01931)
22383 20727 (2.26641)
22383 20727 20725 (1.39382)
22383 22355 (1.29344)
22383 20719 (1.05792)
22383 21931 (1.40927)
22383 47566 (1.10425)
22383 20724 (1.24324)
22383 20725 (2.55985)
22383 22197 (1.05019)
22383 85123A (1.05405)
22383 85099B (1.57143)
22077 (3.71042)
22993 (4.17761)
22993 22720 (1.15058)
22993 22960 (1.19691)
22993 22666 (1.06564)
22993 22961 (1.07336)
22993 85099B (1.02703)
22411 (4.58301)
22411 21931 (2.02703)
22411 21931 85099B (1.50965)
22411 20725 (1.10811)
22411 DOT (1.40154)
22411 DOT 85099B (1.08108)
22411 85099B (2.63707)
22469 (4.68726)
22469 22457 (1.14672)
22469 85123A (1.45174)
21731 (3.32432)
21731 DOT (1.20849)
21731 85099B (1.15058)
20727 (5)
20727 22355 (1.18147)
20727 20719 (1.10425)
20727 21931 (1.09266)
20727 20724 (1.3668)
20727 20725 (2.50193)
20727 21212 (1.08494)
20727 22197 (1)
20727 85123A (1.01931)
20727 85099B (1.48263)
21790 (3.58687)
22086 (4.51737)
22355 (3.4556)
22355 20719 (1.7722)
22355 20719 20724 (1.30116)
22355 21931 (1.09266)
22355 20724 (1.96911)
22355 20724 20725 (1.00772)
22355 20725 (1.34363)
22355 21212 (1.06564)
22355 85099B (1.26641)
22699 (4.32432)
22699 22697 (3.02703)
22699 22697 22423 (1.59073)
22699 22423 (2.07336)
22699 DOT (1.10811)
20719 (3.25483)
20719 20724 (1.95753)
20719 20725 (1.20849)
20719 21212 (1.08108)
20719 22423 (1.00386)
20719 85099B (1.16602)
21935 (2.05019)
21935 DOT (1.2973)
21935 85099B (1.0888)
21931 (4.63707)
21931 20724 (1.07722)
21931 20725 (1.32819)
21931 22197 (1.06178)
21931 DOT (1.5251)
21931 DOT 85099B (1.11197)
21931 85099B (2.83012)
47566 (6.58687)
47566 20724 (1.03475)
47566 20725 (1.2471)
47566 21212 (1.18147)
47566 22423 (1.53668)
47566 85123A (1.50965)
47566 85099B (1.28185)
20724 (4.05405)
20724 20725 (1.53282)
20724 21212 (1.24324)
20724 22197 (1.03861)
20724 85099B (1.67181)
22697 (4.08108)
22697 22960 (1.01158)
22697 22423 (2)
22697 DOT (1.27799)
22697 85099B (1.04633)
22720 (5.64479)
22720 22960 (1.48649)
22720 22666 (1.53668)
22720 22961 (1.34363)
22720 22423 (1.23552)
22720 85123A (1.16602)
22720 85099B (1.18919)
22960 (4.71042)
22960 22666 (1.32046)
22960 22961 (1.83398)
22960 21212 (1.03089)
22960 22423 (1.12355)
22960 85099B (1.11583)
22457 (4.88803)
22457 DOT (1.11969)
22457 85123A (1.5251)
22457 85099B (1.23166)
22666 (4.49421)
22666 22961 (1.27799)
22666 21212 (1.04633)
22666 22423 (1.16216)
22666 85123A (1.05405)
22666 85099B (1.11583)
22961 (4.53282)
22961 21212 (1.06178)
22961 22197 (1.01544)
22961 22423 (1.14286)
22961 DOT (1.14286)
22961 85099B (1.20463)
20725 (6.20849)
20725 21212 (1.35907)
20725 22197 (1.18147)
20725 22423 (1.07336)
20725 85123A (1.27799)
20725 85099B (2.27027)
21212 (5.15058)
21212 22197 (1.16602)
21212 22423 (1.3861)
21212 85123A (1.02703)
21212 85099B (1.28571)
22197 (5.56757)
22197 22423 (1.04633)
22197 DOT (1.23552)
22197 85123A (1.20077)
22197 85099B (1.55985)
22423 (8.3861)
22423 85123A (1.37066)
22423 85099B (1.11197)
DOT (2.74131)
DOT 85099B (1.87259)
85123A (8.67181)
85123A 85099B (1.55985)
85099B (8.24324)
