84879 <- 21136 (1.44015, 69.7051)
47590A <- 47590B (1.53668, 66.3317)
47590B <- 47590A (1.51737, 67.1756)
22727 <- 22729 (1.78764, 66.9546)
23293 <- 23296 (1.48263, 67.9688)
22138 <- 22617 (1.85714, 69.6466)
23171 <- 23172 (1.21236, 89.8089)
23172 <- 23171 (1.49035, 73.057)
23170 <- 23172 (1.21236, 86.6242)
22748 <- 22746 (1.27413, 79.697)
22745 <- 22746 (1.27413, 79.3939)
22746 <- 22745 (1.64479, 61.5023)
21080 <- 21086 21094 (1.35135, 75.7143)
21094 <- 21086 21080 (1.14286, 89.527)
21086 <- 21094 21080 (1.42857, 71.6216)
21094 <- 21086 (1.65251, 81.7757)
21086 <- 21094 (2.03475, 66.4137)
21080 <- 21086 (1.65251, 69.1589)
22727 <- 22725 (1.7027, 67.1202)
22726 <- 22725 (1.7027, 63.0385)
82580 <- 82581 (1.58301, 71.7073)
22726 <- 22730 22727 (1.4556, 69.2308)
22727 <- 22730 22726 (1.2973, 77.6786)
22727 <- 22730 (2.25097, 64.6655)
85123A <- 22804 (1.86486, 70.1863)
22578 <- 22579 (1.32432, 82.2157)
23293 <- 23295 (1.73359, 68.3742)
23170 <- 23171 (1.49035, 83.4197)
23171 <- 23170 (1.76448, 70.4595)
22745 <- 22748 (1.69884, 71.3636)
22748 <- 22745 (1.64479, 73.7089)
85123A <- 21733 (2.9112, 65.5172)
85099B <- 20711 (2.05405, 65.4135)
85099B <- 22663 (1.74517, 61.0619)
22699 <- 23170 (1.76448, 61.0503)
21932 <- 21933 (1.59846, 67.6329)
21933 <- 21932 (1.73359, 62.3608)
23344 <- 23343 (1.88417, 66.3934)
22865 <- 22866 (2.15444, 60.0358)
22144 <- 22141 (1.77992, 60.3037)
21080 <- 21094 (2.03475, 70.2087)
85099B <- 22385 22386 (1.3166, 77.7126)
22386 <- 22385 85099B (1.66795, 61.3426)
85099B <- 22385 (2.67181, 62.4277)
22578 <- 22577 (2.0888, 71.9039)
22577 <- 22578 (1.99228, 75.3876)
23199 <- 23200 23203 (1.43243, 72.7763)
23203 <- 23200 23199 (1.58301, 65.8537)
23200 <- 23203 23199 (1.65637, 62.9371)
23203 <- 23200 (2.32432, 61.6279)
23199 <- 23200 (2.32432, 68.1063)
21232 <- 21231 (2.0695, 64.7388)
84596B <- 84596F (1.6834, 80.2752)
84596F <- 84596B (2.01931, 66.9216)
23203 <- 23202 85099B (1.64865, 69.3208)
85099B <- 21930 21931 (1.41699, 70.5722)
21931 <- 21930 85099B (1.60232, 62.4096)
85099B <- 21928 21929 (1.54826, 71.8204)
85099B <- 21928 22386 (1.48263, 83.3333)
85099B <- 21928 22411 (1.56371, 77.7778)
85099B <- 21928 21931 (1.37838, 79.5518)
85099B <- 21928 (3.15058, 66.9118)
22726 <- 22728 22727 (1.8417, 65.8281)
22727 <- 22728 22726 (1.61776, 74.9403)
85099B <- 85099F 22386 (1.34749, 80.2292)
85099B <- 85099F (3.20463, 65.6627)
22697 <- 22698 22699 22423 (1.30116, 89.911)
22699 <- 22698 22697 22423 (1.33591, 87.5723)
22698 <- 22699 22697 22423 (1.59073, 73.5437)
22697 <- 22698 22699 (2.37066, 89.4137)
22699 <- 22698 22697 (2.48649, 85.2484)
22698 <- 22699 22697 (3.02703, 70.0255)
22699 <- 22698 22423 (1.55212, 83.8308)
22698 <- 22699 22423 (2.07336, 62.7561)
22699 <- 22698 (3.09653, 76.5586)
22697 <- 22698 22423 (1.55212, 86.0697)
22698 <- 22697 22423 (2, 66.7954)
22697 <- 22698 (3.09653, 80.2993)
22698 <- 22697 (4.08108, 60.9272)
23301 <- 23300 (2.95367, 71.7647)
22086 <- 22910 (3.21236, 66.7067)
22727 <- 22726 (3.87259, 64.4068)
22629 <- 22630 (3.32046, 62.5581)
22383 <- 23206 20727 (1.60232, 64.5783)
20725 <- 23206 22383 (1.74131, 62.9712)
20725 <- 23206 20727 (1.60232, 65.5422)
85099B <- 85099C 22386 (1.61004, 78.6571)
85099B <- 85099C 22411 (1.63707, 74.0566)
85099B <- 85099C 21931 (1.6332, 75.4137)
85099B <- 85099C (3.65637, 62.6188)
85099B <- 21929 22386 (1.47876, 77.5457)
85099B <- 21929 22411 (1.62934, 69.4313)
85099B <- 21929 21931 (1.41313, 73.4973)
20725 <- 22384 20726 (1.54826, 71.3217)
20728 <- 22384 22382 (1.66409, 61.7169)
20727 <- 22384 20728 (1.95753, 61.3412)
20725 <- 22384 20728 (1.95753, 64.1026)
20727 <- 22384 22382 (1.66409, 61.7169)
20725 <- 22384 22382 (1.66409, 67.9814)
20727 <- 22384 22383 (1.82239, 61.4407)
20725 <- 22384 22383 (1.82239, 70.7627)
20725 <- 22384 20727 (2.11197, 66.1792)
22355 <- 20723 22356 (1.4749, 71.466)
22356 <- 20723 22355 (1.6139, 65.311)
20723 <- 22356 22355 (1.60232, 65.7831)
20719 <- 20723 22356 (1.4749, 69.1099)
22356 <- 20723 20719 (1.57529, 64.7059)
20723 <- 22356 20719 (1.53282, 66.4987)
20724 <- 20723 22356 (1.4749, 85.8639)
22356 <- 20723 20724 (1.89189, 66.9388)
20723 <- 22356 20724 (2.03089, 62.3574)
20724 <- 20723 22355 20719 (1.17375, 85.8553)
20719 <- 20723 22355 20724 (1.2973, 77.6786)
22355 <- 20723 20719 20724 (1.26641, 79.5732)
20723 <- 22355 20719 20724 (1.30116, 77.4481)
20719 <- 20723 22355 (1.6139, 72.7273)
22355 <- 20723 20719 (1.57529, 74.5098)
20723 <- 22355 20719 (1.7722, 66.2309)
20724 <- 20723 22355 (1.6139, 80.3828)
22355 <- 20723 20724 (1.89189, 68.5714)
20723 <- 22355 20724 (1.96911, 65.8824)
20724 <- 20723 20719 (1.57529, 80.3922)
20719 <- 20723 20724 (1.89189, 66.9388)
20723 <- 20719 20724 (1.95753, 64.6943)
20724 <- 20723 (2.83398, 66.7575)
20725 <- 20726 20728 (1.75676, 62.1978)
20725 <- 20726 22382 (1.86486, 63.5611)
22383 <- 20726 20727 (1.73359, 60.3563)
20725 <- 20726 22383 (1.74903, 69.3157)
20725 <- 20726 20727 (1.73359, 64.588)
22383 <- 20728 22382 (1.88031, 62.0123)
20725 <- 20728 22382 (1.88031, 60.7803)
20725 <- 20728 22383 (2.10039, 62.6838)
22383 <- 20728 20725 (2.16988, 60.6762)
20725 <- 20728 20727 (2.03089, 61.597)
85099B <- 22386 23199 (1.42471, 79.4038)
21931 <- 22386 20712 (1.66409, 64.7332)
22386 <- 20712 21931 (1.73745, 62)
85099B <- 22386 20712 (1.66409, 79.5824)
22386 <- 20712 85099B (2.07722, 63.7546)
85099B <- 22386 22411 21931 (1.19691, 86.7742)
21931 <- 22386 22411 85099B (1.46718, 70.7895)
22411 <- 22386 21931 85099B (1.60618, 64.6635)
22386 <- 22411 21931 85099B (1.50965, 68.798)
21931 <- 22386 22411 (1.82239, 65.678)
85099B <- 22386 22411 (1.82239, 80.5085)
85099B <- 22386 21931 (2, 80.3089)
85099B <- 22386 DOT (1.33205, 80.2899)
85099B <- 22386 (4.7529, 67.6686)
22383 <- 22382 20727 (1.98069, 61.0136)
20725 <- 22382 22383 (2.07336, 61.825)
20725 <- 22382 20727 (1.98069, 61.9883)
85099B <- 23203 23199 (1.65637, 62.0047)
85099B <- 23199 21931 (1.46332, 74.934)
21931 <- 20712 22411 (1.50579, 70.5128)
22411 <- 20712 21931 (1.73745, 61.1111)
85099B <- 20712 22411 (1.50579, 76.1538)
21931 <- 20712 DOT (1.39382, 72.0222)
20712 <- 21931 DOT (1.5251, 65.8228)
85099B <- 20712 21931 (1.73745, 72.8889)
21931 <- 20712 85099B (2.07722, 60.9665)
85099B <- 20712 DOT (1.39382, 75.6233)
85099B <- 20712 (3.3668, 61.6972)
20719 <- 22356 22355 (1.60232, 70.8434)
22355 <- 22356 20719 (1.53282, 74.0554)
22356 <- 22355 20719 (1.7722, 64.0523)
20724 <- 22356 22355 (1.60232, 80)
22355 <- 22356 20724 (2.03089, 63.1179)
22356 <- 22355 20724 (1.96911, 65.098)
20724 <- 22356 20719 (1.53282, 82.1159)
20719 <- 22356 20724 (2.03089, 61.9772)
22356 <- 20719 20724 (1.95753, 64.2998)
20724 <- 22356 (2.93436, 69.2105)
20725 <- 22383 20727 (2.26641, 61.4991)
85099B <- 22411 21931 (2.02703, 74.4762)
85099B <- 22411 DOT (1.40154, 77.135)
20724 <- 22355 20719 (1.7722, 73.4205)
20719 <- 22355 20724 (1.96911, 66.0784)
22355 <- 20719 20724 (1.95753, 66.4694)
20724 <- 22355 20725 (1.34363, 75)
22355 <- 20724 20725 (1.53282, 65.7431)
22697 <- 22699 22423 (2.07336, 76.7225)
22699 <- 22697 22423 (2, 79.5367)
22697 <- 22699 (4.32432, 70)
22699 <- 22697 (4.08108, 74.1722)
20724 <- 20719 (3.25483, 60.1423)
DOT <- 21935 (2.05019, 63.2768)
85099B <- 21931 DOT (1.5251, 72.9114)
85099B <- 21931 (4.63707, 61.0325)
85099B <- DOT (2.74131, 68.3099)
