20 <- 11 40 (0.312767, 33.6898)
40 <- 73 80 (0.328656, 30.5344)
80 <- 73 40 (0.301059, 33.3333)
34 <- 89 30 (0.352908, 30.5687)
20 <- 12 23 (0.366288, 30.8219)
14 <- 13 26 (0.326983, 32.2251)
14 <- 13 21 (0.363779, 30.5747)
14 <- 13 32 (0.31193, 32.7078)
14 <- 13 33 (0.353744, 33.3333)
14 <- 13 19 (0.443225, 33.7736)
14 <- 13 36 (0.326983, 33.2481)
14 <- 13 35 (0.436535, 32.3755)
14 <- 13 38 (0.444062, 32.58)
14 <- 13 34 (0.422318, 33.2673)
14 <- 13 60 (0.383014, 30.786)
14 <- 13 28 (0.476676, 32.1053)
14 <- 13 42 (0.408102, 31.3525)
14 <- 13 50 (0.394721, 33.2627)
14 <- 13 80 (0.38385, 34.2048)
14 <- 13 40 (0.451588, 30.7407)
20 <- 13 23 (0.370469, 30.474)
34 <- 93 30 (0.353744, 30.4965)
40 <- 96 20 (0.352908, 31.5166)
20 <- 29 24 (0.337019, 31.0174)
23 <- 29 46 (0.321966, 31.4286)
20 <- 29 19 (0.373815, 30.6488)
42 <- 29 19 (0.373815, 32.2148)
20 <- 29 23 (0.37716, 30.3769)
40 <- 82 20 (0.383014, 30.786)
40 <- 112 20 (0.412283, 30.0203)
42 <- 63 46 (0.337019, 32.5062)
40 <- 160 20 (0.392213, 31.9829)
40 <- 74 62 (0.355417, 30.1176)
20 <- 15 62 (0.331165, 32.0707)
80 <- 92 100 (0.337019, 30.273)
40 <- 61 26 (0.385522, 30.3688)
40 <- 61 20 (0.553614, 30.8157)
40 <- 95 20 (0.515981, 30.6321)
80 <- 150 65 (0.323638, 31.0078)
40 <- 49 46 (0.429009, 30.0195)
80 <- 110 75 (0.327819, 31.6327)
80 <- 110 85 (0.408102, 34.0164)
80 <- 110 66 (0.389704, 30.2575)
80 <- 110 70 (0.358762, 31.0023)
80 <- 110 64 (0.388868, 30.1075)
80 <- 110 21 (0.337019, 31.0174)
80 <- 75 70 (0.4265, 31.1765)
40 <- 75 46 (0.402248, 30.7692)
50 <- 75 45 (0.506782, 31.0231)
80 <- 76 69 (0.33451, 31.25)
38 <- 76 57 (0.317784, 32.3684)
80 <- 76 100 (0.392213, 30.2772)
38 <- 76 26 (0.393049, 31.9149)
38 <- 76 31 (0.401412, 30)
50 <- 76 33 (0.424827, 30.1181)
40 <- 76 45 (0.528525, 30.538)
80 <- 78 120 (0.346218, 30.6763)
60 <- 69 72 (0.378832, 30.2428)
40 <- 69 56 (0.415628, 30.7847)
40 <- 69 17 (0.378832, 32.4503)
40 <- 69 45 (0.535216, 30.4688)
40 <- 69 20 (0.627206, 32.2667)
40 <- 37 55 (0.373815, 30.6488)
80 <- 68 70 (0.483367, 30.7958)
20 <- 53 24 (0.481694, 30.9028)
80 <- 65 100 (0.459115, 30.0546)
50 <- 100 45 (0.627206, 30.9333)
23 <- 26 17 (0.670692, 30.6733)
23 <- 26 46 (0.658148, 35.0699)
20 <- 17 24 (0.607135, 30.5785)
23 <- 17 46 (0.656475, 31.3376)
20 <- 24 19 (0.748465, 30.1676)
40 <- 46 20 (0.930773, 30.4582)
50 <- 33 45 42 (0.260918, 38.4615)
42 <- 33 45 50 (0.2559, 39.2157)
45 <- 33 42 50 (0.24921, 40.2685)
40 <- 45 20 42 (0.264263, 38.6076)
42 <- 45 20 40 (0.304404, 33.5165)
20 <- 45 42 40 (0.332001, 30.7305)
50 <- 45 60 42 (0.303568, 37.741)
42 <- 45 60 50 (0.317784, 36.0526)
60 <- 45 42 50 (0.339527, 33.7438)
45 <- 60 42 50 (0.312767, 36.631)
40 <- 45 60 42 (0.303568, 33.6088)
42 <- 45 60 40 (0.300222, 33.9833)
60 <- 45 42 40 (0.332001, 30.7305)
45 <- 60 42 40 (0.327819, 31.1224)
40 <- 45 42 50 (0.339527, 30.5419)
50 <- 45 42 40 (0.332001, 31.2343)
42 <- 45 50 40 (0.281824, 36.7953)
45 <- 42 50 40 (0.312767, 33.1551)
40 <- 35 30 34 (0.303568, 33.0579)
34 <- 35 30 40 (0.28517, 35.1906)
30 <- 35 34 40 (0.297714, 33.7079)
35 <- 30 34 40 (0.331165, 30.303)
40 <- 30 38 60 (0.275134, 36.7781)
60 <- 30 38 40 (0.315275, 32.0955)
38 <- 30 60 40 (0.316112, 32.0106)
30 <- 38 60 40 (0.324474, 31.1856)
40 <- 30 38 42 (0.270117, 37.7709)
42 <- 30 38 40 (0.315275, 32.3607)
38 <- 30 42 40 (0.30524, 33.4247)
30 <- 38 42 40 (0.325311, 31.3625)
40 <- 30 34 42 (0.29186, 35.2436)
42 <- 30 34 40 (0.331165, 31.0606)
34 <- 30 42 40 (0.30524, 33.6986)
30 <- 34 42 40 (0.316948, 32.4538)
40 <- 38 20 60 (0.278479, 36.036)
20 <- 38 60 40 (0.324474, 30.9278)
40 <- 20 60 42 (0.30524, 34.7945)
42 <- 20 60 40 (0.346218, 30.6763)
20 <- 60 42 40 (0.327819, 32.398)
40 <- 20 60 80 (0.299386, 34.6369)
40 <- 20 42 80 (0.270117, 37.7709)
20 <- 42 80 40 (0.332837, 30.6533)
40 <- 60 42 80 (0.301895, 33.241)
80 <- 60 42 40 (0.327819, 30.6122)
60 <- 42 80 40 (0.332837, 30.1508)
