cigs-tobacco (15.107)
poultry (15.9715)
potatoes (15.8634)
puddings-deserts (17.0305)
haircare (18.284)
tea (19.3646)
tea bread (15.3231)
department1 (22.6281)
department1 milk-cream (15.107)
department1 fruit (15.8202)
department1 bread (17.1601)
department122 (24.0329)
department122 biscuits (15.1934)
department122 milk-cream (16.5766)
department122 baking (15.4096)
department122 fruit (17.0089)
department122 vegetables (16.8144)
department122 bread (17.9598)
coffee (23.6438)
coffee biscuits (15.5392)
coffee frozen (15.3231)
coffee milk-cream (15.885)
coffee baking (17.0521)
coffee fruit (15.4312)
coffee vegetables (16.1444)
coffee bread (18.0895)
dental (22.9955)
dental canned (15.6257)
dental biscuits (15.6041)
dental frozen (15.9715)
dental baking (16.5118)
dental fruit (15.4312)
dental vegetables (15.4312)
dental bread (17.9166)
deodorants-soap (23.298)
deodorants-soap tissues-paper (15.4096)
deodorants-soap canned (15.6473)
deodorants-soap biscuits (15.3447)
deodorants-soap frozen (15.885)
deodorants-soap milk-cream (15.4312)
deodorants-soap baking (16.3605)
deodorants-soap fruit (15.9715)
deodorants-soap vegetables (16.3821)
deodorants-soap bread (18.2191)
cleaners-polishers (27.2747)
cleaners-polishers sauces-gravy-pkle (15.496)
cleaners-polishers margarine (16.4469)
cleaners-polishers tissues-paper (16.9656)
cleaners-polishers juice-sat-cord-ms (16.1876)
cleaners-polishers canned (18.1111)
cleaners-polishers biscuits (17.6788)
cleaners-polishers frozen (18.1759)
cleaners-polishers frozen bread (15.0421)
cleaners-polishers milk-cream (18.2408)
cleaners-polishers milk-cream bread (15.2799)
cleaners-polishers baking (19.451)
cleaners-polishers baking bread (15.6905)
cleaners-polishers fruit (18.3704)
cleaners-polishers fruit bread (15.3879)
cleaners-polishers vegetables (18.9972)
cleaners-polishers vegetables bread (15.5608)
cleaners-polishers bread (21.18)
jams-spreads (27.6205)
jams-spreads sauces-gravy-pkle (16.3173)
jams-spreads margarine (17.9166)
jams-spreads tissues-paper (16.7495)
jams-spreads party (16.2092)
jams-spreads juice-sat-cord-ms (16.6415)
jams-spreads canned (19.2349)
jams-spreads canned bread (16.0147)
jams-spreads biscuits (19.1701)
jams-spreads biscuits bread (16.1228)
jams-spreads frozen (18.7811)
jams-spreads frozen bread (15.6473)
jams-spreads milk-cream (18.8243)
jams-spreads milk-cream bread (16.166)
jams-spreads baking (20.2291)
jams-spreads baking bread (16.5334)
jams-spreads fruit (19.3214)
jams-spreads fruit vegetables (15.107)
jams-spreads fruit bread (16.4469)
jams-spreads vegetables (19.1917)
jams-spreads vegetables bread (16.0795)
jams-spreads bread (22.1958)
prepared (27.4692)
prepared breakfast (15.3663)
prepared sauces-gravy-pkle (17.5276)
prepared margarine (16.3821)
prepared tissues-paper (16.8144)
prepared party (17.7005)
prepared juice-sat-cord-ms (17.7221)
prepared canned (19.4727)
prepared canned bread (16.166)
prepared biscuits (18.1759)
prepared biscuits bread (15.0205)
prepared frozen (20.0994)
prepared frozen baking (15.0854)
prepared frozen bread (16.5118)
prepared milk-cream (18.1111)
prepared milk-cream bread (15.1934)
prepared baking (19.4294)
prepared baking bread (16.0795)
prepared fruit (18.5433)
prepared fruit bread (15.6689)
prepared vegetables (18.8459)
prepared vegetables bread (15.6473)
prepared bread (21.9148)
stationary (31.4891)
stationary pet (15.9066)
stationary sauces-gravy-pkle (16.0579)
stationary margarine (16.2308)
stationary tissues-paper (17.2898)
stationary party (17.3114)
stationary juice-sat-cord-ms (16.7927)
stationary canned (17.895)
stationary biscuits (19.3646)
stationary biscuits bread (15.9066)
stationary frozen (19.2565)
stationary frozen bread (15.777)
stationary milk-cream (21.3745)
stationary milk-cream fruit (15.3663)
stationary milk-cream bread (17.3979)
stationary baking (19.9049)
stationary baking bread (16.3389)
stationary fruit (21.7852)
stationary fruit vegetables (16.4253)
stationary fruit bread (17.5059)
stationary vegetables (20.8775)
stationary vegetables bread (17.0305)
stationary bread (24.2706)
wrapping (28.874)
wrapping pet (15.0638)
wrapping sauces-gravy-pkle (17.4627)
wrapping margarine (17.895)
wrapping tissues-paper (18.8243)
wrapping tissues-paper bread (15.4096)
wrapping party (17.9598)
wrapping juice-sat-cord-ms (17.8734)
wrapping canned (19.343)
wrapping canned baking (15.0205)
wrapping canned bread (16.0363)
wrapping biscuits (19.7104)
wrapping biscuits baking (15.1286)
wrapping biscuits bread (16.3173)
wrapping frozen (19.9265)
wrapping frozen baking (15.4312)
wrapping frozen bread (16.3821)
wrapping milk-cream (19.5807)
wrapping milk-cream bread (16.274)
wrapping baking (21.072)
wrapping baking vegetables (15.5825)
wrapping baking bread (17.1169)
wrapping fruit (20.121)
wrapping fruit vegetables (15.9282)
wrapping fruit bread (16.5982)
wrapping vegetables (20.4236)
wrapping vegetables bread (16.8576)
wrapping bread (22.6713)
confectionary (36.5247)
confectionary department137 (15.9282)
confectionary soft (17.8517)
confectionary breakfast (15.4312)
confectionary cheese (16.166)
confectionary pet (17.7653)
confectionary sauces-gravy-pkle (18.5649)
confectionary margarine (19.732)
confectionary margarine biscuits (15.0205)
confectionary margarine bread (16.2957)
confectionary tissues-paper (18.9107)
confectionary tissues-paper bread (15.8418)
confectionary party (22.1094)
confectionary party biscuits (16.3605)
confectionary party frozen (15.7337)
confectionary party milk-cream (15.5825)
confectionary party baking (15.1718)
confectionary party fruit (15.5825)
confectionary party bread (17.7221)
confectionary juice-sat-cord-ms (21.6123)
confectionary juice-sat-cord-ms biscuits (15.5608)
confectionary juice-sat-cord-ms milk-cream (15.0854)
confectionary juice-sat-cord-ms baking (15.0205)
confectionary juice-sat-cord-ms fruit (15.3663)
confectionary juice-sat-cord-ms bread (17.0089)
confectionary canned (21.4394)
confectionary canned biscuits (15.777)
confectionary canned frozen (15.4096)
confectionary canned baking (15.6905)
confectionary canned fruit (15.4528)
confectionary canned vegetables (15.496)
confectionary canned bread (17.5276)
confectionary biscuits (24.4867)
confectionary biscuits frozen (17.1385)
confectionary biscuits milk-cream (17.5059)
confectionary biscuits baking (17.1601)
confectionary biscuits fruit (17.7005)
confectionary biscuits fruit bread (15.107)
confectionary biscuits vegetables (16.5766)
confectionary biscuits bread (19.9481)
confectionary frozen (23.4277)
confectionary frozen milk-cream (16.6847)
confectionary frozen baking (16.5334)
confectionary frozen fruit (16.944)
confectionary frozen vegetables (16.5118)
confectionary frozen bread (18.7811)
confectionary milk-cream (24.919)
confectionary milk-cream baking (17.2034)
confectionary milk-cream fruit (17.8734)
confectionary milk-cream fruit bread (15.3015)
confectionary milk-cream vegetables (17.0521)
confectionary milk-cream bread (20.3804)
confectionary baking (23.7087)
confectionary baking fruit (16.5118)
confectionary baking vegetables (16.8792)
confectionary baking bread (19.0188)
confectionary fruit (24.9622)
confectionary fruit vegetables (18.3704)
confectionary fruit vegetables bread (15.4744)
confectionary fruit bread (20.2723)
confectionary vegetables (23.8167)
confectionary vegetables bread (19.2565)
confectionary bread (27.8366)
laundry (33.78)
laundry department137 (15.3879)
laundry small (15.0854)
laundry soft (15.6473)
laundry breakfast (17.333)
laundry cheese (16.6415)
laundry pet (18.8891)
laundry pet bread (15.777)
laundry sauces-gravy-pkle (20.0994)
laundry sauces-gravy-pkle baking (15.0638)
laundry sauces-gravy-pkle bread (16.4686)
laundry margarine (21.3745)
laundry margarine tissues-paper (15.1502)
laundry margarine canned (15.1286)
laundry margarine biscuits (15.0421)
laundry margarine frozen (15.1934)
laundry margarine baking (16.3389)
laundry margarine vegetables (15.3879)
laundry margarine bread (17.1601)
laundry tissues-paper (22.1742)
laundry tissues-paper canned (15.777)
laundry tissues-paper biscuits (15.3447)
laundry tissues-paper frozen (15.7337)
laundry tissues-paper milk-cream (15.2367)
laundry tissues-paper baking (16.6631)
laundry tissues-paper fruit (15.7553)
laundry tissues-paper vegetables (15.9066)
laundry tissues-paper bread (18.2191)
laundry party (19.9697)
laundry party biscuits (15.1934)
laundry party bread (16.5334)
laundry juice-sat-cord-ms (21.1152)
laundry juice-sat-cord-ms frozen (15.3663)
laundry juice-sat-cord-ms baking (15.4528)
laundry juice-sat-cord-ms bread (16.7495)
laundry canned (22.1526)
laundry canned biscuits (15.7553)
laundry canned frozen (16.1228)
laundry canned milk-cream (15.2367)
laundry canned baking (16.5334)
laundry canned fruit (15.9282)
laundry canned vegetables (15.9499)
laundry canned bread (18.1111)
laundry biscuits (22.1094)
laundry biscuits frozen (16.7063)
laundry biscuits milk-cream (15.3231)
laundry biscuits baking (16.3821)
laundry biscuits fruit (15.6473)
laundry biscuits vegetables (15.496)
laundry biscuits bread (18.284)
laundry frozen (22.9522)
laundry frozen milk-cream (16.0579)
laundry frozen baking (16.8576)
laundry frozen fruit (16.3605)
laundry frozen vegetables (16.5982)
laundry frozen bread (18.673)
laundry milk-cream (22.9306)
laundry milk-cream baking (16.5334)
laundry milk-cream fruit (16.7711)
laundry milk-cream vegetables (16.2957)
laundry milk-cream bread (19.2781)
laundry baking (23.7303)
laundry baking fruit (16.555)
laundry baking vegetables (16.836)
laundry baking bread (19.5159)
laundry fruit (23.2548)
laundry fruit vegetables (18.1759)
laundry fruit vegetables bread (15.5825)
laundry fruit bread (19.451)
laundry vegetables (23.0819)
laundry vegetables bread (19.2133)
laundry bread (26.6695)
dairy (36.0709)
dairy department137 (16.3173)
dairy small (16.0147)
dairy soft (15.9066)
dairy breakfast (17.225)
dairy cheese (17.8517)
dairy pet (18.3704)
dairy pet bread (15.4744)
dairy sauces-gravy-pkle (19.9049)
dairy sauces-gravy-pkle bread (16.2524)
dairy margarine (20.2939)
dairy margarine baking (15.1502)
dairy margarine fruit (15.0205)
dairy margarine vegetables (15.0205)
dairy margarine bread (17.0305)
dairy tissues-paper (19.7104)
dairy tissues-paper bread (16.4253)
dairy party (22.5416)
dairy party juice-sat-cord-ms (15.1718)
dairy party biscuits (16.4902)
dairy party frozen (15.9499)
dairy party milk-cream (15.1718)
dairy party baking (15.777)
dairy party fruit (16.6415)
dairy party vegetables (16.0579)
dairy party bread (18.1975)
dairy juice-sat-cord-ms (21.8284)
dairy juice-sat-cord-ms biscuits (15.4528)
dairy juice-sat-cord-ms frozen (15.5392)
dairy juice-sat-cord-ms milk-cream (15.107)
dairy juice-sat-cord-ms baking (15.3447)
dairy juice-sat-cord-ms fruit (16.1876)
dairy juice-sat-cord-ms vegetables (15.885)
dairy juice-sat-cord-ms bread (17.7437)
dairy canned (22.7577)
dairy canned biscuits (16.4253)
dairy canned frozen (16.5118)
dairy canned milk-cream (15.8634)
dairy canned baking (16.6631)
dairy canned fruit (17.2466)
dairy canned vegetables (17.2682)
dairy canned bread (19.1269)
dairy biscuits (23.7519)
dairy biscuits frozen (17.4195)
dairy biscuits milk-cream (16.7711)
dairy biscuits baking (17.2466)
dairy biscuits fruit (18.3056)
dairy biscuits fruit bread (15.5392)
dairy biscuits vegetables (17.225)
dairy biscuits bread (19.8401)
dairy frozen (23.9032)
dairy frozen milk-cream (16.7279)
dairy frozen baking (17.3114)
dairy frozen fruit (18.0463)
dairy frozen fruit bread (15.4312)
dairy frozen vegetables (17.6572)
dairy frozen vegetables bread (15.0421)
dairy frozen bread (19.6888)
dairy milk-cream (24.6596)
dairy milk-cream baking (17.3547)
dairy milk-cream fruit (18.7162)
dairy milk-cream fruit bread (15.7986)
dairy milk-cream vegetables (18.1111)
dairy milk-cream vegetables bread (15.2367)
dairy milk-cream bread (20.3588)
dairy baking (24.3138)
dairy baking fruit (17.9814)
dairy baking fruit bread (15.1934)
dairy baking vegetables (17.9166)
dairy baking vegetables bread (15.107)
dairy baking bread (20.1426)
dairy fruit (26.2373)
dairy fruit vegetables (20.5533)
dairy fruit vegetables bread (17.1818)
dairy fruit bread (21.461)
dairy vegetables (25.416)
dairy vegetables bread (20.8775)
dairy bread (28.5282)
beef (37.5837)
beef department137 (16.5118)
beef small (19.5159)
beef small bread (16.1011)
beef soft (15.7553)
beef breakfast (17.0737)
beef cheese (17.5276)
beef pet (20.2291)
beef pet vegetables (16.0363)
beef pet bread (16.9008)
beef sauces-gravy-pkle (20.5317)
beef sauces-gravy-pkle frozen (15.5392)
beef sauces-gravy-pkle vegetables (15.7337)
beef sauces-gravy-pkle bread (17.0089)
beef margarine (21.2881)
beef margarine frozen (16.0363)
beef margarine baking (15.9931)
beef margarine fruit (15.0421)
beef margarine vegetables (16.3389)
beef margarine bread (17.4627)
beef tissues-paper (21.0504)
beef tissues-paper frozen (15.7337)
beef tissues-paper baking (15.777)
beef tissues-paper fruit (15.5176)
beef tissues-paper vegetables (16.4686)
beef tissues-paper bread (17.8085)
beef party (19.8401)
beef party frozen (15.4528)
beef party bread (16.3821)
beef juice-sat-cord-ms (21.0936)
beef juice-sat-cord-ms frozen (15.6257)
beef juice-sat-cord-ms fruit (15.5176)
beef juice-sat-cord-ms vegetables (16.3605)
beef juice-sat-cord-ms bread (17.1818)
beef canned (23.4061)
beef canned biscuits (16.166)
beef canned frozen (17.5924)
beef canned frozen bread (15.1934)
beef canned milk-cream (16.7279)
beef canned baking (17.3114)
beef canned fruit (16.9872)
beef canned fruit bread (15.0854)
beef canned vegetables (18.392)
beef canned vegetables bread (16.166)
beef canned bread (19.8185)
beef biscuits (23.0171)
beef biscuits frozen (17.8085)
beef biscuits frozen bread (15.5392)
beef biscuits milk-cream (15.9066)
beef biscuits baking (16.7495)
beef biscuits fruit (16.9008)
beef biscuits vegetables (17.6356)
beef biscuits vegetables bread (15.496)
beef biscuits bread (19.5159)
beef frozen (25.8267)
beef frozen milk-cream (18.1543)
beef frozen milk-cream bread (15.6689)
beef frozen baking (18.3704)
beef frozen baking bread (15.5392)
beef frozen fruit (18.2191)
beef frozen fruit vegetables (15.5176)
beef frozen fruit bread (15.6905)
beef frozen vegetables (19.9049)
beef frozen vegetables bread (17.0521)
beef frozen bread (21.2233)
beef milk-cream (25.2431)
beef milk-cream baking (17.7437)
beef milk-cream baking bread (15.3879)
beef milk-cream fruit (18.1975)
beef milk-cream fruit vegetables (15.5176)
beef milk-cream fruit bread (15.885)
beef milk-cream vegetables (19.7536)
beef milk-cream vegetables bread (16.9872)
beef milk-cream bread (21.1584)
beef baking (24.9622)
beef baking fruit (17.9598)
beef baking fruit vegetables (15.5608)
beef baking fruit bread (15.5825)
beef baking vegetables (19.732)
beef baking vegetables bread (16.8144)
beef baking bread (20.7694)
beef fruit (25.697)
beef fruit vegetables (21.3529)
beef fruit vegetables bread (18.3272)
beef fruit bread (21.5474)
beef vegetables (27.8366)
beef vegetables bread (22.9522)
beef bread (29.6953)
department137 (40.0692)
department137 small (17.9814)
department137 soft (18.5217)
department137 breakfast (17.9598)
department137 cheese (18.9324)
department137 cheese bread (15.4744)
department137 pet (19.6239)
department137 pet bread (16.5118)
department137 sauces-gravy-pkle (20.8342)
department137 sauces-gravy-pkle frozen (15.1286)
department137 sauces-gravy-pkle milk-cream (15.1934)
department137 sauces-gravy-pkle baking (15.0205)
department137 sauces-gravy-pkle vegetables (15.5608)
department137 sauces-gravy-pkle bread (17.1601)
department137 margarine (21.9581)
department137 margarine biscuits (15.1934)
department137 margarine frozen (15.2367)
department137 margarine milk-cream (15.7553)
department137 margarine baking (16.4902)
department137 margarine fruit (15.5176)
department137 margarine vegetables (16.274)
department137 margarine bread (18.2624)
department137 tissues-paper (20.8558)
department137 tissues-paper frozen (15.107)
department137 tissues-paper baking (15.3447)
department137 tissues-paper fruit (15.3447)
department137 tissues-paper vegetables (15.4528)
department137 tissues-paper bread (17.5059)
department137 party (22.7361)
department137 party biscuits (16.3173)
department137 party frozen (15.9715)
department137 party milk-cream (15.9282)
department137 party baking (15.4744)
department137 party fruit (16.3605)
department137 party vegetables (16.1444)
department137 party bread (18.3704)
department137 juice-sat-cord-ms (22.6929)
department137 juice-sat-cord-ms frozen (15.7337)
department137 juice-sat-cord-ms milk-cream (15.9931)
department137 juice-sat-cord-ms baking (15.4096)
department137 juice-sat-cord-ms fruit (16.3389)
department137 juice-sat-cord-ms vegetables (16.1876)
department137 juice-sat-cord-ms bread (18.2408)
department137 canned (23.8383)
department137 canned biscuits (16.7711)
department137 canned frozen (17.4195)
department137 canned milk-cream (16.836)
department137 canned baking (17.2898)
department137 canned fruit (17.5276)
department137 canned fruit bread (15.0421)
department137 canned vegetables (17.6788)
department137 canned bread (19.451)
department137 biscuits (24.9838)
department137 biscuits frozen (18.284)
department137 biscuits frozen bread (15.7553)
department137 biscuits milk-cream (17.5276)
department137 biscuits milk-cream bread (15.2583)
department137 biscuits baking (17.7437)
department137 biscuits baking bread (15.1286)
department137 biscuits fruit (18.284)
department137 biscuits fruit bread (16.0147)
department137 biscuits vegetables (17.8734)
department137 biscuits vegetables bread (15.496)
department137 biscuits bread (20.9207)
department137 frozen (25.7186)
department137 frozen milk-cream (17.9814)
department137 frozen milk-cream bread (15.4528)
department137 frozen baking (18.1111)
department137 frozen baking bread (15.1286)
department137 frozen fruit (18.6946)
department137 frozen fruit bread (16.0795)
department137 frozen vegetables (18.6514)
department137 frozen vegetables bread (15.8202)
department137 frozen bread (21.0504)
department137 milk-cream (27.5989)
department137 milk-cream baking (18.7811)
department137 milk-cream baking bread (16.0147)
department137 milk-cream fruit (19.9697)
department137 milk-cream fruit vegetables (15.7337)
department137 milk-cream fruit bread (17.3979)
department137 milk-cream vegetables (19.7536)
department137 milk-cream vegetables bread (16.8792)
department137 milk-cream bread (23.2116)
department137 baking (26.1509)
department137 baking fruit (18.5433)
department137 baking fruit bread (15.9499)
department137 baking vegetables (19.1269)
department137 baking vegetables bread (16.166)
department137 baking bread (21.461)
department137 fruit (27.6421)
department137 fruit vegetables (21.6123)
department137 fruit vegetables bread (18.2624)
department137 fruit bread (23.0603)
department137 vegetables (28.0095)
department137 vegetables bread (22.9522)
department137 bread (31.7484)
small (38.7508)
small soft (17.9814)
small breakfast (17.2898)
small cheese (18.6298)
small cheese bread (15.3663)
small pet (20.3372)
small pet frozen (15.107)
small pet vegetables (15.2799)
small pet bread (17.225)
small sauces-gravy-pkle (21.9365)
small sauces-gravy-pkle canned (15.1502)
small sauces-gravy-pkle biscuits (15.4528)
small sauces-gravy-pkle frozen (16.2308)
small sauces-gravy-pkle milk-cream (15.3015)
small sauces-gravy-pkle baking (15.9066)
small sauces-gravy-pkle fruit (15.5608)
small sauces-gravy-pkle vegetables (16.6415)
small sauces-gravy-pkle bread (18.1759)
small margarine (22.4335)
small margarine canned (15.1934)
small margarine biscuits (15.9499)
small margarine frozen (16.3821)
small margarine milk-cream (16.1444)
small margarine baking (17.1818)
small margarine fruit (15.7337)
small margarine vegetables (16.9008)
small margarine bread (19.0404)
small tissues-paper (21.2449)
small tissues-paper frozen (15.6257)
small tissues-paper milk-cream (15.0421)
small tissues-paper baking (15.9931)
small tissues-paper fruit (15.4096)
small tissues-paper vegetables (15.8634)
small tissues-paper bread (17.9814)
small party (22.4119)
small party biscuits (16.4469)
small party frozen (16.8576)
small party milk-cream (15.5392)
small party baking (15.7337)
small party fruit (16.0147)
small party vegetables (16.4037)
small party bread (18.4353)
small juice-sat-cord-ms (22.1526)
small juice-sat-cord-ms biscuits (15.3663)
small juice-sat-cord-ms frozen (16.1444)
small juice-sat-cord-ms milk-cream (15.5825)
small juice-sat-cord-ms baking (15.4744)
small juice-sat-cord-ms fruit (16.2524)
small juice-sat-cord-ms vegetables (16.4902)
small juice-sat-cord-ms bread (18.284)
small canned (23.9248)
small canned biscuits (17.333)
small canned frozen (18.0895)
small canned frozen bread (15.6257)
small canned milk-cream (16.6631)
small canned baking (17.7221)
small canned baking bread (15.0638)
small canned fruit (17.3547)
small canned fruit bread (15.215)
small canned vegetables (18.0246)
small canned vegetables bread (15.5825)
small canned bread (20.0346)
small biscuits (25.0486)
small biscuits frozen (19.1485)
small biscuits frozen bread (16.6415)
small biscuits milk-cream (17.7869)
small biscuits milk-cream bread (15.4312)
small biscuits baking (17.895)
small biscuits baking bread (15.4744)
small biscuits fruit (18.7595)
small biscuits fruit vegetables (15.5176)
small biscuits fruit bread (16.2524)
small biscuits vegetables (18.5866)
small biscuits vegetables bread (16.1228)
small biscuits bread (21.0071)
small frozen (26.4534)
small frozen milk-cream (18.6946)
small frozen milk-cream bread (16.0363)
small frozen baking (19.2781)
small frozen baking vegetables (15.0205)
small frozen baking bread (16.4253)
small frozen fruit (18.8243)
small frozen fruit vegetables (15.6905)
small frozen fruit bread (16.4253)
small frozen vegetables (19.8185)
small frozen vegetables bread (17.1818)
small frozen bread (22.1094)
small milk-cream (26.6263)
small milk-cream baking (18.8459)
small milk-cream baking bread (16.3173)
small milk-cream fruit (18.9756)
small milk-cream fruit vegetables (15.6041)
small milk-cream fruit bread (16.4469)
small milk-cream vegetables (19.7968)
small milk-cream vegetables bread (16.9872)
small milk-cream bread (22.3255)
small baking (26.1725)
small baking fruit (18.4353)
small baking fruit vegetables (15.7553)
small baking fruit bread (15.9282)
small baking vegetables (19.9049)
small baking vegetables bread (17.0089)
small baking bread (21.9581)
small fruit (26.7128)
small fruit vegetables (21.6987)
small fruit vegetables bread (18.4353)
small fruit bread (22.3687)
small vegetables (27.9014)
small vegetables bread (23.0819)
small bread (30.992)
soft (40.804)
soft breakfast (17.2898)
soft cheese (17.9166)
soft pet (19.732)
soft pet bread (16.0579)
soft sauces-gravy-pkle (21.4178)
soft sauces-gravy-pkle biscuits (15.0421)
soft sauces-gravy-pkle frozen (15.8634)
soft sauces-gravy-pkle baking (15.107)
soft sauces-gravy-pkle fruit (15.0854)
soft sauces-gravy-pkle vegetables (15.2583)
soft sauces-gravy-pkle bread (17.0089)
soft margarine (21.5907)
soft margarine biscuits (15.5176)
soft margarine frozen (15.7553)
soft margarine milk-cream (15.0638)
soft margarine baking (15.6257)
soft margarine bread (17.4195)
soft tissues-paper (21.8716)
soft tissues-paper biscuits (15.4312)
soft tissues-paper frozen (16.4037)
soft tissues-paper milk-cream (15.5608)
soft tissues-paper baking (15.9066)
soft tissues-paper fruit (15.4744)
soft tissues-paper vegetables (15.215)
soft tissues-paper bread (17.7005)
soft party (25.1135)
soft party juice-sat-cord-ms (16.9008)
soft party biscuits (17.7221)
soft party frozen (17.8517)
soft party milk-cream (17.0305)
soft party baking (16.4253)
soft party fruit (17.4411)
soft party vegetables (16.4902)
soft party bread (19.6456)
soft juice-sat-cord-ms (24.7677)
soft juice-sat-cord-ms canned (15.1934)
soft juice-sat-cord-ms biscuits (16.4037)
soft juice-sat-cord-ms frozen (17.4195)
soft juice-sat-cord-ms milk-cream (16.9008)
soft juice-sat-cord-ms baking (16.4037)
soft juice-sat-cord-ms fruit (17.4843)
soft juice-sat-cord-ms vegetables (16.7495)
soft juice-sat-cord-ms bread (19.1917)
soft canned (23.1467)
soft canned biscuits (16.274)
soft canned frozen (17.5059)
soft canned milk-cream (16.3821)
soft canned baking (16.5334)
soft canned fruit (16.6198)
soft canned vegetables (16.4902)
soft canned bread (18.7811)
soft biscuits (25.7834)
soft biscuits frozen (18.9756)
soft biscuits frozen bread (16.0579)
soft biscuits milk-cream (18.2408)
soft biscuits milk-cream bread (15.5825)
soft biscuits baking (17.8517)
soft biscuits fruit (18.5433)
soft biscuits fruit bread (15.8202)
soft biscuits vegetables (17.4195)
soft biscuits bread (20.9423)
soft frozen (27.3395)
soft frozen milk-cream (18.9756)
soft frozen milk-cream bread (15.9931)
soft frozen baking (18.673)
soft frozen baking bread (15.3447)
soft frozen fruit (19.3862)
soft frozen fruit bread (16.1876)
soft frozen vegetables (18.8027)
soft frozen vegetables bread (15.6689)
soft frozen bread (21.9365)
soft milk-cream (27.534)
soft milk-cream baking (18.284)
soft milk-cream baking bread (15.496)
soft milk-cream fruit (19.451)
soft milk-cream fruit bread (16.4902)
soft milk-cream vegetables (18.7595)
soft milk-cream vegetables bread (15.6905)
soft milk-cream bread (22.3687)
soft baking (25.8699)
soft baking fruit (18.1975)
soft baking fruit bread (15.215)
soft baking vegetables (18.003)
soft baking bread (20.5965)
soft fruit (27.5773)
soft fruit vegetables (20.402)
soft fruit vegetables bread (16.944)
soft fruit bread (22.3255)
soft vegetables (26.4102)
soft vegetables bread (21.072)
soft bread (30.8839)
breakfast (40.2421)
breakfast cheese (19.732)
breakfast cheese baking (15.2799)
breakfast cheese bread (16.0363)
breakfast pet (20.3804)
breakfast pet baking (15.3663)
breakfast pet fruit (15.0638)
breakfast pet vegetables (15.1502)
breakfast pet bread (16.5766)
breakfast sauces-gravy-pkle (22.3255)
breakfast sauces-gravy-pkle canned (16.1444)
breakfast sauces-gravy-pkle biscuits (15.9931)
breakfast sauces-gravy-pkle frozen (16.555)
breakfast sauces-gravy-pkle milk-cream (15.0638)
breakfast sauces-gravy-pkle baking (16.9008)
breakfast sauces-gravy-pkle fruit (16.0795)
breakfast sauces-gravy-pkle vegetables (16.2092)
breakfast sauces-gravy-pkle bread (17.7653)
breakfast margarine (23.8167)
breakfast margarine tissues-paper (15.4744)
breakfast margarine juice-sat-cord-ms (15.7337)
breakfast margarine canned (17.0737)
breakfast margarine biscuits (17.1818)
breakfast margarine frozen (17.2466)
breakfast margarine milk-cream (16.4902)
breakfast margarine baking (18.8027)
breakfast margarine baking bread (15.6905)
breakfast margarine fruit (16.8576)
breakfast margarine vegetables (16.9656)
breakfast margarine bread (19.451)
breakfast tissues-paper (23.6871)
breakfast tissues-paper party (15.2367)
breakfast tissues-paper juice-sat-cord-ms (15.6689)
breakfast tissues-paper canned (16.7927)
breakfast tissues-paper biscuits (17.0305)
breakfast tissues-paper frozen (17.1818)
breakfast tissues-paper milk-cream (16.0579)
breakfast tissues-paper baking (18.2191)
breakfast tissues-paper baking bread (15.2367)
breakfast tissues-paper fruit (17.2466)
breakfast tissues-paper vegetables (17.0737)
breakfast tissues-paper bread (19.1485)
breakfast party (23.6438)
breakfast party juice-sat-cord-ms (16.5334)
breakfast party canned (15.9499)
breakfast party biscuits (17.7653)
breakfast party frozen (17.5492)
breakfast party milk-cream (16.1876)
breakfast party baking (17.5059)
breakfast party fruit (17.1601)
breakfast party vegetables (16.6415)
breakfast party bread (19.1917)
breakfast juice-sat-cord-ms (25.1351)
breakfast juice-sat-cord-ms canned (17.3547)
breakfast juice-sat-cord-ms biscuits (17.8085)
breakfast juice-sat-cord-ms frozen (18.0895)
breakfast juice-sat-cord-ms milk-cream (17.0521)
breakfast juice-sat-cord-ms baking (18.6946)
breakfast juice-sat-cord-ms baking bread (15.215)
breakfast juice-sat-cord-ms fruit (17.9814)
breakfast juice-sat-cord-ms fruit bread (15.2367)
breakfast juice-sat-cord-ms vegetables (17.614)
breakfast juice-sat-cord-ms bread (19.9914)
breakfast canned (26.4318)
breakfast canned biscuits (19.0188)
breakfast canned biscuits frozen (15.3447)
breakfast canned biscuits bread (16.1444)
breakfast canned frozen (19.5807)
breakfast canned frozen baking (15.3879)
breakfast canned frozen bread (16.1228)
breakfast canned milk-cream (18.3056)
breakfast canned milk-cream bread (15.6905)
breakfast canned baking (20.1643)
breakfast canned baking vegetables (15.0205)
breakfast canned baking bread (16.7495)
breakfast canned fruit (19.2998)
breakfast canned fruit vegetables (15.8634)
breakfast canned fruit bread (16.6847)
breakfast canned vegetables (19.5375)
breakfast canned vegetables bread (16.7495)
breakfast canned bread (21.5474)
breakfast biscuits (26.7344)
breakfast biscuits frozen (20.2939)
breakfast biscuits frozen baking (15.9931)
breakfast biscuits frozen bread (17.0953)
breakfast biscuits milk-cream (18.4137)
breakfast biscuits milk-cream bread (15.7986)
breakfast biscuits baking (20.1859)
breakfast biscuits baking fruit (15.1502)
breakfast biscuits baking bread (16.944)
breakfast biscuits fruit (19.5591)
breakfast biscuits fruit vegetables (15.6905)
breakfast biscuits fruit bread (16.9656)
breakfast biscuits vegetables (18.9324)
breakfast biscuits vegetables bread (16.555)
breakfast biscuits bread (22.0445)
breakfast frozen (27.2963)
breakfast frozen milk-cream (18.4353)
breakfast frozen milk-cream bread (15.6257)
breakfast frozen baking (20.8126)
breakfast frozen baking fruit (15.0421)
breakfast frozen baking vegetables (15.496)
breakfast frozen baking bread (17.1385)
breakfast frozen fruit (19.4294)
breakfast frozen fruit vegetables (15.9066)
breakfast frozen fruit bread (16.5118)
breakfast frozen vegetables (19.732)
breakfast frozen vegetables bread (16.6415)
breakfast frozen bread (21.9148)
breakfast milk-cream (27.2099)
breakfast milk-cream baking (19.7752)
breakfast milk-cream baking fruit (15.1718)
breakfast milk-cream baking bread (16.7063)
breakfast milk-cream fruit (20.3588)
breakfast milk-cream fruit vegetables (16.2308)
breakfast milk-cream fruit bread (17.2466)
breakfast milk-cream vegetables (19.6456)
breakfast milk-cream vegetables bread (16.7495)
breakfast milk-cream bread (22.4768)
breakfast baking (28.8524)
breakfast baking fruit (20.6613)
breakfast baking fruit vegetables (16.6415)
breakfast baking fruit bread (17.3547)
breakfast baking vegetables (20.51)
breakfast baking vegetables bread (17.2034)
breakfast baking bread (23.2116)
breakfast fruit (28.2472)
breakfast fruit vegetables (22.1526)
breakfast fruit vegetables bread (18.7162)
breakfast fruit bread (23.19)
breakfast vegetables (27.5989)
breakfast vegetables bread (22.7361)
breakfast bread (31.1433)
cheese (40.6095)
cheese pet (20.2939)
cheese pet vegetables (15.3015)
cheese pet bread (17.0953)
cheese sauces-gravy-pkle (23.3629)
cheese sauces-gravy-pkle margarine (15.777)
cheese sauces-gravy-pkle tissues-paper (15.2799)
cheese sauces-gravy-pkle party (15.5392)
cheese sauces-gravy-pkle juice-sat-cord-ms (15.4744)
cheese sauces-gravy-pkle canned (17.0953)
cheese sauces-gravy-pkle biscuits (16.555)
cheese sauces-gravy-pkle frozen (16.6631)
cheese sauces-gravy-pkle milk-cream (16.4686)
cheese sauces-gravy-pkle baking (17.3979)
cheese sauces-gravy-pkle fruit (16.555)
cheese sauces-gravy-pkle vegetables (17.4411)
cheese sauces-gravy-pkle bread (18.9972)
cheese margarine (25.2648)
cheese margarine tissues-paper (16.4253)
cheese margarine party (15.4096)
cheese margarine juice-sat-cord-ms (16.4469)
cheese margarine canned (18.1327)
cheese margarine canned bread (15.4096)
cheese margarine biscuits (17.9814)
cheese margarine biscuits bread (15.2799)
cheese margarine frozen (17.895)
cheese margarine frozen bread (15.0205)
cheese margarine milk-cream (17.1601)
cheese margarine baking (19.0188)
cheese margarine baking bread (15.9931)
cheese margarine fruit (17.8085)
cheese margarine fruit bread (15.6257)
cheese margarine vegetables (18.4137)
cheese margarine vegetables bread (15.8202)
cheese margarine bread (20.8558)
cheese tissues-paper (23.9248)
cheese tissues-paper party (15.3879)
cheese tissues-paper juice-sat-cord-ms (15.9066)
cheese tissues-paper canned (17.3763)
cheese tissues-paper canned bread (15.0205)
cheese tissues-paper biscuits (17.0521)
cheese tissues-paper frozen (17.2466)
cheese tissues-paper milk-cream (16.5766)
cheese tissues-paper baking (17.9382)
cheese tissues-paper baking bread (15.2367)
cheese tissues-paper fruit (17.5492)
cheese tissues-paper fruit bread (15.1718)
cheese tissues-paper vegetables (17.7005)
cheese tissues-paper vegetables bread (15.215)
cheese tissues-paper bread (19.8617)
cheese party (23.9896)
cheese party juice-sat-cord-ms (16.4469)
cheese party canned (16.5118)
cheese party biscuits (17.8085)
cheese party biscuits bread (15.1934)
cheese party frozen (17.333)
cheese party milk-cream (16.5334)
cheese party baking (17.4627)
cheese party fruit (17.333)
cheese party fruit bread (15.2799)
cheese party vegetables (17.2682)
cheese party bread (19.7968)
cheese juice-sat-cord-ms (24.8109)
cheese juice-sat-cord-ms canned (17.0737)
cheese juice-sat-cord-ms biscuits (17.5276)
cheese juice-sat-cord-ms frozen (17.6572)
cheese juice-sat-cord-ms milk-cream (17.0089)
cheese juice-sat-cord-ms baking (18.003)
cheese juice-sat-cord-ms baking bread (15.0205)
cheese juice-sat-cord-ms fruit (17.8301)
cheese juice-sat-cord-ms fruit bread (15.4528)
cheese juice-sat-cord-ms vegetables (18.3272)
cheese juice-sat-cord-ms vegetables bread (15.3663)
cheese juice-sat-cord-ms bread (19.9914)
cheese canned (26.5831)
cheese canned biscuits (19.0836)
cheese canned biscuits bread (16.4037)
cheese canned frozen (19.1485)
cheese canned frozen bread (16.274)
cheese canned milk-cream (18.5433)
cheese canned milk-cream bread (16.1444)
cheese canned baking (19.9914)
cheese canned baking vegetables (15.4096)
cheese canned baking bread (16.9224)
cheese canned fruit (19.1701)
cheese canned fruit vegetables (15.9066)
cheese canned fruit bread (16.8576)
cheese canned vegetables (20.0994)
cheese canned vegetables bread (17.2898)
cheese canned bread (22.0661)
cheese biscuits (26.5183)
cheese biscuits frozen (19.8185)
cheese biscuits frozen baking (15.107)
cheese biscuits frozen vegetables (15.1286)
cheese biscuits frozen bread (17.0953)
cheese biscuits milk-cream (18.6082)
cheese biscuits milk-cream bread (16.2308)
cheese biscuits baking (19.451)
cheese biscuits baking bread (16.5982)
cheese biscuits fruit (19.6023)
cheese biscuits fruit vegetables (16.1011)
cheese biscuits fruit bread (17.2466)
cheese biscuits vegetables (19.6239)
cheese biscuits vegetables bread (17.0089)
cheese biscuits bread (22.1526)
cheese frozen (26.8208)
cheese frozen milk-cream (18.7378)
cheese frozen milk-cream bread (16.0147)
cheese frozen baking (19.8617)
cheese frozen baking vegetables (15.1718)
cheese frozen baking bread (16.6415)
cheese frozen fruit (19.2565)
cheese frozen fruit vegetables (15.7121)
cheese frozen fruit bread (17.0089)
cheese frozen vegetables (19.6023)
cheese frozen vegetables bread (16.9008)
cheese frozen bread (22.1094)
cheese milk-cream (27.8798)
cheese milk-cream baking (20.0778)
cheese milk-cream baking vegetables (15.496)
cheese milk-cream baking bread (16.944)
cheese milk-cream fruit (20.4884)
cheese milk-cream fruit vegetables (16.5766)
cheese milk-cream fruit bread (17.7221)
cheese milk-cream vegetables (20.6397)
cheese milk-cream vegetables bread (17.5708)
cheese milk-cream bread (23.1684)
cheese baking (28.4201)
cheese baking fruit (20.1859)
cheese baking fruit vegetables (16.6847)
cheese baking fruit bread (17.3763)
cheese baking vegetables (21.2016)
cheese baking vegetables bread (18.0463)
cheese baking bread (23.19)
cheese fruit (28.4201)
cheese fruit vegetables (22.52)
cheese fruit vegetables bread (19.3646)
cheese fruit bread (24.0761)
cheese vegetables (28.9821)
cheese vegetables bread (23.9896)
cheese bread (32.2455)
pet (44.1323)
pet sauces-gravy-pkle (23.8816)
pet sauces-gravy-pkle tissues-paper (16.4469)
pet sauces-gravy-pkle party (16.0147)
pet sauces-gravy-pkle juice-sat-cord-ms (15.3231)
pet sauces-gravy-pkle canned (17.0089)
pet sauces-gravy-pkle biscuits (16.9224)
pet sauces-gravy-pkle frozen (17.9598)
pet sauces-gravy-pkle frozen bread (15.1934)
pet sauces-gravy-pkle milk-cream (17.0521)
pet sauces-gravy-pkle baking (17.4843)
pet sauces-gravy-pkle fruit (16.9008)
pet sauces-gravy-pkle vegetables (18.0895)
pet sauces-gravy-pkle vegetables bread (15.5392)
pet sauces-gravy-pkle bread (19.7104)
pet margarine (25.1783)
pet margarine tissues-paper (16.8144)
pet margarine party (15.1934)
pet margarine juice-sat-cord-ms (15.6473)
pet margarine canned (17.1818)
pet margarine biscuits (17.4411)
pet margarine frozen (17.7653)
pet margarine frozen bread (15.215)
pet margarine milk-cream (17.7221)
pet margarine milk-cream bread (15.4096)
pet margarine baking (18.9324)
pet margarine baking bread (16.2308)
pet margarine fruit (17.7221)
pet margarine fruit bread (15.6257)
pet margarine vegetables (18.6082)
pet margarine vegetables bread (16.1011)
pet margarine bread (21.0071)
pet tissues-paper (26.3021)
pet tissues-paper party (16.944)
pet tissues-paper juice-sat-cord-ms (16.2957)
pet tissues-paper canned (18.3488)
pet tissues-paper canned bread (15.6689)
pet tissues-paper biscuits (18.1327)
pet tissues-paper biscuits bread (15.4528)
pet tissues-paper frozen (18.6946)
pet tissues-paper frozen bread (16.0363)
pet tissues-paper milk-cream (18.284)
pet tissues-paper milk-cream bread (15.8202)
pet tissues-paper baking (19.2781)
pet tissues-paper baking bread (16.3389)
pet tissues-paper fruit (18.8891)
pet tissues-paper fruit vegetables (15.4096)
pet tissues-paper fruit bread (16.2957)
pet tissues-paper vegetables (19.3214)
pet tissues-paper vegetables bread (16.5334)
pet tissues-paper bread (21.6123)
pet party (25.6538)
pet party juice-sat-cord-ms (17.3763)
pet party canned (16.6847)
pet party biscuits (18.8459)
pet party biscuits bread (15.9066)
pet party frozen (18.8891)
pet party frozen bread (16.0795)
pet party milk-cream (17.9814)
pet party milk-cream bread (15.4312)
pet party baking (18.1327)
pet party baking bread (15.4312)
pet party fruit (18.5866)
pet party fruit bread (16.0363)
pet party vegetables (18.2624)
pet party vegetables bread (15.777)
pet party bread (21.1152)
pet juice-sat-cord-ms (25.8699)
pet juice-sat-cord-ms canned (16.8792)
pet juice-sat-cord-ms biscuits (17.8301)
pet juice-sat-cord-ms biscuits bread (15.0421)
pet juice-sat-cord-ms frozen (18.5433)
pet juice-sat-cord-ms frozen bread (15.496)
pet juice-sat-cord-ms milk-cream (17.7869)
pet juice-sat-cord-ms milk-cream bread (15.1286)
pet juice-sat-cord-ms baking (18.284)
pet juice-sat-cord-ms baking bread (15.3015)
pet juice-sat-cord-ms fruit (18.4569)
pet juice-sat-cord-ms fruit bread (15.8202)
pet juice-sat-cord-ms vegetables (18.3704)
pet juice-sat-cord-ms vegetables bread (15.4528)
pet juice-sat-cord-ms bread (21.0071)
pet canned (27.4692)
pet canned biscuits (19.3646)
pet canned biscuits frozen (15.5392)
pet canned biscuits bread (16.6847)
pet canned frozen (20.1643)
pet canned frozen baking (15.3663)
pet canned frozen fruit (15.215)
pet canned frozen vegetables (15.6257)
pet canned frozen bread (17.2682)
pet canned milk-cream (19.4943)
pet canned milk-cream bread (16.9224)
pet canned baking (20.2939)
pet canned baking vegetables (15.5176)
pet canned baking bread (17.2466)
pet canned fruit (20.0562)
pet canned fruit vegetables (16.5334)
pet canned fruit bread (17.5708)
pet canned vegetables (20.402)
pet canned vegetables bread (17.7869)
pet canned bread (22.9738)
pet biscuits (27.9447)
pet biscuits frozen (21.0504)
pet biscuits frozen milk-cream (15.215)
pet biscuits frozen baking (15.8418)
pet biscuits frozen fruit (15.885)
pet biscuits frozen vegetables (16.166)
pet biscuits frozen bread (18.0895)
pet biscuits milk-cream (19.732)
pet biscuits milk-cream fruit (15.2367)
pet biscuits milk-cream vegetables (15.0421)
pet biscuits milk-cream bread (17.0305)
pet biscuits baking (20.1426)
pet biscuits baking fruit (15.215)
pet biscuits baking vegetables (15.5176)
pet biscuits baking bread (17.1385)
pet biscuits fruit (20.5749)
pet biscuits fruit vegetables (16.6198)
pet biscuits fruit bread (17.8734)
pet biscuits vegetables (20.4668)
pet biscuits vegetables bread (17.8517)
pet biscuits bread (23.298)
pet frozen (29.2414)
pet frozen milk-cream (20.8991)
pet frozen milk-cream baking (15.5176)
pet frozen milk-cream fruit (15.9282)
pet frozen milk-cream vegetables (16.0147)
pet frozen milk-cream bread (17.9166)
pet frozen baking (21.0071)
pet frozen baking fruit (15.5608)
pet frozen baking vegetables (16.4037)
pet frozen baking bread (17.7437)
pet frozen fruit (21.3097)
pet frozen fruit vegetables (17.614)
pet frozen fruit vegetables bread (15.4096)
pet frozen fruit bread (18.4569)
pet frozen vegetables (21.9797)
pet frozen vegetables bread (18.8891)
pet frozen bread (24.2922)
pet milk-cream (30.2572)
pet milk-cream baking (21.2881)
pet milk-cream baking fruit (15.8202)
pet milk-cream baking vegetables (16.3389)
pet milk-cream baking bread (18.3056)
pet milk-cream fruit (22.1526)
pet milk-cream fruit vegetables (17.9598)
pet milk-cream fruit vegetables bread (15.6041)
pet milk-cream fruit bread (19.1485)
pet milk-cream vegetables (22.1958)
pet milk-cream vegetables bread (19.0188)
pet milk-cream bread (25.2215)
pet baking (29.6737)
pet baking fruit (21.1368)
pet baking fruit vegetables (17.4411)
pet baking fruit vegetables bread (15.215)
pet baking fruit bread (18.2191)
pet baking vegetables (22.0877)
pet baking vegetables bread (18.8243)
pet baking bread (24.5083)
pet fruit (30.6246)
pet fruit vegetables (24.2706)
pet fruit vegetables bread (20.5749)
pet fruit bread (25.5889)
pet vegetables (31.1433)
pet vegetables bread (25.7402)
pet bread (34.947)
sauces-gravy-pkle (47.5686)
sauces-gravy-pkle margarine (27.2531)
sauces-gravy-pkle margarine tissues-paper (17.6572)
sauces-gravy-pkle margarine party (16.9008)
sauces-gravy-pkle margarine juice-sat-cord-ms (17.6788)
sauces-gravy-pkle margarine canned (19.732)
sauces-gravy-pkle margarine canned frozen (15.0421)
sauces-gravy-pkle margarine canned baking (15.3879)
sauces-gravy-pkle margarine canned bread (16.555)
sauces-gravy-pkle margarine biscuits (18.954)
sauces-gravy-pkle margarine biscuits frozen (15.0638)
sauces-gravy-pkle margarine biscuits baking (15.0854)
sauces-gravy-pkle margarine biscuits bread (15.9715)
sauces-gravy-pkle margarine frozen (19.6888)
sauces-gravy-pkle margarine frozen baking (15.6257)
sauces-gravy-pkle margarine frozen bread (16.4686)
sauces-gravy-pkle margarine milk-cream (19.2133)
sauces-gravy-pkle margarine milk-cream bread (16.3605)
sauces-gravy-pkle margarine baking (20.6613)
sauces-gravy-pkle margarine baking vegetables (15.6041)
sauces-gravy-pkle margarine baking bread (17.2466)
sauces-gravy-pkle margarine fruit (18.5433)
sauces-gravy-pkle margarine fruit vegetables (15.496)
sauces-gravy-pkle margarine fruit bread (16.0147)
sauces-gravy-pkle margarine vegetables (20.013)
sauces-gravy-pkle margarine vegetables bread (17.1818)
sauces-gravy-pkle margarine bread (22.3039)
sauces-gravy-pkle tissues-paper (27.8798)
sauces-gravy-pkle tissues-paper party (18.1327)
sauces-gravy-pkle tissues-paper party bread (15.1934)
sauces-gravy-pkle tissues-paper juice-sat-cord-ms (17.614)
sauces-gravy-pkle tissues-paper canned (19.7968)
sauces-gravy-pkle tissues-paper canned baking (15.6473)
sauces-gravy-pkle tissues-paper canned bread (16.7279)
sauces-gravy-pkle tissues-paper biscuits (19.343)
sauces-gravy-pkle tissues-paper biscuits frozen (15.1718)
sauces-gravy-pkle tissues-paper biscuits baking (15.1718)
sauces-gravy-pkle tissues-paper biscuits bread (16.1228)
sauces-gravy-pkle tissues-paper frozen (20.1643)
sauces-gravy-pkle tissues-paper frozen baking (15.8418)
sauces-gravy-pkle tissues-paper frozen vegetables (15.3015)
sauces-gravy-pkle tissues-paper frozen bread (16.8576)
sauces-gravy-pkle tissues-paper milk-cream (19.0836)
sauces-gravy-pkle tissues-paper milk-cream bread (16.166)
sauces-gravy-pkle tissues-paper baking (20.8991)
sauces-gravy-pkle tissues-paper baking vegetables (15.6689)
sauces-gravy-pkle tissues-paper baking bread (17.4195)
sauces-gravy-pkle tissues-paper fruit (19.8185)
sauces-gravy-pkle tissues-paper fruit vegetables (16.1444)
sauces-gravy-pkle tissues-paper fruit bread (16.7495)
sauces-gravy-pkle tissues-paper vegetables (20.2507)
sauces-gravy-pkle tissues-paper vegetables bread (17.0953)
sauces-gravy-pkle tissues-paper bread (22.5848)
sauces-gravy-pkle party (28.3553)
sauces-gravy-pkle party juice-sat-cord-ms (19.3862)
sauces-gravy-pkle party juice-sat-cord-ms frozen (15.1502)
sauces-gravy-pkle party juice-sat-cord-ms bread (15.8202)
sauces-gravy-pkle party canned (19.062)
sauces-gravy-pkle party canned frozen (15.1286)
sauces-gravy-pkle party canned bread (16.0363)
sauces-gravy-pkle party biscuits (20.8342)
sauces-gravy-pkle party biscuits frozen (16.7279)
sauces-gravy-pkle party biscuits baking (15.777)
sauces-gravy-pkle party biscuits fruit (15.2583)
sauces-gravy-pkle party biscuits vegetables (15.5176)
sauces-gravy-pkle party biscuits bread (17.4843)
sauces-gravy-pkle party frozen (21.3313)
sauces-gravy-pkle party frozen baking (16.0795)
sauces-gravy-pkle party frozen fruit (15.2799)
sauces-gravy-pkle party frozen vegetables (15.6473)
sauces-gravy-pkle party frozen bread (17.7653)
sauces-gravy-pkle party milk-cream (19.5159)
sauces-gravy-pkle party milk-cream bread (16.4037)
sauces-gravy-pkle party baking (20.6181)
sauces-gravy-pkle party baking vegetables (15.3231)
sauces-gravy-pkle party baking bread (17.225)
sauces-gravy-pkle party fruit (19.9697)
sauces-gravy-pkle party fruit vegetables (16.166)
sauces-gravy-pkle party fruit bread (17.0089)
sauces-gravy-pkle party vegetables (20.3804)
sauces-gravy-pkle party vegetables bread (17.0521)
sauces-gravy-pkle party bread (22.9522)
sauces-gravy-pkle juice-sat-cord-ms (28.6147)
sauces-gravy-pkle juice-sat-cord-ms canned (19.8185)
sauces-gravy-pkle juice-sat-cord-ms canned frozen (15.4312)
sauces-gravy-pkle juice-sat-cord-ms canned bread (16.2957)
sauces-gravy-pkle juice-sat-cord-ms biscuits (19.6023)
sauces-gravy-pkle juice-sat-cord-ms biscuits frozen (15.6257)
sauces-gravy-pkle juice-sat-cord-ms biscuits bread (16.2092)
sauces-gravy-pkle juice-sat-cord-ms frozen (20.7046)
sauces-gravy-pkle juice-sat-cord-ms frozen baking (15.6689)
sauces-gravy-pkle juice-sat-cord-ms frozen fruit (15.1718)
sauces-gravy-pkle juice-sat-cord-ms frozen vegetables (15.4528)
sauces-gravy-pkle juice-sat-cord-ms frozen bread (16.836)
sauces-gravy-pkle juice-sat-cord-ms milk-cream (19.5591)
sauces-gravy-pkle juice-sat-cord-ms milk-cream bread (16.3173)
sauces-gravy-pkle juice-sat-cord-ms baking (20.5317)
sauces-gravy-pkle juice-sat-cord-ms baking vegetables (15.1718)
sauces-gravy-pkle juice-sat-cord-ms baking bread (16.6631)
sauces-gravy-pkle juice-sat-cord-ms fruit (20.2075)
sauces-gravy-pkle juice-sat-cord-ms fruit vegetables (16.2308)
sauces-gravy-pkle juice-sat-cord-ms fruit bread (16.9656)
sauces-gravy-pkle juice-sat-cord-ms vegetables (20.51)
sauces-gravy-pkle juice-sat-cord-ms vegetables bread (16.9008)
sauces-gravy-pkle juice-sat-cord-ms bread (22.5416)
sauces-gravy-pkle canned (31.3162)
sauces-gravy-pkle canned biscuits (21.7419)
sauces-gravy-pkle canned biscuits frozen (17.2898)
sauces-gravy-pkle canned biscuits milk-cream (15.0421)
sauces-gravy-pkle canned biscuits baking (16.4902)
sauces-gravy-pkle canned biscuits fruit (16.0363)
sauces-gravy-pkle canned biscuits vegetables (16.4253)
sauces-gravy-pkle canned biscuits bread (18.2624)
sauces-gravy-pkle canned frozen (22.9522)
sauces-gravy-pkle canned frozen milk-cream (16.0579)
sauces-gravy-pkle canned frozen baking (17.3547)
sauces-gravy-pkle canned frozen fruit (16.6198)
sauces-gravy-pkle canned frozen vegetables (17.3979)
sauces-gravy-pkle canned frozen vegetables bread (15.107)
sauces-gravy-pkle canned frozen bread (19.1701)
sauces-gravy-pkle canned milk-cream (21.6555)
sauces-gravy-pkle canned milk-cream baking (15.8634)
sauces-gravy-pkle canned milk-cream fruit (16.1876)
sauces-gravy-pkle canned milk-cream vegetables (16.5118)
sauces-gravy-pkle canned milk-cream bread (18.6082)
sauces-gravy-pkle canned baking (22.7793)
sauces-gravy-pkle canned baking fruit (16.3605)
sauces-gravy-pkle canned baking vegetables (17.1169)
sauces-gravy-pkle canned baking bread (18.7811)
sauces-gravy-pkle canned fruit (22.1742)
sauces-gravy-pkle canned fruit vegetables (18.3056)
sauces-gravy-pkle canned fruit vegetables bread (16.1228)
sauces-gravy-pkle canned fruit bread (19.1269)
sauces-gravy-pkle canned vegetables (23.0603)
sauces-gravy-pkle canned vegetables bread (19.6888)
sauces-gravy-pkle canned bread (25.5025)
sauces-gravy-pkle biscuits (30.3869)
sauces-gravy-pkle biscuits frozen (23.2764)
sauces-gravy-pkle biscuits frozen milk-cream (16.2524)
sauces-gravy-pkle biscuits frozen baking (17.895)
sauces-gravy-pkle biscuits frozen baking bread (15.1502)
sauces-gravy-pkle biscuits frozen fruit (17.225)
sauces-gravy-pkle biscuits frozen fruit bread (15.107)
sauces-gravy-pkle biscuits frozen vegetables (17.5059)
sauces-gravy-pkle biscuits frozen vegetables bread (15.3015)
sauces-gravy-pkle biscuits frozen bread (19.5807)
sauces-gravy-pkle biscuits milk-cream (20.8991)
sauces-gravy-pkle biscuits milk-cream baking (15.8418)
sauces-gravy-pkle biscuits milk-cream fruit (15.777)
sauces-gravy-pkle biscuits milk-cream vegetables (15.7337)
sauces-gravy-pkle biscuits milk-cream bread (17.7869)
sauces-gravy-pkle biscuits baking (22.4335)
sauces-gravy-pkle biscuits baking fruit (16.3389)
sauces-gravy-pkle biscuits baking vegetables (16.7279)
sauces-gravy-pkle biscuits baking bread (18.6298)
sauces-gravy-pkle biscuits fruit (21.8932)
sauces-gravy-pkle biscuits fruit vegetables (17.7869)
sauces-gravy-pkle biscuits fruit vegetables bread (15.6257)
sauces-gravy-pkle biscuits fruit bread (18.6298)
sauces-gravy-pkle biscuits vegetables (22.0877)
sauces-gravy-pkle biscuits vegetables bread (18.9972)
sauces-gravy-pkle biscuits bread (24.8109)
sauces-gravy-pkle frozen (32.3536)
sauces-gravy-pkle frozen milk-cream (22.2606)
sauces-gravy-pkle frozen milk-cream baking (16.4037)
sauces-gravy-pkle frozen milk-cream fruit (16.7063)
sauces-gravy-pkle frozen milk-cream vegetables (16.9008)
sauces-gravy-pkle frozen milk-cream bread (18.7378)
sauces-gravy-pkle frozen baking (23.5358)
sauces-gravy-pkle frozen baking fruit (16.6415)
sauces-gravy-pkle frozen baking vegetables (17.7221)
sauces-gravy-pkle frozen baking vegetables bread (15.1286)
sauces-gravy-pkle frozen baking bread (19.4727)
sauces-gravy-pkle frozen fruit (22.7145)
sauces-gravy-pkle frozen fruit vegetables (18.7811)
sauces-gravy-pkle frozen fruit vegetables bread (16.3821)
sauces-gravy-pkle frozen fruit bread (19.5159)
sauces-gravy-pkle frozen vegetables (23.8383)
sauces-gravy-pkle frozen vegetables bread (20.0562)
sauces-gravy-pkle frozen bread (26.2373)
sauces-gravy-pkle milk-cream (32.1375)
sauces-gravy-pkle milk-cream baking (22.8442)
sauces-gravy-pkle milk-cream baking fruit (16.5982)
sauces-gravy-pkle milk-cream baking vegetables (17.4843)
sauces-gravy-pkle milk-cream baking bread (19.1269)
sauces-gravy-pkle milk-cream fruit (23.2116)
sauces-gravy-pkle milk-cream fruit vegetables (18.8243)
sauces-gravy-pkle milk-cream fruit vegetables bread (16.1228)
sauces-gravy-pkle milk-cream fruit bread (19.6239)
sauces-gravy-pkle milk-cream vegetables (23.6654)
sauces-gravy-pkle milk-cream vegetables bread (19.8185)
sauces-gravy-pkle milk-cream bread (26.2805)
sauces-gravy-pkle baking (32.8723)
sauces-gravy-pkle baking fruit (22.6064)
sauces-gravy-pkle baking fruit vegetables (18.673)
sauces-gravy-pkle baking fruit vegetables bread (16.1444)
sauces-gravy-pkle baking fruit bread (19.1269)
sauces-gravy-pkle baking vegetables (24.1409)
sauces-gravy-pkle baking vegetables bread (20.1643)
sauces-gravy-pkle baking bread (26.4318)
sauces-gravy-pkle fruit (32.2671)
sauces-gravy-pkle fruit vegetables (25.697)
sauces-gravy-pkle fruit vegetables bread (21.7636)
sauces-gravy-pkle fruit bread (26.5615)
sauces-gravy-pkle vegetables (33.6719)
sauces-gravy-pkle vegetables bread (27.4044)
sauces-gravy-pkle bread (36.957)
margarine (49.4489)
margarine tissues-paper (29.155)
margarine tissues-paper party (17.5276)
margarine tissues-paper juice-sat-cord-ms (19.062)
margarine tissues-paper juice-sat-cord-ms baking (15.0421)
margarine tissues-paper juice-sat-cord-ms bread (15.8418)
margarine tissues-paper canned (20.0562)
margarine tissues-paper canned biscuits (15.0638)
margarine tissues-paper canned frozen (15.107)
margarine tissues-paper canned baking (16.1876)
margarine tissues-paper canned bread (17.1601)
margarine tissues-paper biscuits (20.402)
margarine tissues-paper biscuits frozen (15.8202)
margarine tissues-paper biscuits baking (16.1876)
margarine tissues-paper biscuits fruit (15.3447)
margarine tissues-paper biscuits bread (17.3763)
margarine tissues-paper frozen (20.791)
margarine tissues-paper frozen baking (16.7063)
margarine tissues-paper frozen fruit (15.0854)
margarine tissues-paper frozen vegetables (15.6041)
margarine tissues-paper frozen bread (17.4843)
margarine tissues-paper milk-cream (19.9914)
margarine tissues-paper milk-cream baking (15.7986)
margarine tissues-paper milk-cream bread (17.2034)
margarine tissues-paper baking (22.4984)
margarine tissues-paper baking fruit (16.0795)
margarine tissues-paper baking vegetables (16.7279)
margarine tissues-paper baking bread (18.954)
margarine tissues-paper fruit (20.5749)
margarine tissues-paper fruit vegetables (16.6631)
margarine tissues-paper fruit bread (17.6356)
margarine tissues-paper vegetables (20.9639)
margarine tissues-paper vegetables bread (17.9166)
margarine tissues-paper bread (24.0545)
margarine party (26.6912)
margarine party juice-sat-cord-ms (18.4785)
margarine party juice-sat-cord-ms bread (15.3663)
margarine party canned (18.3488)
margarine party canned bread (15.5825)
margarine party biscuits (20.013)
margarine party biscuits frozen (15.7553)
margarine party biscuits baking (15.5392)
margarine party biscuits bread (17.0521)
margarine party frozen (19.8617)
margarine party frozen baking (15.3663)
margarine party frozen bread (16.6198)
margarine party milk-cream (18.2408)
margarine party milk-cream bread (15.6257)
margarine party baking (20.013)
margarine party baking bread (16.944)
margarine party fruit (18.8675)
margarine party fruit vegetables (15.1934)
margarine party fruit bread (16.3605)
margarine party vegetables (18.9972)
margarine party vegetables bread (16.2957)
margarine party bread (22.0877)
margarine juice-sat-cord-ms (29.4359)
margarine juice-sat-cord-ms canned (20.2075)
margarine juice-sat-cord-ms canned biscuits (15.2583)
margarine juice-sat-cord-ms canned frozen (15.6905)
margarine juice-sat-cord-ms canned baking (15.8202)
margarine juice-sat-cord-ms canned bread (16.836)
margarine juice-sat-cord-ms biscuits (20.6829)
margarine juice-sat-cord-ms biscuits frozen (16.1011)
margarine juice-sat-cord-ms biscuits baking (16.1228)
margarine juice-sat-cord-ms biscuits fruit (15.1718)
margarine juice-sat-cord-ms biscuits bread (17.4411)
margarine juice-sat-cord-ms frozen (21.3097)
margarine juice-sat-cord-ms frozen baking (16.7495)
margarine juice-sat-cord-ms frozen fruit (15.2799)
margarine juice-sat-cord-ms frozen vegetables (15.5825)
margarine juice-sat-cord-ms frozen bread (17.3547)
margarine juice-sat-cord-ms milk-cream (20.1426)
margarine juice-sat-cord-ms milk-cream baking (15.3231)
margarine juice-sat-cord-ms milk-cream bread (17.0737)
margarine juice-sat-cord-ms baking (22.0013)
margarine juice-sat-cord-ms baking fruit (15.6041)
margarine juice-sat-cord-ms baking vegetables (16.0795)
margarine juice-sat-cord-ms baking bread (18.284)
margarine juice-sat-cord-ms fruit (20.5317)
margarine juice-sat-cord-ms fruit vegetables (16.4253)
margarine juice-sat-cord-ms fruit bread (17.6788)
margarine juice-sat-cord-ms vegetables (20.9423)
margarine juice-sat-cord-ms vegetables bread (17.6572)
margarine juice-sat-cord-ms bread (23.7735)
margarine canned (31.9429)
margarine canned biscuits (22.6281)
margarine canned biscuits frozen (17.9166)
margarine canned biscuits frozen bread (15.5176)
margarine canned biscuits milk-cream (15.777)
margarine canned biscuits baking (17.6356)
margarine canned biscuits baking bread (15.2367)
margarine canned biscuits fruit (16.8576)
margarine canned biscuits fruit bread (15.1286)
margarine canned biscuits vegetables (16.7279)
margarine canned biscuits bread (19.3214)
margarine canned frozen (23.19)
margarine canned frozen milk-cream (16.2957)
margarine canned frozen baking (18.3704)
margarine canned frozen baking bread (15.5608)
margarine canned frozen fruit (16.6631)
margarine canned frozen vegetables (17.225)
margarine canned frozen vegetables bread (15.0638)
margarine canned frozen bread (19.4727)
margarine canned milk-cream (22.1742)
margarine canned milk-cream baking (17.0521)
margarine canned milk-cream baking bread (15.0854)
margarine canned milk-cream fruit (16.4469)
margarine canned milk-cream vegetables (16.5766)
margarine canned milk-cream bread (19.2565)
margarine canned baking (24.2706)
margarine canned baking fruit (17.5492)
margarine canned baking fruit bread (15.6041)
margarine canned baking vegetables (18.0679)
margarine canned baking vegetables bread (15.9066)
margarine canned baking bread (20.5317)
margarine canned fruit (22.6064)
margarine canned fruit vegetables (18.4353)
margarine canned fruit vegetables bread (16.4469)
margarine canned fruit bread (19.8401)
margarine canned vegetables (23.2332)
margarine canned vegetables bread (20.121)
margarine canned bread (26.475)
margarine biscuits (32.2671)
margarine biscuits frozen (24.1193)
margarine biscuits frozen milk-cream (16.944)
margarine biscuits frozen milk-cream bread (15.0205)
margarine biscuits frozen baking (19.0836)
margarine biscuits frozen baking bread (16.4037)
margarine biscuits frozen fruit (17.5708)
margarine biscuits frozen fruit bread (15.6473)
margarine biscuits frozen vegetables (17.5276)
margarine biscuits frozen vegetables bread (15.5608)
margarine biscuits frozen bread (20.5749)
margarine biscuits milk-cream (22.3687)
margarine biscuits milk-cream baking (17.1601)
margarine biscuits milk-cream baking bread (15.2583)
margarine biscuits milk-cream fruit (16.836)
margarine biscuits milk-cream fruit bread (15.0638)
margarine biscuits milk-cream vegetables (16.2092)
margarine biscuits milk-cream bread (19.5159)
margarine biscuits baking (24.3786)
margarine biscuits baking fruit (17.9814)
margarine biscuits baking fruit bread (15.8634)
margarine biscuits baking vegetables (17.9166)
margarine biscuits baking vegetables bread (15.7553)
margarine biscuits baking bread (20.6829)
margarine biscuits fruit (23.298)
margarine biscuits fruit vegetables (18.5433)
margarine biscuits fruit vegetables bread (16.5982)
margarine biscuits fruit bread (20.3804)
margarine biscuits vegetables (22.7793)
margarine biscuits vegetables bread (19.9914)
margarine biscuits bread (27.037)
margarine frozen (33.0884)
margarine frozen milk-cream (22.7145)
margarine frozen milk-cream baking (17.7653)
margarine frozen milk-cream baking bread (15.6041)
margarine frozen milk-cream fruit (16.5982)
margarine frozen milk-cream vegetables (16.944)
margarine frozen milk-cream bread (19.3646)
margarine frozen baking (25.1783)
margarine frozen baking fruit (17.6572)
margarine frozen baking fruit bread (15.5825)
margarine frozen baking vegetables (18.5866)
margarine frozen baking vegetables bread (16.0579)
margarine frozen baking bread (21.0287)
margarine frozen fruit (22.909)
margarine frozen fruit vegetables (18.5649)
margarine frozen fruit vegetables bread (16.3173)
margarine frozen fruit bread (19.7536)
margarine frozen vegetables (23.7087)
margarine frozen vegetables bread (20.1426)
margarine frozen bread (26.9937)
margarine milk-cream (33.4774)
margarine milk-cream baking (24.6812)
margarine milk-cream baking fruit (17.9382)
margarine milk-cream baking fruit bread (16.0147)
margarine milk-cream baking vegetables (18.4785)
margarine milk-cream baking vegetables bread (16.2957)
margarine milk-cream baking bread (21.3313)
margarine milk-cream fruit (23.8383)
margarine milk-cream fruit vegetables (19.1269)
margarine milk-cream fruit vegetables bread (16.7927)
margarine milk-cream fruit bread (20.7046)
margarine milk-cream vegetables (24.0112)
margarine milk-cream vegetables bread (20.7046)
margarine milk-cream bread (28.0743)
margarine baking (35.5522)
margarine baking fruit (24.4651)
margarine baking fruit vegetables (19.8617)
margarine baking fruit vegetables bread (17.5924)
margarine baking fruit bread (21.2665)
margarine baking vegetables (25.5241)
margarine baking vegetables bread (21.8932)
margarine baking bread (29.3495)
margarine fruit (33.3694)
margarine fruit vegetables (26.3238)
margarine fruit vegetables bread (22.6929)
margarine fruit bread (28.2472)
margarine vegetables (34.2987)
margarine vegetables bread (28.5714)
margarine bread (39.5721)
tissues-paper (48.5628)
tissues-paper party (28.096)
tissues-paper party juice-sat-cord-ms (19.343)
tissues-paper party juice-sat-cord-ms bread (16.0147)
tissues-paper party canned (18.8891)
tissues-paper party canned bread (16.166)
tissues-paper party biscuits (20.8126)
tissues-paper party biscuits frozen (16.1876)
tissues-paper party biscuits baking (15.6689)
tissues-paper party biscuits fruit (15.5392)
tissues-paper party biscuits vegetables (15.2583)
tissues-paper party biscuits bread (17.5059)
tissues-paper party frozen (20.8991)
tissues-paper party frozen baking (15.6689)
tissues-paper party frozen fruit (15.3231)
tissues-paper party frozen vegetables (15.2583)
tissues-paper party frozen bread (17.5276)
tissues-paper party milk-cream (19.0188)
tissues-paper party milk-cream bread (16.3389)
tissues-paper party baking (20.2939)
tissues-paper party baking vegetables (15.1286)
tissues-paper party baking bread (17.1169)
tissues-paper party fruit (20.1859)
tissues-paper party fruit vegetables (16.2092)
tissues-paper party fruit bread (17.3114)
tissues-paper party vegetables (20.0778)
tissues-paper party vegetables bread (17.0953)
tissues-paper party bread (23.0603)
tissues-paper juice-sat-cord-ms (29.263)
tissues-paper juice-sat-cord-ms canned (20.2291)
tissues-paper juice-sat-cord-ms canned biscuits (15.2367)
tissues-paper juice-sat-cord-ms canned frozen (15.3231)
tissues-paper juice-sat-cord-ms canned baking (15.8202)
tissues-paper juice-sat-cord-ms canned bread (17.225)
tissues-paper juice-sat-cord-ms biscuits (20.3372)
tissues-paper juice-sat-cord-ms biscuits frozen (15.7337)
tissues-paper juice-sat-cord-ms biscuits baking (15.4528)
tissues-paper juice-sat-cord-ms biscuits fruit (15.1718)
tissues-paper juice-sat-cord-ms biscuits bread (17.1818)
tissues-paper juice-sat-cord-ms frozen (20.8342)
tissues-paper juice-sat-cord-ms frozen baking (16.1011)
tissues-paper juice-sat-cord-ms frozen fruit (15.3663)
tissues-paper juice-sat-cord-ms frozen vegetables (15.5176)
tissues-paper juice-sat-cord-ms frozen bread (17.3547)
tissues-paper juice-sat-cord-ms milk-cream (19.9914)
tissues-paper juice-sat-cord-ms milk-cream fruit (15.0854)
tissues-paper juice-sat-cord-ms milk-cream bread (17.2034)
tissues-paper juice-sat-cord-ms baking (21.3097)
tissues-paper juice-sat-cord-ms baking fruit (15.3663)
tissues-paper juice-sat-cord-ms baking vegetables (15.6257)
tissues-paper juice-sat-cord-ms baking bread (17.7221)
tissues-paper juice-sat-cord-ms fruit (20.8126)
tissues-paper juice-sat-cord-ms fruit vegetables (16.5766)
tissues-paper juice-sat-cord-ms fruit bread (17.8301)
tissues-paper juice-sat-cord-ms vegetables (20.7046)
tissues-paper juice-sat-cord-ms vegetables bread (17.5708)
tissues-paper juice-sat-cord-ms bread (23.7087)
tissues-paper canned (31.3162)
tissues-paper canned biscuits (22.1958)
tissues-paper canned biscuits frozen (17.1818)
tissues-paper canned biscuits frozen bread (15.0854)
tissues-paper canned biscuits milk-cream (15.4096)
tissues-paper canned biscuits baking (17.3114)
tissues-paper canned biscuits baking bread (15.1286)
tissues-paper canned biscuits fruit (16.8144)
tissues-paper canned biscuits vegetables (16.5766)
tissues-paper canned biscuits bread (19.0404)
tissues-paper canned frozen (22.4768)
tissues-paper canned frozen milk-cream (15.9066)
tissues-paper canned frozen baking (17.7005)
tissues-paper canned frozen baking bread (15.3015)
tissues-paper canned frozen fruit (16.8792)
tissues-paper canned frozen fruit bread (15.0638)
tissues-paper canned frozen vegetables (17.1169)
tissues-paper canned frozen vegetables bread (15.1502)
tissues-paper canned frozen bread (19.1701)
tissues-paper canned milk-cream (21.6987)
tissues-paper canned milk-cream baking (16.8144)
tissues-paper canned milk-cream fruit (16.7495)
tissues-paper canned milk-cream vegetables (16.2957)
tissues-paper canned milk-cream bread (18.9972)
tissues-paper canned baking (23.7519)
tissues-paper canned baking fruit (17.614)
tissues-paper canned baking fruit bread (15.5608)
tissues-paper canned baking vegetables (17.7869)
tissues-paper canned baking vegetables bread (15.7121)
tissues-paper canned baking bread (20.3155)
tissues-paper canned fruit (22.8442)
tissues-paper canned fruit vegetables (18.4785)
tissues-paper canned fruit vegetables bread (16.4469)
tissues-paper canned fruit bread (19.8401)
tissues-paper canned vegetables (22.8226)
tissues-paper canned vegetables bread (19.8401)
tissues-paper canned bread (26.1509)
tissues-paper biscuits (31.4026)
tissues-paper biscuits frozen (23.1684)
tissues-paper biscuits frozen milk-cream (16.274)
tissues-paper biscuits frozen baking (18.1759)
tissues-paper biscuits frozen baking bread (15.7553)
tissues-paper biscuits frozen fruit (17.5492)
tissues-paper biscuits frozen fruit bread (15.5392)
tissues-paper biscuits frozen vegetables (17.1818)
tissues-paper biscuits frozen vegetables bread (15.2799)
tissues-paper biscuits frozen bread (19.8833)
tissues-paper biscuits milk-cream (21.5474)
tissues-paper biscuits milk-cream baking (16.4037)
tissues-paper biscuits milk-cream fruit (16.6415)
tissues-paper biscuits milk-cream vegetables (15.9282)
tissues-paper biscuits milk-cream bread (18.8027)
tissues-paper biscuits baking (23.2764)
tissues-paper biscuits baking fruit (17.3763)
tissues-paper biscuits baking fruit bread (15.2367)
tissues-paper biscuits baking vegetables (17.3763)
tissues-paper biscuits baking vegetables bread (15.2583)
tissues-paper biscuits baking bread (19.7752)
tissues-paper biscuits fruit (23.19)
tissues-paper biscuits fruit vegetables (18.4785)
tissues-paper biscuits fruit vegetables bread (16.2957)
tissues-paper biscuits fruit bread (19.9049)
tissues-paper biscuits vegetables (22.4984)
tissues-paper biscuits vegetables bread (19.5159)
tissues-paper biscuits bread (26.1292)
tissues-paper frozen (32.5265)
tissues-paper frozen milk-cream (22.6281)
tissues-paper frozen milk-cream baking (17.1601)
tissues-paper frozen milk-cream baking bread (15.1286)
tissues-paper frozen milk-cream fruit (17.5059)
tissues-paper frozen milk-cream fruit bread (15.3231)
tissues-paper frozen milk-cream vegetables (17.225)
tissues-paper frozen milk-cream vegetables bread (15.215)
tissues-paper frozen milk-cream bread (19.5375)
tissues-paper frozen baking (24.1625)
tissues-paper frozen baking fruit (17.6356)
tissues-paper frozen baking fruit bread (15.496)
tissues-paper frozen baking vegetables (18.3056)
tissues-paper frozen baking vegetables bread (15.9066)
tissues-paper frozen baking bread (20.3804)
tissues-paper frozen fruit (23.6871)
tissues-paper frozen fruit vegetables (19.2349)
tissues-paper frozen fruit vegetables bread (16.9224)
tissues-paper frozen fruit bread (20.3588)
tissues-paper frozen vegetables (23.8167)
tissues-paper frozen vegetables bread (20.402)
tissues-paper frozen bread (26.7776)
tissues-paper milk-cream (32.721)
tissues-paper milk-cream baking (23.86)
tissues-paper milk-cream baking fruit (17.8734)
tissues-paper milk-cream baking fruit bread (15.6041)
tissues-paper milk-cream baking vegetables (18.0463)
tissues-paper milk-cream baking vegetables bread (15.7121)
tissues-paper milk-cream baking bread (20.5533)
tissues-paper milk-cream fruit (24.4003)
tissues-paper milk-cream fruit vegetables (19.451)
tissues-paper milk-cream fruit vegetables bread (16.7927)
tissues-paper milk-cream fruit bread (20.8342)
tissues-paper milk-cream vegetables (23.7519)
tissues-paper milk-cream vegetables bread (20.402)
tissues-paper milk-cream bread (27.5557)
tissues-paper baking (33.9961)
tissues-paper baking fruit (24.1409)
tissues-paper baking fruit vegetables (19.5591)
tissues-paper baking fruit vegetables bread (17.1169)
tissues-paper baking fruit bread (20.6397)
tissues-paper baking vegetables (24.6164)
tissues-paper baking vegetables bread (20.9639)
tissues-paper baking bread (27.9663)
tissues-paper fruit (33.9529)
tissues-paper fruit vegetables (26.5183)
tissues-paper fruit vegetables bread (22.6281)
tissues-paper fruit bread (28.1176)
tissues-paper vegetables (33.6935)
tissues-paper vegetables bread (27.9447)
tissues-paper bread (38.3834)
party (50.3566)
party juice-sat-cord-ms (32.0294)
party juice-sat-cord-ms canned (20.5533)
party juice-sat-cord-ms canned biscuits (15.885)
party juice-sat-cord-ms canned frozen (16.0363)
party juice-sat-cord-ms canned baking (15.6905)
party juice-sat-cord-ms canned bread (17.1818)
party juice-sat-cord-ms biscuits (23.0819)
party juice-sat-cord-ms biscuits frozen (17.7221)
party juice-sat-cord-ms biscuits frozen bread (15.1502)
party juice-sat-cord-ms biscuits milk-cream (15.777)
party juice-sat-cord-ms biscuits baking (16.836)
party juice-sat-cord-ms biscuits fruit (17.0737)
party juice-sat-cord-ms biscuits fruit bread (15.0205)
party juice-sat-cord-ms biscuits vegetables (16.4469)
party juice-sat-cord-ms biscuits bread (19.3862)
party juice-sat-cord-ms frozen (22.8658)
party juice-sat-cord-ms frozen milk-cream (15.4744)
party juice-sat-cord-ms frozen baking (17.0521)
party juice-sat-cord-ms frozen fruit (16.5982)
party juice-sat-cord-ms frozen vegetables (16.5766)
party juice-sat-cord-ms frozen bread (18.7811)
party juice-sat-cord-ms milk-cream (21.2449)
party juice-sat-cord-ms milk-cream baking (15.1286)
party juice-sat-cord-ms milk-cream fruit (15.7337)
party juice-sat-cord-ms milk-cream vegetables (15.0638)
party juice-sat-cord-ms milk-cream bread (17.9814)
party juice-sat-cord-ms baking (22.2823)
party juice-sat-cord-ms baking fruit (15.6905)
party juice-sat-cord-ms baking vegetables (16.0147)
party juice-sat-cord-ms baking bread (18.4785)
party juice-sat-cord-ms fruit (22.52)
party juice-sat-cord-ms fruit vegetables (17.3763)
party juice-sat-cord-ms fruit bread (19.1701)
party juice-sat-cord-ms vegetables (22.0661)
party juice-sat-cord-ms vegetables bread (18.2408)
party juice-sat-cord-ms bread (25.5241)
party canned (29.8249)
party canned biscuits (22.1958)
party canned biscuits frozen (17.5276)
party canned biscuits frozen bread (15.1718)
party canned biscuits milk-cream (15.2367)
party canned biscuits baking (16.6415)
party canned biscuits fruit (16.5982)
party canned biscuits vegetables (16.3173)
party canned biscuits bread (18.9107)
party canned frozen (22.3687)
party canned frozen milk-cream (15.4528)
party canned frozen baking (16.836)
party canned frozen fruit (16.2308)
party canned frozen vegetables (16.3389)
party canned frozen bread (18.9107)
party canned milk-cream (20.2939)
party canned milk-cream baking (15.3015)
party canned milk-cream fruit (15.215)
party canned milk-cream bread (17.614)
party canned baking (21.8068)
party canned baking fruit (15.8634)
party canned baking vegetables (15.9282)
party canned baking bread (18.5217)
party canned fruit (21.3745)
party canned fruit vegetables (17.0953)
party canned fruit vegetables bread (15.1934)
party canned fruit bread (18.7378)
party canned vegetables (21.3529)
party canned vegetables bread (18.3488)
party canned bread (24.5732)
party biscuits (34.4067)
party biscuits frozen (25.4593)
party biscuits frozen milk-cream (17.5492)
party biscuits frozen milk-cream bread (15.3663)
party biscuits frozen baking (18.8027)
party biscuits frozen baking bread (16.2092)
party biscuits frozen fruit (18.8675)
party biscuits frozen fruit vegetables (15.2799)
party biscuits frozen fruit bread (16.6847)
party biscuits frozen vegetables (18.4353)
party biscuits frozen vegetables bread (16.166)
party biscuits frozen bread (21.5042)
party biscuits milk-cream (23.5142)
party biscuits milk-cream baking (17.0089)
party biscuits milk-cream fruit (17.7653)
party biscuits milk-cream fruit bread (15.6041)
party biscuits milk-cream vegetables (16.9224)
party biscuits milk-cream bread (20.1426)
party biscuits baking (24.1193)
party biscuits baking fruit (17.6572)
party biscuits baking fruit bread (15.6257)
party biscuits baking vegetables (17.614)
party biscuits baking vegetables bread (15.3231)
party biscuits baking bread (20.4884)
party biscuits fruit (24.9622)
party biscuits fruit vegetables (19.5591)
party biscuits fruit vegetables bread (17.2682)
party biscuits fruit bread (21.4394)
party biscuits vegetables (23.968)
party biscuits vegetables bread (20.5533)
party biscuits bread (28.2256)
party frozen (34.1906)
party frozen milk-cream (23.2332)
party frozen milk-cream baking (16.7711)
party frozen milk-cream fruit (17.3979)
party frozen milk-cream fruit bread (15.3663)
party frozen milk-cream vegetables (16.7711)
party frozen milk-cream bread (19.7752)
party frozen baking (24.0329)
party frozen baking fruit (17.1385)
party frozen baking fruit bread (15.1934)
party frozen baking vegetables (17.5492)
party frozen baking vegetables bread (15.1286)
party frozen baking bread (20.121)
party frozen fruit (24.1625)
party frozen fruit vegetables (19.1053)
party frozen fruit vegetables bread (16.8144)
party frozen fruit bread (20.791)
party frozen vegetables (23.968)
party frozen vegetables bread (20.3372)
party frozen bread (27.7285)
party milk-cream (33.3045)
party milk-cream baking (22.7361)
party milk-cream baking fruit (16.7495)
party milk-cream baking vegetables (16.6631)
party milk-cream baking bread (19.4294)
party milk-cream fruit (24.2274)
party milk-cream fruit vegetables (18.6946)
party milk-cream fruit vegetables bread (16.166)
party milk-cream fruit bread (20.8775)
party milk-cream vegetables (23.2548)
party milk-cream vegetables bread (19.6672)
party milk-cream bread (27.5557)
party baking (33.0668)
party baking fruit (23.1684)
party baking fruit vegetables (18.4785)
party baking fruit vegetables bread (16.166)
party baking fruit bread (20.013)
party baking vegetables (23.5358)
party baking vegetables bread (19.8401)
party baking bread (27.1018)
party fruit (34.5796)
party fruit vegetables (26.1941)
party fruit vegetables bread (22.2606)
party fruit bread (28.6795)
party vegetables (33.6935)
party vegetables bread (27.5124)
party bread (39.075)
juice-sat-cord-ms (53.231)
juice-sat-cord-ms canned (32.332)
juice-sat-cord-ms canned biscuits (22.7793)
juice-sat-cord-ms canned biscuits frozen (18.1327)
juice-sat-cord-ms canned biscuits frozen bread (15.6257)
juice-sat-cord-ms canned biscuits milk-cream (15.8634)
juice-sat-cord-ms canned biscuits baking (17.1169)
juice-sat-cord-ms canned biscuits fruit (16.9656)
juice-sat-cord-ms canned biscuits fruit bread (15.1286)
juice-sat-cord-ms canned biscuits vegetables (16.7711)
juice-sat-cord-ms canned biscuits bread (19.343)
juice-sat-cord-ms canned frozen (23.8167)
juice-sat-cord-ms canned frozen milk-cream (16.555)
juice-sat-cord-ms canned frozen baking (18.0895)
juice-sat-cord-ms canned frozen baking bread (15.0854)
juice-sat-cord-ms canned frozen fruit (17.3979)
juice-sat-cord-ms canned frozen fruit bread (15.3447)
juice-sat-cord-ms canned frozen vegetables (17.7653)
juice-sat-cord-ms canned frozen vegetables bread (15.2799)
juice-sat-cord-ms canned frozen bread (19.6239)
juice-sat-cord-ms canned milk-cream (22.0661)
juice-sat-cord-ms canned milk-cream baking (16.4253)
juice-sat-cord-ms canned milk-cream fruit (16.3821)
juice-sat-cord-ms canned milk-cream vegetables (16.3389)
juice-sat-cord-ms canned milk-cream bread (18.8243)
juice-sat-cord-ms canned baking (23.4925)
juice-sat-cord-ms canned baking fruit (16.8144)
juice-sat-cord-ms canned baking vegetables (17.1601)
juice-sat-cord-ms canned baking bread (19.3862)
juice-sat-cord-ms canned fruit (22.9522)
juice-sat-cord-ms canned fruit vegetables (18.392)
juice-sat-cord-ms canned fruit vegetables bread (16.0363)
juice-sat-cord-ms canned fruit bread (19.6672)
juice-sat-cord-ms canned vegetables (23.1251)
juice-sat-cord-ms canned vegetables bread (19.5159)
juice-sat-cord-ms canned bread (26.0644)
juice-sat-cord-ms biscuits (33.3261)
juice-sat-cord-ms biscuits frozen (24.6596)
juice-sat-cord-ms biscuits frozen milk-cream (17.0305)
juice-sat-cord-ms biscuits frozen baking (18.6082)
juice-sat-cord-ms biscuits frozen baking bread (15.777)
juice-sat-cord-ms biscuits frozen fruit (18.5217)
juice-sat-cord-ms biscuits frozen fruit vegetables (15.0854)
juice-sat-cord-ms biscuits frozen fruit bread (16.4037)
juice-sat-cord-ms biscuits frozen vegetables (18.1327)
juice-sat-cord-ms biscuits frozen vegetables bread (15.885)
juice-sat-cord-ms biscuits frozen bread (20.7262)
juice-sat-cord-ms biscuits milk-cream (22.8658)
juice-sat-cord-ms biscuits milk-cream baking (16.555)
juice-sat-cord-ms biscuits milk-cream fruit (17.333)
juice-sat-cord-ms biscuits milk-cream fruit bread (15.1718)
juice-sat-cord-ms biscuits milk-cream vegetables (16.4469)
juice-sat-cord-ms biscuits milk-cream bread (19.5159)
juice-sat-cord-ms biscuits baking (23.7087)
juice-sat-cord-ms biscuits baking fruit (17.5059)
juice-sat-cord-ms biscuits baking fruit bread (15.3231)
juice-sat-cord-ms biscuits baking vegetables (17.225)
juice-sat-cord-ms biscuits baking bread (19.7968)
juice-sat-cord-ms biscuits fruit (24.2922)
juice-sat-cord-ms biscuits fruit vegetables (19.0836)
juice-sat-cord-ms biscuits fruit vegetables bread (16.8144)
juice-sat-cord-ms biscuits fruit bread (20.8126)
juice-sat-cord-ms biscuits vegetables (23.2332)
juice-sat-cord-ms biscuits vegetables bread (19.9049)
juice-sat-cord-ms biscuits bread (27.2099)
juice-sat-cord-ms frozen (34.9903)
juice-sat-cord-ms frozen milk-cream (23.86)
juice-sat-cord-ms frozen milk-cream baking (17.4411)
juice-sat-cord-ms frozen milk-cream fruit (17.895)
juice-sat-cord-ms frozen milk-cream fruit bread (15.4312)
juice-sat-cord-ms frozen milk-cream vegetables (17.5708)
juice-sat-cord-ms frozen milk-cream vegetables bread (15.1718)
juice-sat-cord-ms frozen milk-cream bread (19.9914)
juice-sat-cord-ms frozen baking (24.8973)
juice-sat-cord-ms frozen baking fruit (17.7869)
juice-sat-cord-ms frozen baking fruit bread (15.5176)
juice-sat-cord-ms frozen baking vegetables (18.3704)
juice-sat-cord-ms frozen baking vegetables bread (15.5608)
juice-sat-cord-ms frozen baking bread (20.3588)
juice-sat-cord-ms frozen fruit (24.919)
juice-sat-cord-ms frozen fruit vegetables (19.8833)
juice-sat-cord-ms frozen fruit vegetables bread (17.0737)
juice-sat-cord-ms frozen fruit bread (21.0287)
juice-sat-cord-ms frozen vegetables (25.0486)
juice-sat-cord-ms frozen vegetables bread (20.7046)
juice-sat-cord-ms frozen bread (27.7069)
juice-sat-cord-ms milk-cream (35.3793)
juice-sat-cord-ms milk-cream baking (24.0329)
juice-sat-cord-ms milk-cream baking fruit (17.4843)
juice-sat-cord-ms milk-cream baking fruit bread (15.107)
juice-sat-cord-ms milk-cream baking vegetables (17.6572)
juice-sat-cord-ms milk-cream baking vegetables bread (15.1286)
juice-sat-cord-ms milk-cream baking bread (20.2075)
juice-sat-cord-ms milk-cream fruit (25.4376)
juice-sat-cord-ms milk-cream fruit vegetables (19.8833)
juice-sat-cord-ms milk-cream fruit vegetables bread (16.9224)
juice-sat-cord-ms milk-cream fruit bread (21.3745)
juice-sat-cord-ms milk-cream vegetables (24.8757)
juice-sat-cord-ms milk-cream vegetables bread (20.8126)
juice-sat-cord-ms milk-cream bread (28.8308)
juice-sat-cord-ms baking (34.9903)
juice-sat-cord-ms baking fruit (24.2274)
juice-sat-cord-ms baking fruit vegetables (19.2349)
juice-sat-cord-ms baking fruit vegetables bread (16.5766)
juice-sat-cord-ms baking fruit bread (20.4884)
juice-sat-cord-ms baking vegetables (24.7677)
juice-sat-cord-ms baking vegetables bread (20.4452)
juice-sat-cord-ms baking bread (27.9014)
juice-sat-cord-ms fruit (36.2222)
juice-sat-cord-ms fruit vegetables (27.7502)
juice-sat-cord-ms fruit vegetables bread (23.0603)
juice-sat-cord-ms fruit bread (29.3927)
juice-sat-cord-ms vegetables (35.8332)
juice-sat-cord-ms vegetables bread (28.593)
juice-sat-cord-ms bread (40.3933)
canned (54.5278)
canned biscuits (35.9412)
canned biscuits frozen (27.145)
canned biscuits frozen milk-cream (18.9324)
canned biscuits frozen milk-cream bread (16.944)
canned biscuits frozen baking (20.6829)
canned biscuits frozen baking fruit (15.7337)
canned biscuits frozen baking vegetables (15.6689)
canned biscuits frozen baking bread (17.7869)
canned biscuits frozen fruit (20.2291)
canned biscuits frozen fruit vegetables (16.5766)
canned biscuits frozen fruit vegetables bread (15.215)
canned biscuits frozen fruit bread (18.2624)
canned biscuits frozen vegetables (20.2291)
canned biscuits frozen vegetables bread (17.9598)
canned biscuits frozen bread (23.2332)
canned biscuits milk-cream (24.5948)
canned biscuits milk-cream baking (18.4137)
canned biscuits milk-cream baking bread (16.3605)
canned biscuits milk-cream fruit (18.8675)
canned biscuits milk-cream fruit vegetables (15.3447)
canned biscuits milk-cream fruit bread (17.2034)
canned biscuits milk-cream vegetables (18.284)
canned biscuits milk-cream vegetables bread (16.4902)
canned biscuits milk-cream bread (21.7419)
canned biscuits baking (26.1725)
canned biscuits baking fruit (19.6888)
canned biscuits baking fruit vegetables (16.1876)
canned biscuits baking fruit bread (17.4195)
canned biscuits baking vegetables (19.5375)
canned biscuits baking vegetables bread (17.1818)
canned biscuits baking bread (22.2606)
canned biscuits fruit (26.4534)
canned biscuits fruit vegetables (21.18)
canned biscuits fruit vegetables bread (19.0188)
canned biscuits fruit bread (23.2764)
canned biscuits vegetables (26.0212)
canned biscuits vegetables bread (22.6929)
canned biscuits bread (30.0627)
canned frozen (37.3892)
canned frozen milk-cream (25.7402)
canned frozen milk-cream baking (19.343)
canned frozen milk-cream baking bread (16.7495)
canned frozen milk-cream fruit (19.451)
canned frozen milk-cream fruit vegetables (16.0579)
canned frozen milk-cream fruit bread (17.3547)
canned frozen milk-cream vegetables (19.5375)
canned frozen milk-cream vegetables bread (17.1818)
canned frozen milk-cream bread (22.0877)
canned frozen baking (27.426)
canned frozen baking fruit (19.9914)
canned frozen baking fruit vegetables (16.5334)
canned frozen baking fruit bread (17.5276)
canned frozen baking vegetables (20.51)
canned frozen baking vegetables bread (17.6572)
canned frozen baking bread (22.7361)
canned frozen fruit (26.7344)
canned frozen fruit vegetables (21.7203)
canned frozen fruit vegetables bread (19.2349)
canned frozen fruit bread (23.2764)
canned frozen vegetables (27.4908)
canned frozen vegetables bread (23.4493)
canned frozen bread (30.603)
canned milk-cream (36.8489)
canned milk-cream baking (26.4967)
canned milk-cream baking fruit (19.9049)
canned milk-cream baking fruit vegetables (16.2957)
canned milk-cream baking fruit bread (17.5492)
canned milk-cream baking vegetables (19.9914)
canned milk-cream baking vegetables bread (17.4195)
canned milk-cream baking bread (22.7577)
canned milk-cream fruit (27.2531)
canned milk-cream fruit vegetables (21.8932)
canned milk-cream fruit vegetables bread (19.0836)
canned milk-cream fruit bread (23.7087)
canned milk-cream vegetables (27.0802)
canned milk-cream vegetables bread (23.3413)
canned milk-cream bread (31.0568)
canned baking (38.2105)
canned baking fruit (27.2963)
canned baking fruit vegetables (22.1094)
canned baking fruit vegetables bread (19.2998)
canned baking fruit bread (23.3413)
canned baking vegetables (27.8366)
canned baking vegetables bread (23.6654)
canned baking bread (31.2081)
canned fruit (38.2105)
canned fruit vegetables (30.3004)
canned fruit vegetables bread (25.8915)
canned fruit bread (32.0078)
canned vegetables (38.8373)
canned vegetables bread (32.2239)
canned bread (43.2462)
biscuits (56.3)
biscuits frozen (39.1182)
biscuits frozen milk-cream (27.1234)
biscuits frozen milk-cream baking (20.1426)
biscuits frozen milk-cream baking fruit (15.4744)
biscuits frozen milk-cream baking vegetables (15.2367)
biscuits frozen milk-cream baking bread (17.8085)
biscuits frozen milk-cream fruit (20.402)
biscuits frozen milk-cream fruit vegetables (16.4686)
biscuits frozen milk-cream fruit bread (18.2191)
biscuits frozen milk-cream vegetables (19.7752)
biscuits frozen milk-cream vegetables bread (17.7005)
biscuits frozen milk-cream bread (23.5358)
biscuits frozen baking (28.4418)
biscuits frozen baking fruit (20.9423)
biscuits frozen baking fruit vegetables (17.2034)
biscuits frozen baking fruit vegetables bread (15.4744)
biscuits frozen baking fruit bread (18.4785)
biscuits frozen baking vegetables (20.9423)
biscuits frozen baking vegetables bread (18.3272)
biscuits frozen baking bread (24.0545)
biscuits frozen fruit (28.3553)
biscuits frozen fruit vegetables (22.4984)
biscuits frozen fruit vegetables bread (20.121)
biscuits frozen fruit bread (24.7677)
biscuits frozen vegetables (27.8798)
biscuits frozen vegetables bread (24.2057)
biscuits frozen bread (32.6345)
biscuits milk-cream (38.1889)
biscuits milk-cream baking (26.6263)
biscuits milk-cream baking fruit (20.1426)
biscuits milk-cream baking fruit vegetables (16.274)
biscuits milk-cream baking fruit bread (17.7005)
biscuits milk-cream baking vegetables (19.6456)
biscuits milk-cream baking vegetables bread (17.2034)
biscuits milk-cream baking bread (22.9306)
biscuits milk-cream fruit (28.204)
biscuits milk-cream fruit vegetables (22.0013)
biscuits milk-cream fruit vegetables bread (19.343)
biscuits milk-cream fruit bread (24.3786)
biscuits milk-cream vegetables (26.7128)
biscuits milk-cream vegetables bread (23.2332)
biscuits milk-cream bread (32.0942)
biscuits baking (38.1241)
biscuits baking fruit (27.6637)
biscuits baking fruit vegetables (22.0661)
biscuits baking fruit vegetables bread (19.3646)
biscuits baking fruit bread (23.7303)
biscuits baking vegetables (27.2963)
biscuits baking vegetables bread (23.3845)
biscuits baking bread (31.4675)
biscuits fruit (39.8314)
biscuits fruit vegetables (30.4085)
biscuits fruit vegetables bread (26.3454)
biscuits fruit bread (33.4342)
biscuits vegetables (38.1241)
biscuits vegetables bread (32.1375)
biscuits bread (45.0184)
frozen (58.7206)
frozen milk-cream (39.464)
frozen milk-cream baking (27.5773)
frozen milk-cream baking fruit (20.3372)
frozen milk-cream baking fruit vegetables (16.8144)
frozen milk-cream baking fruit bread (17.9382)
frozen milk-cream baking vegetables (20.7694)
frozen milk-cream baking vegetables bread (18.0246)
frozen milk-cream baking bread (23.4925)
frozen milk-cream fruit (28.6795)
frozen milk-cream fruit vegetables (22.909)
frozen milk-cream fruit vegetables bread (19.9914)
frozen milk-cream fruit bread (24.7028)
frozen milk-cream vegetables (28.5066)
frozen milk-cream vegetables bread (24.4435)
frozen milk-cream bread (32.7642)
frozen baking (39.6585)
frozen baking fruit (27.7285)
frozen baking fruit vegetables (22.4768)
frozen baking fruit vegetables bread (19.6672)
frozen baking fruit bread (23.7519)
frozen baking vegetables (28.7227)
frozen baking vegetables bread (24.1193)
frozen baking bread (32.0942)
frozen fruit (40.3501)
frozen fruit vegetables (31.4242)
frozen fruit vegetables bread (26.9073)
frozen fruit bread (33.5639)
frozen vegetables (40.6743)
frozen vegetables bread (33.4558)
frozen bread (46.0125)
milk-cream (63.5185)
milk-cream baking (41.2146)
milk-cream baking fruit (29.5872)
milk-cream baking fruit vegetables (23.7087)
milk-cream baking fruit vegetables bread (20.2939)
milk-cream baking fruit bread (25.1783)
milk-cream baking vegetables (30.0843)
milk-cream baking vegetables bread (25.2648)
milk-cream baking bread (34.1474)
milk-cream fruit (44.2403)
milk-cream fruit vegetables (34.0609)
milk-cream fruit vegetables bread (28.4418)
milk-cream fruit bread (36.5896)
milk-cream vegetables (43.7649)
milk-cream vegetables bread (35.8332)
milk-cream bread (50.5079)
baking (60.4063)
baking fruit (41.1498)
baking fruit vegetables (32.1807)
baking fruit vegetables bread (27.1234)
baking fruit bread (33.888)
baking vegetables (42.1223)
baking vegetables bread (34.2771)
baking bread (47.3525)
fruit (64.2533)
fruit vegetables (47.8064)
fruit vegetables bread (38.8156)
fruit bread (50.4431)
vegetables (63.9939)
vegetables bread (49.665)
bread (71.9689)
