bread <- jams-spreads milk-cream (18.8243, 85.8783)
bread <- jams-spreads fruit (19.3214, 85.123)
bread <- confectionary biscuits fruit (17.7005, 85.348)
bread <- confectionary milk-cream fruit (17.8734, 85.6106)
bread <- laundry fruit vegetables (18.1759, 85.7313)
bread <- dairy frozen fruit (18.0463, 85.509)
bread <- dairy frozen vegetables (17.6572, 85.1897)
bread <- beef canned frozen (17.5924, 86.3636)
bread <- beef canned fruit (16.9872, 88.8041)
bread <- beef canned vegetables (18.392, 87.8966)
bread <- beef biscuits frozen (17.8085, 87.2573)
bread <- beef biscuits vegetables (17.6356, 87.8676)
bread <- beef frozen milk-cream (18.1543, 86.3095)
vegetables <- beef frozen fruit (18.2191, 85.172)
bread <- beef frozen fruit (18.2191, 86.121)
bread <- beef frozen vegetables (19.9049, 85.6678)
bread <- beef milk-cream baking (17.7437, 86.7235)
vegetables <- beef milk-cream fruit (18.1975, 85.2732)
bread <- beef milk-cream fruit (18.1975, 87.2922)
bread <- beef milk-cream vegetables (19.7536, 85.9956)
vegetables <- beef baking fruit (17.9598, 86.6426)
bread <- beef baking fruit (17.9598, 86.7629)
bread <- beef baking vegetables (19.732, 85.2136)
bread <- beef fruit vegetables (21.3529, 85.83)
vegetables <- beef fruit bread (21.5474, 85.0552)
bread <- department137 canned fruit (17.5276, 85.82)
bread <- department137 biscuits frozen (18.284, 86.1702)
bread <- department137 biscuits milk-cream (17.5276, 87.053)
bread <- department137 biscuits baking (17.7437, 85.2619)
bread <- department137 biscuits fruit (18.284, 87.5887)
bread <- department137 biscuits vegetables (17.8734, 86.6989)
bread <- department137 frozen milk-cream (17.9814, 85.9375)
bread <- department137 frozen fruit (18.6946, 86.0116)
bread <- department137 milk-cream baking (18.7811, 85.2704)
bread <- department137 milk-cream fruit (19.9697, 87.1212)
bread <- department137 milk-cream vegetables (19.7536, 85.4486)
bread <- department137 baking fruit (18.5433, 86.014)
bread <- small canned frozen (18.0895, 86.3799)
bread <- small canned baking (17.7221, 85)
bread <- small canned fruit (17.3547, 87.6712)
bread <- small canned vegetables (18.0246, 86.4508)
bread <- small biscuits frozen (19.1485, 86.9074)
bread <- small biscuits milk-cream (17.7869, 86.7558)
bread <- small biscuits baking (17.895, 86.4734)
bread <- small biscuits fruit (18.7595, 86.6359)
bread <- small biscuits vegetables (18.5866, 86.7442)
bread <- small frozen milk-cream (18.6946, 85.7803)
bread <- small frozen baking (19.2781, 85.2018)
bread <- small frozen fruit (18.8243, 87.256)
bread <- small frozen vegetables (19.8185, 86.6957)
bread <- small milk-cream baking (18.8459, 86.5826)
bread <- small milk-cream fruit (18.9756, 86.6743)
bread <- small milk-cream vegetables (19.7968, 85.8079)
vegetables <- small baking fruit (18.4353, 85.4631)
bread <- small baking fruit (18.4353, 86.4009)
bread <- small baking vegetables (19.9049, 85.4506)
bread <- soft biscuits milk-cream (18.2408, 85.4265)
bread <- soft biscuits fruit (18.5433, 85.3147)
bread <- breakfast canned milk-cream (18.3056, 85.7143)
bread <- breakfast canned fruit (19.2998, 86.4502)
bread <- breakfast canned vegetables (19.5375, 85.7301)
bread <- breakfast biscuits milk-cream (18.4137, 85.7981)
bread <- breakfast biscuits fruit (19.5591, 86.7403)
bread <- breakfast biscuits vegetables (18.9324, 87.4429)
bread <- breakfast milk-cream vegetables (19.6456, 85.2585)
bread <- cheese margarine fruit (17.8085, 87.7427)
bread <- cheese margarine vegetables (18.4137, 85.9155)
bread <- cheese tissues-paper canned (17.3763, 86.4428)
bread <- cheese tissues-paper fruit (17.5492, 86.4532)
bread <- cheese tissues-paper vegetables (17.7005, 85.9585)
bread <- cheese party biscuits (17.8085, 85.3155)
bread <- cheese party fruit (17.333, 88.1546)
bread <- cheese juice-sat-cord-ms fruit (17.8301, 86.6667)
bread <- cheese canned biscuits (19.0836, 85.957)
bread <- cheese canned milk-cream (18.5433, 87.0629)
bread <- cheese canned fruit (19.1701, 87.9369)
bread <- cheese canned vegetables (20.0994, 86.0215)
bread <- cheese biscuits frozen (19.8185, 86.2595)
bread <- cheese biscuits milk-cream (18.6082, 87.2242)
bread <- cheese biscuits baking (19.451, 85.3333)
bread <- cheese biscuits fruit (19.6023, 87.9824)
bread <- cheese biscuits vegetables (19.6239, 86.674)
bread <- cheese frozen milk-cream (18.7378, 85.4671)
bread <- cheese frozen fruit (19.2565, 88.3277)
bread <- cheese frozen vegetables (19.6023, 86.2183)
bread <- cheese milk-cream fruit (20.4884, 86.4979)
bread <- cheese milk-cream vegetables (20.6397, 85.1309)
bread <- cheese baking fruit (20.1859, 86.0814)
bread <- cheese baking vegetables (21.2016, 85.1172)
bread <- cheese fruit vegetables (22.52, 85.9885)
bread <- pet sauces-gravy-pkle vegetables (18.0895, 85.902)
bread <- pet margarine frozen (17.7653, 85.6448)
bread <- pet margarine milk-cream (17.7221, 86.9512)
bread <- pet margarine baking (18.9324, 85.7306)
bread <- pet margarine fruit (17.7221, 88.1707)
bread <- pet margarine vegetables (18.6082, 86.5273)
bread <- pet tissues-paper canned (18.3488, 85.3946)
bread <- pet tissues-paper biscuits (18.1327, 85.2205)
bread <- pet tissues-paper frozen (18.6946, 85.7803)
bread <- pet tissues-paper milk-cream (18.284, 86.5248)
bread <- pet tissues-paper fruit (18.8891, 86.27)
bread <- pet tissues-paper vegetables (19.3214, 85.5705)
bread <- pet party frozen (18.8891, 85.1259)
bread <- pet party milk-cream (17.9814, 85.8173)
bread <- pet party baking (18.1327, 85.1013)
bread <- pet party fruit (18.5866, 86.2791)
bread <- pet party vegetables (18.2624, 86.3905)
bread <- pet juice-sat-cord-ms milk-cream (17.7869, 85.0547)
bread <- pet juice-sat-cord-ms fruit (18.4569, 85.7143)
bread <- pet canned biscuits (19.3646, 86.1607)
bread <- pet canned frozen (20.1643, 85.6377)
bread <- pet canned milk-cream (19.4943, 86.8071)
bread <- pet canned fruit (20.0562, 87.6078)
bread <- pet canned vegetables (20.402, 87.1822)
bread <- pet biscuits frozen (21.0504, 85.9343)
bread <- pet biscuits milk-cream (19.732, 86.3089)
bread <- pet biscuits baking (20.1426, 85.0858)
bread <- pet biscuits fruit (20.5749, 86.8697)
bread <- pet biscuits vegetables (20.4668, 87.2228)
bread <- pet frozen milk-cream (20.8991, 85.7291)
bread <- pet frozen fruit vegetables (17.614, 87.4847)
bread <- pet frozen fruit (21.3097, 86.6126)
bread <- pet frozen vegetables (21.9797, 85.939)
bread <- pet milk-cream baking (21.2881, 85.9898)
bread <- pet milk-cream fruit vegetables (17.9598, 86.8833)
bread <- pet milk-cream fruit (22.1526, 86.439)
bread <- pet milk-cream vegetables (22.1958, 85.6865)
bread <- pet baking fruit vegetables (17.4411, 87.2367)
bread <- pet baking fruit (21.1368, 86.1963)
bread <- pet baking vegetables (22.0877, 85.225)
bread <- sauces-gravy-pkle margarine milk-cream (19.2133, 85.1519)
bread <- sauces-gravy-pkle margarine fruit (18.5433, 86.3636)
bread <- sauces-gravy-pkle margarine vegetables (20.013, 85.8531)
bread <- sauces-gravy-pkle party fruit (19.9697, 85.1732)
bread <- sauces-gravy-pkle canned frozen vegetables (17.3979, 86.8323)
bread <- sauces-gravy-pkle canned milk-cream (21.6555, 85.9281)
bread <- sauces-gravy-pkle canned fruit vegetables (18.3056, 88.0756)
bread <- sauces-gravy-pkle canned fruit (22.1742, 86.2573)
bread <- sauces-gravy-pkle canned vegetables (23.0603, 85.3796)
bread <- sauces-gravy-pkle biscuits frozen fruit (17.225, 87.7039)
bread <- sauces-gravy-pkle biscuits frozen vegetables (17.5059, 87.4074)
bread <- sauces-gravy-pkle biscuits milk-cream (20.8991, 85.1086)
bread <- sauces-gravy-pkle biscuits fruit vegetables (17.7869, 87.8493)
bread <- sauces-gravy-pkle biscuits fruit (21.8932, 85.0938)
bread <- sauces-gravy-pkle biscuits vegetables (22.0877, 86.0078)
bread <- sauces-gravy-pkle frozen baking vegetables (17.7221, 85.3659)
bread <- sauces-gravy-pkle frozen fruit vegetables (18.7811, 87.2267)
bread <- sauces-gravy-pkle frozen fruit (22.7145, 85.9182)
bread <- sauces-gravy-pkle milk-cream fruit vegetables (18.8243, 85.6487)
bread <- sauces-gravy-pkle baking fruit vegetables (18.673, 86.4583)
bread <- margarine tissues-paper canned (20.0562, 85.5603)
bread <- margarine tissues-paper biscuits (20.402, 85.1695)
bread <- margarine tissues-paper milk-cream (19.9914, 86.0541)
bread <- margarine tissues-paper fruit (20.5749, 85.7143)
bread <- margarine tissues-paper vegetables (20.9639, 85.4639)
bread <- margarine party biscuits (20.013, 85.2052)
bread <- margarine party milk-cream (18.2408, 85.6635)
bread <- margarine party fruit (18.8675, 86.7125)
bread <- margarine party vegetables (18.9972, 85.7793)
bread <- margarine juice-sat-cord-ms fruit (20.5317, 86.1053)
bread <- margarine canned biscuits frozen (17.9166, 86.6104)
bread <- margarine canned biscuits baking (17.6356, 86.3971)
bread <- margarine canned biscuits fruit (16.8576, 89.7436)
bread <- margarine canned biscuits (22.6281, 85.3868)
bread <- margarine canned frozen vegetables (17.225, 87.4529)
bread <- margarine canned milk-cream baking (17.0521, 88.4664)
bread <- margarine canned milk-cream (22.1742, 86.8421)
bread <- margarine canned baking fruit (17.5492, 88.9163)
bread <- margarine canned baking vegetables (18.0679, 88.0383)
bread <- margarine canned fruit vegetables (18.4353, 89.2145)
bread <- margarine canned fruit (22.6064, 87.7629)
bread <- margarine canned vegetables (23.2332, 86.6047)
bread <- margarine biscuits frozen milk-cream (16.944, 88.648)
bread <- margarine biscuits frozen baking (19.0836, 85.957)
bread <- margarine biscuits frozen fruit (17.5708, 89.0529)
bread <- margarine biscuits frozen vegetables (17.5276, 88.7793)
bread <- margarine biscuits frozen (24.1193, 85.3047)
bread <- margarine biscuits milk-cream baking (17.1601, 88.9169)
bread <- margarine biscuits milk-cream fruit (16.836, 89.4737)
bread <- margarine biscuits milk-cream (22.3687, 87.2464)
bread <- margarine biscuits baking fruit (17.9814, 88.2212)
bread <- margarine biscuits baking vegetables (17.9166, 87.9373)
bread <- margarine biscuits fruit vegetables (18.5433, 89.5105)
bread <- margarine biscuits fruit (23.298, 87.4768)
bread <- margarine biscuits vegetables (22.7793, 87.7609)
bread <- margarine frozen milk-cream baking (17.7653, 87.8345)
bread <- margarine frozen milk-cream (22.7145, 85.2521)
bread <- margarine frozen baking fruit (17.6572, 88.2497)
bread <- margarine frozen baking vegetables (18.5866, 86.3953)
bread <- margarine frozen fruit vegetables (18.5649, 87.8929)
bread <- margarine frozen fruit (22.909, 86.2264)
bread <- margarine milk-cream baking fruit (17.9382, 89.2771)
bread <- margarine milk-cream baking vegetables (18.4785, 88.1871)
bread <- margarine milk-cream baking (24.6812, 86.4273)
bread <- margarine milk-cream fruit vegetables (19.1269, 87.7966)
bread <- margarine milk-cream fruit (23.8383, 86.854)
bread <- margarine milk-cream vegetables (24.0112, 86.2286)
bread <- margarine baking fruit vegetables (19.8617, 88.5745)
bread <- margarine baking fruit (24.4651, 86.9258)
bread <- margarine baking vegetables (25.5241, 85.7748)
bread <- margarine fruit vegetables (26.3238, 86.2069)
bread <- tissues-paper party canned (18.8891, 85.5835)
bread <- tissues-paper party milk-cream (19.0188, 85.9091)
bread <- tissues-paper party fruit (20.1859, 85.7602)
bread <- tissues-paper party vegetables (20.0778, 85.1453)
bread <- tissues-paper juice-sat-cord-ms canned (20.2291, 85.1496)
bread <- tissues-paper juice-sat-cord-ms milk-cream (19.9914, 86.0541)
bread <- tissues-paper juice-sat-cord-ms fruit (20.8126, 85.6698)
bread <- tissues-paper canned biscuits frozen (17.1818, 87.7987)
bread <- tissues-paper canned biscuits baking (17.3114, 87.3908)
bread <- tissues-paper canned biscuits (22.1958, 85.7838)
bread <- tissues-paper canned frozen baking (17.7005, 86.4469)
bread <- tissues-paper canned frozen fruit (16.8792, 89.2446)
bread <- tissues-paper canned frozen vegetables (17.1169, 88.5101)
bread <- tissues-paper canned frozen (22.4768, 85.2885)
bread <- tissues-paper canned milk-cream (21.6987, 87.5498)
bread <- tissues-paper canned baking fruit (17.614, 88.3436)
bread <- tissues-paper canned baking vegetables (17.7869, 88.3354)
bread <- tissues-paper canned baking (23.7519, 85.5323)
bread <- tissues-paper canned fruit vegetables (18.4785, 89.0058)
bread <- tissues-paper canned fruit (22.8442, 86.8496)
bread <- tissues-paper canned vegetables (22.8226, 86.9318)
bread <- tissues-paper biscuits frozen baking (18.1759, 86.6825)
bread <- tissues-paper biscuits frozen fruit (17.5492, 88.5468)
bread <- tissues-paper biscuits frozen vegetables (17.1818, 88.9308)
bread <- tissues-paper biscuits frozen (23.1684, 85.8209)
bread <- tissues-paper biscuits milk-cream (21.5474, 87.2618)
bread <- tissues-paper biscuits baking fruit (17.3763, 87.6866)
bread <- tissues-paper biscuits baking vegetables (17.3763, 87.8109)
bread <- tissues-paper biscuits fruit vegetables (18.4785, 88.1871)
bread <- tissues-paper biscuits fruit (23.19, 85.8341)
bread <- tissues-paper biscuits vegetables (22.4984, 86.7435)
bread <- tissues-paper frozen milk-cream baking (17.1601, 88.1612)
bread <- tissues-paper frozen milk-cream fruit (17.5059, 87.5309)
bread <- tissues-paper frozen milk-cream vegetables (17.225, 88.3312)
bread <- tissues-paper frozen milk-cream (22.6281, 86.3419)
bread <- tissues-paper frozen baking fruit (17.6356, 87.8676)
bread <- tissues-paper frozen baking vegetables (18.3056, 86.8949)
bread <- tissues-paper frozen fruit vegetables (19.2349, 87.9775)
bread <- tissues-paper frozen fruit (23.6871, 85.9489)
bread <- tissues-paper frozen vegetables (23.8167, 85.6624)
bread <- tissues-paper milk-cream baking fruit (17.8734, 87.3035)
bread <- tissues-paper milk-cream baking vegetables (18.0463, 87.0659)
bread <- tissues-paper milk-cream baking (23.86, 86.1413)
bread <- tissues-paper milk-cream fruit vegetables (19.451, 86.3333)
bread <- tissues-paper milk-cream fruit (24.4003, 85.3853)
bread <- tissues-paper milk-cream vegetables (23.7519, 85.8963)
bread <- tissues-paper baking fruit vegetables (19.5591, 87.5138)
bread <- tissues-paper baking fruit (24.1409, 85.4969)
bread <- tissues-paper baking vegetables (24.6164, 85.1624)
bread <- tissues-paper fruit vegetables (26.5183, 85.3301)
bread <- party juice-sat-cord-ms biscuits frozen (17.7221, 85.4878)
bread <- party juice-sat-cord-ms biscuits fruit (17.0737, 87.9747)
bread <- party juice-sat-cord-ms fruit (22.52, 85.1248)
bread <- party canned biscuits frozen (17.5276, 86.5598)
bread <- party canned biscuits (22.1958, 85.1996)
bread <- party canned milk-cream (20.2939, 86.7945)
bread <- party canned fruit vegetables (17.0953, 88.8748)
bread <- party canned fruit (21.3745, 87.6643)
bread <- party canned vegetables (21.3529, 85.9312)
bread <- party biscuits frozen milk-cream (17.5492, 87.5616)
bread <- party biscuits frozen baking (18.8027, 86.2069)
bread <- party biscuits frozen fruit (18.8675, 88.4307)
bread <- party biscuits frozen vegetables (18.4353, 87.6905)
bread <- party biscuits milk-cream fruit (17.7653, 87.8345)
bread <- party biscuits milk-cream (23.5142, 85.6618)
bread <- party biscuits baking fruit (17.6572, 88.4945)
bread <- party biscuits baking vegetables (17.614, 86.9939)
bread <- party biscuits fruit vegetables (19.5591, 88.2873)
bread <- party biscuits fruit (24.9622, 85.8874)
bread <- party biscuits vegetables (23.968, 85.7529)
bread <- party frozen milk-cream fruit (17.3979, 88.323)
bread <- party frozen milk-cream (23.2332, 85.1163)
bread <- party frozen baking fruit (17.1385, 88.6507)
bread <- party frozen baking vegetables (17.5492, 86.2069)
bread <- party frozen fruit vegetables (19.1053, 88.009)
bread <- party frozen fruit (24.1625, 86.0465)
bread <- party milk-cream baking (22.7361, 85.4563)
bread <- party milk-cream fruit vegetables (18.6946, 86.474)
bread <- party milk-cream fruit (24.2274, 86.1731)
bread <- party baking fruit vegetables (18.4785, 87.4854)
bread <- party baking fruit (23.1684, 86.3806)
bread <- juice-sat-cord-ms canned biscuits frozen (18.1327, 86.174)
bread <- juice-sat-cord-ms canned biscuits fruit (16.9656, 89.172)
bread <- juice-sat-cord-ms canned frozen fruit (17.3979, 88.1988)
bread <- juice-sat-cord-ms canned frozen vegetables (17.7653, 86.0097)
bread <- juice-sat-cord-ms canned milk-cream (22.0661, 85.3085)
bread <- juice-sat-cord-ms canned fruit vegetables (18.392, 87.1915)
bread <- juice-sat-cord-ms canned fruit (22.9522, 85.6874)
bread <- juice-sat-cord-ms biscuits frozen fruit (18.5217, 88.5648)
bread <- juice-sat-cord-ms biscuits frozen vegetables (18.1327, 87.6043)
bread <- juice-sat-cord-ms biscuits milk-cream fruit (17.333, 87.5312)
bread <- juice-sat-cord-ms biscuits milk-cream (22.8658, 85.3497)
bread <- juice-sat-cord-ms biscuits baking fruit (17.5059, 87.5309)
bread <- juice-sat-cord-ms biscuits fruit vegetables (19.0836, 88.1087)
bread <- juice-sat-cord-ms biscuits fruit (24.2922, 85.6762)
bread <- juice-sat-cord-ms biscuits vegetables (23.2332, 85.6744)
bread <- juice-sat-cord-ms frozen milk-cream fruit (17.895, 86.2319)
bread <- juice-sat-cord-ms frozen milk-cream vegetables (17.5708, 86.3469)
bread <- juice-sat-cord-ms frozen baking fruit (17.7869, 87.2418)
bread <- juice-sat-cord-ms frozen fruit vegetables (19.8833, 85.8696)
bread <- juice-sat-cord-ms milk-cream baking fruit (17.4843, 86.403)
bread <- juice-sat-cord-ms milk-cream baking vegetables (17.6572, 85.6793)
bread <- juice-sat-cord-ms milk-cream fruit vegetables (19.8833, 85.1087)
bread <- juice-sat-cord-ms baking fruit vegetables (19.2349, 86.1798)
bread <- canned biscuits frozen milk-cream (18.9324, 89.4977)
bread <- canned biscuits frozen baking (20.6829, 85.9979)
bread <- canned biscuits frozen fruit vegetables (16.5766, 91.7862)
bread <- canned biscuits frozen fruit (20.2291, 90.2778)
bread <- canned biscuits frozen vegetables (20.2291, 88.7821)
bread <- canned biscuits frozen (27.145, 85.5892)
bread <- canned biscuits milk-cream baking (18.4137, 88.8498)
bread <- canned biscuits milk-cream fruit (18.8675, 91.1798)
bread <- canned biscuits milk-cream vegetables (18.284, 90.1891)
bread <- canned biscuits milk-cream (24.5948, 88.4007)
bread <- canned biscuits baking fruit (19.6888, 88.4742)
bread <- canned biscuits baking vegetables (19.5375, 87.9425)
bread <- canned biscuits baking (26.1725, 85.0537)
bread <- canned biscuits fruit vegetables (21.18, 89.7959)
bread <- canned biscuits fruit (26.4534, 87.9902)
bread <- canned biscuits vegetables (26.0212, 87.2093)
bread <- canned frozen milk-cream baking (19.343, 86.5922)
bread <- canned frozen milk-cream fruit (19.451, 89.2222)
bread <- canned frozen milk-cream vegetables (19.5375, 87.9425)
bread <- canned frozen milk-cream (25.7402, 85.8102)
bread <- canned frozen baking fruit (19.9914, 87.6757)
bread <- canned frozen baking vegetables (20.51, 86.0906)
bread <- canned frozen fruit vegetables (21.7203, 88.5572)
bread <- canned frozen fruit (26.7344, 87.0655)
bread <- canned frozen vegetables (27.4908, 85.2987)
bread <- canned milk-cream baking fruit (19.9049, 88.165)
bread <- canned milk-cream baking vegetables (19.9914, 87.1351)
bread <- canned milk-cream baking (26.4967, 85.8891)
bread <- canned milk-cream fruit vegetables (21.8932, 87.1668)
bread <- canned milk-cream fruit (27.2531, 86.9944)
bread <- canned milk-cream vegetables (27.0802, 86.1931)
bread <- canned baking fruit vegetables (22.1094, 87.2923)
bread <- canned baking fruit (27.2963, 85.5107)
bread <- canned baking vegetables (27.8366, 85.0155)
bread <- canned fruit vegetables (30.3004, 85.4494)
bread <- biscuits frozen milk-cream baking (20.1426, 88.412)
bread <- biscuits frozen milk-cream fruit (20.402, 89.3008)
bread <- biscuits frozen milk-cream vegetables (19.7752, 89.5082)
bread <- biscuits frozen milk-cream (27.1234, 86.7729)
bread <- biscuits frozen baking fruit vegetables (17.2034, 89.9497)
bread <- biscuits frozen baking fruit (20.9423, 88.2353)
bread <- biscuits frozen baking vegetables (20.9423, 87.5129)
bread <- biscuits frozen fruit vegetables (22.4984, 89.4332)
bread <- biscuits frozen fruit (28.3553, 87.3476)
bread <- biscuits frozen vegetables (27.8798, 86.8217)
bread <- biscuits milk-cream baking fruit (20.1426, 87.8755)
bread <- biscuits milk-cream baking vegetables (19.6456, 87.5688)
bread <- biscuits milk-cream baking (26.6263, 86.1201)
bread <- biscuits milk-cream fruit vegetables (22.0013, 87.9175)
bread <- biscuits milk-cream fruit (28.204, 86.4368)
bread <- biscuits milk-cream vegetables (26.7128, 86.9741)
bread <- biscuits baking fruit vegetables (22.0661, 87.7571)
bread <- biscuits baking fruit (27.6637, 85.7812)
bread <- biscuits baking vegetables (27.2963, 85.669)
bread <- biscuits fruit vegetables (30.4085, 86.6382)
bread <- frozen milk-cream baking fruit (20.3372, 88.204)
bread <- frozen milk-cream baking vegetables (20.7694, 86.7846)
bread <- frozen milk-cream baking (27.5773, 85.1881)
bread <- frozen milk-cream fruit vegetables (22.909, 87.2642)
bread <- frozen milk-cream fruit (28.6795, 86.1341)
bread <- frozen milk-cream vegetables (28.5066, 85.7468)
bread <- frozen baking fruit vegetables (22.4768, 87.5)
bread <- frozen baking fruit (27.7285, 85.6586)
bread <- frozen fruit vegetables (31.4242, 85.6259)
bread <- milk-cream baking fruit vegetables (23.7087, 85.5971)
bread <- milk-cream baking fruit (29.5872, 85.0986)
