2017-11-30 23:39:43: Running apriori with support 1.0% and confidence 60.0%
2017-11-30 23:39:52: step 1: starting
2017-11-30 23:40:20: step 1: counted candidates supports
2017-11-30 23:40:20: step 1: filtered candidates
2017-11-30 23:40:20: Created 2415 potential candidates for step 2
2017-11-30 23:40:20: step 1: generated next step candidates
2017-11-30 23:40:20: step 1: created tree
2017-11-30 23:40:20: step 2: starting
2017-11-30 23:44:24: step 2: counted candidates supports
2017-11-30 23:44:24: step 2: filtered candidates
2017-11-30 23:44:24: Created 37 potential candidates for step 3
2017-11-30 23:44:24: step 2: generated next step candidates
2017-11-30 23:44:24: step 2: created tree
2017-11-30 23:44:24: step 3: starting
2017-11-30 23:45:06: step 3: counted candidates supports
2017-11-30 23:45:06: step 3: filtered candidates
2017-11-30 23:45:06: Created 6 potential candidates for step 4
2017-11-30 23:45:06: step 3: generated next step candidates
2017-11-30 23:45:06: step 3: created tree
2017-11-30 23:45:06: step 4: starting
2017-11-30 23:45:09: step 4: counted candidates supports
2017-11-30 23:45:09: step 4: filtered candidates
2017-11-30 23:45:09: Created 0 potential candidates for step 5
2017-11-30 23:45:09: step 4: generated next step candidates
2017-11-30 23:45:09: step 4: created tree
2017-11-30 23:45:09: Found 4 levels.
2017-11-30 23:45:09: Level 1  - 70 frequent itemsets
2017-11-30 23:45:09: Level 2  - 58 frequent itemsets
2017-11-30 23:45:09: Level 3  - 25 frequent itemsets
2017-11-30 23:45:09: Level 4  - 6 frequent itemsets
2017-11-30 23:45:09: Level 1: ['9'] ['19'] ['31'] ['32'] ['36'] ['37'] ['38'] ['39'] ['41'] ['45'] ['48'] ['49'] ['60'] ['65'] ['78'] ['79'] ['89'] ['101'] ['110'] ['117'] ['123'] ['147'] ['161'] ['170'] ['175'] ['179'] ['185'] ['201'] ['225'] ['237'] ['242'] ['249'] ['255'] ['258'] ['264'] ['270'] ['271'] ['286'] ['301'] ['310'] ['338'] ['413'] ['438'] ['475'] ['479'] ['522'] ['533'] ['548'] ['589'] ['592'] ['604'] ['677'] ['740'] ['783'] ['824'] ['956'] ['1004'] ['1146'] ['1327'] ['1393'] ['2238'] ['2958'] ['3270'] ['10515'] ['12925'] ['13041'] ['14098'] ['15832'] ['16010'] ['16217']
2017-11-30 23:45:09: Level 2: ['36', '38'] ['36', '39'] ['37', '38'] ['38', '39'] ['38', '41'] ['39', '41'] ['38', '48'] ['39', '48'] ['32', '41'] ['39', '79'] ['36', '48'] ['41', '48'] ['48', '79'] ['101', '39'] ['101', '48'] ['39', '89'] ['48', '89'] ['110', '38'] ['110', '39'] ['147', '39'] ['147', '48'] ['170', '38'] ['170', '39'] ['170', '48'] ['32', '39'] ['32', '48'] ['32', '38'] ['39', '65'] ['237', '39'] ['48', '65'] ['255', '39'] ['255', '48'] ['225', '39'] ['270', '39'] ['271', '39'] ['237', '48'] ['286', '38'] ['310', '39'] ['39', '60'] ['41', '65'] ['413', '48'] ['39', '438'] ['438', '48'] ['39', '475'] ['475', '48'] ['225', '48'] ['270', '48'] ['310', '48'] ['110', '48'] ['39', '533'] ['1146', '39'] ['271', '48'] ['1327', '39'] ['1327', '48'] ['39', '413'] ['2238', '48'] ['2238', '39'] ['12925', '39']
2017-11-30 23:45:09: Level 3: ['36', '38', '39'] ['38', '39', '41'] ['38', '39', '48'] ['36', '38', '48'] ['36', '39', '48'] ['38', '41', '48'] ['39', '41', '48'] ['101', '39', '48'] ['39', '48', '89'] ['110', '38', '39'] ['170', '38', '39'] ['170', '38', '48'] ['170', '39', '48'] ['32', '39', '41'] ['32', '39', '48'] ['32', '41', '48'] ['32', '38', '39'] ['32', '38', '48'] ['39', '48', '65'] ['237', '39', '48'] ['39', '475', '48'] ['225', '39', '48'] ['110', '38', '48'] ['110', '39', '48'] ['310', '39', '48']
2017-11-30 23:45:09: Level 4: ['36', '38', '39', '48'] ['38', '39', '41', '48'] ['170', '38', '39', '48'] ['32', '39', '41', '48'] ['32', '38', '39', '48'] ['110', '38', '39', '48']
2017-11-30 23:45:09: Found 90 rules.
2017-11-30 23:45:09: ['36']->['38'],support=0.032,confidence=0.950,lift=5.372
2017-11-30 23:45:09: ['36']->['39'],support=0.023,confidence=0.694,lift=1.207
2017-11-30 23:45:09: ['37']->['38'],support=0.012,confidence=0.974,lift=5.505
2017-11-30 23:45:09: ['38']->['39'],support=0.117,confidence=0.663,lift=1.154
2017-11-30 23:45:09: ['41']->['39'],support=0.129,confidence=0.764,lift=1.329
2017-11-30 23:45:09: ['48']->['39'],support=0.331,confidence=0.692,lift=1.203
2017-11-30 23:45:09: ['79']->['39'],support=0.013,confidence=0.694,lift=1.208
2017-11-30 23:45:09: ['41']->['48'],support=0.102,confidence=0.603,lift=1.263
2017-11-30 23:45:09: ['101']->['39'],support=0.016,confidence=0.626,lift=1.089
2017-11-30 23:45:09: ['89']->['39'],support=0.031,confidence=0.716,lift=1.246
2017-11-30 23:45:09: ['89']->['48'],support=0.032,confidence=0.729,lift=1.526
2017-11-30 23:45:09: ['110']->['38'],support=0.031,confidence=0.975,lift=5.513
2017-11-30 23:45:09: ['110']->['39'],support=0.020,confidence=0.630,lift=1.095
2017-11-30 23:45:09: ['147']->['39'],support=0.013,confidence=0.639,lift=1.112
2017-11-30 23:45:09: ['170']->['38'],support=0.034,confidence=0.978,lift=5.529
2017-11-30 23:45:09: ['170']->['39'],support=0.023,confidence=0.664,lift=1.156
2017-11-30 23:45:09: ['65']->['39'],support=0.032,confidence=0.623,lift=1.084
2017-11-30 23:45:09: ['237']->['39'],support=0.022,confidence=0.636,lift=1.107
2017-11-30 23:45:09: ['255']->['39'],support=0.012,confidence=0.717,lift=1.248
2017-11-30 23:45:09: ['255']->['48'],support=0.012,confidence=0.717,lift=1.500
2017-11-30 23:45:09: ['225']->['39'],support=0.027,confidence=0.722,lift=1.256
2017-11-30 23:45:09: ['270']->['39'],support=0.014,confidence=0.689,lift=1.198
2017-11-30 23:45:09: ['271']->['39'],support=0.016,confidence=0.685,lift=1.191
2017-11-30 23:45:09: ['286']->['38'],support=0.013,confidence=0.943,lift=5.333
2017-11-30 23:45:09: ['310']->['39'],support=0.021,confidence=0.714,lift=1.242
2017-11-30 23:45:09: ['60']->['39'],support=0.011,confidence=0.660,lift=1.149
2017-11-30 23:45:09: ['413']->['48'],support=0.013,confidence=0.604,lift=1.263
2017-11-30 23:45:09: ['438']->['39'],support=0.014,confidence=0.676,lift=1.177
2017-11-30 23:45:09: ['475']->['39'],support=0.017,confidence=0.692,lift=1.204
2017-11-30 23:45:09: ['475']->['48'],support=0.016,confidence=0.659,lift=1.379
2017-11-30 23:45:09: ['310']->['48'],support=0.019,confidence=0.652,lift=1.365
2017-11-30 23:45:09: ['533']->['39'],support=0.010,confidence=0.620,lift=1.079
2017-11-30 23:45:09: ['1146']->['39'],support=0.011,confidence=0.689,lift=1.199
2017-11-30 23:45:09: ['1327']->['39'],support=0.013,confidence=0.647,lift=1.126
2017-11-30 23:45:09: ['413']->['39'],support=0.013,confidence=0.601,lift=1.046
2017-11-30 23:45:09: ['2238']->['39'],support=0.015,confidence=0.750,lift=1.306
2017-11-30 23:45:09: ['12925']->['39'],support=0.011,confidence=0.639,lift=1.112
2017-11-30 23:45:09: ['36']->['38', '39'],support=0.022,confidence=0.662,lift=5.646
2017-11-30 23:45:09: ['36', '38']->['39'],support=0.022,confidence=0.697,lift=1.213
2017-11-30 23:45:09: ['36', '39']->['38'],support=0.022,confidence=0.955,lift=5.398
2017-11-30 23:45:09: ['38', '41']->['39'],support=0.035,confidence=0.783,lift=1.362
2017-11-30 23:45:09: ['38', '48']->['39'],support=0.069,confidence=0.768,lift=1.336
2017-11-30 23:45:09: ['36', '48']->['38'],support=0.015,confidence=0.960,lift=5.429
2017-11-30 23:45:09: ['36', '48']->['39'],support=0.013,confidence=0.788,lift=1.371
2017-11-30 23:45:09: ['38', '41']->['48'],support=0.027,confidence=0.609,lift=1.275
2017-11-30 23:45:09: ['41', '48']->['39'],support=0.084,confidence=0.817,lift=1.421
2017-11-30 23:45:09: ['39', '41']->['48'],support=0.084,confidence=0.645,lift=1.350
2017-11-30 23:45:09: ['101', '48']->['39'],support=0.011,confidence=0.722,lift=1.255
2017-11-30 23:45:09: ['101', '39']->['48'],support=0.011,confidence=0.676,lift=1.414
2017-11-30 23:45:09: ['48', '89']->['39'],support=0.024,confidence=0.759,lift=1.321
2017-11-30 23:45:09: ['39', '89']->['48'],support=0.024,confidence=0.773,lift=1.617
2017-11-30 23:45:09: ['110']->['38', '39'],support=0.020,confidence=0.623,lift=5.307
2017-11-30 23:45:09: ['110', '38']->['39'],support=0.020,confidence=0.639,lift=1.111
2017-11-30 23:45:09: ['110', '39']->['38'],support=0.020,confidence=0.989,lift=5.592
2017-11-30 23:45:09: ['170']->['38', '39'],support=0.023,confidence=0.652,lift=5.552
2017-11-30 23:45:09: ['170', '38']->['39'],support=0.023,confidence=0.666,lift=1.159
2017-11-30 23:45:09: ['170', '39']->['38'],support=0.023,confidence=0.981,lift=5.543
2017-11-30 23:45:09: ['170', '48']->['38'],support=0.017,confidence=0.988,lift=5.584
2017-11-30 23:45:09: ['170', '48']->['39'],support=0.014,confidence=0.775,lift=1.348
2017-11-30 23:45:09: ['32', '41']->['39'],support=0.027,confidence=0.738,lift=1.284
2017-11-30 23:45:09: ['32', '48']->['39'],support=0.061,confidence=0.672,lift=1.170
2017-11-30 23:45:09: ['32', '39']->['48'],support=0.061,confidence=0.639,lift=1.337
2017-11-30 23:45:09: ['32', '41']->['48'],support=0.023,confidence=0.645,lift=1.351
2017-11-30 23:45:09: ['32', '38']->['39'],support=0.021,confidence=0.649,lift=1.130
2017-11-30 23:45:09: ['48', '65']->['39'],support=0.020,confidence=0.711,lift=1.236
2017-11-30 23:45:09: ['39', '65']->['48'],support=0.020,confidence=0.645,lift=1.349
2017-11-30 23:45:09: ['237', '39']->['48'],support=0.014,confidence=0.645,lift=1.349
2017-11-30 23:45:09: ['237', '48']->['39'],support=0.014,confidence=0.740,lift=1.287
2017-11-30 23:45:09: ['475', '48']->['39'],support=0.012,confidence=0.765,lift=1.330
2017-11-30 23:45:09: ['39', '475']->['48'],support=0.012,confidence=0.728,lift=1.523
2017-11-30 23:45:09: ['225', '48']->['39'],support=0.016,confidence=0.806,lift=1.403
2017-11-30 23:45:09: ['110', '48']->['38'],support=0.015,confidence=0.986,lift=5.575
2017-11-30 23:45:09: ['110', '48']->['39'],support=0.012,confidence=0.751,lift=1.307
2017-11-30 23:45:09: ['310', '48']->['39'],support=0.015,confidence=0.796,lift=1.385
2017-11-30 23:45:09: ['310', '39']->['48'],support=0.015,confidence=0.727,lift=1.522
2017-11-30 23:45:09: ['36', '48']->['38', '39'],support=0.012,confidence=0.763,lift=6.500
2017-11-30 23:45:09: ['36', '38', '48']->['39'],support=0.012,confidence=0.794,lift=1.382
2017-11-30 23:45:09: ['36', '39', '48']->['38'],support=0.012,confidence=0.968,lift=5.471
2017-11-30 23:45:09: ['38', '41', '48']->['39'],support=0.023,confidence=0.839,lift=1.459
2017-11-30 23:45:09: ['38', '39', '41']->['48'],support=0.023,confidence=0.653,lift=1.365
2017-11-30 23:45:09: ['170', '48']->['38', '39'],support=0.014,confidence=0.766,lift=6.530
2017-11-30 23:45:09: ['170', '38', '48']->['39'],support=0.014,confidence=0.776,lift=1.349
2017-11-30 23:45:09: ['170', '39', '48']->['38'],support=0.014,confidence=0.989,lift=5.592
2017-11-30 23:45:09: ['32', '39', '41']->['48'],support=0.019,confidence=0.698,lift=1.460
2017-11-30 23:45:09: ['32', '41', '48']->['39'],support=0.019,confidence=0.798,lift=1.388
2017-11-30 23:45:09: ['32', '38', '48']->['39'],support=0.014,confidence=0.751,lift=1.306
2017-11-30 23:45:09: ['32', '38', '39']->['48'],support=0.014,confidence=0.672,lift=1.406
2017-11-30 23:45:09: ['110', '48']->['38', '39'],support=0.012,confidence=0.747,lift=6.367
2017-11-30 23:45:09: ['110', '38', '48']->['39'],support=0.012,confidence=0.758,lift=1.318
2017-11-30 23:45:09: ['110', '39', '48']->['38'],support=0.012,confidence=0.994,lift=5.620
2017-11-30 23:45:09: Serial apriori took 0:05:17.210143
