38 <- 37 (1.21821, 97.3929)
38 <- 286 (1.34185, 94.3364)
39 <- 12925 (1.66398, 63.94)
39 <- 1146 (1.61748, 68.9341)
39 <- 79 (1.81484, 69.4375)
39 <- 1327 (2.02582, 64.7256)
39 <- 438 (2.11316, 67.6329)
39 <- 60 (1.68894, 66.0175)
48 <- 255 (1.67192, 71.7096)
39 <- 255 (1.67192, 71.7096)
39 <- 533 (1.68667, 62.004)
39 <- 270 (1.96683, 68.8581)
39 <- 2238 (1.94528, 75.0437)
39 <- 110 38 48 (1.54375, 75.7531)
38 <- 110 48 39 (1.17624, 99.4214)
38 <- 110 48 (1.5653, 98.6232)
39 <- 110 38 (3.0909, 63.8532)
38 <- 110 39 (1.99519, 98.9198)
38 <- 110 (3.16917, 97.5304)
39 <- 110 48 (1.5653, 75.1449)
39 <- 110 (3.16917, 62.9563)
39 <- 147 (2.01788, 63.9123)
39 <- 271 (2.37517, 68.4814)
48 <- 413 (2.13244, 60.3723)
39 <- 413 (2.13244, 60.1064)
39 <- 36 38 48 (1.54261, 79.4118)
38 <- 36 48 39 (1.26585, 96.7742)
38 <- 36 48 (1.60613, 96.0452)
39 <- 36 38 (3.16463, 69.7133)
38 <- 36 39 (2.31052, 95.4836)
38 <- 36 (3.33023, 95.0272)
39 <- 36 48 (1.60613, 78.8136)
39 <- 36 (3.33023, 69.3801)
39 <- 475 48 (1.61975, 76.4706)
48 <- 475 39 (1.70141, 72.8)
48 <- 475 (2.45798, 65.8976)
39 <- 475 (2.45798, 69.2201)
39 <- 170 38 48 (1.74452, 77.5683)
38 <- 170 48 39 (1.36794, 98.9221)
38 <- 170 48 (1.76607, 98.7797)
39 <- 170 38 (3.43799, 66.6117)
38 <- 170 39 (2.33547, 98.0573)
38 <- 170 (3.51512, 97.8057)
39 <- 170 48 (1.76607, 77.4566)
39 <- 170 (3.51512, 66.4408)
39 <- 101 48 (1.48704, 72.1587)
48 <- 101 39 (1.58799, 67.5714)
39 <- 101 (2.53737, 62.5838)
39 <- 310 48 (1.91919, 79.6099)
48 <- 310 39 (2.10068, 72.7322)
48 <- 310 (2.94231, 65.2274)
39 <- 310 (2.94231, 71.3955)
39 <- 237 48 (1.90785, 73.9596)
48 <- 237 39 (2.18802, 64.4894)
39 <- 237 (3.43912, 63.6214)
39 <- 225 48 (1.9691, 80.6452)
39 <- 225 (3.69434, 72.183)
39 <- 89 48 (3.1737, 75.9471)
48 <- 89 39 (3.11812, 77.3008)
48 <- 89 (4.35222, 72.9216)
39 <- 89 (4.35222, 71.6445)
39 <- 65 48 (2.86858, 71.0558)
48 <- 65 39 (3.16123, 64.4779)
39 <- 65 (5.07248, 62.3211)
39 <- 38 32 48 (1.86702, 75.0911)
48 <- 38 32 39 (2.08707, 67.1739)
39 <- 38 32 (3.2134, 64.9488)
39 <- 38 41 48 (2.69277, 83.8669)
48 <- 38 41 39 (3.46067, 65.2573)
48 <- 38 41 (4.42027, 60.9187)
39 <- 38 41 (4.42027, 78.291)
39 <- 38 48 (9.01068, 76.8127)
39 <- 38 (17.6902, 66.3311)
39 <- 32 41 48 (2.34001, 79.7867)
48 <- 32 41 39 (2.67576, 69.7753)
48 <- 32 41 (3.62514, 64.5494)
39 <- 32 41 (3.62514, 73.811)
39 <- 32 48 (9.11277, 67.2392)
48 <- 32 39 (9.5903, 63.8912)
39 <- 41 48 (10.2289, 81.6811)
48 <- 41 39 (12.9466, 64.5348)
48 <- 41 (16.9517, 60.3413)
39 <- 41 (16.9517, 76.3734)
39 <- 48 (47.7927, 69.1634)
